ARM GAS  C:\Users\codyg\AppData\Local\Temp\ccgTxYUh.s 			page 1


   1              		.syntax unified
   2              		.cpu cortex-m0plus
   3              		.fpu softvfp
   4              		.eabi_attribute 20, 1
   5              		.eabi_attribute 21, 1
   6              		.eabi_attribute 23, 3
   7              		.eabi_attribute 24, 1
   8              		.eabi_attribute 25, 1
   9              		.eabi_attribute 26, 1
  10              		.eabi_attribute 30, 1
  11              		.eabi_attribute 34, 0
  12              		.eabi_attribute 18, 4
  13              		.thumb
  14              		.syntax unified
  15              		.file	"main_cm0p.c"
  16              		.text
  17              	.Ltext0:
  18              		.cfi_sections	.debug_frame
  19              		.section	.text.main,"ax",%progbits
  20              		.align	2
  21              		.global	main
  22              		.code	16
  23              		.thumb_func
  24              		.type	main, %function
  25              	main:
  26              	.LFB435:
  27              		.file 1 "main_cm0p.c"
   1:main_cm0p.c   **** /* ========================================
   2:main_cm0p.c   ****  *
   3:main_cm0p.c   ****  * Copyright YOUR COMPANY, THE YEAR
   4:main_cm0p.c   ****  * All Rights Reserved
   5:main_cm0p.c   ****  * UNPUBLISHED, LICENSED SOFTWARE.
   6:main_cm0p.c   ****  *
   7:main_cm0p.c   ****  * CONFIDENTIAL AND PROPRIETARY INFORMATION
   8:main_cm0p.c   ****  * WHICH IS THE PROPERTY OF your company.
   9:main_cm0p.c   ****  *
  10:main_cm0p.c   ****  * ========================================
  11:main_cm0p.c   **** */
  12:main_cm0p.c   **** #include "project.h"
  13:main_cm0p.c   **** 
  14:main_cm0p.c   **** int main(void)
  15:main_cm0p.c   **** {
  28              		.loc 1 15 0
  29              		.cfi_startproc
  30              		@ Volatile: function does not return.
  31              		@ args = 0, pretend = 0, frame = 0
  32              		@ frame_needed = 0, uses_anonymous_args = 0
  33 0000 10B5     		push	{r4, lr}
  34              		.cfi_def_cfa_offset 8
  35              		.cfi_offset 4, -8
  36              		.cfi_offset 14, -4
  37              	.LBB4:
  38              	.LBB5:
  39              		.file 2 "Generated_Source\\PSoC6\\pdl\\cmsis/include/cmsis_gcc.h"
   1:Generated_Source\PSoC6\pdl\cmsis/include/cmsis_gcc.h **** /**************************************************************************//**
   2:Generated_Source\PSoC6\pdl\cmsis/include/cmsis_gcc.h ****  * @file     cmsis_gcc.h
   3:Generated_Source\PSoC6\pdl\cmsis/include/cmsis_gcc.h ****  * @brief    CMSIS compiler GCC header file
ARM GAS  C:\Users\codyg\AppData\Local\Temp\ccgTxYUh.s 			page 2


   4:Generated_Source\PSoC6\pdl\cmsis/include/cmsis_gcc.h ****  * @version  V5.0.1
   5:Generated_Source\PSoC6\pdl\cmsis/include/cmsis_gcc.h ****  * @date     02. February 2017
   6:Generated_Source\PSoC6\pdl\cmsis/include/cmsis_gcc.h ****  ******************************************************************************/
   7:Generated_Source\PSoC6\pdl\cmsis/include/cmsis_gcc.h **** /*
   8:Generated_Source\PSoC6\pdl\cmsis/include/cmsis_gcc.h ****  * Copyright (c) 2009-2017 ARM Limited. All rights reserved.
   9:Generated_Source\PSoC6\pdl\cmsis/include/cmsis_gcc.h ****  *
  10:Generated_Source\PSoC6\pdl\cmsis/include/cmsis_gcc.h ****  * SPDX-License-Identifier: Apache-2.0
  11:Generated_Source\PSoC6\pdl\cmsis/include/cmsis_gcc.h ****  *
  12:Generated_Source\PSoC6\pdl\cmsis/include/cmsis_gcc.h ****  * Licensed under the Apache License, Version 2.0 (the License); you may
  13:Generated_Source\PSoC6\pdl\cmsis/include/cmsis_gcc.h ****  * not use this file except in compliance with the License.
  14:Generated_Source\PSoC6\pdl\cmsis/include/cmsis_gcc.h ****  * You may obtain a copy of the License at
  15:Generated_Source\PSoC6\pdl\cmsis/include/cmsis_gcc.h ****  *
  16:Generated_Source\PSoC6\pdl\cmsis/include/cmsis_gcc.h ****  * www.apache.org/licenses/LICENSE-2.0
  17:Generated_Source\PSoC6\pdl\cmsis/include/cmsis_gcc.h ****  *
  18:Generated_Source\PSoC6\pdl\cmsis/include/cmsis_gcc.h ****  * Unless required by applicable law or agreed to in writing, software
  19:Generated_Source\PSoC6\pdl\cmsis/include/cmsis_gcc.h ****  * distributed under the License is distributed on an AS IS BASIS, WITHOUT
  20:Generated_Source\PSoC6\pdl\cmsis/include/cmsis_gcc.h ****  * WARRANTIES OR CONDITIONS OF ANY KIND, either express or implied.
  21:Generated_Source\PSoC6\pdl\cmsis/include/cmsis_gcc.h ****  * See the License for the specific language governing permissions and
  22:Generated_Source\PSoC6\pdl\cmsis/include/cmsis_gcc.h ****  * limitations under the License.
  23:Generated_Source\PSoC6\pdl\cmsis/include/cmsis_gcc.h ****  */
  24:Generated_Source\PSoC6\pdl\cmsis/include/cmsis_gcc.h **** 
  25:Generated_Source\PSoC6\pdl\cmsis/include/cmsis_gcc.h **** #ifndef __CMSIS_GCC_H
  26:Generated_Source\PSoC6\pdl\cmsis/include/cmsis_gcc.h **** #define __CMSIS_GCC_H
  27:Generated_Source\PSoC6\pdl\cmsis/include/cmsis_gcc.h **** 
  28:Generated_Source\PSoC6\pdl\cmsis/include/cmsis_gcc.h **** /* ignore some GCC warnings */
  29:Generated_Source\PSoC6\pdl\cmsis/include/cmsis_gcc.h **** #pragma GCC diagnostic push
  30:Generated_Source\PSoC6\pdl\cmsis/include/cmsis_gcc.h **** #pragma GCC diagnostic ignored "-Wsign-conversion"
  31:Generated_Source\PSoC6\pdl\cmsis/include/cmsis_gcc.h **** #pragma GCC diagnostic ignored "-Wconversion"
  32:Generated_Source\PSoC6\pdl\cmsis/include/cmsis_gcc.h **** #pragma GCC diagnostic ignored "-Wunused-parameter"
  33:Generated_Source\PSoC6\pdl\cmsis/include/cmsis_gcc.h **** 
  34:Generated_Source\PSoC6\pdl\cmsis/include/cmsis_gcc.h **** /* CMSIS compiler specific defines */
  35:Generated_Source\PSoC6\pdl\cmsis/include/cmsis_gcc.h **** #ifndef   __ASM
  36:Generated_Source\PSoC6\pdl\cmsis/include/cmsis_gcc.h ****   #define __ASM                     __asm
  37:Generated_Source\PSoC6\pdl\cmsis/include/cmsis_gcc.h **** #endif
  38:Generated_Source\PSoC6\pdl\cmsis/include/cmsis_gcc.h **** #ifndef   __INLINE
  39:Generated_Source\PSoC6\pdl\cmsis/include/cmsis_gcc.h ****   #define __INLINE                  inline
  40:Generated_Source\PSoC6\pdl\cmsis/include/cmsis_gcc.h **** #endif
  41:Generated_Source\PSoC6\pdl\cmsis/include/cmsis_gcc.h **** #ifndef   __STATIC_INLINE
  42:Generated_Source\PSoC6\pdl\cmsis/include/cmsis_gcc.h ****   #define __STATIC_INLINE           static inline
  43:Generated_Source\PSoC6\pdl\cmsis/include/cmsis_gcc.h **** #endif
  44:Generated_Source\PSoC6\pdl\cmsis/include/cmsis_gcc.h **** #ifndef   __NO_RETURN
  45:Generated_Source\PSoC6\pdl\cmsis/include/cmsis_gcc.h ****   #define __NO_RETURN               __attribute__((noreturn))
  46:Generated_Source\PSoC6\pdl\cmsis/include/cmsis_gcc.h **** #endif
  47:Generated_Source\PSoC6\pdl\cmsis/include/cmsis_gcc.h **** #ifndef   __USED
  48:Generated_Source\PSoC6\pdl\cmsis/include/cmsis_gcc.h ****   #define __USED                    __attribute__((used))
  49:Generated_Source\PSoC6\pdl\cmsis/include/cmsis_gcc.h **** #endif
  50:Generated_Source\PSoC6\pdl\cmsis/include/cmsis_gcc.h **** #ifndef   __WEAK
  51:Generated_Source\PSoC6\pdl\cmsis/include/cmsis_gcc.h ****   #define __WEAK                    __attribute__((weak))
  52:Generated_Source\PSoC6\pdl\cmsis/include/cmsis_gcc.h **** #endif
  53:Generated_Source\PSoC6\pdl\cmsis/include/cmsis_gcc.h **** #ifndef   __UNALIGNED_UINT32
  54:Generated_Source\PSoC6\pdl\cmsis/include/cmsis_gcc.h **** #pragma GCC diagnostic push
  55:Generated_Source\PSoC6\pdl\cmsis/include/cmsis_gcc.h **** #pragma GCC diagnostic ignored "-Wpacked"
  56:Generated_Source\PSoC6\pdl\cmsis/include/cmsis_gcc.h **** #pragma GCC diagnostic ignored "-Wattributes"
  57:Generated_Source\PSoC6\pdl\cmsis/include/cmsis_gcc.h ****   struct __attribute__((packed)) T_UINT32 { uint32_t v; };
  58:Generated_Source\PSoC6\pdl\cmsis/include/cmsis_gcc.h **** #pragma GCC diagnostic pop
  59:Generated_Source\PSoC6\pdl\cmsis/include/cmsis_gcc.h ****   #define __UNALIGNED_UINT32(x)     (((struct T_UINT32 *)(x))->v)
  60:Generated_Source\PSoC6\pdl\cmsis/include/cmsis_gcc.h **** #endif
ARM GAS  C:\Users\codyg\AppData\Local\Temp\ccgTxYUh.s 			page 3


  61:Generated_Source\PSoC6\pdl\cmsis/include/cmsis_gcc.h **** #ifndef   __ALIGNED
  62:Generated_Source\PSoC6\pdl\cmsis/include/cmsis_gcc.h ****   #define __ALIGNED(x)              __attribute__((aligned(x)))
  63:Generated_Source\PSoC6\pdl\cmsis/include/cmsis_gcc.h **** #endif
  64:Generated_Source\PSoC6\pdl\cmsis/include/cmsis_gcc.h **** #ifndef   __PACKED
  65:Generated_Source\PSoC6\pdl\cmsis/include/cmsis_gcc.h ****   #define __PACKED                  __attribute__((packed, aligned(1)))
  66:Generated_Source\PSoC6\pdl\cmsis/include/cmsis_gcc.h **** #endif
  67:Generated_Source\PSoC6\pdl\cmsis/include/cmsis_gcc.h **** #ifndef   __PACKED_STRUCT
  68:Generated_Source\PSoC6\pdl\cmsis/include/cmsis_gcc.h ****   #define __PACKED_STRUCT           struct __attribute__((packed, aligned(1)))
  69:Generated_Source\PSoC6\pdl\cmsis/include/cmsis_gcc.h **** #endif
  70:Generated_Source\PSoC6\pdl\cmsis/include/cmsis_gcc.h **** 
  71:Generated_Source\PSoC6\pdl\cmsis/include/cmsis_gcc.h **** 
  72:Generated_Source\PSoC6\pdl\cmsis/include/cmsis_gcc.h **** /* ###########################  Core Function Access  ########################### */
  73:Generated_Source\PSoC6\pdl\cmsis/include/cmsis_gcc.h **** /** \ingroup  CMSIS_Core_FunctionInterface
  74:Generated_Source\PSoC6\pdl\cmsis/include/cmsis_gcc.h ****     \defgroup CMSIS_Core_RegAccFunctions CMSIS Core Register Access Functions
  75:Generated_Source\PSoC6\pdl\cmsis/include/cmsis_gcc.h ****   @{
  76:Generated_Source\PSoC6\pdl\cmsis/include/cmsis_gcc.h ****  */
  77:Generated_Source\PSoC6\pdl\cmsis/include/cmsis_gcc.h **** 
  78:Generated_Source\PSoC6\pdl\cmsis/include/cmsis_gcc.h **** /**
  79:Generated_Source\PSoC6\pdl\cmsis/include/cmsis_gcc.h ****   \brief   Enable IRQ Interrupts
  80:Generated_Source\PSoC6\pdl\cmsis/include/cmsis_gcc.h ****   \details Enables IRQ interrupts by clearing the I-bit in the CPSR.
  81:Generated_Source\PSoC6\pdl\cmsis/include/cmsis_gcc.h ****            Can only be executed in Privileged modes.
  82:Generated_Source\PSoC6\pdl\cmsis/include/cmsis_gcc.h ****  */
  83:Generated_Source\PSoC6\pdl\cmsis/include/cmsis_gcc.h **** __attribute__((always_inline)) __STATIC_INLINE void __enable_irq(void)
  84:Generated_Source\PSoC6\pdl\cmsis/include/cmsis_gcc.h **** {
  85:Generated_Source\PSoC6\pdl\cmsis/include/cmsis_gcc.h ****   __ASM volatile ("cpsie i" : : : "memory");
  40              		.loc 2 85 0
  41              		.syntax divided
  42              	@ 85 "Generated_Source\PSoC6\pdl\cmsis/include/cmsis_gcc.h" 1
  43 0002 62B6     		cpsie i
  44              	@ 0 "" 2
  45              		.thumb
  46              		.syntax unified
  47              	.LBE5:
  48              	.LBE4:
  16:main_cm0p.c   ****     __enable_irq(); /* Enable global interrupts. */
  17:main_cm0p.c   ****     /* Enable CM4.  CY_CORTEX_M4_APPL_ADDR must be updated if CM4 memory layout is changed. */
  18:main_cm0p.c   ****     Cy_SysEnableCM4(CY_CORTEX_M4_APPL_ADDR); 
  49              		.loc 1 18 0
  50 0004 0148     		ldr	r0, .L3
  51 0006 FFF7FEFF 		bl	Cy_SysEnableCM4
  52              	.LVL0:
  53              	.L2:
  54 000a FEE7     		b	.L2
  55              	.L4:
  56              		.align	2
  57              	.L3:
  58 000c 00000810 		.word	268959744
  59              		.cfi_endproc
  60              	.LFE435:
  61              		.size	main, .-main
  62              		.text
  63              	.Letext0:
  64              		.file 3 "c:\\program files (x86)\\cypress\\psoc creator\\4.2\\psoc creator\\import\\gnu\\arm\\5.4.
  65              		.file 4 "c:\\program files (x86)\\cypress\\psoc creator\\4.2\\psoc creator\\import\\gnu\\arm\\5.4.
  66              		.file 5 "Generated_Source\\PSoC6\\pdl\\drivers/peripheral/rtc/cy_rtc.h"
  67              		.file 6 "Generated_Source\\PSoC6\\pdl\\drivers/peripheral/scb/cy_scb_i2c.h"
  68              		.file 7 "Generated_Source\\PSoC6\\pdl\\drivers/peripheral/scb/cy_scb_uart.h"
ARM GAS  C:\Users\codyg\AppData\Local\Temp\ccgTxYUh.s 			page 4


  69              		.file 8 "Generated_Source\\PSoC6/I2C_1.h"
  70              		.file 9 "Generated_Source\\PSoC6/UART_1.h"
  71              		.file 10 "Generated_Source\\PSoC6/RTC.h"
  72              		.file 11 "./system_psoc63.h"
  73              		.section	.debug_info,"",%progbits
  74              	.Ldebug_info0:
  75 0000 9C040000 		.4byte	0x49c
  76 0004 0400     		.2byte	0x4
  77 0006 00000000 		.4byte	.Ldebug_abbrev0
  78 000a 04       		.byte	0x4
  79 000b 01       		.uleb128 0x1
  80 000c D5000000 		.4byte	.LASF81
  81 0010 0C       		.byte	0xc
  82 0011 E8040000 		.4byte	.LASF82
  83 0015 B3020000 		.4byte	.LASF83
  84 0019 00000000 		.4byte	.Ldebug_ranges0+0
  85 001d 00000000 		.4byte	0
  86 0021 00000000 		.4byte	.Ldebug_line0
  87 0025 02       		.uleb128 0x2
  88 0026 02       		.byte	0x2
  89 0027 05       		.byte	0x5
  90 0028 9D000000 		.4byte	.LASF0
  91 002c 02       		.uleb128 0x2
  92 002d 01       		.byte	0x1
  93 002e 08       		.byte	0x8
  94 002f 11030000 		.4byte	.LASF1
  95 0033 02       		.uleb128 0x2
  96 0034 01       		.byte	0x1
  97 0035 06       		.byte	0x6
  98 0036 29030000 		.4byte	.LASF2
  99 003a 03       		.uleb128 0x3
 100 003b 79020000 		.4byte	.LASF5
 101 003f 03       		.byte	0x3
 102 0040 1D       		.byte	0x1d
 103 0041 2C000000 		.4byte	0x2c
 104 0045 02       		.uleb128 0x2
 105 0046 02       		.byte	0x2
 106 0047 07       		.byte	0x7
 107 0048 C5030000 		.4byte	.LASF3
 108 004c 02       		.uleb128 0x2
 109 004d 04       		.byte	0x4
 110 004e 05       		.byte	0x5
 111 004f F4040000 		.4byte	.LASF4
 112 0053 03       		.uleb128 0x3
 113 0054 7D010000 		.4byte	.LASF6
 114 0058 03       		.byte	0x3
 115 0059 41       		.byte	0x41
 116 005a 5E000000 		.4byte	0x5e
 117 005e 02       		.uleb128 0x2
 118 005f 04       		.byte	0x4
 119 0060 07       		.byte	0x7
 120 0061 A9030000 		.4byte	.LASF7
 121 0065 02       		.uleb128 0x2
 122 0066 08       		.byte	0x8
 123 0067 05       		.byte	0x5
 124 0068 1B020000 		.4byte	.LASF8
 125 006c 02       		.uleb128 0x2
ARM GAS  C:\Users\codyg\AppData\Local\Temp\ccgTxYUh.s 			page 5


 126 006d 08       		.byte	0x8
 127 006e 07       		.byte	0x7
 128 006f 46030000 		.4byte	.LASF9
 129 0073 04       		.uleb128 0x4
 130 0074 04       		.byte	0x4
 131 0075 05       		.byte	0x5
 132 0076 696E7400 		.ascii	"int\000"
 133 007a 02       		.uleb128 0x2
 134 007b 04       		.byte	0x4
 135 007c 07       		.byte	0x7
 136 007d 84030000 		.4byte	.LASF10
 137 0081 03       		.uleb128 0x3
 138 0082 E3010000 		.4byte	.LASF11
 139 0086 04       		.byte	0x4
 140 0087 18       		.byte	0x18
 141 0088 3A000000 		.4byte	0x3a
 142 008c 03       		.uleb128 0x3
 143 008d 5D030000 		.4byte	.LASF12
 144 0091 04       		.byte	0x4
 145 0092 30       		.byte	0x30
 146 0093 53000000 		.4byte	0x53
 147 0097 02       		.uleb128 0x2
 148 0098 04       		.byte	0x4
 149 0099 07       		.byte	0x7
 150 009a A7000000 		.4byte	.LASF13
 151 009e 05       		.uleb128 0x5
 152 009f 8C000000 		.4byte	0x8c
 153 00a3 02       		.uleb128 0x2
 154 00a4 08       		.byte	0x8
 155 00a5 04       		.byte	0x4
 156 00a6 FC020000 		.4byte	.LASF14
 157 00aa 02       		.uleb128 0x2
 158 00ab 01       		.byte	0x1
 159 00ac 08       		.byte	0x8
 160 00ad 37020000 		.4byte	.LASF15
 161 00b1 02       		.uleb128 0x2
 162 00b2 04       		.byte	0x4
 163 00b3 04       		.byte	0x4
 164 00b4 05020000 		.4byte	.LASF16
 165 00b8 02       		.uleb128 0x2
 166 00b9 08       		.byte	0x8
 167 00ba 04       		.byte	0x4
 168 00bb 67040000 		.4byte	.LASF17
 169 00bf 06       		.uleb128 0x6
 170 00c0 04       		.byte	0x4
 171 00c1 02       		.uleb128 0x2
 172 00c2 01       		.byte	0x1
 173 00c3 02       		.byte	0x2
 174 00c4 20040000 		.4byte	.LASF18
 175 00c8 07       		.uleb128 0x7
 176 00c9 01       		.byte	0x1
 177 00ca 2C000000 		.4byte	0x2c
 178 00ce 05       		.byte	0x5
 179 00cf 6A01     		.2byte	0x16a
 180 00d1 E2000000 		.4byte	0xe2
 181 00d5 08       		.uleb128 0x8
 182 00d6 26040000 		.4byte	.LASF19
ARM GAS  C:\Users\codyg\AppData\Local\Temp\ccgTxYUh.s 			page 6


 183 00da 00       		.byte	0
 184 00db 08       		.uleb128 0x8
 185 00dc A3040000 		.4byte	.LASF20
 186 00e0 01       		.byte	0x1
 187 00e1 00       		.byte	0
 188 00e2 09       		.uleb128 0x9
 189 00e3 00000000 		.4byte	.LASF21
 190 00e7 05       		.byte	0x5
 191 00e8 6D01     		.2byte	0x16d
 192 00ea C8000000 		.4byte	0xc8
 193 00ee 0A       		.uleb128 0xa
 194 00ef 18       		.byte	0x18
 195 00f0 05       		.byte	0x5
 196 00f1 CE01     		.2byte	0x1ce
 197 00f3 46010000 		.4byte	0x146
 198 00f7 0B       		.uleb128 0xb
 199 00f8 15050000 		.4byte	.LASF22
 200 00fc 05       		.byte	0x5
 201 00fd D001     		.2byte	0x1d0
 202 00ff E2000000 		.4byte	0xe2
 203 0103 00       		.byte	0
 204 0104 0B       		.uleb128 0xb
 205 0105 F7020000 		.4byte	.LASF23
 206 0109 05       		.byte	0x5
 207 010a D301     		.2byte	0x1d3
 208 010c 8C000000 		.4byte	0x8c
 209 0110 04       		.byte	0x4
 210 0111 0B       		.uleb128 0xb
 211 0112 44000000 		.4byte	.LASF24
 212 0116 05       		.byte	0x5
 213 0117 D501     		.2byte	0x1d5
 214 0119 8C000000 		.4byte	0x8c
 215 011d 08       		.byte	0x8
 216 011e 0B       		.uleb128 0xb
 217 011f C8010000 		.4byte	.LASF25
 218 0123 05       		.byte	0x5
 219 0124 D801     		.2byte	0x1d8
 220 0126 8C000000 		.4byte	0x8c
 221 012a 0C       		.byte	0xc
 222 012b 0B       		.uleb128 0xb
 223 012c 03040000 		.4byte	.LASF26
 224 0130 05       		.byte	0x5
 225 0131 DC01     		.2byte	0x1dc
 226 0133 8C000000 		.4byte	0x8c
 227 0137 10       		.byte	0x10
 228 0138 0B       		.uleb128 0xb
 229 0139 1A040000 		.4byte	.LASF27
 230 013d 05       		.byte	0x5
 231 013e E001     		.2byte	0x1e0
 232 0140 8C000000 		.4byte	0x8c
 233 0144 14       		.byte	0x14
 234 0145 00       		.byte	0
 235 0146 09       		.uleb128 0x9
 236 0147 91010000 		.4byte	.LASF28
 237 014b 05       		.byte	0x5
 238 014c E201     		.2byte	0x1e2
 239 014e EE000000 		.4byte	0xee
ARM GAS  C:\Users\codyg\AppData\Local\Temp\ccgTxYUh.s 			page 7


 240 0152 0A       		.uleb128 0xa
 241 0153 30       		.byte	0x30
 242 0154 05       		.byte	0x5
 243 0155 E501     		.2byte	0x1e5
 244 0157 76010000 		.4byte	0x176
 245 015b 0B       		.uleb128 0xb
 246 015c 89040000 		.4byte	.LASF29
 247 0160 05       		.byte	0x5
 248 0161 E701     		.2byte	0x1e7
 249 0163 46010000 		.4byte	0x146
 250 0167 00       		.byte	0
 251 0168 0B       		.uleb128 0xb
 252 0169 C6040000 		.4byte	.LASF30
 253 016d 05       		.byte	0x5
 254 016e E801     		.2byte	0x1e8
 255 0170 46010000 		.4byte	0x146
 256 0174 18       		.byte	0x18
 257 0175 00       		.byte	0
 258 0176 09       		.uleb128 0x9
 259 0177 4F000000 		.4byte	.LASF31
 260 017b 05       		.byte	0x5
 261 017c E901     		.2byte	0x1e9
 262 017e 52010000 		.4byte	0x152
 263 0182 07       		.uleb128 0x7
 264 0183 01       		.byte	0x1
 265 0184 2C000000 		.4byte	0x2c
 266 0188 06       		.byte	0x6
 267 0189 DE01     		.2byte	0x1de
 268 018b 9C010000 		.4byte	0x19c
 269 018f 08       		.uleb128 0x8
 270 0190 7A040000 		.4byte	.LASF32
 271 0194 00       		.byte	0
 272 0195 08       		.uleb128 0x8
 273 0196 58040000 		.4byte	.LASF33
 274 019a 01       		.byte	0x1
 275 019b 00       		.byte	0
 276 019c 09       		.uleb128 0x9
 277 019d 91030000 		.4byte	.LASF34
 278 01a1 06       		.byte	0x6
 279 01a2 E101     		.2byte	0x1e1
 280 01a4 82010000 		.4byte	0x182
 281 01a8 09       		.uleb128 0x9
 282 01a9 66030000 		.4byte	.LASF35
 283 01ad 06       		.byte	0x6
 284 01ae F301     		.2byte	0x1f3
 285 01b0 B4010000 		.4byte	0x1b4
 286 01b4 0C       		.uleb128 0xc
 287 01b5 04       		.byte	0x4
 288 01b6 BA010000 		.4byte	0x1ba
 289 01ba 0D       		.uleb128 0xd
 290 01bb C5010000 		.4byte	0x1c5
 291 01bf 0E       		.uleb128 0xe
 292 01c0 8C000000 		.4byte	0x8c
 293 01c4 00       		.byte	0
 294 01c5 09       		.uleb128 0x9
 295 01c6 DE030000 		.4byte	.LASF36
 296 01ca 06       		.byte	0x6
ARM GAS  C:\Users\codyg\AppData\Local\Temp\ccgTxYUh.s 			page 8


 297 01cb FE01     		.2byte	0x1fe
 298 01cd D1010000 		.4byte	0x1d1
 299 01d1 0C       		.uleb128 0xc
 300 01d2 04       		.byte	0x4
 301 01d3 D7010000 		.4byte	0x1d7
 302 01d7 0F       		.uleb128 0xf
 303 01d8 9C010000 		.4byte	0x19c
 304 01dc E6010000 		.4byte	0x1e6
 305 01e0 0E       		.uleb128 0xe
 306 01e1 8C000000 		.4byte	0x8c
 307 01e5 00       		.byte	0
 308 01e6 10       		.uleb128 0x10
 309 01e7 2C050000 		.4byte	.LASF60
 310 01eb 4C       		.byte	0x4c
 311 01ec 06       		.byte	0x6
 312 01ed 6502     		.2byte	0x265
 313 01ef 05030000 		.4byte	0x305
 314 01f3 0B       		.uleb128 0xb
 315 01f4 B4040000 		.4byte	.LASF37
 316 01f8 06       		.byte	0x6
 317 01f9 6802     		.2byte	0x268
 318 01fb C1000000 		.4byte	0xc1
 319 01ff 00       		.byte	0
 320 0200 0B       		.uleb128 0xb
 321 0201 0B020000 		.4byte	.LASF38
 322 0205 06       		.byte	0x6
 323 0206 6902     		.2byte	0x269
 324 0208 C1000000 		.4byte	0xc1
 325 020c 01       		.byte	0x1
 326 020d 0B       		.uleb128 0xb
 327 020e 78000000 		.4byte	.LASF39
 328 0212 06       		.byte	0x6
 329 0213 6B02     		.2byte	0x26b
 330 0215 9E000000 		.4byte	0x9e
 331 0219 04       		.byte	0x4
 332 021a 0B       		.uleb128 0xb
 333 021b B0000000 		.4byte	.LASF40
 334 021f 06       		.byte	0x6
 335 0220 6D02     		.2byte	0x26d
 336 0222 9E000000 		.4byte	0x9e
 337 0226 08       		.byte	0x8
 338 0227 0B       		.uleb128 0xb
 339 0228 EB010000 		.4byte	.LASF41
 340 022c 06       		.byte	0x6
 341 022d 6E02     		.2byte	0x26e
 342 022f C1000000 		.4byte	0xc1
 343 0233 0C       		.byte	0xc
 344 0234 0B       		.uleb128 0xb
 345 0235 6D020000 		.4byte	.LASF42
 346 0239 06       		.byte	0x6
 347 023a 6F02     		.2byte	0x26f
 348 023c C1000000 		.4byte	0xc1
 349 0240 0D       		.byte	0xd
 350 0241 0B       		.uleb128 0xb
 351 0242 0D040000 		.4byte	.LASF43
 352 0246 06       		.byte	0x6
 353 0247 7102     		.2byte	0x271
ARM GAS  C:\Users\codyg\AppData\Local\Temp\ccgTxYUh.s 			page 9


 354 0249 05030000 		.4byte	0x305
 355 024d 10       		.byte	0x10
 356 024e 0B       		.uleb128 0xb
 357 024f 35030000 		.4byte	.LASF44
 358 0253 06       		.byte	0x6
 359 0254 7202     		.2byte	0x272
 360 0256 8C000000 		.4byte	0x8c
 361 025a 14       		.byte	0x14
 362 025b 0B       		.uleb128 0xb
 363 025c 26000000 		.4byte	.LASF45
 364 0260 06       		.byte	0x6
 365 0261 7302     		.2byte	0x273
 366 0263 9E000000 		.4byte	0x9e
 367 0267 18       		.byte	0x18
 368 0268 0B       		.uleb128 0xb
 369 0269 17000000 		.4byte	.LASF46
 370 026d 06       		.byte	0x6
 371 026e 7402     		.2byte	0x274
 372 0270 9E000000 		.4byte	0x9e
 373 0274 1C       		.byte	0x1c
 374 0275 0B       		.uleb128 0xb
 375 0276 6E040000 		.4byte	.LASF47
 376 027a 06       		.byte	0x6
 377 027b 7602     		.2byte	0x276
 378 027d 9E000000 		.4byte	0x9e
 379 0281 20       		.byte	0x20
 380 0282 0B       		.uleb128 0xb
 381 0283 1C050000 		.4byte	.LASF48
 382 0287 06       		.byte	0x6
 383 0288 7702     		.2byte	0x277
 384 028a 0B030000 		.4byte	0x30b
 385 028e 24       		.byte	0x24
 386 028f 0B       		.uleb128 0xb
 387 0290 43050000 		.4byte	.LASF49
 388 0294 06       		.byte	0x6
 389 0295 7902     		.2byte	0x279
 390 0297 05030000 		.4byte	0x305
 391 029b 28       		.byte	0x28
 392 029c 0B       		.uleb128 0xb
 393 029d A1020000 		.4byte	.LASF50
 394 02a1 06       		.byte	0x6
 395 02a2 7A02     		.2byte	0x27a
 396 02a4 8C000000 		.4byte	0x8c
 397 02a8 2C       		.byte	0x2c
 398 02a9 0B       		.uleb128 0xb
 399 02aa 92040000 		.4byte	.LASF51
 400 02ae 06       		.byte	0x6
 401 02af 7B02     		.2byte	0x27b
 402 02b1 9E000000 		.4byte	0x9e
 403 02b5 30       		.byte	0x30
 404 02b6 0B       		.uleb128 0xb
 405 02b7 67010000 		.4byte	.LASF52
 406 02bb 06       		.byte	0x6
 407 02bc 7C02     		.2byte	0x27c
 408 02be 9E000000 		.4byte	0x9e
 409 02c2 34       		.byte	0x34
 410 02c3 0B       		.uleb128 0xb
ARM GAS  C:\Users\codyg\AppData\Local\Temp\ccgTxYUh.s 			page 10


 411 02c4 60000000 		.4byte	.LASF53
 412 02c8 06       		.byte	0x6
 413 02c9 7E02     		.2byte	0x27e
 414 02cb 05030000 		.4byte	0x305
 415 02cf 38       		.byte	0x38
 416 02d0 0B       		.uleb128 0xb
 417 02d1 4D020000 		.4byte	.LASF54
 418 02d5 06       		.byte	0x6
 419 02d6 7F02     		.2byte	0x27f
 420 02d8 8C000000 		.4byte	0x8c
 421 02dc 3C       		.byte	0x3c
 422 02dd 0B       		.uleb128 0xb
 423 02de 90020000 		.4byte	.LASF55
 424 02e2 06       		.byte	0x6
 425 02e3 8002     		.2byte	0x280
 426 02e5 9E000000 		.4byte	0x9e
 427 02e9 40       		.byte	0x40
 428 02ea 0B       		.uleb128 0xb
 429 02eb FA030000 		.4byte	.LASF56
 430 02ef 06       		.byte	0x6
 431 02f0 8602     		.2byte	0x286
 432 02f2 A8010000 		.4byte	0x1a8
 433 02f6 44       		.byte	0x44
 434 02f7 0B       		.uleb128 0xb
 435 02f8 0E050000 		.4byte	.LASF57
 436 02fc 06       		.byte	0x6
 437 02fd 8D02     		.2byte	0x28d
 438 02ff C5010000 		.4byte	0x1c5
 439 0303 48       		.byte	0x48
 440 0304 00       		.byte	0
 441 0305 0C       		.uleb128 0xc
 442 0306 04       		.byte	0x4
 443 0307 81000000 		.4byte	0x81
 444 030b 05       		.uleb128 0x5
 445 030c C1000000 		.4byte	0xc1
 446 0310 09       		.uleb128 0x9
 447 0311 DE020000 		.4byte	.LASF58
 448 0315 06       		.byte	0x6
 449 0316 9002     		.2byte	0x290
 450 0318 E6010000 		.4byte	0x1e6
 451 031c 09       		.uleb128 0x9
 452 031d 7E000000 		.4byte	.LASF59
 453 0321 07       		.byte	0x7
 454 0322 AB01     		.2byte	0x1ab
 455 0324 B4010000 		.4byte	0x1b4
 456 0328 10       		.uleb128 0x10
 457 0329 BD000000 		.4byte	.LASF61
 458 032d 38       		.byte	0x38
 459 032e 07       		.byte	0x7
 460 032f 4702     		.2byte	0x247
 461 0331 EC030000 		.4byte	0x3ec
 462 0335 0B       		.uleb128 0xb
 463 0336 88010000 		.4byte	.LASF62
 464 033a 07       		.byte	0x7
 465 033b 4A02     		.2byte	0x24a
 466 033d 9E000000 		.4byte	0x9e
 467 0341 00       		.byte	0
ARM GAS  C:\Users\codyg\AppData\Local\Temp\ccgTxYUh.s 			page 11


 468 0342 0B       		.uleb128 0xb
 469 0343 08030000 		.4byte	.LASF63
 470 0347 07       		.byte	0x7
 471 0348 4B02     		.2byte	0x24b
 472 034a 9E000000 		.4byte	0x9e
 473 034e 04       		.byte	0x4
 474 034f 0B       		.uleb128 0xb
 475 0350 1F030000 		.4byte	.LASF64
 476 0354 07       		.byte	0x7
 477 0355 4D02     		.2byte	0x24d
 478 0357 BF000000 		.4byte	0xbf
 479 035b 08       		.byte	0x8
 480 035c 0B       		.uleb128 0xb
 481 035d 5F020000 		.4byte	.LASF65
 482 0361 07       		.byte	0x7
 483 0362 4E02     		.2byte	0x24e
 484 0364 8C000000 		.4byte	0x8c
 485 0368 0C       		.byte	0xc
 486 0369 0B       		.uleb128 0xb
 487 036a F7010000 		.4byte	.LASF66
 488 036e 07       		.byte	0x7
 489 036f 4F02     		.2byte	0x24f
 490 0371 9E000000 		.4byte	0x9e
 491 0375 10       		.byte	0x10
 492 0376 0B       		.uleb128 0xb
 493 0377 36000000 		.4byte	.LASF67
 494 037b 07       		.byte	0x7
 495 037c 5002     		.2byte	0x250
 496 037e 9E000000 		.4byte	0x9e
 497 0382 14       		.byte	0x14
 498 0383 0B       		.uleb128 0xb
 499 0384 D8030000 		.4byte	.LASF68
 500 0388 07       		.byte	0x7
 501 0389 5202     		.2byte	0x252
 502 038b BF000000 		.4byte	0xbf
 503 038f 18       		.byte	0x18
 504 0390 0B       		.uleb128 0xb
 505 0391 6E000000 		.4byte	.LASF69
 506 0395 07       		.byte	0x7
 507 0396 5302     		.2byte	0x253
 508 0398 8C000000 		.4byte	0x8c
 509 039c 1C       		.byte	0x1c
 510 039d 0B       		.uleb128 0xb
 511 039e A9010000 		.4byte	.LASF70
 512 03a2 07       		.byte	0x7
 513 03a3 5402     		.2byte	0x254
 514 03a5 9E000000 		.4byte	0x9e
 515 03a9 20       		.byte	0x20
 516 03aa 0B       		.uleb128 0xb
 517 03ab 15020000 		.4byte	.LASF71
 518 03af 07       		.byte	0x7
 519 03b0 5602     		.2byte	0x256
 520 03b2 BF000000 		.4byte	0xbf
 521 03b6 24       		.byte	0x24
 522 03b7 0B       		.uleb128 0xb
 523 03b8 BB030000 		.4byte	.LASF72
 524 03bc 07       		.byte	0x7
ARM GAS  C:\Users\codyg\AppData\Local\Temp\ccgTxYUh.s 			page 12


 525 03bd 5702     		.2byte	0x257
 526 03bf 8C000000 		.4byte	0x8c
 527 03c3 28       		.byte	0x28
 528 03c4 0B       		.uleb128 0xb
 529 03c5 FD040000 		.4byte	.LASF73
 530 03c9 07       		.byte	0x7
 531 03ca 5802     		.2byte	0x258
 532 03cc 9E000000 		.4byte	0x9e
 533 03d0 2C       		.byte	0x2c
 534 03d1 0B       		.uleb128 0xb
 535 03d2 FA030000 		.4byte	.LASF56
 536 03d6 07       		.byte	0x7
 537 03d7 5D02     		.2byte	0x25d
 538 03d9 1C030000 		.4byte	0x31c
 539 03dd 30       		.byte	0x30
 540 03de 0B       		.uleb128 0xb
 541 03df BE040000 		.4byte	.LASF74
 542 03e3 07       		.byte	0x7
 543 03e4 6002     		.2byte	0x260
 544 03e6 8C000000 		.4byte	0x8c
 545 03ea 34       		.byte	0x34
 546 03eb 00       		.byte	0
 547 03ec 09       		.uleb128 0x9
 548 03ed CE040000 		.4byte	.LASF75
 549 03f1 07       		.byte	0x7
 550 03f2 6302     		.2byte	0x263
 551 03f4 28030000 		.4byte	0x328
 552 03f8 11       		.uleb128 0x11
 553 03f9 83020000 		.4byte	.LASF84
 554 03fd 02       		.byte	0x2
 555 03fe 53       		.byte	0x53
 556 03ff 03       		.byte	0x3
 557 0400 12       		.uleb128 0x12
 558 0401 78010000 		.4byte	.LASF85
 559 0405 01       		.byte	0x1
 560 0406 0E       		.byte	0xe
 561 0407 73000000 		.4byte	0x73
 562 040b 00000000 		.4byte	.LFB435
 563 040f 10000000 		.4byte	.LFE435-.LFB435
 564 0413 01       		.uleb128 0x1
 565 0414 9C       		.byte	0x9c
 566 0415 3C040000 		.4byte	0x43c
 567 0419 13       		.uleb128 0x13
 568 041a F8030000 		.4byte	0x3f8
 569 041e 02000000 		.4byte	.LBB4
 570 0422 02000000 		.4byte	.LBE4-.LBB4
 571 0426 01       		.byte	0x1
 572 0427 10       		.byte	0x10
 573 0428 14       		.uleb128 0x14
 574 0429 0A000000 		.4byte	.LVL0
 575 042d 93040000 		.4byte	0x493
 576 0431 15       		.uleb128 0x15
 577 0432 01       		.uleb128 0x1
 578 0433 50       		.byte	0x50
 579 0434 05       		.uleb128 0x5
 580 0435 0C       		.byte	0xc
 581 0436 00000810 		.4byte	0x10080000
ARM GAS  C:\Users\codyg\AppData\Local\Temp\ccgTxYUh.s 			page 13


 582 043a 00       		.byte	0
 583 043b 00       		.byte	0
 584 043c 16       		.uleb128 0x16
 585 043d 4C040000 		.4byte	0x44c
 586 0441 4C040000 		.4byte	0x44c
 587 0445 17       		.uleb128 0x17
 588 0446 97000000 		.4byte	0x97
 589 044a 0B       		.byte	0xb
 590 044b 00       		.byte	0
 591 044c 18       		.uleb128 0x18
 592 044d 81000000 		.4byte	0x81
 593 0451 19       		.uleb128 0x19
 594 0452 B2010000 		.4byte	.LASF76
 595 0456 05       		.byte	0x5
 596 0457 FC02     		.2byte	0x2fc
 597 0459 5D040000 		.4byte	0x45d
 598 045d 18       		.uleb128 0x18
 599 045e 3C040000 		.4byte	0x43c
 600 0462 1A       		.uleb128 0x1a
 601 0463 29020000 		.4byte	.LASF77
 602 0467 08       		.byte	0x8
 603 0468 7F       		.byte	0x7f
 604 0469 10030000 		.4byte	0x310
 605 046d 1A       		.uleb128 0x1a
 606 046e D4010000 		.4byte	.LASF78
 607 0472 09       		.byte	0x9
 608 0473 87       		.byte	0x87
 609 0474 EC030000 		.4byte	0x3ec
 610 0478 1A       		.uleb128 0x1a
 611 0479 3C020000 		.4byte	.LASF79
 612 047d 0A       		.byte	0xa
 613 047e 7C       		.byte	0x7c
 614 047f C1000000 		.4byte	0xc1
 615 0483 1A       		.uleb128 0x1a
 616 0484 4A040000 		.4byte	.LASF80
 617 0488 0A       		.byte	0xa
 618 0489 7D       		.byte	0x7d
 619 048a 8E040000 		.4byte	0x48e
 620 048e 18       		.uleb128 0x18
 621 048f 76010000 		.4byte	0x176
 622 0493 1B       		.uleb128 0x1b
 623 0494 3A040000 		.4byte	.LASF86
 624 0498 3A040000 		.4byte	.LASF86
 625 049c 0B       		.byte	0xb
 626 049d FE01     		.2byte	0x1fe
 627 049f 00       		.byte	0
 628              		.section	.debug_abbrev,"",%progbits
 629              	.Ldebug_abbrev0:
 630 0000 01       		.uleb128 0x1
 631 0001 11       		.uleb128 0x11
 632 0002 01       		.byte	0x1
 633 0003 25       		.uleb128 0x25
 634 0004 0E       		.uleb128 0xe
 635 0005 13       		.uleb128 0x13
 636 0006 0B       		.uleb128 0xb
 637 0007 03       		.uleb128 0x3
 638 0008 0E       		.uleb128 0xe
ARM GAS  C:\Users\codyg\AppData\Local\Temp\ccgTxYUh.s 			page 14


 639 0009 1B       		.uleb128 0x1b
 640 000a 0E       		.uleb128 0xe
 641 000b 55       		.uleb128 0x55
 642 000c 17       		.uleb128 0x17
 643 000d 11       		.uleb128 0x11
 644 000e 01       		.uleb128 0x1
 645 000f 10       		.uleb128 0x10
 646 0010 17       		.uleb128 0x17
 647 0011 00       		.byte	0
 648 0012 00       		.byte	0
 649 0013 02       		.uleb128 0x2
 650 0014 24       		.uleb128 0x24
 651 0015 00       		.byte	0
 652 0016 0B       		.uleb128 0xb
 653 0017 0B       		.uleb128 0xb
 654 0018 3E       		.uleb128 0x3e
 655 0019 0B       		.uleb128 0xb
 656 001a 03       		.uleb128 0x3
 657 001b 0E       		.uleb128 0xe
 658 001c 00       		.byte	0
 659 001d 00       		.byte	0
 660 001e 03       		.uleb128 0x3
 661 001f 16       		.uleb128 0x16
 662 0020 00       		.byte	0
 663 0021 03       		.uleb128 0x3
 664 0022 0E       		.uleb128 0xe
 665 0023 3A       		.uleb128 0x3a
 666 0024 0B       		.uleb128 0xb
 667 0025 3B       		.uleb128 0x3b
 668 0026 0B       		.uleb128 0xb
 669 0027 49       		.uleb128 0x49
 670 0028 13       		.uleb128 0x13
 671 0029 00       		.byte	0
 672 002a 00       		.byte	0
 673 002b 04       		.uleb128 0x4
 674 002c 24       		.uleb128 0x24
 675 002d 00       		.byte	0
 676 002e 0B       		.uleb128 0xb
 677 002f 0B       		.uleb128 0xb
 678 0030 3E       		.uleb128 0x3e
 679 0031 0B       		.uleb128 0xb
 680 0032 03       		.uleb128 0x3
 681 0033 08       		.uleb128 0x8
 682 0034 00       		.byte	0
 683 0035 00       		.byte	0
 684 0036 05       		.uleb128 0x5
 685 0037 35       		.uleb128 0x35
 686 0038 00       		.byte	0
 687 0039 49       		.uleb128 0x49
 688 003a 13       		.uleb128 0x13
 689 003b 00       		.byte	0
 690 003c 00       		.byte	0
 691 003d 06       		.uleb128 0x6
 692 003e 0F       		.uleb128 0xf
 693 003f 00       		.byte	0
 694 0040 0B       		.uleb128 0xb
 695 0041 0B       		.uleb128 0xb
ARM GAS  C:\Users\codyg\AppData\Local\Temp\ccgTxYUh.s 			page 15


 696 0042 00       		.byte	0
 697 0043 00       		.byte	0
 698 0044 07       		.uleb128 0x7
 699 0045 04       		.uleb128 0x4
 700 0046 01       		.byte	0x1
 701 0047 0B       		.uleb128 0xb
 702 0048 0B       		.uleb128 0xb
 703 0049 49       		.uleb128 0x49
 704 004a 13       		.uleb128 0x13
 705 004b 3A       		.uleb128 0x3a
 706 004c 0B       		.uleb128 0xb
 707 004d 3B       		.uleb128 0x3b
 708 004e 05       		.uleb128 0x5
 709 004f 01       		.uleb128 0x1
 710 0050 13       		.uleb128 0x13
 711 0051 00       		.byte	0
 712 0052 00       		.byte	0
 713 0053 08       		.uleb128 0x8
 714 0054 28       		.uleb128 0x28
 715 0055 00       		.byte	0
 716 0056 03       		.uleb128 0x3
 717 0057 0E       		.uleb128 0xe
 718 0058 1C       		.uleb128 0x1c
 719 0059 0B       		.uleb128 0xb
 720 005a 00       		.byte	0
 721 005b 00       		.byte	0
 722 005c 09       		.uleb128 0x9
 723 005d 16       		.uleb128 0x16
 724 005e 00       		.byte	0
 725 005f 03       		.uleb128 0x3
 726 0060 0E       		.uleb128 0xe
 727 0061 3A       		.uleb128 0x3a
 728 0062 0B       		.uleb128 0xb
 729 0063 3B       		.uleb128 0x3b
 730 0064 05       		.uleb128 0x5
 731 0065 49       		.uleb128 0x49
 732 0066 13       		.uleb128 0x13
 733 0067 00       		.byte	0
 734 0068 00       		.byte	0
 735 0069 0A       		.uleb128 0xa
 736 006a 13       		.uleb128 0x13
 737 006b 01       		.byte	0x1
 738 006c 0B       		.uleb128 0xb
 739 006d 0B       		.uleb128 0xb
 740 006e 3A       		.uleb128 0x3a
 741 006f 0B       		.uleb128 0xb
 742 0070 3B       		.uleb128 0x3b
 743 0071 05       		.uleb128 0x5
 744 0072 01       		.uleb128 0x1
 745 0073 13       		.uleb128 0x13
 746 0074 00       		.byte	0
 747 0075 00       		.byte	0
 748 0076 0B       		.uleb128 0xb
 749 0077 0D       		.uleb128 0xd
 750 0078 00       		.byte	0
 751 0079 03       		.uleb128 0x3
 752 007a 0E       		.uleb128 0xe
ARM GAS  C:\Users\codyg\AppData\Local\Temp\ccgTxYUh.s 			page 16


 753 007b 3A       		.uleb128 0x3a
 754 007c 0B       		.uleb128 0xb
 755 007d 3B       		.uleb128 0x3b
 756 007e 05       		.uleb128 0x5
 757 007f 49       		.uleb128 0x49
 758 0080 13       		.uleb128 0x13
 759 0081 38       		.uleb128 0x38
 760 0082 0B       		.uleb128 0xb
 761 0083 00       		.byte	0
 762 0084 00       		.byte	0
 763 0085 0C       		.uleb128 0xc
 764 0086 0F       		.uleb128 0xf
 765 0087 00       		.byte	0
 766 0088 0B       		.uleb128 0xb
 767 0089 0B       		.uleb128 0xb
 768 008a 49       		.uleb128 0x49
 769 008b 13       		.uleb128 0x13
 770 008c 00       		.byte	0
 771 008d 00       		.byte	0
 772 008e 0D       		.uleb128 0xd
 773 008f 15       		.uleb128 0x15
 774 0090 01       		.byte	0x1
 775 0091 27       		.uleb128 0x27
 776 0092 19       		.uleb128 0x19
 777 0093 01       		.uleb128 0x1
 778 0094 13       		.uleb128 0x13
 779 0095 00       		.byte	0
 780 0096 00       		.byte	0
 781 0097 0E       		.uleb128 0xe
 782 0098 05       		.uleb128 0x5
 783 0099 00       		.byte	0
 784 009a 49       		.uleb128 0x49
 785 009b 13       		.uleb128 0x13
 786 009c 00       		.byte	0
 787 009d 00       		.byte	0
 788 009e 0F       		.uleb128 0xf
 789 009f 15       		.uleb128 0x15
 790 00a0 01       		.byte	0x1
 791 00a1 27       		.uleb128 0x27
 792 00a2 19       		.uleb128 0x19
 793 00a3 49       		.uleb128 0x49
 794 00a4 13       		.uleb128 0x13
 795 00a5 01       		.uleb128 0x1
 796 00a6 13       		.uleb128 0x13
 797 00a7 00       		.byte	0
 798 00a8 00       		.byte	0
 799 00a9 10       		.uleb128 0x10
 800 00aa 13       		.uleb128 0x13
 801 00ab 01       		.byte	0x1
 802 00ac 03       		.uleb128 0x3
 803 00ad 0E       		.uleb128 0xe
 804 00ae 0B       		.uleb128 0xb
 805 00af 0B       		.uleb128 0xb
 806 00b0 3A       		.uleb128 0x3a
 807 00b1 0B       		.uleb128 0xb
 808 00b2 3B       		.uleb128 0x3b
 809 00b3 05       		.uleb128 0x5
ARM GAS  C:\Users\codyg\AppData\Local\Temp\ccgTxYUh.s 			page 17


 810 00b4 01       		.uleb128 0x1
 811 00b5 13       		.uleb128 0x13
 812 00b6 00       		.byte	0
 813 00b7 00       		.byte	0
 814 00b8 11       		.uleb128 0x11
 815 00b9 2E       		.uleb128 0x2e
 816 00ba 00       		.byte	0
 817 00bb 03       		.uleb128 0x3
 818 00bc 0E       		.uleb128 0xe
 819 00bd 3A       		.uleb128 0x3a
 820 00be 0B       		.uleb128 0xb
 821 00bf 3B       		.uleb128 0x3b
 822 00c0 0B       		.uleb128 0xb
 823 00c1 27       		.uleb128 0x27
 824 00c2 19       		.uleb128 0x19
 825 00c3 20       		.uleb128 0x20
 826 00c4 0B       		.uleb128 0xb
 827 00c5 00       		.byte	0
 828 00c6 00       		.byte	0
 829 00c7 12       		.uleb128 0x12
 830 00c8 2E       		.uleb128 0x2e
 831 00c9 01       		.byte	0x1
 832 00ca 3F       		.uleb128 0x3f
 833 00cb 19       		.uleb128 0x19
 834 00cc 03       		.uleb128 0x3
 835 00cd 0E       		.uleb128 0xe
 836 00ce 3A       		.uleb128 0x3a
 837 00cf 0B       		.uleb128 0xb
 838 00d0 3B       		.uleb128 0x3b
 839 00d1 0B       		.uleb128 0xb
 840 00d2 27       		.uleb128 0x27
 841 00d3 19       		.uleb128 0x19
 842 00d4 49       		.uleb128 0x49
 843 00d5 13       		.uleb128 0x13
 844 00d6 8701     		.uleb128 0x87
 845 00d8 19       		.uleb128 0x19
 846 00d9 11       		.uleb128 0x11
 847 00da 01       		.uleb128 0x1
 848 00db 12       		.uleb128 0x12
 849 00dc 06       		.uleb128 0x6
 850 00dd 40       		.uleb128 0x40
 851 00de 18       		.uleb128 0x18
 852 00df 9742     		.uleb128 0x2117
 853 00e1 19       		.uleb128 0x19
 854 00e2 01       		.uleb128 0x1
 855 00e3 13       		.uleb128 0x13
 856 00e4 00       		.byte	0
 857 00e5 00       		.byte	0
 858 00e6 13       		.uleb128 0x13
 859 00e7 1D       		.uleb128 0x1d
 860 00e8 00       		.byte	0
 861 00e9 31       		.uleb128 0x31
 862 00ea 13       		.uleb128 0x13
 863 00eb 11       		.uleb128 0x11
 864 00ec 01       		.uleb128 0x1
 865 00ed 12       		.uleb128 0x12
 866 00ee 06       		.uleb128 0x6
ARM GAS  C:\Users\codyg\AppData\Local\Temp\ccgTxYUh.s 			page 18


 867 00ef 58       		.uleb128 0x58
 868 00f0 0B       		.uleb128 0xb
 869 00f1 59       		.uleb128 0x59
 870 00f2 0B       		.uleb128 0xb
 871 00f3 00       		.byte	0
 872 00f4 00       		.byte	0
 873 00f5 14       		.uleb128 0x14
 874 00f6 898201   		.uleb128 0x4109
 875 00f9 01       		.byte	0x1
 876 00fa 11       		.uleb128 0x11
 877 00fb 01       		.uleb128 0x1
 878 00fc 31       		.uleb128 0x31
 879 00fd 13       		.uleb128 0x13
 880 00fe 00       		.byte	0
 881 00ff 00       		.byte	0
 882 0100 15       		.uleb128 0x15
 883 0101 8A8201   		.uleb128 0x410a
 884 0104 00       		.byte	0
 885 0105 02       		.uleb128 0x2
 886 0106 18       		.uleb128 0x18
 887 0107 9142     		.uleb128 0x2111
 888 0109 18       		.uleb128 0x18
 889 010a 00       		.byte	0
 890 010b 00       		.byte	0
 891 010c 16       		.uleb128 0x16
 892 010d 01       		.uleb128 0x1
 893 010e 01       		.byte	0x1
 894 010f 49       		.uleb128 0x49
 895 0110 13       		.uleb128 0x13
 896 0111 01       		.uleb128 0x1
 897 0112 13       		.uleb128 0x13
 898 0113 00       		.byte	0
 899 0114 00       		.byte	0
 900 0115 17       		.uleb128 0x17
 901 0116 21       		.uleb128 0x21
 902 0117 00       		.byte	0
 903 0118 49       		.uleb128 0x49
 904 0119 13       		.uleb128 0x13
 905 011a 2F       		.uleb128 0x2f
 906 011b 0B       		.uleb128 0xb
 907 011c 00       		.byte	0
 908 011d 00       		.byte	0
 909 011e 18       		.uleb128 0x18
 910 011f 26       		.uleb128 0x26
 911 0120 00       		.byte	0
 912 0121 49       		.uleb128 0x49
 913 0122 13       		.uleb128 0x13
 914 0123 00       		.byte	0
 915 0124 00       		.byte	0
 916 0125 19       		.uleb128 0x19
 917 0126 34       		.uleb128 0x34
 918 0127 00       		.byte	0
 919 0128 03       		.uleb128 0x3
 920 0129 0E       		.uleb128 0xe
 921 012a 3A       		.uleb128 0x3a
 922 012b 0B       		.uleb128 0xb
 923 012c 3B       		.uleb128 0x3b
ARM GAS  C:\Users\codyg\AppData\Local\Temp\ccgTxYUh.s 			page 19


 924 012d 05       		.uleb128 0x5
 925 012e 49       		.uleb128 0x49
 926 012f 13       		.uleb128 0x13
 927 0130 3F       		.uleb128 0x3f
 928 0131 19       		.uleb128 0x19
 929 0132 3C       		.uleb128 0x3c
 930 0133 19       		.uleb128 0x19
 931 0134 00       		.byte	0
 932 0135 00       		.byte	0
 933 0136 1A       		.uleb128 0x1a
 934 0137 34       		.uleb128 0x34
 935 0138 00       		.byte	0
 936 0139 03       		.uleb128 0x3
 937 013a 0E       		.uleb128 0xe
 938 013b 3A       		.uleb128 0x3a
 939 013c 0B       		.uleb128 0xb
 940 013d 3B       		.uleb128 0x3b
 941 013e 0B       		.uleb128 0xb
 942 013f 49       		.uleb128 0x49
 943 0140 13       		.uleb128 0x13
 944 0141 3F       		.uleb128 0x3f
 945 0142 19       		.uleb128 0x19
 946 0143 3C       		.uleb128 0x3c
 947 0144 19       		.uleb128 0x19
 948 0145 00       		.byte	0
 949 0146 00       		.byte	0
 950 0147 1B       		.uleb128 0x1b
 951 0148 2E       		.uleb128 0x2e
 952 0149 00       		.byte	0
 953 014a 3F       		.uleb128 0x3f
 954 014b 19       		.uleb128 0x19
 955 014c 3C       		.uleb128 0x3c
 956 014d 19       		.uleb128 0x19
 957 014e 6E       		.uleb128 0x6e
 958 014f 0E       		.uleb128 0xe
 959 0150 03       		.uleb128 0x3
 960 0151 0E       		.uleb128 0xe
 961 0152 3A       		.uleb128 0x3a
 962 0153 0B       		.uleb128 0xb
 963 0154 3B       		.uleb128 0x3b
 964 0155 05       		.uleb128 0x5
 965 0156 00       		.byte	0
 966 0157 00       		.byte	0
 967 0158 00       		.byte	0
 968              		.section	.debug_aranges,"",%progbits
 969 0000 1C000000 		.4byte	0x1c
 970 0004 0200     		.2byte	0x2
 971 0006 00000000 		.4byte	.Ldebug_info0
 972 000a 04       		.byte	0x4
 973 000b 00       		.byte	0
 974 000c 0000     		.2byte	0
 975 000e 0000     		.2byte	0
 976 0010 00000000 		.4byte	.LFB435
 977 0014 10000000 		.4byte	.LFE435-.LFB435
 978 0018 00000000 		.4byte	0
 979 001c 00000000 		.4byte	0
 980              		.section	.debug_ranges,"",%progbits
ARM GAS  C:\Users\codyg\AppData\Local\Temp\ccgTxYUh.s 			page 20


 981              	.Ldebug_ranges0:
 982 0000 00000000 		.4byte	.LFB435
 983 0004 10000000 		.4byte	.LFE435
 984 0008 00000000 		.4byte	0
 985 000c 00000000 		.4byte	0
 986              		.section	.debug_line,"",%progbits
 987              	.Ldebug_line0:
 988 0000 55020000 		.section	.debug_str,"MS",%progbits,1
 988      02003402 
 988      00000201 
 988      FB0E0D00 
 988      01010101 
 989              	.LASF21:
 990 0000 63795F65 		.ascii	"cy_en_rtc_dst_format_t\000"
 990      6E5F7274 
 990      635F6473 
 990      745F666F 
 990      726D6174 
 991              	.LASF46:
 992 0017 6D617374 		.ascii	"masterNumBytes\000"
 992      65724E75 
 992      6D427974 
 992      657300
 993              	.LASF45:
 994 0026 6D617374 		.ascii	"masterBufferIdx\000"
 994      65724275 
 994      66666572 
 994      49647800 
 995              	.LASF67:
 996 0036 72785269 		.ascii	"rxRingBufTail\000"
 996      6E674275 
 996      66546169 
 996      6C00
 997              	.LASF24:
 998 0044 6461794F 		.ascii	"dayOfMonth\000"
 998      664D6F6E 
 998      746800
 999              	.LASF31:
 1000 004f 63795F73 		.ascii	"cy_stc_rtc_dst_t\000"
 1000      74635F72 
 1000      74635F64 
 1000      73745F74 
 1000      00
 1001              	.LASF53:
 1002 0060 736C6176 		.ascii	"slaveRxBuffer\000"
 1002      65527842 
 1002      75666665 
 1002      7200
 1003              	.LASF69:
 1004 006e 72784275 		.ascii	"rxBufSize\000"
 1004      6653697A 
 1004      6500
 1005              	.LASF39:
 1006 0078 73746174 		.ascii	"state\000"
 1006      6500
 1007              	.LASF59:
 1008 007e 63795F63 		.ascii	"cy_cb_scb_uart_handle_events_t\000"
ARM GAS  C:\Users\codyg\AppData\Local\Temp\ccgTxYUh.s 			page 21


 1008      625F7363 
 1008      625F7561 
 1008      72745F68 
 1008      616E646C 
 1009              	.LASF0:
 1010 009d 73686F72 		.ascii	"short int\000"
 1010      7420696E 
 1010      7400
 1011              	.LASF13:
 1012 00a7 73697A65 		.ascii	"sizetype\000"
 1012      74797065 
 1012      00
 1013              	.LASF40:
 1014 00b0 6D617374 		.ascii	"masterStatus\000"
 1014      65725374 
 1014      61747573 
 1014      00
 1015              	.LASF61:
 1016 00bd 63795F73 		.ascii	"cy_stc_scb_uart_context\000"
 1016      74635F73 
 1016      63625F75 
 1016      6172745F 
 1016      636F6E74 
 1017              	.LASF81:
 1018 00d5 474E5520 		.ascii	"GNU C11 5.4.1 20160609 (release) [ARM/embedded-5-br"
 1018      43313120 
 1018      352E342E 
 1018      31203230 
 1018      31363036 
 1019 0108 616E6368 		.ascii	"anch revision 237715] -mcpu=cortex-m0plus -mthumb -"
 1019      20726576 
 1019      6973696F 
 1019      6E203233 
 1019      37373135 
 1020 013b 67202D4F 		.ascii	"g -Og -ffunction-sections -ffat-lto-objects\000"
 1020      67202D66 
 1020      66756E63 
 1020      74696F6E 
 1020      2D736563 
 1021              	.LASF52:
 1022 0167 736C6176 		.ascii	"slaveTxBufferCnt\000"
 1022      65547842 
 1022      75666665 
 1022      72436E74 
 1022      00
 1023              	.LASF85:
 1024 0178 6D61696E 		.ascii	"main\000"
 1024      00
 1025              	.LASF6:
 1026 017d 5F5F7569 		.ascii	"__uint32_t\000"
 1026      6E743332 
 1026      5F7400
 1027              	.LASF62:
 1028 0188 74785374 		.ascii	"txStatus\000"
 1028      61747573 
 1028      00
 1029              	.LASF28:
ARM GAS  C:\Users\codyg\AppData\Local\Temp\ccgTxYUh.s 			page 22


 1030 0191 63795F73 		.ascii	"cy_stc_rtc_dst_format_t\000"
 1030      74635F72 
 1030      74635F64 
 1030      73745F66 
 1030      6F726D61 
 1031              	.LASF70:
 1032 01a9 72784275 		.ascii	"rxBufIdx\000"
 1032      66496478 
 1032      00
 1033              	.LASF76:
 1034 01b2 63795F52 		.ascii	"cy_RTC_daysInMonthTbl\000"
 1034      54435F64 
 1034      61797349 
 1034      6E4D6F6E 
 1034      74685462 
 1035              	.LASF25:
 1036 01c8 7765656B 		.ascii	"weekOfMonth\000"
 1036      4F664D6F 
 1036      6E746800 
 1037              	.LASF78:
 1038 01d4 55415254 		.ascii	"UART_1_context\000"
 1038      5F315F63 
 1038      6F6E7465 
 1038      787400
 1039              	.LASF11:
 1040 01e3 75696E74 		.ascii	"uint8_t\000"
 1040      385F7400 
 1041              	.LASF41:
 1042 01eb 6D617374 		.ascii	"masterPause\000"
 1042      65725061 
 1042      75736500 
 1043              	.LASF66:
 1044 01f7 72785269 		.ascii	"rxRingBufHead\000"
 1044      6E674275 
 1044      66486561 
 1044      6400
 1045              	.LASF16:
 1046 0205 666C6F61 		.ascii	"float\000"
 1046      7400
 1047              	.LASF38:
 1048 020b 75736554 		.ascii	"useTxFifo\000"
 1048      78466966 
 1048      6F00
 1049              	.LASF71:
 1050 0215 74784275 		.ascii	"txBuf\000"
 1050      6600
 1051              	.LASF8:
 1052 021b 6C6F6E67 		.ascii	"long long int\000"
 1052      206C6F6E 
 1052      6720696E 
 1052      7400
 1053              	.LASF77:
 1054 0229 4932435F 		.ascii	"I2C_1_context\000"
 1054      315F636F 
 1054      6E746578 
 1054      7400
 1055              	.LASF15:
ARM GAS  C:\Users\codyg\AppData\Local\Temp\ccgTxYUh.s 			page 23


 1056 0237 63686172 		.ascii	"char\000"
 1056      00
 1057              	.LASF79:
 1058 023c 5254435F 		.ascii	"RTC_rtcDstStatus\000"
 1058      72746344 
 1058      73745374 
 1058      61747573 
 1058      00
 1059              	.LASF54:
 1060 024d 736C6176 		.ascii	"slaveRxBufferSize\000"
 1060      65527842 
 1060      75666665 
 1060      7253697A 
 1060      6500
 1061              	.LASF65:
 1062 025f 72785269 		.ascii	"rxRingBufSize\000"
 1062      6E674275 
 1062      6653697A 
 1062      6500
 1063              	.LASF42:
 1064 026d 6D617374 		.ascii	"masterRdDir\000"
 1064      65725264 
 1064      44697200 
 1065              	.LASF5:
 1066 0279 5F5F7569 		.ascii	"__uint8_t\000"
 1066      6E74385F 
 1066      7400
 1067              	.LASF84:
 1068 0283 5F5F656E 		.ascii	"__enable_irq\000"
 1068      61626C65 
 1068      5F697271 
 1068      00
 1069              	.LASF55:
 1070 0290 736C6176 		.ascii	"slaveRxBufferIdx\000"
 1070      65527842 
 1070      75666665 
 1070      72496478 
 1070      00
 1071              	.LASF50:
 1072 02a1 736C6176 		.ascii	"slaveTxBufferSize\000"
 1072      65547842 
 1072      75666665 
 1072      7253697A 
 1072      6500
 1073              	.LASF83:
 1074 02b3 433A5C55 		.ascii	"C:\\Users\\codyg\\git\\PSoC6\\BLE_RTC_IMU.cydsn\000"
 1074      73657273 
 1074      5C636F64 
 1074      79675C67 
 1074      69745C50 
 1075              	.LASF58:
 1076 02de 63795F73 		.ascii	"cy_stc_scb_i2c_context_t\000"
 1076      74635F73 
 1076      63625F69 
 1076      32635F63 
 1076      6F6E7465 
 1077              	.LASF23:
ARM GAS  C:\Users\codyg\AppData\Local\Temp\ccgTxYUh.s 			page 24


 1078 02f7 686F7572 		.ascii	"hour\000"
 1078      00
 1079              	.LASF14:
 1080 02fc 6C6F6E67 		.ascii	"long double\000"
 1080      20646F75 
 1080      626C6500 
 1081              	.LASF63:
 1082 0308 72785374 		.ascii	"rxStatus\000"
 1082      61747573 
 1082      00
 1083              	.LASF1:
 1084 0311 756E7369 		.ascii	"unsigned char\000"
 1084      676E6564 
 1084      20636861 
 1084      7200
 1085              	.LASF64:
 1086 031f 72785269 		.ascii	"rxRingBuf\000"
 1086      6E674275 
 1086      6600
 1087              	.LASF2:
 1088 0329 7369676E 		.ascii	"signed char\000"
 1088      65642063 
 1088      68617200 
 1089              	.LASF44:
 1090 0335 6D617374 		.ascii	"masterBufferSize\000"
 1090      65724275 
 1090      66666572 
 1090      53697A65 
 1090      00
 1091              	.LASF9:
 1092 0346 6C6F6E67 		.ascii	"long long unsigned int\000"
 1092      206C6F6E 
 1092      6720756E 
 1092      7369676E 
 1092      65642069 
 1093              	.LASF12:
 1094 035d 75696E74 		.ascii	"uint32_t\000"
 1094      33325F74 
 1094      00
 1095              	.LASF35:
 1096 0366 63795F63 		.ascii	"cy_cb_scb_i2c_handle_events_t\000"
 1096      625F7363 
 1096      625F6932 
 1096      635F6861 
 1096      6E646C65 
 1097              	.LASF10:
 1098 0384 756E7369 		.ascii	"unsigned int\000"
 1098      676E6564 
 1098      20696E74 
 1098      00
 1099              	.LASF34:
 1100 0391 63795F65 		.ascii	"cy_en_scb_i2c_command_t\000"
 1100      6E5F7363 
 1100      625F6932 
 1100      635F636F 
 1100      6D6D616E 
 1101              	.LASF7:
ARM GAS  C:\Users\codyg\AppData\Local\Temp\ccgTxYUh.s 			page 25


 1102 03a9 6C6F6E67 		.ascii	"long unsigned int\000"
 1102      20756E73 
 1102      69676E65 
 1102      6420696E 
 1102      7400
 1103              	.LASF72:
 1104 03bb 74784275 		.ascii	"txBufSize\000"
 1104      6653697A 
 1104      6500
 1105              	.LASF3:
 1106 03c5 73686F72 		.ascii	"short unsigned int\000"
 1106      7420756E 
 1106      7369676E 
 1106      65642069 
 1106      6E7400
 1107              	.LASF68:
 1108 03d8 72784275 		.ascii	"rxBuf\000"
 1108      6600
 1109              	.LASF36:
 1110 03de 63795F63 		.ascii	"cy_cb_scb_i2c_handle_addr_t\000"
 1110      625F7363 
 1110      625F6932 
 1110      635F6861 
 1110      6E646C65 
 1111              	.LASF56:
 1112 03fa 63624576 		.ascii	"cbEvents\000"
 1112      656E7473 
 1112      00
 1113              	.LASF26:
 1114 0403 6461794F 		.ascii	"dayOfWeek\000"
 1114      66576565 
 1114      6B00
 1115              	.LASF43:
 1116 040d 6D617374 		.ascii	"masterBuffer\000"
 1116      65724275 
 1116      66666572 
 1116      00
 1117              	.LASF27:
 1118 041a 6D6F6E74 		.ascii	"month\000"
 1118      6800
 1119              	.LASF18:
 1120 0420 5F426F6F 		.ascii	"_Bool\000"
 1120      6C00
 1121              	.LASF19:
 1122 0426 43595F52 		.ascii	"CY_RTC_DST_RELATIVE\000"
 1122      54435F44 
 1122      53545F52 
 1122      454C4154 
 1122      49564500 
 1123              	.LASF86:
 1124 043a 43795F53 		.ascii	"Cy_SysEnableCM4\000"
 1124      7973456E 
 1124      61626C65 
 1124      434D3400 
 1125              	.LASF80:
 1126 044a 5254435F 		.ascii	"RTC_dstConfig\000"
 1126      64737443 
ARM GAS  C:\Users\codyg\AppData\Local\Temp\ccgTxYUh.s 			page 26


 1126      6F6E6669 
 1126      6700
 1127              	.LASF33:
 1128 0458 43595F53 		.ascii	"CY_SCB_I2C_NAK\000"
 1128      43425F49 
 1128      32435F4E 
 1128      414B00
 1129              	.LASF17:
 1130 0467 646F7562 		.ascii	"double\000"
 1130      6C6500
 1131              	.LASF47:
 1132 046e 736C6176 		.ascii	"slaveStatus\000"
 1132      65537461 
 1132      74757300 
 1133              	.LASF32:
 1134 047a 43595F53 		.ascii	"CY_SCB_I2C_ACK\000"
 1134      43425F49 
 1134      32435F41 
 1134      434B00
 1135              	.LASF29:
 1136 0489 73746172 		.ascii	"startDst\000"
 1136      74447374 
 1136      00
 1137              	.LASF51:
 1138 0492 736C6176 		.ascii	"slaveTxBufferIdx\000"
 1138      65547842 
 1138      75666665 
 1138      72496478 
 1138      00
 1139              	.LASF20:
 1140 04a3 43595F52 		.ascii	"CY_RTC_DST_FIXED\000"
 1140      54435F44 
 1140      53545F46 
 1140      49584544 
 1140      00
 1141              	.LASF37:
 1142 04b4 75736552 		.ascii	"useRxFifo\000"
 1142      78466966 
 1142      6F00
 1143              	.LASF74:
 1144 04be 696E6974 		.ascii	"initKey\000"
 1144      4B657900 
 1145              	.LASF30:
 1146 04c6 73746F70 		.ascii	"stopDst\000"
 1146      44737400 
 1147              	.LASF75:
 1148 04ce 63795F73 		.ascii	"cy_stc_scb_uart_context_t\000"
 1148      74635F73 
 1148      63625F75 
 1148      6172745F 
 1148      636F6E74 
 1149              	.LASF82:
 1150 04e8 6D61696E 		.ascii	"main_cm0p.c\000"
 1150      5F636D30 
 1150      702E6300 
 1151              	.LASF4:
 1152 04f4 6C6F6E67 		.ascii	"long int\000"
ARM GAS  C:\Users\codyg\AppData\Local\Temp\ccgTxYUh.s 			page 27


 1152      20696E74 
 1152      00
 1153              	.LASF73:
 1154 04fd 74784C65 		.ascii	"txLeftToTransmit\000"
 1154      6674546F 
 1154      5472616E 
 1154      736D6974 
 1154      00
 1155              	.LASF57:
 1156 050e 63624164 		.ascii	"cbAddr\000"
 1156      647200
 1157              	.LASF22:
 1158 0515 666F726D 		.ascii	"format\000"
 1158      617400
 1159              	.LASF48:
 1160 051c 736C6176 		.ascii	"slaveRdBufEmpty\000"
 1160      65526442 
 1160      7566456D 
 1160      70747900 
 1161              	.LASF60:
 1162 052c 63795F73 		.ascii	"cy_stc_scb_i2c_context\000"
 1162      74635F73 
 1162      63625F69 
 1162      32635F63 
 1162      6F6E7465 
 1163              	.LASF49:
 1164 0543 736C6176 		.ascii	"slaveTxBuffer\000"
 1164      65547842 
 1164      75666665 
 1164      7200
 1165              		.ident	"GCC: (GNU Tools for ARM Embedded Processors) 5.4.1 20160609 (release) [ARM/embedded-5-bran
