ARM GAS  C:\Users\codyg\AppData\Local\Temp\ccJiA7UU.s 			page 1


   1              		.syntax unified
   2              		.cpu cortex-m0plus
   3              		.fpu softvfp
   4              		.eabi_attribute 20, 1
   5              		.eabi_attribute 21, 1
   6              		.eabi_attribute 23, 3
   7              		.eabi_attribute 24, 1
   8              		.eabi_attribute 25, 1
   9              		.eabi_attribute 26, 1
  10              		.eabi_attribute 30, 1
  11              		.eabi_attribute 34, 0
  12              		.eabi_attribute 18, 4
  13              		.thumb
  14              		.syntax unified
  15              		.file	"retarget.c"
  16              		.text
  17              	.Ltext0:
  18              		.cfi_sections	.debug_frame
  19              		.syntax divided
  20              		.global _printf_float
  21              		.global _scanf_float
  22              		.thumb
  23              		.syntax unified
  24              		.section	.text._write,"ax",%progbits
  25              		.align	2
  26              		.weak	_write
  27              		.code	16
  28              		.thumb_func
  29              		.type	_write, %function
  30              	_write:
  31              	.LFB553:
  32              		.file 1 "Generated_Source\\PSoC6\\pdl\\utilities\\retarget_io\\retarget.c"
   1:Generated_Source\PSoC6\pdl\utilities\retarget_io/retarget.c **** /***************************************************************************//**
   2:Generated_Source\PSoC6\pdl\utilities\retarget_io/retarget.c **** * \file retarget.c
   3:Generated_Source\PSoC6\pdl\utilities\retarget_io/retarget.c **** * \version 1.10
   4:Generated_Source\PSoC6\pdl\utilities\retarget_io/retarget.c **** *
   5:Generated_Source\PSoC6\pdl\utilities\retarget_io/retarget.c **** * \brief
   6:Generated_Source\PSoC6\pdl\utilities\retarget_io/retarget.c **** * 'Retarget' layer for target-dependent low level function.
   7:Generated_Source\PSoC6\pdl\utilities\retarget_io/retarget.c **** *
   8:Generated_Source\PSoC6\pdl\utilities\retarget_io/retarget.c **** ********************************************************************************
   9:Generated_Source\PSoC6\pdl\utilities\retarget_io/retarget.c **** * \copyright
  10:Generated_Source\PSoC6\pdl\utilities\retarget_io/retarget.c **** * Copyright 2016-2018, Cypress Semiconductor Corporation. All rights reserved.
  11:Generated_Source\PSoC6\pdl\utilities\retarget_io/retarget.c **** * You may use this file only in accordance with the license, terms, conditions,
  12:Generated_Source\PSoC6\pdl\utilities\retarget_io/retarget.c **** * disclaimers, and limitations in the end user license agreement accompanying
  13:Generated_Source\PSoC6\pdl\utilities\retarget_io/retarget.c **** * the software package with which this file was provided.
  14:Generated_Source\PSoC6\pdl\utilities\retarget_io/retarget.c **** *******************************************************************************/
  15:Generated_Source\PSoC6\pdl\utilities\retarget_io/retarget.c **** 
  16:Generated_Source\PSoC6\pdl\utilities\retarget_io/retarget.c **** #include <stdio.h>
  17:Generated_Source\PSoC6\pdl\utilities\retarget_io/retarget.c **** #include "stdio_user.h"
  18:Generated_Source\PSoC6\pdl\utilities\retarget_io/retarget.c **** 
  19:Generated_Source\PSoC6\pdl\utilities\retarget_io/retarget.c **** #if defined(__cplusplus)
  20:Generated_Source\PSoC6\pdl\utilities\retarget_io/retarget.c **** extern "C" {
  21:Generated_Source\PSoC6\pdl\utilities\retarget_io/retarget.c **** #endif
  22:Generated_Source\PSoC6\pdl\utilities\retarget_io/retarget.c **** 
  23:Generated_Source\PSoC6\pdl\utilities\retarget_io/retarget.c **** #ifdef IO_STDOUT_ENABLE
  24:Generated_Source\PSoC6\pdl\utilities\retarget_io/retarget.c **** 
  25:Generated_Source\PSoC6\pdl\utilities\retarget_io/retarget.c **** #if defined(__ARMCC_VERSION) /* ARM-MDK */
ARM GAS  C:\Users\codyg\AppData\Local\Temp\ccJiA7UU.s 			page 2


  26:Generated_Source\PSoC6\pdl\utilities\retarget_io/retarget.c ****     /***************************************************************************
  27:Generated_Source\PSoC6\pdl\utilities\retarget_io/retarget.c ****     * Function Name: fputc
  28:Generated_Source\PSoC6\pdl\utilities\retarget_io/retarget.c ****     ***************************************************************************/
  29:Generated_Source\PSoC6\pdl\utilities\retarget_io/retarget.c ****     __attribute__((weak)) int fputc(int ch, FILE *f)
  30:Generated_Source\PSoC6\pdl\utilities\retarget_io/retarget.c ****     {
  31:Generated_Source\PSoC6\pdl\utilities\retarget_io/retarget.c ****         (void)f;
  32:Generated_Source\PSoC6\pdl\utilities\retarget_io/retarget.c ****     #if (STDOUT_CR_LF != 0)
  33:Generated_Source\PSoC6\pdl\utilities\retarget_io/retarget.c ****         if ((char)ch == '\n')
  34:Generated_Source\PSoC6\pdl\utilities\retarget_io/retarget.c ****         {
  35:Generated_Source\PSoC6\pdl\utilities\retarget_io/retarget.c ****             STDIO_PutChar('\r');
  36:Generated_Source\PSoC6\pdl\utilities\retarget_io/retarget.c ****         }
  37:Generated_Source\PSoC6\pdl\utilities\retarget_io/retarget.c ****     #endif /* STDOUT_CR_LF != 0 */
  38:Generated_Source\PSoC6\pdl\utilities\retarget_io/retarget.c ****         STDIO_PutChar(ch);
  39:Generated_Source\PSoC6\pdl\utilities\retarget_io/retarget.c ****         return (ch);
  40:Generated_Source\PSoC6\pdl\utilities\retarget_io/retarget.c ****     }
  41:Generated_Source\PSoC6\pdl\utilities\retarget_io/retarget.c **** #elif defined (__ICCARM__) /* IAR */
  42:Generated_Source\PSoC6\pdl\utilities\retarget_io/retarget.c ****     #include <yfuns.h>
  43:Generated_Source\PSoC6\pdl\utilities\retarget_io/retarget.c **** 
  44:Generated_Source\PSoC6\pdl\utilities\retarget_io/retarget.c ****     /***************************************************************************
  45:Generated_Source\PSoC6\pdl\utilities\retarget_io/retarget.c ****     * Function Name: __write
  46:Generated_Source\PSoC6\pdl\utilities\retarget_io/retarget.c ****     ***************************************************************************/
  47:Generated_Source\PSoC6\pdl\utilities\retarget_io/retarget.c ****     __weak size_t __write(int handle, const unsigned char * buffer, size_t size)
  48:Generated_Source\PSoC6\pdl\utilities\retarget_io/retarget.c ****     {
  49:Generated_Source\PSoC6\pdl\utilities\retarget_io/retarget.c ****         size_t nChars = 0;
  50:Generated_Source\PSoC6\pdl\utilities\retarget_io/retarget.c ****         /* This template only writes to "standard out", for all other file
  51:Generated_Source\PSoC6\pdl\utilities\retarget_io/retarget.c ****         * handles it returns failure. */
  52:Generated_Source\PSoC6\pdl\utilities\retarget_io/retarget.c ****         if (handle != _LLIO_STDOUT)
  53:Generated_Source\PSoC6\pdl\utilities\retarget_io/retarget.c ****         {
  54:Generated_Source\PSoC6\pdl\utilities\retarget_io/retarget.c ****             return (_LLIO_ERROR);
  55:Generated_Source\PSoC6\pdl\utilities\retarget_io/retarget.c ****         }
  56:Generated_Source\PSoC6\pdl\utilities\retarget_io/retarget.c ****         if (buffer != NULL)
  57:Generated_Source\PSoC6\pdl\utilities\retarget_io/retarget.c ****         {
  58:Generated_Source\PSoC6\pdl\utilities\retarget_io/retarget.c ****             for (/* Empty */; nChars < size; ++nChars)
  59:Generated_Source\PSoC6\pdl\utilities\retarget_io/retarget.c ****             {
  60:Generated_Source\PSoC6\pdl\utilities\retarget_io/retarget.c ****             #if (STDOUT_CR_LF != 0)
  61:Generated_Source\PSoC6\pdl\utilities\retarget_io/retarget.c ****                 if(*buffer == '\n')
  62:Generated_Source\PSoC6\pdl\utilities\retarget_io/retarget.c ****                 {
  63:Generated_Source\PSoC6\pdl\utilities\retarget_io/retarget.c ****                     STDIO_PutChar('\r');
  64:Generated_Source\PSoC6\pdl\utilities\retarget_io/retarget.c ****                 }
  65:Generated_Source\PSoC6\pdl\utilities\retarget_io/retarget.c ****             #endif /* STDOUT_CR_LF != 0 */
  66:Generated_Source\PSoC6\pdl\utilities\retarget_io/retarget.c ****                 STDIO_PutChar(*buffer);
  67:Generated_Source\PSoC6\pdl\utilities\retarget_io/retarget.c ****                 ++buffer;
  68:Generated_Source\PSoC6\pdl\utilities\retarget_io/retarget.c ****             }
  69:Generated_Source\PSoC6\pdl\utilities\retarget_io/retarget.c ****         }
  70:Generated_Source\PSoC6\pdl\utilities\retarget_io/retarget.c ****         return (nChars);
  71:Generated_Source\PSoC6\pdl\utilities\retarget_io/retarget.c ****     }
  72:Generated_Source\PSoC6\pdl\utilities\retarget_io/retarget.c **** #else /* (__GNUC__)  GCC */    
  73:Generated_Source\PSoC6\pdl\utilities\retarget_io/retarget.c ****     /* Add an explicit reference to the floating point printf library to allow
  74:Generated_Source\PSoC6\pdl\utilities\retarget_io/retarget.c ****     the usage of floating point conversion specifier. */
  75:Generated_Source\PSoC6\pdl\utilities\retarget_io/retarget.c ****     __asm (".global _printf_float");
  76:Generated_Source\PSoC6\pdl\utilities\retarget_io/retarget.c ****     /***************************************************************************
  77:Generated_Source\PSoC6\pdl\utilities\retarget_io/retarget.c ****     * Function Name: _write
  78:Generated_Source\PSoC6\pdl\utilities\retarget_io/retarget.c ****     ***************************************************************************/
  79:Generated_Source\PSoC6\pdl\utilities\retarget_io/retarget.c ****     __attribute__((weak)) int _write (int fd, const char *ptr, int len)
  80:Generated_Source\PSoC6\pdl\utilities\retarget_io/retarget.c ****     {
  33              		.loc 1 80 0
  34              		.cfi_startproc
ARM GAS  C:\Users\codyg\AppData\Local\Temp\ccJiA7UU.s 			page 3


  35              		@ args = 0, pretend = 0, frame = 0
  36              		@ frame_needed = 0, uses_anonymous_args = 0
  37              	.LVL0:
  38 0000 70B5     		push	{r4, r5, r6, lr}
  39              		.cfi_def_cfa_offset 16
  40              		.cfi_offset 4, -16
  41              		.cfi_offset 5, -12
  42              		.cfi_offset 6, -8
  43              		.cfi_offset 14, -4
  44 0002 0D00     		movs	r5, r1
  45 0004 1600     		movs	r6, r2
  46              	.LVL1:
  81:Generated_Source\PSoC6\pdl\utilities\retarget_io/retarget.c ****         int nChars = 0;
  82:Generated_Source\PSoC6\pdl\utilities\retarget_io/retarget.c ****         (void)fd;
  83:Generated_Source\PSoC6\pdl\utilities\retarget_io/retarget.c ****         if (ptr != NULL)
  47              		.loc 1 83 0
  48 0006 0029     		cmp	r1, #0
  49 0008 07D1     		bne	.L5
  81:Generated_Source\PSoC6\pdl\utilities\retarget_io/retarget.c ****         int nChars = 0;
  50              		.loc 1 81 0
  51 000a 0024     		movs	r4, #0
  52 000c 08E0     		b	.L3
  53              	.LVL2:
  54              	.L4:
  84:Generated_Source\PSoC6\pdl\utilities\retarget_io/retarget.c ****         {
  85:Generated_Source\PSoC6\pdl\utilities\retarget_io/retarget.c ****             for (/* Empty */; nChars < len; ++nChars)
  86:Generated_Source\PSoC6\pdl\utilities\retarget_io/retarget.c ****             {
  87:Generated_Source\PSoC6\pdl\utilities\retarget_io/retarget.c ****             #if (STDOUT_CR_LF != 0)
  88:Generated_Source\PSoC6\pdl\utilities\retarget_io/retarget.c ****                 if(*ptr == '\n')
  89:Generated_Source\PSoC6\pdl\utilities\retarget_io/retarget.c ****                 {
  90:Generated_Source\PSoC6\pdl\utilities\retarget_io/retarget.c ****                     STDIO_PutChar('\r');
  91:Generated_Source\PSoC6\pdl\utilities\retarget_io/retarget.c ****                 }
  92:Generated_Source\PSoC6\pdl\utilities\retarget_io/retarget.c ****             #endif /* STDOUT_CR_LF != 0 */
  93:Generated_Source\PSoC6\pdl\utilities\retarget_io/retarget.c ****                 STDIO_PutChar((uint32_t)*ptr);
  55              		.loc 1 93 0 discriminator 2
  56 000e 2878     		ldrb	r0, [r5]
  57 0010 FFF7FEFF 		bl	STDIO_PutChar
  58              	.LVL3:
  94:Generated_Source\PSoC6\pdl\utilities\retarget_io/retarget.c ****                 ++ptr;
  59              		.loc 1 94 0 discriminator 2
  60 0014 0135     		adds	r5, r5, #1
  61              	.LVL4:
  85:Generated_Source\PSoC6\pdl\utilities\retarget_io/retarget.c ****             {
  62              		.loc 1 85 0 discriminator 2
  63 0016 0134     		adds	r4, r4, #1
  64              	.LVL5:
  65 0018 00E0     		b	.L2
  66              	.LVL6:
  67              	.L5:
  68 001a 0024     		movs	r4, #0
  69              	.LVL7:
  70              	.L2:
  85:Generated_Source\PSoC6\pdl\utilities\retarget_io/retarget.c ****             {
  71              		.loc 1 85 0 is_stmt 0 discriminator 1
  72 001c B442     		cmp	r4, r6
  73 001e F6DB     		blt	.L4
  74              	.LVL8:
ARM GAS  C:\Users\codyg\AppData\Local\Temp\ccJiA7UU.s 			page 4


  75              	.L3:
  95:Generated_Source\PSoC6\pdl\utilities\retarget_io/retarget.c ****             }
  96:Generated_Source\PSoC6\pdl\utilities\retarget_io/retarget.c ****         }
  97:Generated_Source\PSoC6\pdl\utilities\retarget_io/retarget.c ****         return (nChars);
  98:Generated_Source\PSoC6\pdl\utilities\retarget_io/retarget.c ****     }
  76              		.loc 1 98 0 is_stmt 1
  77 0020 2000     		movs	r0, r4
  78              		@ sp needed
  79              	.LVL9:
  80              	.LVL10:
  81              	.LVL11:
  82 0022 70BD     		pop	{r4, r5, r6, pc}
  83              		.cfi_endproc
  84              	.LFE553:
  85              		.size	_write, .-_write
  86              		.section	.text._read,"ax",%progbits
  87              		.align	2
  88              		.weak	_read
  89              		.code	16
  90              		.thumb_func
  91              		.type	_read, %function
  92              	_read:
  93              	.LFB554:
  99:Generated_Source\PSoC6\pdl\utilities\retarget_io/retarget.c **** #endif
 100:Generated_Source\PSoC6\pdl\utilities\retarget_io/retarget.c **** 
 101:Generated_Source\PSoC6\pdl\utilities\retarget_io/retarget.c **** #endif /* IO_STDOUT_ENABLE */
 102:Generated_Source\PSoC6\pdl\utilities\retarget_io/retarget.c **** 
 103:Generated_Source\PSoC6\pdl\utilities\retarget_io/retarget.c **** #if defined(IO_STDIN_ENABLE)
 104:Generated_Source\PSoC6\pdl\utilities\retarget_io/retarget.c **** 
 105:Generated_Source\PSoC6\pdl\utilities\retarget_io/retarget.c **** #if defined(__ARMCC_VERSION) /* ARM-MDK */
 106:Generated_Source\PSoC6\pdl\utilities\retarget_io/retarget.c ****     /***************************************************************************
 107:Generated_Source\PSoC6\pdl\utilities\retarget_io/retarget.c ****     * Function Name: fgetc
 108:Generated_Source\PSoC6\pdl\utilities\retarget_io/retarget.c ****     ***************************************************************************/
 109:Generated_Source\PSoC6\pdl\utilities\retarget_io/retarget.c ****     __attribute__((weak)) int fgetc(FILE *f) 
 110:Generated_Source\PSoC6\pdl\utilities\retarget_io/retarget.c ****     {
 111:Generated_Source\PSoC6\pdl\utilities\retarget_io/retarget.c ****         (void)f;
 112:Generated_Source\PSoC6\pdl\utilities\retarget_io/retarget.c ****         return (STDIO_GetChar());
 113:Generated_Source\PSoC6\pdl\utilities\retarget_io/retarget.c ****     }
 114:Generated_Source\PSoC6\pdl\utilities\retarget_io/retarget.c **** #elif defined (__ICCARM__) /* IAR */
 115:Generated_Source\PSoC6\pdl\utilities\retarget_io/retarget.c ****     __weak size_t __read(int handle, unsigned char * buffer, size_t size)
 116:Generated_Source\PSoC6\pdl\utilities\retarget_io/retarget.c ****     {
 117:Generated_Source\PSoC6\pdl\utilities\retarget_io/retarget.c ****         /* This template only reads from "standard in", for all other file
 118:Generated_Source\PSoC6\pdl\utilities\retarget_io/retarget.c ****         handles it returns failure. */
 119:Generated_Source\PSoC6\pdl\utilities\retarget_io/retarget.c ****         if ((handle != _LLIO_STDIN) || (buffer == NULL))
 120:Generated_Source\PSoC6\pdl\utilities\retarget_io/retarget.c ****         {
 121:Generated_Source\PSoC6\pdl\utilities\retarget_io/retarget.c ****             return (_LLIO_ERROR);
 122:Generated_Source\PSoC6\pdl\utilities\retarget_io/retarget.c ****         }
 123:Generated_Source\PSoC6\pdl\utilities\retarget_io/retarget.c ****         else
 124:Generated_Source\PSoC6\pdl\utilities\retarget_io/retarget.c ****         {
 125:Generated_Source\PSoC6\pdl\utilities\retarget_io/retarget.c ****             *buffer = STDIO_GetChar();
 126:Generated_Source\PSoC6\pdl\utilities\retarget_io/retarget.c ****             return (1);
 127:Generated_Source\PSoC6\pdl\utilities\retarget_io/retarget.c ****         }
 128:Generated_Source\PSoC6\pdl\utilities\retarget_io/retarget.c ****     }
 129:Generated_Source\PSoC6\pdl\utilities\retarget_io/retarget.c **** #else /* (__GNUC__)  GCC */
 130:Generated_Source\PSoC6\pdl\utilities\retarget_io/retarget.c ****     /* Add an explicit reference to the floating point scanf library to allow
 131:Generated_Source\PSoC6\pdl\utilities\retarget_io/retarget.c ****     the usage of floating point conversion specifier. */
 132:Generated_Source\PSoC6\pdl\utilities\retarget_io/retarget.c ****     __asm (".global _scanf_float");
ARM GAS  C:\Users\codyg\AppData\Local\Temp\ccJiA7UU.s 			page 5


 133:Generated_Source\PSoC6\pdl\utilities\retarget_io/retarget.c ****     __attribute__((weak)) int _read (int fd, char *ptr, int len)
 134:Generated_Source\PSoC6\pdl\utilities\retarget_io/retarget.c ****     {
  94              		.loc 1 134 0
  95              		.cfi_startproc
  96              		@ args = 0, pretend = 0, frame = 0
  97              		@ frame_needed = 0, uses_anonymous_args = 0
  98              	.LVL12:
  99 0000 70B5     		push	{r4, r5, r6, lr}
 100              		.cfi_def_cfa_offset 16
 101              		.cfi_offset 4, -16
 102              		.cfi_offset 5, -12
 103              		.cfi_offset 6, -8
 104              		.cfi_offset 14, -4
 105 0002 0D00     		movs	r5, r1
 106 0004 1600     		movs	r6, r2
 107              	.LVL13:
 135:Generated_Source\PSoC6\pdl\utilities\retarget_io/retarget.c ****         int nChars = 0;
 136:Generated_Source\PSoC6\pdl\utilities\retarget_io/retarget.c ****         (void)fd;
 137:Generated_Source\PSoC6\pdl\utilities\retarget_io/retarget.c ****         if (ptr != NULL)
 108              		.loc 1 137 0
 109 0006 0029     		cmp	r1, #0
 110 0008 0AD1     		bne	.L10
 135:Generated_Source\PSoC6\pdl\utilities\retarget_io/retarget.c ****         int nChars = 0;
 111              		.loc 1 135 0
 112 000a 0024     		movs	r4, #0
 113 000c 0BE0     		b	.L8
 114              	.LVL14:
 115              	.L9:
 138:Generated_Source\PSoC6\pdl\utilities\retarget_io/retarget.c ****         {
 139:Generated_Source\PSoC6\pdl\utilities\retarget_io/retarget.c ****             for(/* Empty */;nChars < len;++ptr)
 140:Generated_Source\PSoC6\pdl\utilities\retarget_io/retarget.c ****             {
 141:Generated_Source\PSoC6\pdl\utilities\retarget_io/retarget.c ****                 *ptr = (char)STDIO_GetChar();
 116              		.loc 1 141 0
 117 000e FFF7FEFF 		bl	STDIO_GetChar
 118              	.LVL15:
 119 0012 C0B2     		uxtb	r0, r0
 120 0014 2870     		strb	r0, [r5]
 142:Generated_Source\PSoC6\pdl\utilities\retarget_io/retarget.c ****                 ++nChars;
 121              		.loc 1 142 0
 122 0016 0134     		adds	r4, r4, #1
 123              	.LVL16:
 143:Generated_Source\PSoC6\pdl\utilities\retarget_io/retarget.c ****                 if(*ptr == '\n')
 124              		.loc 1 143 0
 125 0018 0A28     		cmp	r0, #10
 126 001a 04D0     		beq	.L8
 139:Generated_Source\PSoC6\pdl\utilities\retarget_io/retarget.c ****             {
 127              		.loc 1 139 0
 128 001c 0135     		adds	r5, r5, #1
 129              	.LVL17:
 130 001e 00E0     		b	.L7
 131              	.LVL18:
 132              	.L10:
 133 0020 0024     		movs	r4, #0
 134              	.LVL19:
 135              	.L7:
 139:Generated_Source\PSoC6\pdl\utilities\retarget_io/retarget.c ****             {
 136              		.loc 1 139 0 is_stmt 0 discriminator 1
ARM GAS  C:\Users\codyg\AppData\Local\Temp\ccJiA7UU.s 			page 6


 137 0022 B442     		cmp	r4, r6
 138 0024 F3DB     		blt	.L9
 139              	.LVL20:
 140              	.L8:
 144:Generated_Source\PSoC6\pdl\utilities\retarget_io/retarget.c ****                 {
 145:Generated_Source\PSoC6\pdl\utilities\retarget_io/retarget.c ****                     break;
 146:Generated_Source\PSoC6\pdl\utilities\retarget_io/retarget.c ****                 }
 147:Generated_Source\PSoC6\pdl\utilities\retarget_io/retarget.c ****             }
 148:Generated_Source\PSoC6\pdl\utilities\retarget_io/retarget.c ****         }
 149:Generated_Source\PSoC6\pdl\utilities\retarget_io/retarget.c ****         return (nChars);
 150:Generated_Source\PSoC6\pdl\utilities\retarget_io/retarget.c ****     }
 141              		.loc 1 150 0 is_stmt 1
 142 0026 2000     		movs	r0, r4
 143              		@ sp needed
 144              	.LVL21:
 145              	.LVL22:
 146              	.LVL23:
 147 0028 70BD     		pop	{r4, r5, r6, pc}
 148              		.cfi_endproc
 149              	.LFE554:
 150              		.size	_read, .-_read
 151 002a C046     		.text
 152              	.Letext0:
 153              		.file 2 "c:\\program files (x86)\\cypress\\psoc creator\\4.2\\psoc creator\\import\\gnu\\arm\\5.4.
 154              		.file 3 "c:\\program files (x86)\\cypress\\psoc creator\\4.2\\psoc creator\\import\\gnu\\arm\\5.4.
 155              		.file 4 "Generated_Source\\PSoC6\\pdl\\drivers/peripheral/rtc/cy_rtc.h"
 156              		.file 5 "Generated_Source\\PSoC6\\pdl\\drivers/peripheral/tcpwm/cy_tcpwm_counter.h"
 157              		.file 6 "Generated_Source\\PSoC6\\pdl\\drivers/peripheral/scb/cy_scb_i2c.h"
 158              		.file 7 "Generated_Source\\PSoC6\\pdl\\drivers/peripheral/scb/cy_scb_uart.h"
 159              		.file 8 "Generated_Source\\PSoC6/I2C_1.h"
 160              		.file 9 "Generated_Source\\PSoC6/UART_1.h"
 161              		.file 10 "Generated_Source\\PSoC6/RTC.h"
 162              		.file 11 "Generated_Source\\PSoC6/Counter_ms.h"
 163              		.file 12 "Generated_Source\\PSoC6/Timer_PPG.h"
 164              		.file 13 "Generated_Source\\PSoC6/Timer_IMU.h"
 165              		.file 14 "./stdio_user.h"
 166              		.section	.debug_info,"",%progbits
 167              	.Ldebug_info0:
 168 0000 51060000 		.4byte	0x651
 169 0004 0400     		.2byte	0x4
 170 0006 00000000 		.4byte	.Ldebug_abbrev0
 171 000a 04       		.byte	0x4
 172 000b 01       		.uleb128 0x1
 173 000c 0D010000 		.4byte	.LASF110
 174 0010 0C       		.byte	0xc
 175 0011 A9060000 		.4byte	.LASF111
 176 0015 E0010000 		.4byte	.LASF112
 177 0019 00000000 		.4byte	.Ldebug_ranges0+0
 178 001d 00000000 		.4byte	0
 179 0021 00000000 		.4byte	.Ldebug_line0
 180 0025 02       		.uleb128 0x2
 181 0026 01       		.byte	0x1
 182 0027 06       		.byte	0x6
 183 0028 00040000 		.4byte	.LASF0
 184 002c 03       		.uleb128 0x3
 185 002d 6A030000 		.4byte	.LASF5
 186 0031 02       		.byte	0x2
ARM GAS  C:\Users\codyg\AppData\Local\Temp\ccJiA7UU.s 			page 7


 187 0032 1D       		.byte	0x1d
 188 0033 37000000 		.4byte	0x37
 189 0037 02       		.uleb128 0x2
 190 0038 01       		.byte	0x1
 191 0039 08       		.byte	0x8
 192 003a D1030000 		.4byte	.LASF1
 193 003e 02       		.uleb128 0x2
 194 003f 02       		.byte	0x2
 195 0040 05       		.byte	0x5
 196 0041 C7000000 		.4byte	.LASF2
 197 0045 02       		.uleb128 0x2
 198 0046 02       		.byte	0x2
 199 0047 07       		.byte	0x7
 200 0048 D9040000 		.4byte	.LASF3
 201 004c 02       		.uleb128 0x2
 202 004d 04       		.byte	0x4
 203 004e 05       		.byte	0x5
 204 004f 5E020000 		.4byte	.LASF4
 205 0053 03       		.uleb128 0x3
 206 0054 BF010000 		.4byte	.LASF6
 207 0058 02       		.byte	0x2
 208 0059 41       		.byte	0x41
 209 005a 5E000000 		.4byte	0x5e
 210 005e 02       		.uleb128 0x2
 211 005f 04       		.byte	0x4
 212 0060 07       		.byte	0x7
 213 0061 8D040000 		.4byte	.LASF7
 214 0065 02       		.uleb128 0x2
 215 0066 08       		.byte	0x8
 216 0067 05       		.byte	0x5
 217 0068 EF020000 		.4byte	.LASF8
 218 006c 02       		.uleb128 0x2
 219 006d 08       		.byte	0x8
 220 006e 07       		.byte	0x7
 221 006f 1D040000 		.4byte	.LASF9
 222 0073 04       		.uleb128 0x4
 223 0074 04       		.byte	0x4
 224 0075 05       		.byte	0x5
 225 0076 696E7400 		.ascii	"int\000"
 226 007a 02       		.uleb128 0x2
 227 007b 04       		.byte	0x4
 228 007c 07       		.byte	0x7
 229 007d D2020000 		.4byte	.LASF10
 230 0081 02       		.uleb128 0x2
 231 0082 08       		.byte	0x8
 232 0083 04       		.byte	0x4
 233 0084 AD030000 		.4byte	.LASF11
 234 0088 05       		.uleb128 0x5
 235 0089 04       		.byte	0x4
 236 008a 02       		.uleb128 0x2
 237 008b 04       		.byte	0x4
 238 008c 07       		.byte	0x7
 239 008d DF000000 		.4byte	.LASF12
 240 0091 06       		.uleb128 0x6
 241 0092 04       		.byte	0x4
 242 0093 97000000 		.4byte	0x97
 243 0097 02       		.uleb128 0x2
ARM GAS  C:\Users\codyg\AppData\Local\Temp\ccJiA7UU.s 			page 8


 244 0098 01       		.byte	0x1
 245 0099 08       		.byte	0x8
 246 009a 13030000 		.4byte	.LASF13
 247 009e 06       		.uleb128 0x6
 248 009f 04       		.byte	0x4
 249 00a0 A4000000 		.4byte	0xa4
 250 00a4 07       		.uleb128 0x7
 251 00a5 97000000 		.4byte	0x97
 252 00a9 03       		.uleb128 0x3
 253 00aa 82020000 		.4byte	.LASF14
 254 00ae 03       		.byte	0x3
 255 00af 18       		.byte	0x18
 256 00b0 2C000000 		.4byte	0x2c
 257 00b4 03       		.uleb128 0x3
 258 00b5 34040000 		.4byte	.LASF15
 259 00b9 03       		.byte	0x3
 260 00ba 30       		.byte	0x30
 261 00bb 53000000 		.4byte	0x53
 262 00bf 08       		.uleb128 0x8
 263 00c0 B4000000 		.4byte	0xb4
 264 00c4 02       		.uleb128 0x2
 265 00c5 04       		.byte	0x4
 266 00c6 04       		.byte	0x4
 267 00c7 BC020000 		.4byte	.LASF16
 268 00cb 02       		.uleb128 0x2
 269 00cc 08       		.byte	0x8
 270 00cd 04       		.byte	0x4
 271 00ce 8D050000 		.4byte	.LASF17
 272 00d2 02       		.uleb128 0x2
 273 00d3 01       		.byte	0x1
 274 00d4 02       		.byte	0x2
 275 00d5 34050000 		.4byte	.LASF18
 276 00d9 09       		.uleb128 0x9
 277 00da 01       		.byte	0x1
 278 00db 37000000 		.4byte	0x37
 279 00df 04       		.byte	0x4
 280 00e0 6A01     		.2byte	0x16a
 281 00e2 F3000000 		.4byte	0xf3
 282 00e6 0A       		.uleb128 0xa
 283 00e7 4B050000 		.4byte	.LASF19
 284 00eb 00       		.byte	0
 285 00ec 0A       		.uleb128 0xa
 286 00ed D4050000 		.4byte	.LASF20
 287 00f1 01       		.byte	0x1
 288 00f2 00       		.byte	0
 289 00f3 0B       		.uleb128 0xb
 290 00f4 00000000 		.4byte	.LASF21
 291 00f8 04       		.byte	0x4
 292 00f9 6D01     		.2byte	0x16d
 293 00fb D9000000 		.4byte	0xd9
 294 00ff 0C       		.uleb128 0xc
 295 0100 18       		.byte	0x18
 296 0101 04       		.byte	0x4
 297 0102 CE01     		.2byte	0x1ce
 298 0104 57010000 		.4byte	0x157
 299 0108 0D       		.uleb128 0xd
 300 0109 81060000 		.4byte	.LASF22
ARM GAS  C:\Users\codyg\AppData\Local\Temp\ccJiA7UU.s 			page 9


 301 010d 04       		.byte	0x4
 302 010e D001     		.2byte	0x1d0
 303 0110 F3000000 		.4byte	0xf3
 304 0114 00       		.byte	0
 305 0115 0D       		.uleb128 0xd
 306 0116 A8030000 		.4byte	.LASF23
 307 011a 04       		.byte	0x4
 308 011b D301     		.2byte	0x1d3
 309 011d B4000000 		.4byte	0xb4
 310 0121 04       		.byte	0x4
 311 0122 0D       		.uleb128 0xd
 312 0123 6B000000 		.4byte	.LASF24
 313 0127 04       		.byte	0x4
 314 0128 D501     		.2byte	0x1d5
 315 012a B4000000 		.4byte	0xb4
 316 012e 08       		.byte	0x8
 317 012f 0D       		.uleb128 0xd
 318 0130 67020000 		.4byte	.LASF25
 319 0134 04       		.byte	0x4
 320 0135 D801     		.2byte	0x1d8
 321 0137 B4000000 		.4byte	0xb4
 322 013b 0C       		.byte	0xc
 323 013c 0D       		.uleb128 0xd
 324 013d 17050000 		.4byte	.LASF26
 325 0141 04       		.byte	0x4
 326 0142 DC01     		.2byte	0x1dc
 327 0144 B4000000 		.4byte	0xb4
 328 0148 10       		.byte	0x10
 329 0149 0D       		.uleb128 0xd
 330 014a 2E050000 		.4byte	.LASF27
 331 014e 04       		.byte	0x4
 332 014f E001     		.2byte	0x1e0
 333 0151 B4000000 		.4byte	0xb4
 334 0155 14       		.byte	0x14
 335 0156 00       		.byte	0
 336 0157 0B       		.uleb128 0xb
 337 0158 26020000 		.4byte	.LASF28
 338 015c 04       		.byte	0x4
 339 015d E201     		.2byte	0x1e2
 340 015f FF000000 		.4byte	0xff
 341 0163 0C       		.uleb128 0xc
 342 0164 30       		.byte	0x30
 343 0165 04       		.byte	0x4
 344 0166 E501     		.2byte	0x1e5
 345 0168 87010000 		.4byte	0x187
 346 016c 0D       		.uleb128 0xd
 347 016d AF050000 		.4byte	.LASF29
 348 0171 04       		.byte	0x4
 349 0172 E701     		.2byte	0x1e7
 350 0174 57010000 		.4byte	0x157
 351 0178 00       		.byte	0
 352 0179 0D       		.uleb128 0xd
 353 017a 22060000 		.4byte	.LASF30
 354 017e 04       		.byte	0x4
 355 017f E801     		.2byte	0x1e8
 356 0181 57010000 		.4byte	0x157
 357 0185 18       		.byte	0x18
ARM GAS  C:\Users\codyg\AppData\Local\Temp\ccJiA7UU.s 			page 10


 358 0186 00       		.byte	0
 359 0187 0B       		.uleb128 0xb
 360 0188 76000000 		.4byte	.LASF31
 361 018c 04       		.byte	0x4
 362 018d E901     		.2byte	0x1e9
 363 018f 63010000 		.4byte	0x163
 364 0193 0E       		.uleb128 0xe
 365 0194 B8050000 		.4byte	.LASF57
 366 0198 4C       		.byte	0x4c
 367 0199 05       		.byte	0x5
 368 019a 2B       		.byte	0x2b
 369 019b 84020000 		.4byte	0x284
 370 019f 0F       		.uleb128 0xf
 371 01a0 63030000 		.4byte	.LASF32
 372 01a4 05       		.byte	0x5
 373 01a5 2D       		.byte	0x2d
 374 01a6 B4000000 		.4byte	0xb4
 375 01aa 00       		.byte	0
 376 01ab 0F       		.uleb128 0xf
 377 01ac 36000000 		.4byte	.LASF33
 378 01b0 05       		.byte	0x5
 379 01b1 2F       		.byte	0x2f
 380 01b2 B4000000 		.4byte	0xb4
 381 01b6 04       		.byte	0x4
 382 01b7 0F       		.uleb128 0xf
 383 01b8 0B030000 		.4byte	.LASF34
 384 01bc 05       		.byte	0x5
 385 01bd 30       		.byte	0x30
 386 01be B4000000 		.4byte	0xb4
 387 01c2 08       		.byte	0x8
 388 01c3 0F       		.uleb128 0xf
 389 01c4 9F010000 		.4byte	.LASF35
 390 01c8 05       		.byte	0x5
 391 01c9 31       		.byte	0x31
 392 01ca B4000000 		.4byte	0xb4
 393 01ce 0C       		.byte	0xc
 394 01cf 0F       		.uleb128 0xf
 395 01d0 5B040000 		.4byte	.LASF36
 396 01d4 05       		.byte	0x5
 397 01d5 33       		.byte	0x33
 398 01d6 B4000000 		.4byte	0xb4
 399 01da 10       		.byte	0x10
 400 01db 0F       		.uleb128 0xf
 401 01dc 54000000 		.4byte	.LASF37
 402 01e0 05       		.byte	0x5
 403 01e1 34       		.byte	0x34
 404 01e2 B4000000 		.4byte	0xb4
 405 01e6 14       		.byte	0x14
 406 01e7 0F       		.uleb128 0xf
 407 01e8 6C040000 		.4byte	.LASF38
 408 01ec 05       		.byte	0x5
 409 01ed 35       		.byte	0x35
 410 01ee B4000000 		.4byte	0xb4
 411 01f2 18       		.byte	0x18
 412 01f3 0F       		.uleb128 0xf
 413 01f4 9F040000 		.4byte	.LASF39
 414 01f8 05       		.byte	0x5
ARM GAS  C:\Users\codyg\AppData\Local\Temp\ccJiA7UU.s 			page 11


 415 01f9 36       		.byte	0x36
 416 01fa D2000000 		.4byte	0xd2
 417 01fe 1C       		.byte	0x1c
 418 01ff 0F       		.uleb128 0xf
 419 0200 5F050000 		.4byte	.LASF40
 420 0204 05       		.byte	0x5
 421 0205 38       		.byte	0x38
 422 0206 B4000000 		.4byte	0xb4
 423 020a 20       		.byte	0x20
 424 020b 0F       		.uleb128 0xf
 425 020c 3A050000 		.4byte	.LASF41
 426 0210 05       		.byte	0x5
 427 0211 39       		.byte	0x39
 428 0212 B4000000 		.4byte	0xb4
 429 0216 24       		.byte	0x24
 430 0217 0F       		.uleb128 0xf
 431 0218 CA010000 		.4byte	.LASF42
 432 021c 05       		.byte	0x5
 433 021d 3B       		.byte	0x3b
 434 021e B4000000 		.4byte	0xb4
 435 0222 28       		.byte	0x28
 436 0223 0F       		.uleb128 0xf
 437 0224 DF020000 		.4byte	.LASF43
 438 0228 05       		.byte	0x5
 439 0229 3C       		.byte	0x3c
 440 022a B4000000 		.4byte	0xb4
 441 022e 2C       		.byte	0x2c
 442 022f 0F       		.uleb128 0xf
 443 0230 52060000 		.4byte	.LASF44
 444 0234 05       		.byte	0x5
 445 0235 3E       		.byte	0x3e
 446 0236 B4000000 		.4byte	0xb4
 447 023a 30       		.byte	0x30
 448 023b 0F       		.uleb128 0xf
 449 023c B9030000 		.4byte	.LASF45
 450 0240 05       		.byte	0x5
 451 0241 3F       		.byte	0x3f
 452 0242 B4000000 		.4byte	0xb4
 453 0246 34       		.byte	0x34
 454 0247 0F       		.uleb128 0xf
 455 0248 F7050000 		.4byte	.LASF46
 456 024c 05       		.byte	0x5
 457 024d 41       		.byte	0x41
 458 024e B4000000 		.4byte	0xb4
 459 0252 38       		.byte	0x38
 460 0253 0F       		.uleb128 0xf
 461 0254 0C060000 		.4byte	.LASF47
 462 0258 05       		.byte	0x5
 463 0259 42       		.byte	0x42
 464 025a B4000000 		.4byte	0xb4
 465 025e 3C       		.byte	0x3c
 466 025f 0F       		.uleb128 0xf
 467 0260 3E020000 		.4byte	.LASF48
 468 0264 05       		.byte	0x5
 469 0265 44       		.byte	0x44
 470 0266 B4000000 		.4byte	0xb4
 471 026a 40       		.byte	0x40
ARM GAS  C:\Users\codyg\AppData\Local\Temp\ccJiA7UU.s 			page 12


 472 026b 0F       		.uleb128 0xf
 473 026c 45000000 		.4byte	.LASF49
 474 0270 05       		.byte	0x5
 475 0271 45       		.byte	0x45
 476 0272 B4000000 		.4byte	0xb4
 477 0276 44       		.byte	0x44
 478 0277 0F       		.uleb128 0xf
 479 0278 5E060000 		.4byte	.LASF50
 480 027c 05       		.byte	0x5
 481 027d 47       		.byte	0x47
 482 027e B4000000 		.4byte	0xb4
 483 0282 48       		.byte	0x48
 484 0283 00       		.byte	0
 485 0284 03       		.uleb128 0x3
 486 0285 B1040000 		.4byte	.LASF51
 487 0289 05       		.byte	0x5
 488 028a 48       		.byte	0x48
 489 028b 93010000 		.4byte	0x193
 490 028f 09       		.uleb128 0x9
 491 0290 01       		.byte	0x1
 492 0291 37000000 		.4byte	0x37
 493 0295 06       		.byte	0x6
 494 0296 DE01     		.2byte	0x1de
 495 0298 A9020000 		.4byte	0x2a9
 496 029c 0A       		.uleb128 0xa
 497 029d A0050000 		.4byte	.LASF52
 498 02a1 00       		.byte	0
 499 02a2 0A       		.uleb128 0xa
 500 02a3 7E050000 		.4byte	.LASF53
 501 02a7 01       		.byte	0x1
 502 02a8 00       		.byte	0
 503 02a9 0B       		.uleb128 0xb
 504 02aa 75040000 		.4byte	.LASF54
 505 02ae 06       		.byte	0x6
 506 02af E101     		.2byte	0x1e1
 507 02b1 8F020000 		.4byte	0x28f
 508 02b5 0B       		.uleb128 0xb
 509 02b6 3D040000 		.4byte	.LASF55
 510 02ba 06       		.byte	0x6
 511 02bb F301     		.2byte	0x1f3
 512 02bd C1020000 		.4byte	0x2c1
 513 02c1 06       		.uleb128 0x6
 514 02c2 04       		.byte	0x4
 515 02c3 C7020000 		.4byte	0x2c7
 516 02c7 10       		.uleb128 0x10
 517 02c8 D2020000 		.4byte	0x2d2
 518 02cc 11       		.uleb128 0x11
 519 02cd B4000000 		.4byte	0xb4
 520 02d1 00       		.byte	0
 521 02d2 0B       		.uleb128 0xb
 522 02d3 F2040000 		.4byte	.LASF56
 523 02d7 06       		.byte	0x6
 524 02d8 FE01     		.2byte	0x1fe
 525 02da DE020000 		.4byte	0x2de
 526 02de 06       		.uleb128 0x6
 527 02df 04       		.byte	0x4
 528 02e0 E4020000 		.4byte	0x2e4
ARM GAS  C:\Users\codyg\AppData\Local\Temp\ccJiA7UU.s 			page 13


 529 02e4 12       		.uleb128 0x12
 530 02e5 A9020000 		.4byte	0x2a9
 531 02e9 F3020000 		.4byte	0x2f3
 532 02ed 11       		.uleb128 0x11
 533 02ee B4000000 		.4byte	0xb4
 534 02f2 00       		.byte	0
 535 02f3 13       		.uleb128 0x13
 536 02f4 E5060000 		.4byte	.LASF58
 537 02f8 4C       		.byte	0x4c
 538 02f9 06       		.byte	0x6
 539 02fa 6502     		.2byte	0x265
 540 02fc 12040000 		.4byte	0x412
 541 0300 0D       		.uleb128 0xd
 542 0301 02060000 		.4byte	.LASF59
 543 0305 06       		.byte	0x6
 544 0306 6802     		.2byte	0x268
 545 0308 D2000000 		.4byte	0xd2
 546 030c 00       		.byte	0
 547 030d 0D       		.uleb128 0xd
 548 030e C2020000 		.4byte	.LASF60
 549 0312 06       		.byte	0x6
 550 0313 6902     		.2byte	0x269
 551 0315 D2000000 		.4byte	0xd2
 552 0319 01       		.byte	0x1
 553 031a 0D       		.uleb128 0xd
 554 031b A2000000 		.4byte	.LASF61
 555 031f 06       		.byte	0x6
 556 0320 6B02     		.2byte	0x26b
 557 0322 BF000000 		.4byte	0xbf
 558 0326 04       		.byte	0x4
 559 0327 0D       		.uleb128 0xd
 560 0328 E8000000 		.4byte	.LASF62
 561 032c 06       		.byte	0x6
 562 032d 6D02     		.2byte	0x26d
 563 032f BF000000 		.4byte	0xbf
 564 0333 08       		.byte	0x8
 565 0334 0D       		.uleb128 0xd
 566 0335 A2020000 		.4byte	.LASF63
 567 0339 06       		.byte	0x6
 568 033a 6E02     		.2byte	0x26e
 569 033c D2000000 		.4byte	0xd2
 570 0340 0C       		.byte	0xc
 571 0341 0D       		.uleb128 0xd
 572 0342 49030000 		.4byte	.LASF64
 573 0346 06       		.byte	0x6
 574 0347 6F02     		.2byte	0x26f
 575 0349 D2000000 		.4byte	0xd2
 576 034d 0D       		.byte	0xd
 577 034e 0D       		.uleb128 0xd
 578 034f 21050000 		.4byte	.LASF65
 579 0353 06       		.byte	0x6
 580 0354 7102     		.2byte	0x271
 581 0356 12040000 		.4byte	0x412
 582 035a 10       		.byte	0x10
 583 035b 0D       		.uleb128 0xd
 584 035c 0C040000 		.4byte	.LASF66
 585 0360 06       		.byte	0x6
ARM GAS  C:\Users\codyg\AppData\Local\Temp\ccJiA7UU.s 			page 14


 586 0361 7202     		.2byte	0x272
 587 0363 B4000000 		.4byte	0xb4
 588 0367 14       		.byte	0x14
 589 0368 0D       		.uleb128 0xd
 590 0369 26000000 		.4byte	.LASF67
 591 036d 06       		.byte	0x6
 592 036e 7302     		.2byte	0x273
 593 0370 BF000000 		.4byte	0xbf
 594 0374 18       		.byte	0x18
 595 0375 0D       		.uleb128 0xd
 596 0376 17000000 		.4byte	.LASF68
 597 037a 06       		.byte	0x6
 598 037b 7402     		.2byte	0x274
 599 037d BF000000 		.4byte	0xbf
 600 0381 1C       		.byte	0x1c
 601 0382 0D       		.uleb128 0xd
 602 0383 94050000 		.4byte	.LASF69
 603 0387 06       		.byte	0x6
 604 0388 7602     		.2byte	0x276
 605 038a BF000000 		.4byte	0xbf
 606 038e 20       		.byte	0x20
 607 038f 0D       		.uleb128 0xd
 608 0390 88060000 		.4byte	.LASF70
 609 0394 06       		.byte	0x6
 610 0395 7702     		.2byte	0x277
 611 0397 18040000 		.4byte	0x418
 612 039b 24       		.byte	0x24
 613 039c 0D       		.uleb128 0xd
 614 039d FC060000 		.4byte	.LASF71
 615 03a1 06       		.byte	0x6
 616 03a2 7902     		.2byte	0x279
 617 03a4 12040000 		.4byte	0x412
 618 03a8 28       		.byte	0x28
 619 03a9 0D       		.uleb128 0xd
 620 03aa 7D030000 		.4byte	.LASF72
 621 03ae 06       		.byte	0x6
 622 03af 7A02     		.2byte	0x27a
 623 03b1 B4000000 		.4byte	0xb4
 624 03b5 2C       		.byte	0x2c
 625 03b6 0D       		.uleb128 0xd
 626 03b7 EF030000 		.4byte	.LASF73
 627 03bb 06       		.byte	0x6
 628 03bc 7B02     		.2byte	0x27b
 629 03be BF000000 		.4byte	0xbf
 630 03c2 30       		.byte	0x30
 631 03c3 0D       		.uleb128 0xd
 632 03c4 AE010000 		.4byte	.LASF74
 633 03c8 06       		.byte	0x6
 634 03c9 7C02     		.2byte	0x27c
 635 03cb BF000000 		.4byte	0xbf
 636 03cf 34       		.byte	0x34
 637 03d0 0D       		.uleb128 0xd
 638 03d1 5D000000 		.4byte	.LASF75
 639 03d5 06       		.byte	0x6
 640 03d6 7E02     		.2byte	0x27e
 641 03d8 12040000 		.4byte	0x412
 642 03dc 38       		.byte	0x38
ARM GAS  C:\Users\codyg\AppData\Local\Temp\ccJiA7UU.s 			page 15


 643 03dd 0D       		.uleb128 0xd
 644 03de 29030000 		.4byte	.LASF76
 645 03e2 06       		.byte	0x6
 646 03e3 7F02     		.2byte	0x27f
 647 03e5 B4000000 		.4byte	0xb4
 648 03e9 3C       		.byte	0x3c
 649 03ea 0D       		.uleb128 0xd
 650 03eb 8A020000 		.4byte	.LASF77
 651 03ef 06       		.byte	0x6
 652 03f0 8002     		.2byte	0x280
 653 03f2 BF000000 		.4byte	0xbf
 654 03f6 40       		.byte	0x40
 655 03f7 0D       		.uleb128 0xd
 656 03f8 0E050000 		.4byte	.LASF78
 657 03fc 06       		.byte	0x6
 658 03fd 8602     		.2byte	0x286
 659 03ff B5020000 		.4byte	0x2b5
 660 0403 44       		.byte	0x44
 661 0404 0D       		.uleb128 0xd
 662 0405 7A060000 		.4byte	.LASF79
 663 0409 06       		.byte	0x6
 664 040a 8D02     		.2byte	0x28d
 665 040c D2020000 		.4byte	0x2d2
 666 0410 48       		.byte	0x48
 667 0411 00       		.byte	0
 668 0412 06       		.uleb128 0x6
 669 0413 04       		.byte	0x4
 670 0414 A9000000 		.4byte	0xa9
 671 0418 08       		.uleb128 0x8
 672 0419 D2000000 		.4byte	0xd2
 673 041d 0B       		.uleb128 0xb
 674 041e 8F030000 		.4byte	.LASF80
 675 0422 06       		.byte	0x6
 676 0423 9002     		.2byte	0x290
 677 0425 F3020000 		.4byte	0x2f3
 678 0429 0B       		.uleb128 0xb
 679 042a A8000000 		.4byte	.LASF81
 680 042e 07       		.byte	0x7
 681 042f AB01     		.2byte	0x1ab
 682 0431 C1020000 		.4byte	0x2c1
 683 0435 13       		.uleb128 0x13
 684 0436 F5000000 		.4byte	.LASF82
 685 043a 38       		.byte	0x38
 686 043b 07       		.byte	0x7
 687 043c 4702     		.2byte	0x247
 688 043e F9040000 		.4byte	0x4f9
 689 0442 0D       		.uleb128 0xd
 690 0443 D7010000 		.4byte	.LASF83
 691 0447 07       		.byte	0x7
 692 0448 4A02     		.2byte	0x24a
 693 044a BF000000 		.4byte	0xbf
 694 044e 00       		.byte	0
 695 044f 0D       		.uleb128 0xd
 696 0450 C8030000 		.4byte	.LASF84
 697 0454 07       		.byte	0x7
 698 0455 4B02     		.2byte	0x24b
 699 0457 BF000000 		.4byte	0xbf
ARM GAS  C:\Users\codyg\AppData\Local\Temp\ccJiA7UU.s 			page 16


 700 045b 04       		.byte	0x4
 701 045c 0D       		.uleb128 0xd
 702 045d DF030000 		.4byte	.LASF85
 703 0461 07       		.byte	0x7
 704 0462 4D02     		.2byte	0x24d
 705 0464 88000000 		.4byte	0x88
 706 0468 08       		.byte	0x8
 707 0469 0D       		.uleb128 0xd
 708 046a 3B030000 		.4byte	.LASF86
 709 046e 07       		.byte	0x7
 710 046f 4E02     		.2byte	0x24e
 711 0471 B4000000 		.4byte	0xb4
 712 0475 0C       		.byte	0xc
 713 0476 0D       		.uleb128 0xd
 714 0477 AE020000 		.4byte	.LASF87
 715 047b 07       		.byte	0x7
 716 047c 4F02     		.2byte	0x24f
 717 047e BF000000 		.4byte	0xbf
 718 0482 10       		.byte	0x10
 719 0483 0D       		.uleb128 0xd
 720 0484 44060000 		.4byte	.LASF88
 721 0488 07       		.byte	0x7
 722 0489 5002     		.2byte	0x250
 723 048b BF000000 		.4byte	0xbf
 724 048f 14       		.byte	0x14
 725 0490 0D       		.uleb128 0xd
 726 0491 EC040000 		.4byte	.LASF89
 727 0495 07       		.byte	0x7
 728 0496 5202     		.2byte	0x252
 729 0498 88000000 		.4byte	0x88
 730 049c 18       		.byte	0x18
 731 049d 0D       		.uleb128 0xd
 732 049e 98000000 		.4byte	.LASF90
 733 04a2 07       		.byte	0x7
 734 04a3 5302     		.2byte	0x253
 735 04a5 B4000000 		.4byte	0xb4
 736 04a9 1C       		.byte	0x1c
 737 04aa 0D       		.uleb128 0xd
 738 04ab 74030000 		.4byte	.LASF91
 739 04af 07       		.byte	0x7
 740 04b0 5402     		.2byte	0x254
 741 04b2 BF000000 		.4byte	0xbf
 742 04b6 20       		.byte	0x20
 743 04b7 0D       		.uleb128 0xd
 744 04b8 CC020000 		.4byte	.LASF92
 745 04bc 07       		.byte	0x7
 746 04bd 5602     		.2byte	0x256
 747 04bf 88000000 		.4byte	0x88
 748 04c3 24       		.byte	0x24
 749 04c4 0D       		.uleb128 0xd
 750 04c5 CF040000 		.4byte	.LASF93
 751 04c9 07       		.byte	0x7
 752 04ca 5702     		.2byte	0x257
 753 04cc B4000000 		.4byte	0xb4
 754 04d0 28       		.byte	0x28
 755 04d1 0D       		.uleb128 0xd
 756 04d2 69060000 		.4byte	.LASF94
ARM GAS  C:\Users\codyg\AppData\Local\Temp\ccJiA7UU.s 			page 17


 757 04d6 07       		.byte	0x7
 758 04d7 5802     		.2byte	0x258
 759 04d9 BF000000 		.4byte	0xbf
 760 04dd 2C       		.byte	0x2c
 761 04de 0D       		.uleb128 0xd
 762 04df 0E050000 		.4byte	.LASF78
 763 04e3 07       		.byte	0x7
 764 04e4 5D02     		.2byte	0x25d
 765 04e6 29040000 		.4byte	0x429
 766 04ea 30       		.byte	0x30
 767 04eb 0D       		.uleb128 0xd
 768 04ec 1A060000 		.4byte	.LASF95
 769 04f0 07       		.byte	0x7
 770 04f1 6002     		.2byte	0x260
 771 04f3 B4000000 		.4byte	0xb4
 772 04f7 34       		.byte	0x34
 773 04f8 00       		.byte	0
 774 04f9 0B       		.uleb128 0xb
 775 04fa 2A060000 		.4byte	.LASF96
 776 04fe 07       		.byte	0x7
 777 04ff 6302     		.2byte	0x263
 778 0501 35040000 		.4byte	0x435
 779 0505 14       		.uleb128 0x14
 780 0506 9B020000 		.4byte	.LASF97
 781 050a 01       		.byte	0x1
 782 050b 4F       		.byte	0x4f
 783 050c 73000000 		.4byte	0x73
 784 0510 00000000 		.4byte	.LFB553
 785 0514 24000000 		.4byte	.LFE553-.LFB553
 786 0518 01       		.uleb128 0x1
 787 0519 9C       		.byte	0x9c
 788 051a 63050000 		.4byte	0x563
 789 051e 15       		.uleb128 0x15
 790 051f 666400   		.ascii	"fd\000"
 791 0522 01       		.byte	0x1
 792 0523 4F       		.byte	0x4f
 793 0524 73000000 		.4byte	0x73
 794 0528 00000000 		.4byte	.LLST0
 795 052c 15       		.uleb128 0x15
 796 052d 70747200 		.ascii	"ptr\000"
 797 0531 01       		.byte	0x1
 798 0532 4F       		.byte	0x4f
 799 0533 9E000000 		.4byte	0x9e
 800 0537 3A000000 		.4byte	.LLST1
 801 053b 15       		.uleb128 0x15
 802 053c 6C656E00 		.ascii	"len\000"
 803 0540 01       		.byte	0x1
 804 0541 4F       		.byte	0x4f
 805 0542 73000000 		.4byte	0x73
 806 0546 6E000000 		.4byte	.LLST2
 807 054a 16       		.uleb128 0x16
 808 054b 1F020000 		.4byte	.LASF99
 809 054f 01       		.byte	0x1
 810 0550 51       		.byte	0x51
 811 0551 73000000 		.4byte	0x73
 812 0555 B0000000 		.4byte	.LLST3
 813 0559 17       		.uleb128 0x17
ARM GAS  C:\Users\codyg\AppData\Local\Temp\ccJiA7UU.s 			page 18


 814 055a 14000000 		.4byte	.LVL3
 815 055e 3E060000 		.4byte	0x63e
 816 0562 00       		.byte	0
 817 0563 14       		.uleb128 0x14
 818 0564 E9030000 		.4byte	.LASF98
 819 0568 01       		.byte	0x1
 820 0569 85       		.byte	0x85
 821 056a 73000000 		.4byte	0x73
 822 056e 00000000 		.4byte	.LFB554
 823 0572 2A000000 		.4byte	.LFE554-.LFB554
 824 0576 01       		.uleb128 0x1
 825 0577 9C       		.byte	0x9c
 826 0578 C1050000 		.4byte	0x5c1
 827 057c 15       		.uleb128 0x15
 828 057d 666400   		.ascii	"fd\000"
 829 0580 01       		.byte	0x1
 830 0581 85       		.byte	0x85
 831 0582 73000000 		.4byte	0x73
 832 0586 F1000000 		.4byte	.LLST4
 833 058a 15       		.uleb128 0x15
 834 058b 70747200 		.ascii	"ptr\000"
 835 058f 01       		.byte	0x1
 836 0590 85       		.byte	0x85
 837 0591 91000000 		.4byte	0x91
 838 0595 2B010000 		.4byte	.LLST5
 839 0599 15       		.uleb128 0x15
 840 059a 6C656E00 		.ascii	"len\000"
 841 059e 01       		.byte	0x1
 842 059f 85       		.byte	0x85
 843 05a0 73000000 		.4byte	0x73
 844 05a4 5F010000 		.4byte	.LLST6
 845 05a8 16       		.uleb128 0x16
 846 05a9 1F020000 		.4byte	.LASF99
 847 05ad 01       		.byte	0x1
 848 05ae 87       		.byte	0x87
 849 05af 73000000 		.4byte	0x73
 850 05b3 A1010000 		.4byte	.LLST7
 851 05b7 17       		.uleb128 0x17
 852 05b8 12000000 		.4byte	.LVL15
 853 05bc 49060000 		.4byte	0x649
 854 05c0 00       		.byte	0
 855 05c1 18       		.uleb128 0x18
 856 05c2 D1050000 		.4byte	0x5d1
 857 05c6 D1050000 		.4byte	0x5d1
 858 05ca 19       		.uleb128 0x19
 859 05cb 8A000000 		.4byte	0x8a
 860 05cf 0B       		.byte	0xb
 861 05d0 00       		.byte	0
 862 05d1 07       		.uleb128 0x7
 863 05d2 A9000000 		.4byte	0xa9
 864 05d6 1A       		.uleb128 0x1a
 865 05d7 48020000 		.4byte	.LASF100
 866 05db 04       		.byte	0x4
 867 05dc FC02     		.2byte	0x2fc
 868 05de E2050000 		.4byte	0x5e2
 869 05e2 07       		.uleb128 0x7
 870 05e3 C1050000 		.4byte	0x5c1
ARM GAS  C:\Users\codyg\AppData\Local\Temp\ccJiA7UU.s 			page 19


 871 05e7 1B       		.uleb128 0x1b
 872 05e8 FD020000 		.4byte	.LASF101
 873 05ec 08       		.byte	0x8
 874 05ed 7F       		.byte	0x7f
 875 05ee 1D040000 		.4byte	0x41d
 876 05f2 1B       		.uleb128 0x1b
 877 05f3 73020000 		.4byte	.LASF102
 878 05f7 09       		.byte	0x9
 879 05f8 87       		.byte	0x87
 880 05f9 F9040000 		.4byte	0x4f9
 881 05fd 1B       		.uleb128 0x1b
 882 05fe 18030000 		.4byte	.LASF103
 883 0602 0A       		.byte	0xa
 884 0603 7C       		.byte	0x7c
 885 0604 D2000000 		.4byte	0xd2
 886 0608 1B       		.uleb128 0x1b
 887 0609 70050000 		.4byte	.LASF104
 888 060d 0A       		.byte	0xa
 889 060e 7D       		.byte	0x7d
 890 060f 13060000 		.4byte	0x613
 891 0613 07       		.uleb128 0x7
 892 0614 87010000 		.4byte	0x187
 893 0618 1B       		.uleb128 0x1b
 894 0619 E5050000 		.4byte	.LASF105
 895 061d 0B       		.byte	0xb
 896 061e 1F       		.byte	0x1f
 897 061f 23060000 		.4byte	0x623
 898 0623 07       		.uleb128 0x7
 899 0624 84020000 		.4byte	0x284
 900 0628 1B       		.uleb128 0x1b
 901 0629 87000000 		.4byte	.LASF106
 902 062d 0C       		.byte	0xc
 903 062e 1F       		.byte	0x1f
 904 062f 23060000 		.4byte	0x623
 905 0633 1B       		.uleb128 0x1b
 906 0634 98060000 		.4byte	.LASF107
 907 0638 0D       		.byte	0xd
 908 0639 1F       		.byte	0x1f
 909 063a 23060000 		.4byte	0x623
 910 063e 1C       		.uleb128 0x1c
 911 063f 55030000 		.4byte	.LASF108
 912 0643 55030000 		.4byte	.LASF108
 913 0647 0E       		.byte	0xe
 914 0648 AE       		.byte	0xae
 915 0649 1C       		.uleb128 0x1c
 916 064a D1000000 		.4byte	.LASF109
 917 064e D1000000 		.4byte	.LASF109
 918 0652 0E       		.byte	0xe
 919 0653 B2       		.byte	0xb2
 920 0654 00       		.byte	0
 921              		.section	.debug_abbrev,"",%progbits
 922              	.Ldebug_abbrev0:
 923 0000 01       		.uleb128 0x1
 924 0001 11       		.uleb128 0x11
 925 0002 01       		.byte	0x1
 926 0003 25       		.uleb128 0x25
 927 0004 0E       		.uleb128 0xe
ARM GAS  C:\Users\codyg\AppData\Local\Temp\ccJiA7UU.s 			page 20


 928 0005 13       		.uleb128 0x13
 929 0006 0B       		.uleb128 0xb
 930 0007 03       		.uleb128 0x3
 931 0008 0E       		.uleb128 0xe
 932 0009 1B       		.uleb128 0x1b
 933 000a 0E       		.uleb128 0xe
 934 000b 55       		.uleb128 0x55
 935 000c 17       		.uleb128 0x17
 936 000d 11       		.uleb128 0x11
 937 000e 01       		.uleb128 0x1
 938 000f 10       		.uleb128 0x10
 939 0010 17       		.uleb128 0x17
 940 0011 00       		.byte	0
 941 0012 00       		.byte	0
 942 0013 02       		.uleb128 0x2
 943 0014 24       		.uleb128 0x24
 944 0015 00       		.byte	0
 945 0016 0B       		.uleb128 0xb
 946 0017 0B       		.uleb128 0xb
 947 0018 3E       		.uleb128 0x3e
 948 0019 0B       		.uleb128 0xb
 949 001a 03       		.uleb128 0x3
 950 001b 0E       		.uleb128 0xe
 951 001c 00       		.byte	0
 952 001d 00       		.byte	0
 953 001e 03       		.uleb128 0x3
 954 001f 16       		.uleb128 0x16
 955 0020 00       		.byte	0
 956 0021 03       		.uleb128 0x3
 957 0022 0E       		.uleb128 0xe
 958 0023 3A       		.uleb128 0x3a
 959 0024 0B       		.uleb128 0xb
 960 0025 3B       		.uleb128 0x3b
 961 0026 0B       		.uleb128 0xb
 962 0027 49       		.uleb128 0x49
 963 0028 13       		.uleb128 0x13
 964 0029 00       		.byte	0
 965 002a 00       		.byte	0
 966 002b 04       		.uleb128 0x4
 967 002c 24       		.uleb128 0x24
 968 002d 00       		.byte	0
 969 002e 0B       		.uleb128 0xb
 970 002f 0B       		.uleb128 0xb
 971 0030 3E       		.uleb128 0x3e
 972 0031 0B       		.uleb128 0xb
 973 0032 03       		.uleb128 0x3
 974 0033 08       		.uleb128 0x8
 975 0034 00       		.byte	0
 976 0035 00       		.byte	0
 977 0036 05       		.uleb128 0x5
 978 0037 0F       		.uleb128 0xf
 979 0038 00       		.byte	0
 980 0039 0B       		.uleb128 0xb
 981 003a 0B       		.uleb128 0xb
 982 003b 00       		.byte	0
 983 003c 00       		.byte	0
 984 003d 06       		.uleb128 0x6
ARM GAS  C:\Users\codyg\AppData\Local\Temp\ccJiA7UU.s 			page 21


 985 003e 0F       		.uleb128 0xf
 986 003f 00       		.byte	0
 987 0040 0B       		.uleb128 0xb
 988 0041 0B       		.uleb128 0xb
 989 0042 49       		.uleb128 0x49
 990 0043 13       		.uleb128 0x13
 991 0044 00       		.byte	0
 992 0045 00       		.byte	0
 993 0046 07       		.uleb128 0x7
 994 0047 26       		.uleb128 0x26
 995 0048 00       		.byte	0
 996 0049 49       		.uleb128 0x49
 997 004a 13       		.uleb128 0x13
 998 004b 00       		.byte	0
 999 004c 00       		.byte	0
 1000 004d 08       		.uleb128 0x8
 1001 004e 35       		.uleb128 0x35
 1002 004f 00       		.byte	0
 1003 0050 49       		.uleb128 0x49
 1004 0051 13       		.uleb128 0x13
 1005 0052 00       		.byte	0
 1006 0053 00       		.byte	0
 1007 0054 09       		.uleb128 0x9
 1008 0055 04       		.uleb128 0x4
 1009 0056 01       		.byte	0x1
 1010 0057 0B       		.uleb128 0xb
 1011 0058 0B       		.uleb128 0xb
 1012 0059 49       		.uleb128 0x49
 1013 005a 13       		.uleb128 0x13
 1014 005b 3A       		.uleb128 0x3a
 1015 005c 0B       		.uleb128 0xb
 1016 005d 3B       		.uleb128 0x3b
 1017 005e 05       		.uleb128 0x5
 1018 005f 01       		.uleb128 0x1
 1019 0060 13       		.uleb128 0x13
 1020 0061 00       		.byte	0
 1021 0062 00       		.byte	0
 1022 0063 0A       		.uleb128 0xa
 1023 0064 28       		.uleb128 0x28
 1024 0065 00       		.byte	0
 1025 0066 03       		.uleb128 0x3
 1026 0067 0E       		.uleb128 0xe
 1027 0068 1C       		.uleb128 0x1c
 1028 0069 0B       		.uleb128 0xb
 1029 006a 00       		.byte	0
 1030 006b 00       		.byte	0
 1031 006c 0B       		.uleb128 0xb
 1032 006d 16       		.uleb128 0x16
 1033 006e 00       		.byte	0
 1034 006f 03       		.uleb128 0x3
 1035 0070 0E       		.uleb128 0xe
 1036 0071 3A       		.uleb128 0x3a
 1037 0072 0B       		.uleb128 0xb
 1038 0073 3B       		.uleb128 0x3b
 1039 0074 05       		.uleb128 0x5
 1040 0075 49       		.uleb128 0x49
 1041 0076 13       		.uleb128 0x13
ARM GAS  C:\Users\codyg\AppData\Local\Temp\ccJiA7UU.s 			page 22


 1042 0077 00       		.byte	0
 1043 0078 00       		.byte	0
 1044 0079 0C       		.uleb128 0xc
 1045 007a 13       		.uleb128 0x13
 1046 007b 01       		.byte	0x1
 1047 007c 0B       		.uleb128 0xb
 1048 007d 0B       		.uleb128 0xb
 1049 007e 3A       		.uleb128 0x3a
 1050 007f 0B       		.uleb128 0xb
 1051 0080 3B       		.uleb128 0x3b
 1052 0081 05       		.uleb128 0x5
 1053 0082 01       		.uleb128 0x1
 1054 0083 13       		.uleb128 0x13
 1055 0084 00       		.byte	0
 1056 0085 00       		.byte	0
 1057 0086 0D       		.uleb128 0xd
 1058 0087 0D       		.uleb128 0xd
 1059 0088 00       		.byte	0
 1060 0089 03       		.uleb128 0x3
 1061 008a 0E       		.uleb128 0xe
 1062 008b 3A       		.uleb128 0x3a
 1063 008c 0B       		.uleb128 0xb
 1064 008d 3B       		.uleb128 0x3b
 1065 008e 05       		.uleb128 0x5
 1066 008f 49       		.uleb128 0x49
 1067 0090 13       		.uleb128 0x13
 1068 0091 38       		.uleb128 0x38
 1069 0092 0B       		.uleb128 0xb
 1070 0093 00       		.byte	0
 1071 0094 00       		.byte	0
 1072 0095 0E       		.uleb128 0xe
 1073 0096 13       		.uleb128 0x13
 1074 0097 01       		.byte	0x1
 1075 0098 03       		.uleb128 0x3
 1076 0099 0E       		.uleb128 0xe
 1077 009a 0B       		.uleb128 0xb
 1078 009b 0B       		.uleb128 0xb
 1079 009c 3A       		.uleb128 0x3a
 1080 009d 0B       		.uleb128 0xb
 1081 009e 3B       		.uleb128 0x3b
 1082 009f 0B       		.uleb128 0xb
 1083 00a0 01       		.uleb128 0x1
 1084 00a1 13       		.uleb128 0x13
 1085 00a2 00       		.byte	0
 1086 00a3 00       		.byte	0
 1087 00a4 0F       		.uleb128 0xf
 1088 00a5 0D       		.uleb128 0xd
 1089 00a6 00       		.byte	0
 1090 00a7 03       		.uleb128 0x3
 1091 00a8 0E       		.uleb128 0xe
 1092 00a9 3A       		.uleb128 0x3a
 1093 00aa 0B       		.uleb128 0xb
 1094 00ab 3B       		.uleb128 0x3b
 1095 00ac 0B       		.uleb128 0xb
 1096 00ad 49       		.uleb128 0x49
 1097 00ae 13       		.uleb128 0x13
 1098 00af 38       		.uleb128 0x38
ARM GAS  C:\Users\codyg\AppData\Local\Temp\ccJiA7UU.s 			page 23


 1099 00b0 0B       		.uleb128 0xb
 1100 00b1 00       		.byte	0
 1101 00b2 00       		.byte	0
 1102 00b3 10       		.uleb128 0x10
 1103 00b4 15       		.uleb128 0x15
 1104 00b5 01       		.byte	0x1
 1105 00b6 27       		.uleb128 0x27
 1106 00b7 19       		.uleb128 0x19
 1107 00b8 01       		.uleb128 0x1
 1108 00b9 13       		.uleb128 0x13
 1109 00ba 00       		.byte	0
 1110 00bb 00       		.byte	0
 1111 00bc 11       		.uleb128 0x11
 1112 00bd 05       		.uleb128 0x5
 1113 00be 00       		.byte	0
 1114 00bf 49       		.uleb128 0x49
 1115 00c0 13       		.uleb128 0x13
 1116 00c1 00       		.byte	0
 1117 00c2 00       		.byte	0
 1118 00c3 12       		.uleb128 0x12
 1119 00c4 15       		.uleb128 0x15
 1120 00c5 01       		.byte	0x1
 1121 00c6 27       		.uleb128 0x27
 1122 00c7 19       		.uleb128 0x19
 1123 00c8 49       		.uleb128 0x49
 1124 00c9 13       		.uleb128 0x13
 1125 00ca 01       		.uleb128 0x1
 1126 00cb 13       		.uleb128 0x13
 1127 00cc 00       		.byte	0
 1128 00cd 00       		.byte	0
 1129 00ce 13       		.uleb128 0x13
 1130 00cf 13       		.uleb128 0x13
 1131 00d0 01       		.byte	0x1
 1132 00d1 03       		.uleb128 0x3
 1133 00d2 0E       		.uleb128 0xe
 1134 00d3 0B       		.uleb128 0xb
 1135 00d4 0B       		.uleb128 0xb
 1136 00d5 3A       		.uleb128 0x3a
 1137 00d6 0B       		.uleb128 0xb
 1138 00d7 3B       		.uleb128 0x3b
 1139 00d8 05       		.uleb128 0x5
 1140 00d9 01       		.uleb128 0x1
 1141 00da 13       		.uleb128 0x13
 1142 00db 00       		.byte	0
 1143 00dc 00       		.byte	0
 1144 00dd 14       		.uleb128 0x14
 1145 00de 2E       		.uleb128 0x2e
 1146 00df 01       		.byte	0x1
 1147 00e0 3F       		.uleb128 0x3f
 1148 00e1 19       		.uleb128 0x19
 1149 00e2 03       		.uleb128 0x3
 1150 00e3 0E       		.uleb128 0xe
 1151 00e4 3A       		.uleb128 0x3a
 1152 00e5 0B       		.uleb128 0xb
 1153 00e6 3B       		.uleb128 0x3b
 1154 00e7 0B       		.uleb128 0xb
 1155 00e8 27       		.uleb128 0x27
ARM GAS  C:\Users\codyg\AppData\Local\Temp\ccJiA7UU.s 			page 24


 1156 00e9 19       		.uleb128 0x19
 1157 00ea 49       		.uleb128 0x49
 1158 00eb 13       		.uleb128 0x13
 1159 00ec 11       		.uleb128 0x11
 1160 00ed 01       		.uleb128 0x1
 1161 00ee 12       		.uleb128 0x12
 1162 00ef 06       		.uleb128 0x6
 1163 00f0 40       		.uleb128 0x40
 1164 00f1 18       		.uleb128 0x18
 1165 00f2 9742     		.uleb128 0x2117
 1166 00f4 19       		.uleb128 0x19
 1167 00f5 01       		.uleb128 0x1
 1168 00f6 13       		.uleb128 0x13
 1169 00f7 00       		.byte	0
 1170 00f8 00       		.byte	0
 1171 00f9 15       		.uleb128 0x15
 1172 00fa 05       		.uleb128 0x5
 1173 00fb 00       		.byte	0
 1174 00fc 03       		.uleb128 0x3
 1175 00fd 08       		.uleb128 0x8
 1176 00fe 3A       		.uleb128 0x3a
 1177 00ff 0B       		.uleb128 0xb
 1178 0100 3B       		.uleb128 0x3b
 1179 0101 0B       		.uleb128 0xb
 1180 0102 49       		.uleb128 0x49
 1181 0103 13       		.uleb128 0x13
 1182 0104 02       		.uleb128 0x2
 1183 0105 17       		.uleb128 0x17
 1184 0106 00       		.byte	0
 1185 0107 00       		.byte	0
 1186 0108 16       		.uleb128 0x16
 1187 0109 34       		.uleb128 0x34
 1188 010a 00       		.byte	0
 1189 010b 03       		.uleb128 0x3
 1190 010c 0E       		.uleb128 0xe
 1191 010d 3A       		.uleb128 0x3a
 1192 010e 0B       		.uleb128 0xb
 1193 010f 3B       		.uleb128 0x3b
 1194 0110 0B       		.uleb128 0xb
 1195 0111 49       		.uleb128 0x49
 1196 0112 13       		.uleb128 0x13
 1197 0113 02       		.uleb128 0x2
 1198 0114 17       		.uleb128 0x17
 1199 0115 00       		.byte	0
 1200 0116 00       		.byte	0
 1201 0117 17       		.uleb128 0x17
 1202 0118 898201   		.uleb128 0x4109
 1203 011b 00       		.byte	0
 1204 011c 11       		.uleb128 0x11
 1205 011d 01       		.uleb128 0x1
 1206 011e 31       		.uleb128 0x31
 1207 011f 13       		.uleb128 0x13
 1208 0120 00       		.byte	0
 1209 0121 00       		.byte	0
 1210 0122 18       		.uleb128 0x18
 1211 0123 01       		.uleb128 0x1
 1212 0124 01       		.byte	0x1
ARM GAS  C:\Users\codyg\AppData\Local\Temp\ccJiA7UU.s 			page 25


 1213 0125 49       		.uleb128 0x49
 1214 0126 13       		.uleb128 0x13
 1215 0127 01       		.uleb128 0x1
 1216 0128 13       		.uleb128 0x13
 1217 0129 00       		.byte	0
 1218 012a 00       		.byte	0
 1219 012b 19       		.uleb128 0x19
 1220 012c 21       		.uleb128 0x21
 1221 012d 00       		.byte	0
 1222 012e 49       		.uleb128 0x49
 1223 012f 13       		.uleb128 0x13
 1224 0130 2F       		.uleb128 0x2f
 1225 0131 0B       		.uleb128 0xb
 1226 0132 00       		.byte	0
 1227 0133 00       		.byte	0
 1228 0134 1A       		.uleb128 0x1a
 1229 0135 34       		.uleb128 0x34
 1230 0136 00       		.byte	0
 1231 0137 03       		.uleb128 0x3
 1232 0138 0E       		.uleb128 0xe
 1233 0139 3A       		.uleb128 0x3a
 1234 013a 0B       		.uleb128 0xb
 1235 013b 3B       		.uleb128 0x3b
 1236 013c 05       		.uleb128 0x5
 1237 013d 49       		.uleb128 0x49
 1238 013e 13       		.uleb128 0x13
 1239 013f 3F       		.uleb128 0x3f
 1240 0140 19       		.uleb128 0x19
 1241 0141 3C       		.uleb128 0x3c
 1242 0142 19       		.uleb128 0x19
 1243 0143 00       		.byte	0
 1244 0144 00       		.byte	0
 1245 0145 1B       		.uleb128 0x1b
 1246 0146 34       		.uleb128 0x34
 1247 0147 00       		.byte	0
 1248 0148 03       		.uleb128 0x3
 1249 0149 0E       		.uleb128 0xe
 1250 014a 3A       		.uleb128 0x3a
 1251 014b 0B       		.uleb128 0xb
 1252 014c 3B       		.uleb128 0x3b
 1253 014d 0B       		.uleb128 0xb
 1254 014e 49       		.uleb128 0x49
 1255 014f 13       		.uleb128 0x13
 1256 0150 3F       		.uleb128 0x3f
 1257 0151 19       		.uleb128 0x19
 1258 0152 3C       		.uleb128 0x3c
 1259 0153 19       		.uleb128 0x19
 1260 0154 00       		.byte	0
 1261 0155 00       		.byte	0
 1262 0156 1C       		.uleb128 0x1c
 1263 0157 2E       		.uleb128 0x2e
 1264 0158 00       		.byte	0
 1265 0159 3F       		.uleb128 0x3f
 1266 015a 19       		.uleb128 0x19
 1267 015b 3C       		.uleb128 0x3c
 1268 015c 19       		.uleb128 0x19
 1269 015d 6E       		.uleb128 0x6e
ARM GAS  C:\Users\codyg\AppData\Local\Temp\ccJiA7UU.s 			page 26


 1270 015e 0E       		.uleb128 0xe
 1271 015f 03       		.uleb128 0x3
 1272 0160 0E       		.uleb128 0xe
 1273 0161 3A       		.uleb128 0x3a
 1274 0162 0B       		.uleb128 0xb
 1275 0163 3B       		.uleb128 0x3b
 1276 0164 0B       		.uleb128 0xb
 1277 0165 00       		.byte	0
 1278 0166 00       		.byte	0
 1279 0167 00       		.byte	0
 1280              		.section	.debug_loc,"",%progbits
 1281              	.Ldebug_loc0:
 1282              	.LLST0:
 1283 0000 00000000 		.4byte	.LVL0
 1284 0004 0E000000 		.4byte	.LVL2
 1285 0008 0100     		.2byte	0x1
 1286 000a 50       		.byte	0x50
 1287 000b 0E000000 		.4byte	.LVL2
 1288 000f 1A000000 		.4byte	.LVL6
 1289 0013 0400     		.2byte	0x4
 1290 0015 F3       		.byte	0xf3
 1291 0016 01       		.uleb128 0x1
 1292 0017 50       		.byte	0x50
 1293 0018 9F       		.byte	0x9f
 1294 0019 1A000000 		.4byte	.LVL6
 1295 001d 1C000000 		.4byte	.LVL7
 1296 0021 0100     		.2byte	0x1
 1297 0023 50       		.byte	0x50
 1298 0024 1C000000 		.4byte	.LVL7
 1299 0028 24000000 		.4byte	.LFE553
 1300 002c 0400     		.2byte	0x4
 1301 002e F3       		.byte	0xf3
 1302 002f 01       		.uleb128 0x1
 1303 0030 50       		.byte	0x50
 1304 0031 9F       		.byte	0x9f
 1305 0032 00000000 		.4byte	0
 1306 0036 00000000 		.4byte	0
 1307              	.LLST1:
 1308 003a 00000000 		.4byte	.LVL0
 1309 003e 0E000000 		.4byte	.LVL2
 1310 0042 0100     		.2byte	0x1
 1311 0044 51       		.byte	0x51
 1312 0045 0E000000 		.4byte	.LVL2
 1313 0049 1A000000 		.4byte	.LVL6
 1314 004d 0100     		.2byte	0x1
 1315 004f 55       		.byte	0x55
 1316 0050 1A000000 		.4byte	.LVL6
 1317 0054 1C000000 		.4byte	.LVL7
 1318 0058 0100     		.2byte	0x1
 1319 005a 51       		.byte	0x51
 1320 005b 1C000000 		.4byte	.LVL7
 1321 005f 22000000 		.4byte	.LVL10
 1322 0063 0100     		.2byte	0x1
 1323 0065 55       		.byte	0x55
 1324 0066 00000000 		.4byte	0
 1325 006a 00000000 		.4byte	0
 1326              	.LLST2:
ARM GAS  C:\Users\codyg\AppData\Local\Temp\ccJiA7UU.s 			page 27


 1327 006e 00000000 		.4byte	.LVL0
 1328 0072 0E000000 		.4byte	.LVL2
 1329 0076 0100     		.2byte	0x1
 1330 0078 52       		.byte	0x52
 1331 0079 0E000000 		.4byte	.LVL2
 1332 007d 1A000000 		.4byte	.LVL6
 1333 0081 0100     		.2byte	0x1
 1334 0083 56       		.byte	0x56
 1335 0084 1A000000 		.4byte	.LVL6
 1336 0088 1C000000 		.4byte	.LVL7
 1337 008c 0100     		.2byte	0x1
 1338 008e 52       		.byte	0x52
 1339 008f 1C000000 		.4byte	.LVL7
 1340 0093 22000000 		.4byte	.LVL11
 1341 0097 0100     		.2byte	0x1
 1342 0099 56       		.byte	0x56
 1343 009a 22000000 		.4byte	.LVL11
 1344 009e 24000000 		.4byte	.LFE553
 1345 00a2 0400     		.2byte	0x4
 1346 00a4 F3       		.byte	0xf3
 1347 00a5 01       		.uleb128 0x1
 1348 00a6 52       		.byte	0x52
 1349 00a7 9F       		.byte	0x9f
 1350 00a8 00000000 		.4byte	0
 1351 00ac 00000000 		.4byte	0
 1352              	.LLST3:
 1353 00b0 06000000 		.4byte	.LVL1
 1354 00b4 0E000000 		.4byte	.LVL2
 1355 00b8 0200     		.2byte	0x2
 1356 00ba 30       		.byte	0x30
 1357 00bb 9F       		.byte	0x9f
 1358 00bc 0E000000 		.4byte	.LVL2
 1359 00c0 1A000000 		.4byte	.LVL6
 1360 00c4 0100     		.2byte	0x1
 1361 00c6 54       		.byte	0x54
 1362 00c7 1A000000 		.4byte	.LVL6
 1363 00cb 1C000000 		.4byte	.LVL7
 1364 00cf 0200     		.2byte	0x2
 1365 00d1 30       		.byte	0x30
 1366 00d2 9F       		.byte	0x9f
 1367 00d3 1C000000 		.4byte	.LVL7
 1368 00d7 22000000 		.4byte	.LVL9
 1369 00db 0100     		.2byte	0x1
 1370 00dd 54       		.byte	0x54
 1371 00de 22000000 		.4byte	.LVL9
 1372 00e2 24000000 		.4byte	.LFE553
 1373 00e6 0100     		.2byte	0x1
 1374 00e8 50       		.byte	0x50
 1375 00e9 00000000 		.4byte	0
 1376 00ed 00000000 		.4byte	0
 1377              	.LLST4:
 1378 00f1 00000000 		.4byte	.LVL12
 1379 00f5 0E000000 		.4byte	.LVL14
 1380 00f9 0100     		.2byte	0x1
 1381 00fb 50       		.byte	0x50
 1382 00fc 0E000000 		.4byte	.LVL14
 1383 0100 20000000 		.4byte	.LVL18
ARM GAS  C:\Users\codyg\AppData\Local\Temp\ccJiA7UU.s 			page 28


 1384 0104 0400     		.2byte	0x4
 1385 0106 F3       		.byte	0xf3
 1386 0107 01       		.uleb128 0x1
 1387 0108 50       		.byte	0x50
 1388 0109 9F       		.byte	0x9f
 1389 010a 20000000 		.4byte	.LVL18
 1390 010e 22000000 		.4byte	.LVL19
 1391 0112 0100     		.2byte	0x1
 1392 0114 50       		.byte	0x50
 1393 0115 22000000 		.4byte	.LVL19
 1394 0119 2A000000 		.4byte	.LFE554
 1395 011d 0400     		.2byte	0x4
 1396 011f F3       		.byte	0xf3
 1397 0120 01       		.uleb128 0x1
 1398 0121 50       		.byte	0x50
 1399 0122 9F       		.byte	0x9f
 1400 0123 00000000 		.4byte	0
 1401 0127 00000000 		.4byte	0
 1402              	.LLST5:
 1403 012b 00000000 		.4byte	.LVL12
 1404 012f 0E000000 		.4byte	.LVL14
 1405 0133 0100     		.2byte	0x1
 1406 0135 51       		.byte	0x51
 1407 0136 0E000000 		.4byte	.LVL14
 1408 013a 20000000 		.4byte	.LVL18
 1409 013e 0100     		.2byte	0x1
 1410 0140 55       		.byte	0x55
 1411 0141 20000000 		.4byte	.LVL18
 1412 0145 22000000 		.4byte	.LVL19
 1413 0149 0100     		.2byte	0x1
 1414 014b 51       		.byte	0x51
 1415 014c 22000000 		.4byte	.LVL19
 1416 0150 28000000 		.4byte	.LVL22
 1417 0154 0100     		.2byte	0x1
 1418 0156 55       		.byte	0x55
 1419 0157 00000000 		.4byte	0
 1420 015b 00000000 		.4byte	0
 1421              	.LLST6:
 1422 015f 00000000 		.4byte	.LVL12
 1423 0163 0E000000 		.4byte	.LVL14
 1424 0167 0100     		.2byte	0x1
 1425 0169 52       		.byte	0x52
 1426 016a 0E000000 		.4byte	.LVL14
 1427 016e 20000000 		.4byte	.LVL18
 1428 0172 0100     		.2byte	0x1
 1429 0174 56       		.byte	0x56
 1430 0175 20000000 		.4byte	.LVL18
 1431 0179 22000000 		.4byte	.LVL19
 1432 017d 0100     		.2byte	0x1
 1433 017f 52       		.byte	0x52
 1434 0180 22000000 		.4byte	.LVL19
 1435 0184 28000000 		.4byte	.LVL23
 1436 0188 0100     		.2byte	0x1
 1437 018a 56       		.byte	0x56
 1438 018b 28000000 		.4byte	.LVL23
 1439 018f 2A000000 		.4byte	.LFE554
 1440 0193 0400     		.2byte	0x4
ARM GAS  C:\Users\codyg\AppData\Local\Temp\ccJiA7UU.s 			page 29


 1441 0195 F3       		.byte	0xf3
 1442 0196 01       		.uleb128 0x1
 1443 0197 52       		.byte	0x52
 1444 0198 9F       		.byte	0x9f
 1445 0199 00000000 		.4byte	0
 1446 019d 00000000 		.4byte	0
 1447              	.LLST7:
 1448 01a1 06000000 		.4byte	.LVL13
 1449 01a5 0E000000 		.4byte	.LVL14
 1450 01a9 0200     		.2byte	0x2
 1451 01ab 30       		.byte	0x30
 1452 01ac 9F       		.byte	0x9f
 1453 01ad 0E000000 		.4byte	.LVL14
 1454 01b1 20000000 		.4byte	.LVL18
 1455 01b5 0100     		.2byte	0x1
 1456 01b7 54       		.byte	0x54
 1457 01b8 20000000 		.4byte	.LVL18
 1458 01bc 22000000 		.4byte	.LVL19
 1459 01c0 0200     		.2byte	0x2
 1460 01c2 30       		.byte	0x30
 1461 01c3 9F       		.byte	0x9f
 1462 01c4 22000000 		.4byte	.LVL19
 1463 01c8 28000000 		.4byte	.LVL21
 1464 01cc 0100     		.2byte	0x1
 1465 01ce 54       		.byte	0x54
 1466 01cf 28000000 		.4byte	.LVL21
 1467 01d3 2A000000 		.4byte	.LFE554
 1468 01d7 0100     		.2byte	0x1
 1469 01d9 50       		.byte	0x50
 1470 01da 00000000 		.4byte	0
 1471 01de 00000000 		.4byte	0
 1472              		.section	.debug_aranges,"",%progbits
 1473 0000 24000000 		.4byte	0x24
 1474 0004 0200     		.2byte	0x2
 1475 0006 00000000 		.4byte	.Ldebug_info0
 1476 000a 04       		.byte	0x4
 1477 000b 00       		.byte	0
 1478 000c 0000     		.2byte	0
 1479 000e 0000     		.2byte	0
 1480 0010 00000000 		.4byte	.LFB553
 1481 0014 24000000 		.4byte	.LFE553-.LFB553
 1482 0018 00000000 		.4byte	.LFB554
 1483 001c 2A000000 		.4byte	.LFE554-.LFB554
 1484 0020 00000000 		.4byte	0
 1485 0024 00000000 		.4byte	0
 1486              		.section	.debug_ranges,"",%progbits
 1487              	.Ldebug_ranges0:
 1488 0000 00000000 		.4byte	.LFB553
 1489 0004 24000000 		.4byte	.LFE553
 1490 0008 00000000 		.4byte	.LFB554
 1491 000c 2A000000 		.4byte	.LFE554
 1492 0010 00000000 		.4byte	0
 1493 0014 00000000 		.4byte	0
 1494              		.section	.debug_line,"",%progbits
 1495              	.Ldebug_line0:
 1496 0000 F6020000 		.section	.debug_str,"MS",%progbits,1
 1496      0200A102 
ARM GAS  C:\Users\codyg\AppData\Local\Temp\ccJiA7UU.s 			page 30


 1496      00000201 
 1496      FB0E0D00 
 1496      01010101 
 1497              	.LASF21:
 1498 0000 63795F65 		.ascii	"cy_en_rtc_dst_format_t\000"
 1498      6E5F7274 
 1498      635F6473 
 1498      745F666F 
 1498      726D6174 
 1499              	.LASF68:
 1500 0017 6D617374 		.ascii	"masterNumBytes\000"
 1500      65724E75 
 1500      6D427974 
 1500      657300
 1501              	.LASF67:
 1502 0026 6D617374 		.ascii	"masterBufferIdx\000"
 1502      65724275 
 1502      66666572 
 1502      49647800 
 1503              	.LASF33:
 1504 0036 636C6F63 		.ascii	"clockPrescaler\000"
 1504      6B507265 
 1504      7363616C 
 1504      657200
 1505              	.LASF49:
 1506 0045 636F756E 		.ascii	"countInputMode\000"
 1506      74496E70 
 1506      75744D6F 
 1506      646500
 1507              	.LASF37:
 1508 0054 636F6D70 		.ascii	"compare0\000"
 1508      61726530 
 1508      00
 1509              	.LASF75:
 1510 005d 736C6176 		.ascii	"slaveRxBuffer\000"
 1510      65527842 
 1510      75666665 
 1510      7200
 1511              	.LASF24:
 1512 006b 6461794F 		.ascii	"dayOfMonth\000"
 1512      664D6F6E 
 1512      746800
 1513              	.LASF31:
 1514 0076 63795F73 		.ascii	"cy_stc_rtc_dst_t\000"
 1514      74635F72 
 1514      74635F64 
 1514      73745F74 
 1514      00
 1515              	.LASF106:
 1516 0087 54696D65 		.ascii	"Timer_PPG_config\000"
 1516      725F5050 
 1516      475F636F 
 1516      6E666967 
 1516      00
 1517              	.LASF90:
 1518 0098 72784275 		.ascii	"rxBufSize\000"
 1518      6653697A 
ARM GAS  C:\Users\codyg\AppData\Local\Temp\ccJiA7UU.s 			page 31


 1518      6500
 1519              	.LASF61:
 1520 00a2 73746174 		.ascii	"state\000"
 1520      6500
 1521              	.LASF81:
 1522 00a8 63795F63 		.ascii	"cy_cb_scb_uart_handle_events_t\000"
 1522      625F7363 
 1522      625F7561 
 1522      72745F68 
 1522      616E646C 
 1523              	.LASF2:
 1524 00c7 73686F72 		.ascii	"short int\000"
 1524      7420696E 
 1524      7400
 1525              	.LASF109:
 1526 00d1 53544449 		.ascii	"STDIO_GetChar\000"
 1526      4F5F4765 
 1526      74436861 
 1526      7200
 1527              	.LASF12:
 1528 00df 73697A65 		.ascii	"sizetype\000"
 1528      74797065 
 1528      00
 1529              	.LASF62:
 1530 00e8 6D617374 		.ascii	"masterStatus\000"
 1530      65725374 
 1530      61747573 
 1530      00
 1531              	.LASF82:
 1532 00f5 63795F73 		.ascii	"cy_stc_scb_uart_context\000"
 1532      74635F73 
 1532      63625F75 
 1532      6172745F 
 1532      636F6E74 
 1533              	.LASF110:
 1534 010d 474E5520 		.ascii	"GNU C11 5.4.1 20160609 (release) [ARM/embedded-5-br"
 1534      43313120 
 1534      352E342E 
 1534      31203230 
 1534      31363036 
 1535 0140 616E6368 		.ascii	"anch revision 237715] -mcpu=cortex-m0plus -mthumb -"
 1535      20726576 
 1535      6973696F 
 1535      6E203233 
 1535      37373135 
 1536 0173 67202D4F 		.ascii	"g -Og -ffunction-sections -ffat-lto-objects\000"
 1536      67202D66 
 1536      66756E63 
 1536      74696F6E 
 1536      2D736563 
 1537              	.LASF35:
 1538 019f 636F756E 		.ascii	"countDirection\000"
 1538      74446972 
 1538      65637469 
 1538      6F6E00
 1539              	.LASF74:
 1540 01ae 736C6176 		.ascii	"slaveTxBufferCnt\000"
ARM GAS  C:\Users\codyg\AppData\Local\Temp\ccJiA7UU.s 			page 32


 1540      65547842 
 1540      75666665 
 1540      72436E74 
 1540      00
 1541              	.LASF6:
 1542 01bf 5F5F7569 		.ascii	"__uint32_t\000"
 1542      6E743332 
 1542      5F7400
 1543              	.LASF42:
 1544 01ca 63617074 		.ascii	"captureInput\000"
 1544      75726549 
 1544      6E707574 
 1544      00
 1545              	.LASF83:
 1546 01d7 74785374 		.ascii	"txStatus\000"
 1546      61747573 
 1546      00
 1547              	.LASF112:
 1548 01e0 433A5C55 		.ascii	"C:\\Users\\codyg\\git\\psoc6-realtime-processing\\B"
 1548      73657273 
 1548      5C636F64 
 1548      79675C67 
 1548      69745C70 
 1549 020e 4C455F52 		.ascii	"LE_RTC_IMU.cydsn\000"
 1549      54435F49 
 1549      4D552E63 
 1549      7964736E 
 1549      00
 1550              	.LASF99:
 1551 021f 6E436861 		.ascii	"nChars\000"
 1551      727300
 1552              	.LASF28:
 1553 0226 63795F73 		.ascii	"cy_stc_rtc_dst_format_t\000"
 1553      74635F72 
 1553      74635F64 
 1553      73745F66 
 1553      6F726D61 
 1554              	.LASF48:
 1555 023e 73746F70 		.ascii	"stopInput\000"
 1555      496E7075 
 1555      7400
 1556              	.LASF100:
 1557 0248 63795F52 		.ascii	"cy_RTC_daysInMonthTbl\000"
 1557      54435F64 
 1557      61797349 
 1557      6E4D6F6E 
 1557      74685462 
 1558              	.LASF4:
 1559 025e 6C6F6E67 		.ascii	"long int\000"
 1559      20696E74 
 1559      00
 1560              	.LASF25:
 1561 0267 7765656B 		.ascii	"weekOfMonth\000"
 1561      4F664D6F 
 1561      6E746800 
 1562              	.LASF102:
 1563 0273 55415254 		.ascii	"UART_1_context\000"
ARM GAS  C:\Users\codyg\AppData\Local\Temp\ccJiA7UU.s 			page 33


 1563      5F315F63 
 1563      6F6E7465 
 1563      787400
 1564              	.LASF14:
 1565 0282 75696E74 		.ascii	"uint8_t\000"
 1565      385F7400 
 1566              	.LASF77:
 1567 028a 736C6176 		.ascii	"slaveRxBufferIdx\000"
 1567      65527842 
 1567      75666665 
 1567      72496478 
 1567      00
 1568              	.LASF97:
 1569 029b 5F777269 		.ascii	"_write\000"
 1569      746500
 1570              	.LASF63:
 1571 02a2 6D617374 		.ascii	"masterPause\000"
 1571      65725061 
 1571      75736500 
 1572              	.LASF87:
 1573 02ae 72785269 		.ascii	"rxRingBufHead\000"
 1573      6E674275 
 1573      66486561 
 1573      6400
 1574              	.LASF16:
 1575 02bc 666C6F61 		.ascii	"float\000"
 1575      7400
 1576              	.LASF60:
 1577 02c2 75736554 		.ascii	"useTxFifo\000"
 1577      78466966 
 1577      6F00
 1578              	.LASF92:
 1579 02cc 74784275 		.ascii	"txBuf\000"
 1579      6600
 1580              	.LASF10:
 1581 02d2 756E7369 		.ascii	"unsigned int\000"
 1581      676E6564 
 1581      20696E74 
 1581      00
 1582              	.LASF43:
 1583 02df 72656C6F 		.ascii	"reloadInputMode\000"
 1583      6164496E 
 1583      7075744D 
 1583      6F646500 
 1584              	.LASF8:
 1585 02ef 6C6F6E67 		.ascii	"long long int\000"
 1585      206C6F6E 
 1585      6720696E 
 1585      7400
 1586              	.LASF101:
 1587 02fd 4932435F 		.ascii	"I2C_1_context\000"
 1587      315F636F 
 1587      6E746578 
 1587      7400
 1588              	.LASF34:
 1589 030b 72756E4D 		.ascii	"runMode\000"
 1589      6F646500 
ARM GAS  C:\Users\codyg\AppData\Local\Temp\ccJiA7UU.s 			page 34


 1590              	.LASF13:
 1591 0313 63686172 		.ascii	"char\000"
 1591      00
 1592              	.LASF103:
 1593 0318 5254435F 		.ascii	"RTC_rtcDstStatus\000"
 1593      72746344 
 1593      73745374 
 1593      61747573 
 1593      00
 1594              	.LASF76:
 1595 0329 736C6176 		.ascii	"slaveRxBufferSize\000"
 1595      65527842 
 1595      75666665 
 1595      7253697A 
 1595      6500
 1596              	.LASF86:
 1597 033b 72785269 		.ascii	"rxRingBufSize\000"
 1597      6E674275 
 1597      6653697A 
 1597      6500
 1598              	.LASF64:
 1599 0349 6D617374 		.ascii	"masterRdDir\000"
 1599      65725264 
 1599      44697200 
 1600              	.LASF108:
 1601 0355 53544449 		.ascii	"STDIO_PutChar\000"
 1601      4F5F5075 
 1601      74436861 
 1601      7200
 1602              	.LASF32:
 1603 0363 70657269 		.ascii	"period\000"
 1603      6F6400
 1604              	.LASF5:
 1605 036a 5F5F7569 		.ascii	"__uint8_t\000"
 1605      6E74385F 
 1605      7400
 1606              	.LASF91:
 1607 0374 72784275 		.ascii	"rxBufIdx\000"
 1607      66496478 
 1607      00
 1608              	.LASF72:
 1609 037d 736C6176 		.ascii	"slaveTxBufferSize\000"
 1609      65547842 
 1609      75666665 
 1609      7253697A 
 1609      6500
 1610              	.LASF80:
 1611 038f 63795F73 		.ascii	"cy_stc_scb_i2c_context_t\000"
 1611      74635F73 
 1611      63625F69 
 1611      32635F63 
 1611      6F6E7465 
 1612              	.LASF23:
 1613 03a8 686F7572 		.ascii	"hour\000"
 1613      00
 1614              	.LASF11:
 1615 03ad 6C6F6E67 		.ascii	"long double\000"
ARM GAS  C:\Users\codyg\AppData\Local\Temp\ccJiA7UU.s 			page 35


 1615      20646F75 
 1615      626C6500 
 1616              	.LASF45:
 1617 03b9 73746172 		.ascii	"startInputMode\000"
 1617      74496E70 
 1617      75744D6F 
 1617      646500
 1618              	.LASF84:
 1619 03c8 72785374 		.ascii	"rxStatus\000"
 1619      61747573 
 1619      00
 1620              	.LASF1:
 1621 03d1 756E7369 		.ascii	"unsigned char\000"
 1621      676E6564 
 1621      20636861 
 1621      7200
 1622              	.LASF85:
 1623 03df 72785269 		.ascii	"rxRingBuf\000"
 1623      6E674275 
 1623      6600
 1624              	.LASF98:
 1625 03e9 5F726561 		.ascii	"_read\000"
 1625      6400
 1626              	.LASF73:
 1627 03ef 736C6176 		.ascii	"slaveTxBufferIdx\000"
 1627      65547842 
 1627      75666665 
 1627      72496478 
 1627      00
 1628              	.LASF0:
 1629 0400 7369676E 		.ascii	"signed char\000"
 1629      65642063 
 1629      68617200 
 1630              	.LASF66:
 1631 040c 6D617374 		.ascii	"masterBufferSize\000"
 1631      65724275 
 1631      66666572 
 1631      53697A65 
 1631      00
 1632              	.LASF9:
 1633 041d 6C6F6E67 		.ascii	"long long unsigned int\000"
 1633      206C6F6E 
 1633      6720756E 
 1633      7369676E 
 1633      65642069 
 1634              	.LASF15:
 1635 0434 75696E74 		.ascii	"uint32_t\000"
 1635      33325F74 
 1635      00
 1636              	.LASF55:
 1637 043d 63795F63 		.ascii	"cy_cb_scb_i2c_handle_events_t\000"
 1637      625F7363 
 1637      625F6932 
 1637      635F6861 
 1637      6E646C65 
 1638              	.LASF36:
 1639 045b 636F6D70 		.ascii	"compareOrCapture\000"
ARM GAS  C:\Users\codyg\AppData\Local\Temp\ccJiA7UU.s 			page 36


 1639      6172654F 
 1639      72436170 
 1639      74757265 
 1639      00
 1640              	.LASF38:
 1641 046c 636F6D70 		.ascii	"compare1\000"
 1641      61726531 
 1641      00
 1642              	.LASF54:
 1643 0475 63795F65 		.ascii	"cy_en_scb_i2c_command_t\000"
 1643      6E5F7363 
 1643      625F6932 
 1643      635F636F 
 1643      6D6D616E 
 1644              	.LASF7:
 1645 048d 6C6F6E67 		.ascii	"long unsigned int\000"
 1645      20756E73 
 1645      69676E65 
 1645      6420696E 
 1645      7400
 1646              	.LASF39:
 1647 049f 656E6162 		.ascii	"enableCompareSwap\000"
 1647      6C65436F 
 1647      6D706172 
 1647      65537761 
 1647      7000
 1648              	.LASF51:
 1649 04b1 63795F73 		.ascii	"cy_stc_tcpwm_counter_config_t\000"
 1649      74635F74 
 1649      6370776D 
 1649      5F636F75 
 1649      6E746572 
 1650              	.LASF93:
 1651 04cf 74784275 		.ascii	"txBufSize\000"
 1651      6653697A 
 1651      6500
 1652              	.LASF3:
 1653 04d9 73686F72 		.ascii	"short unsigned int\000"
 1653      7420756E 
 1653      7369676E 
 1653      65642069 
 1653      6E7400
 1654              	.LASF89:
 1655 04ec 72784275 		.ascii	"rxBuf\000"
 1655      6600
 1656              	.LASF56:
 1657 04f2 63795F63 		.ascii	"cy_cb_scb_i2c_handle_addr_t\000"
 1657      625F7363 
 1657      625F6932 
 1657      635F6861 
 1657      6E646C65 
 1658              	.LASF78:
 1659 050e 63624576 		.ascii	"cbEvents\000"
 1659      656E7473 
 1659      00
 1660              	.LASF26:
 1661 0517 6461794F 		.ascii	"dayOfWeek\000"
ARM GAS  C:\Users\codyg\AppData\Local\Temp\ccJiA7UU.s 			page 37


 1661      66576565 
 1661      6B00
 1662              	.LASF65:
 1663 0521 6D617374 		.ascii	"masterBuffer\000"
 1663      65724275 
 1663      66666572 
 1663      00
 1664              	.LASF27:
 1665 052e 6D6F6E74 		.ascii	"month\000"
 1665      6800
 1666              	.LASF18:
 1667 0534 5F426F6F 		.ascii	"_Bool\000"
 1667      6C00
 1668              	.LASF41:
 1669 053a 63617074 		.ascii	"captureInputMode\000"
 1669      75726549 
 1669      6E707574 
 1669      4D6F6465 
 1669      00
 1670              	.LASF19:
 1671 054b 43595F52 		.ascii	"CY_RTC_DST_RELATIVE\000"
 1671      54435F44 
 1671      53545F52 
 1671      454C4154 
 1671      49564500 
 1672              	.LASF40:
 1673 055f 696E7465 		.ascii	"interruptSources\000"
 1673      72727570 
 1673      74536F75 
 1673      72636573 
 1673      00
 1674              	.LASF104:
 1675 0570 5254435F 		.ascii	"RTC_dstConfig\000"
 1675      64737443 
 1675      6F6E6669 
 1675      6700
 1676              	.LASF53:
 1677 057e 43595F53 		.ascii	"CY_SCB_I2C_NAK\000"
 1677      43425F49 
 1677      32435F4E 
 1677      414B00
 1678              	.LASF17:
 1679 058d 646F7562 		.ascii	"double\000"
 1679      6C6500
 1680              	.LASF69:
 1681 0594 736C6176 		.ascii	"slaveStatus\000"
 1681      65537461 
 1681      74757300 
 1682              	.LASF52:
 1683 05a0 43595F53 		.ascii	"CY_SCB_I2C_ACK\000"
 1683      43425F49 
 1683      32435F41 
 1683      434B00
 1684              	.LASF29:
 1685 05af 73746172 		.ascii	"startDst\000"
 1685      74447374 
 1685      00
ARM GAS  C:\Users\codyg\AppData\Local\Temp\ccJiA7UU.s 			page 38


 1686              	.LASF57:
 1687 05b8 63795F73 		.ascii	"cy_stc_tcpwm_counter_config\000"
 1687      74635F74 
 1687      6370776D 
 1687      5F636F75 
 1687      6E746572 
 1688              	.LASF20:
 1689 05d4 43595F52 		.ascii	"CY_RTC_DST_FIXED\000"
 1689      54435F44 
 1689      53545F46 
 1689      49584544 
 1689      00
 1690              	.LASF105:
 1691 05e5 436F756E 		.ascii	"Counter_ms_config\000"
 1691      7465725F 
 1691      6D735F63 
 1691      6F6E6669 
 1691      6700
 1692              	.LASF46:
 1693 05f7 73746172 		.ascii	"startInput\000"
 1693      74496E70 
 1693      757400
 1694              	.LASF59:
 1695 0602 75736552 		.ascii	"useRxFifo\000"
 1695      78466966 
 1695      6F00
 1696              	.LASF47:
 1697 060c 73746F70 		.ascii	"stopInputMode\000"
 1697      496E7075 
 1697      744D6F64 
 1697      6500
 1698              	.LASF95:
 1699 061a 696E6974 		.ascii	"initKey\000"
 1699      4B657900 
 1700              	.LASF30:
 1701 0622 73746F70 		.ascii	"stopDst\000"
 1701      44737400 
 1702              	.LASF96:
 1703 062a 63795F73 		.ascii	"cy_stc_scb_uart_context_t\000"
 1703      74635F73 
 1703      63625F75 
 1703      6172745F 
 1703      636F6E74 
 1704              	.LASF88:
 1705 0644 72785269 		.ascii	"rxRingBufTail\000"
 1705      6E674275 
 1705      66546169 
 1705      6C00
 1706              	.LASF44:
 1707 0652 72656C6F 		.ascii	"reloadInput\000"
 1707      6164496E 
 1707      70757400 
 1708              	.LASF50:
 1709 065e 636F756E 		.ascii	"countInput\000"
 1709      74496E70 
 1709      757400
 1710              	.LASF94:
ARM GAS  C:\Users\codyg\AppData\Local\Temp\ccJiA7UU.s 			page 39


 1711 0669 74784C65 		.ascii	"txLeftToTransmit\000"
 1711      6674546F 
 1711      5472616E 
 1711      736D6974 
 1711      00
 1712              	.LASF79:
 1713 067a 63624164 		.ascii	"cbAddr\000"
 1713      647200
 1714              	.LASF22:
 1715 0681 666F726D 		.ascii	"format\000"
 1715      617400
 1716              	.LASF70:
 1717 0688 736C6176 		.ascii	"slaveRdBufEmpty\000"
 1717      65526442 
 1717      7566456D 
 1717      70747900 
 1718              	.LASF107:
 1719 0698 54696D65 		.ascii	"Timer_IMU_config\000"
 1719      725F494D 
 1719      555F636F 
 1719      6E666967 
 1719      00
 1720              	.LASF111:
 1721 06a9 47656E65 		.ascii	"Generated_Source\\PSoC6\\pdl\\utilities\\retarget_i"
 1721      72617465 
 1721      645F536F 
 1721      75726365 
 1721      5C50536F 
 1722 06d8 6F5C7265 		.ascii	"o\\retarget.c\000"
 1722      74617267 
 1722      65742E63 
 1722      00
 1723              	.LASF58:
 1724 06e5 63795F73 		.ascii	"cy_stc_scb_i2c_context\000"
 1724      74635F73 
 1724      63625F69 
 1724      32635F63 
 1724      6F6E7465 
 1725              	.LASF71:
 1726 06fc 736C6176 		.ascii	"slaveTxBuffer\000"
 1726      65547842 
 1726      75666665 
 1726      7200
 1727              		.ident	"GCC: (GNU Tools for ARM Embedded Processors) 5.4.1 20160609 (release) [ARM/embedded-5-bran
