ARM GAS  C:\Users\codyg\AppData\Local\Temp\ccPslfEG.s 			page 1


   1              		.syntax unified
   2              		.cpu cortex-m0plus
   3              		.fpu softvfp
   4              		.eabi_attribute 20, 1
   5              		.eabi_attribute 21, 1
   6              		.eabi_attribute 23, 3
   7              		.eabi_attribute 24, 1
   8              		.eabi_attribute 25, 1
   9              		.eabi_attribute 26, 1
  10              		.eabi_attribute 30, 1
  11              		.eabi_attribute 34, 0
  12              		.eabi_attribute 18, 4
  13              		.thumb
  14              		.syntax unified
  15              		.file	"retarget.c"
  16              		.text
  17              	.Ltext0:
  18              		.cfi_sections	.debug_frame
  19              		.syntax divided
  20              		.global _printf_float
  21              		.global _scanf_float
  22              		.thumb
  23              		.syntax unified
  24              		.section	.text._write,"ax",%progbits
  25              		.align	2
  26              		.weak	_write
  27              		.code	16
  28              		.thumb_func
  29              		.type	_write, %function
  30              	_write:
  31              	.LFB608:
  32              		.file 1 "Generated_Source\\PSoC6\\pdl\\utilities\\retarget_io\\retarget.c"
   1:Generated_Source\PSoC6\pdl\utilities\retarget_io/retarget.c **** /***************************************************************************//**
   2:Generated_Source\PSoC6\pdl\utilities\retarget_io/retarget.c **** * \file retarget.c
   3:Generated_Source\PSoC6\pdl\utilities\retarget_io/retarget.c **** * \version 1.10
   4:Generated_Source\PSoC6\pdl\utilities\retarget_io/retarget.c **** *
   5:Generated_Source\PSoC6\pdl\utilities\retarget_io/retarget.c **** * \brief
   6:Generated_Source\PSoC6\pdl\utilities\retarget_io/retarget.c **** * 'Retarget' layer for target-dependent low level function.
   7:Generated_Source\PSoC6\pdl\utilities\retarget_io/retarget.c **** *
   8:Generated_Source\PSoC6\pdl\utilities\retarget_io/retarget.c **** ********************************************************************************
   9:Generated_Source\PSoC6\pdl\utilities\retarget_io/retarget.c **** * \copyright
  10:Generated_Source\PSoC6\pdl\utilities\retarget_io/retarget.c **** * Copyright 2016-2018, Cypress Semiconductor Corporation. All rights reserved.
  11:Generated_Source\PSoC6\pdl\utilities\retarget_io/retarget.c **** * You may use this file only in accordance with the license, terms, conditions,
  12:Generated_Source\PSoC6\pdl\utilities\retarget_io/retarget.c **** * disclaimers, and limitations in the end user license agreement accompanying
  13:Generated_Source\PSoC6\pdl\utilities\retarget_io/retarget.c **** * the software package with which this file was provided.
  14:Generated_Source\PSoC6\pdl\utilities\retarget_io/retarget.c **** *******************************************************************************/
  15:Generated_Source\PSoC6\pdl\utilities\retarget_io/retarget.c **** 
  16:Generated_Source\PSoC6\pdl\utilities\retarget_io/retarget.c **** #include <stdio.h>
  17:Generated_Source\PSoC6\pdl\utilities\retarget_io/retarget.c **** #include "stdio_user.h"
  18:Generated_Source\PSoC6\pdl\utilities\retarget_io/retarget.c **** 
  19:Generated_Source\PSoC6\pdl\utilities\retarget_io/retarget.c **** #if defined(__cplusplus)
  20:Generated_Source\PSoC6\pdl\utilities\retarget_io/retarget.c **** extern "C" {
  21:Generated_Source\PSoC6\pdl\utilities\retarget_io/retarget.c **** #endif
  22:Generated_Source\PSoC6\pdl\utilities\retarget_io/retarget.c **** 
  23:Generated_Source\PSoC6\pdl\utilities\retarget_io/retarget.c **** #ifdef IO_STDOUT_ENABLE
  24:Generated_Source\PSoC6\pdl\utilities\retarget_io/retarget.c **** 
  25:Generated_Source\PSoC6\pdl\utilities\retarget_io/retarget.c **** #if defined(__ARMCC_VERSION) /* ARM-MDK */
ARM GAS  C:\Users\codyg\AppData\Local\Temp\ccPslfEG.s 			page 2


  26:Generated_Source\PSoC6\pdl\utilities\retarget_io/retarget.c ****     /***************************************************************************
  27:Generated_Source\PSoC6\pdl\utilities\retarget_io/retarget.c ****     * Function Name: fputc
  28:Generated_Source\PSoC6\pdl\utilities\retarget_io/retarget.c ****     ***************************************************************************/
  29:Generated_Source\PSoC6\pdl\utilities\retarget_io/retarget.c ****     __attribute__((weak)) int fputc(int ch, FILE *f)
  30:Generated_Source\PSoC6\pdl\utilities\retarget_io/retarget.c ****     {
  31:Generated_Source\PSoC6\pdl\utilities\retarget_io/retarget.c ****         (void)f;
  32:Generated_Source\PSoC6\pdl\utilities\retarget_io/retarget.c ****     #if (STDOUT_CR_LF != 0)
  33:Generated_Source\PSoC6\pdl\utilities\retarget_io/retarget.c ****         if ((char)ch == '\n')
  34:Generated_Source\PSoC6\pdl\utilities\retarget_io/retarget.c ****         {
  35:Generated_Source\PSoC6\pdl\utilities\retarget_io/retarget.c ****             STDIO_PutChar('\r');
  36:Generated_Source\PSoC6\pdl\utilities\retarget_io/retarget.c ****         }
  37:Generated_Source\PSoC6\pdl\utilities\retarget_io/retarget.c ****     #endif /* STDOUT_CR_LF != 0 */
  38:Generated_Source\PSoC6\pdl\utilities\retarget_io/retarget.c ****         STDIO_PutChar(ch);
  39:Generated_Source\PSoC6\pdl\utilities\retarget_io/retarget.c ****         return (ch);
  40:Generated_Source\PSoC6\pdl\utilities\retarget_io/retarget.c ****     }
  41:Generated_Source\PSoC6\pdl\utilities\retarget_io/retarget.c **** #elif defined (__ICCARM__) /* IAR */
  42:Generated_Source\PSoC6\pdl\utilities\retarget_io/retarget.c ****     #include <yfuns.h>
  43:Generated_Source\PSoC6\pdl\utilities\retarget_io/retarget.c **** 
  44:Generated_Source\PSoC6\pdl\utilities\retarget_io/retarget.c ****     /***************************************************************************
  45:Generated_Source\PSoC6\pdl\utilities\retarget_io/retarget.c ****     * Function Name: __write
  46:Generated_Source\PSoC6\pdl\utilities\retarget_io/retarget.c ****     ***************************************************************************/
  47:Generated_Source\PSoC6\pdl\utilities\retarget_io/retarget.c ****     __weak size_t __write(int handle, const unsigned char * buffer, size_t size)
  48:Generated_Source\PSoC6\pdl\utilities\retarget_io/retarget.c ****     {
  49:Generated_Source\PSoC6\pdl\utilities\retarget_io/retarget.c ****         size_t nChars = 0;
  50:Generated_Source\PSoC6\pdl\utilities\retarget_io/retarget.c ****         /* This template only writes to "standard out", for all other file
  51:Generated_Source\PSoC6\pdl\utilities\retarget_io/retarget.c ****         * handles it returns failure. */
  52:Generated_Source\PSoC6\pdl\utilities\retarget_io/retarget.c ****         if (handle != _LLIO_STDOUT)
  53:Generated_Source\PSoC6\pdl\utilities\retarget_io/retarget.c ****         {
  54:Generated_Source\PSoC6\pdl\utilities\retarget_io/retarget.c ****             return (_LLIO_ERROR);
  55:Generated_Source\PSoC6\pdl\utilities\retarget_io/retarget.c ****         }
  56:Generated_Source\PSoC6\pdl\utilities\retarget_io/retarget.c ****         if (buffer != NULL)
  57:Generated_Source\PSoC6\pdl\utilities\retarget_io/retarget.c ****         {
  58:Generated_Source\PSoC6\pdl\utilities\retarget_io/retarget.c ****             for (/* Empty */; nChars < size; ++nChars)
  59:Generated_Source\PSoC6\pdl\utilities\retarget_io/retarget.c ****             {
  60:Generated_Source\PSoC6\pdl\utilities\retarget_io/retarget.c ****             #if (STDOUT_CR_LF != 0)
  61:Generated_Source\PSoC6\pdl\utilities\retarget_io/retarget.c ****                 if(*buffer == '\n')
  62:Generated_Source\PSoC6\pdl\utilities\retarget_io/retarget.c ****                 {
  63:Generated_Source\PSoC6\pdl\utilities\retarget_io/retarget.c ****                     STDIO_PutChar('\r');
  64:Generated_Source\PSoC6\pdl\utilities\retarget_io/retarget.c ****                 }
  65:Generated_Source\PSoC6\pdl\utilities\retarget_io/retarget.c ****             #endif /* STDOUT_CR_LF != 0 */
  66:Generated_Source\PSoC6\pdl\utilities\retarget_io/retarget.c ****                 STDIO_PutChar(*buffer);
  67:Generated_Source\PSoC6\pdl\utilities\retarget_io/retarget.c ****                 ++buffer;
  68:Generated_Source\PSoC6\pdl\utilities\retarget_io/retarget.c ****             }
  69:Generated_Source\PSoC6\pdl\utilities\retarget_io/retarget.c ****         }
  70:Generated_Source\PSoC6\pdl\utilities\retarget_io/retarget.c ****         return (nChars);
  71:Generated_Source\PSoC6\pdl\utilities\retarget_io/retarget.c ****     }
  72:Generated_Source\PSoC6\pdl\utilities\retarget_io/retarget.c **** #else /* (__GNUC__)  GCC */    
  73:Generated_Source\PSoC6\pdl\utilities\retarget_io/retarget.c ****     /* Add an explicit reference to the floating point printf library to allow
  74:Generated_Source\PSoC6\pdl\utilities\retarget_io/retarget.c ****     the usage of floating point conversion specifier. */
  75:Generated_Source\PSoC6\pdl\utilities\retarget_io/retarget.c ****     __asm (".global _printf_float");
  76:Generated_Source\PSoC6\pdl\utilities\retarget_io/retarget.c ****     /***************************************************************************
  77:Generated_Source\PSoC6\pdl\utilities\retarget_io/retarget.c ****     * Function Name: _write
  78:Generated_Source\PSoC6\pdl\utilities\retarget_io/retarget.c ****     ***************************************************************************/
  79:Generated_Source\PSoC6\pdl\utilities\retarget_io/retarget.c ****     __attribute__((weak)) int _write (int fd, const char *ptr, int len)
  80:Generated_Source\PSoC6\pdl\utilities\retarget_io/retarget.c ****     {
  33              		.loc 1 80 0
  34              		.cfi_startproc
ARM GAS  C:\Users\codyg\AppData\Local\Temp\ccPslfEG.s 			page 3


  35              		@ args = 0, pretend = 0, frame = 0
  36              		@ frame_needed = 0, uses_anonymous_args = 0
  37              	.LVL0:
  38 0000 70B5     		push	{r4, r5, r6, lr}
  39              		.cfi_def_cfa_offset 16
  40              		.cfi_offset 4, -16
  41              		.cfi_offset 5, -12
  42              		.cfi_offset 6, -8
  43              		.cfi_offset 14, -4
  44 0002 0D00     		movs	r5, r1
  45 0004 1600     		movs	r6, r2
  46              	.LVL1:
  81:Generated_Source\PSoC6\pdl\utilities\retarget_io/retarget.c ****         int nChars = 0;
  82:Generated_Source\PSoC6\pdl\utilities\retarget_io/retarget.c ****         (void)fd;
  83:Generated_Source\PSoC6\pdl\utilities\retarget_io/retarget.c ****         if (ptr != NULL)
  47              		.loc 1 83 0
  48 0006 0029     		cmp	r1, #0
  49 0008 07D1     		bne	.L5
  81:Generated_Source\PSoC6\pdl\utilities\retarget_io/retarget.c ****         int nChars = 0;
  50              		.loc 1 81 0
  51 000a 0024     		movs	r4, #0
  52 000c 08E0     		b	.L3
  53              	.LVL2:
  54              	.L4:
  84:Generated_Source\PSoC6\pdl\utilities\retarget_io/retarget.c ****         {
  85:Generated_Source\PSoC6\pdl\utilities\retarget_io/retarget.c ****             for (/* Empty */; nChars < len; ++nChars)
  86:Generated_Source\PSoC6\pdl\utilities\retarget_io/retarget.c ****             {
  87:Generated_Source\PSoC6\pdl\utilities\retarget_io/retarget.c ****             #if (STDOUT_CR_LF != 0)
  88:Generated_Source\PSoC6\pdl\utilities\retarget_io/retarget.c ****                 if(*ptr == '\n')
  89:Generated_Source\PSoC6\pdl\utilities\retarget_io/retarget.c ****                 {
  90:Generated_Source\PSoC6\pdl\utilities\retarget_io/retarget.c ****                     STDIO_PutChar('\r');
  91:Generated_Source\PSoC6\pdl\utilities\retarget_io/retarget.c ****                 }
  92:Generated_Source\PSoC6\pdl\utilities\retarget_io/retarget.c ****             #endif /* STDOUT_CR_LF != 0 */
  93:Generated_Source\PSoC6\pdl\utilities\retarget_io/retarget.c ****                 STDIO_PutChar((uint32_t)*ptr);
  55              		.loc 1 93 0 discriminator 2
  56 000e 2878     		ldrb	r0, [r5]
  57 0010 FFF7FEFF 		bl	STDIO_PutChar
  58              	.LVL3:
  94:Generated_Source\PSoC6\pdl\utilities\retarget_io/retarget.c ****                 ++ptr;
  59              		.loc 1 94 0 discriminator 2
  60 0014 0135     		adds	r5, r5, #1
  61              	.LVL4:
  85:Generated_Source\PSoC6\pdl\utilities\retarget_io/retarget.c ****             {
  62              		.loc 1 85 0 discriminator 2
  63 0016 0134     		adds	r4, r4, #1
  64              	.LVL5:
  65 0018 00E0     		b	.L2
  66              	.LVL6:
  67              	.L5:
  68 001a 0024     		movs	r4, #0
  69              	.LVL7:
  70              	.L2:
  85:Generated_Source\PSoC6\pdl\utilities\retarget_io/retarget.c ****             {
  71              		.loc 1 85 0 is_stmt 0 discriminator 1
  72 001c B442     		cmp	r4, r6
  73 001e F6DB     		blt	.L4
  74              	.LVL8:
ARM GAS  C:\Users\codyg\AppData\Local\Temp\ccPslfEG.s 			page 4


  75              	.L3:
  95:Generated_Source\PSoC6\pdl\utilities\retarget_io/retarget.c ****             }
  96:Generated_Source\PSoC6\pdl\utilities\retarget_io/retarget.c ****         }
  97:Generated_Source\PSoC6\pdl\utilities\retarget_io/retarget.c ****         return (nChars);
  98:Generated_Source\PSoC6\pdl\utilities\retarget_io/retarget.c ****     }
  76              		.loc 1 98 0 is_stmt 1
  77 0020 2000     		movs	r0, r4
  78              		@ sp needed
  79              	.LVL9:
  80              	.LVL10:
  81              	.LVL11:
  82 0022 70BD     		pop	{r4, r5, r6, pc}
  83              		.cfi_endproc
  84              	.LFE608:
  85              		.size	_write, .-_write
  86              		.section	.text._read,"ax",%progbits
  87              		.align	2
  88              		.weak	_read
  89              		.code	16
  90              		.thumb_func
  91              		.type	_read, %function
  92              	_read:
  93              	.LFB609:
  99:Generated_Source\PSoC6\pdl\utilities\retarget_io/retarget.c **** #endif
 100:Generated_Source\PSoC6\pdl\utilities\retarget_io/retarget.c **** 
 101:Generated_Source\PSoC6\pdl\utilities\retarget_io/retarget.c **** #endif /* IO_STDOUT_ENABLE */
 102:Generated_Source\PSoC6\pdl\utilities\retarget_io/retarget.c **** 
 103:Generated_Source\PSoC6\pdl\utilities\retarget_io/retarget.c **** #if defined(IO_STDIN_ENABLE)
 104:Generated_Source\PSoC6\pdl\utilities\retarget_io/retarget.c **** 
 105:Generated_Source\PSoC6\pdl\utilities\retarget_io/retarget.c **** #if defined(__ARMCC_VERSION) /* ARM-MDK */
 106:Generated_Source\PSoC6\pdl\utilities\retarget_io/retarget.c ****     /***************************************************************************
 107:Generated_Source\PSoC6\pdl\utilities\retarget_io/retarget.c ****     * Function Name: fgetc
 108:Generated_Source\PSoC6\pdl\utilities\retarget_io/retarget.c ****     ***************************************************************************/
 109:Generated_Source\PSoC6\pdl\utilities\retarget_io/retarget.c ****     __attribute__((weak)) int fgetc(FILE *f) 
 110:Generated_Source\PSoC6\pdl\utilities\retarget_io/retarget.c ****     {
 111:Generated_Source\PSoC6\pdl\utilities\retarget_io/retarget.c ****         (void)f;
 112:Generated_Source\PSoC6\pdl\utilities\retarget_io/retarget.c ****         return (STDIO_GetChar());
 113:Generated_Source\PSoC6\pdl\utilities\retarget_io/retarget.c ****     }
 114:Generated_Source\PSoC6\pdl\utilities\retarget_io/retarget.c **** #elif defined (__ICCARM__) /* IAR */
 115:Generated_Source\PSoC6\pdl\utilities\retarget_io/retarget.c ****     __weak size_t __read(int handle, unsigned char * buffer, size_t size)
 116:Generated_Source\PSoC6\pdl\utilities\retarget_io/retarget.c ****     {
 117:Generated_Source\PSoC6\pdl\utilities\retarget_io/retarget.c ****         /* This template only reads from "standard in", for all other file
 118:Generated_Source\PSoC6\pdl\utilities\retarget_io/retarget.c ****         handles it returns failure. */
 119:Generated_Source\PSoC6\pdl\utilities\retarget_io/retarget.c ****         if ((handle != _LLIO_STDIN) || (buffer == NULL))
 120:Generated_Source\PSoC6\pdl\utilities\retarget_io/retarget.c ****         {
 121:Generated_Source\PSoC6\pdl\utilities\retarget_io/retarget.c ****             return (_LLIO_ERROR);
 122:Generated_Source\PSoC6\pdl\utilities\retarget_io/retarget.c ****         }
 123:Generated_Source\PSoC6\pdl\utilities\retarget_io/retarget.c ****         else
 124:Generated_Source\PSoC6\pdl\utilities\retarget_io/retarget.c ****         {
 125:Generated_Source\PSoC6\pdl\utilities\retarget_io/retarget.c ****             *buffer = STDIO_GetChar();
 126:Generated_Source\PSoC6\pdl\utilities\retarget_io/retarget.c ****             return (1);
 127:Generated_Source\PSoC6\pdl\utilities\retarget_io/retarget.c ****         }
 128:Generated_Source\PSoC6\pdl\utilities\retarget_io/retarget.c ****     }
 129:Generated_Source\PSoC6\pdl\utilities\retarget_io/retarget.c **** #else /* (__GNUC__)  GCC */
 130:Generated_Source\PSoC6\pdl\utilities\retarget_io/retarget.c ****     /* Add an explicit reference to the floating point scanf library to allow
 131:Generated_Source\PSoC6\pdl\utilities\retarget_io/retarget.c ****     the usage of floating point conversion specifier. */
 132:Generated_Source\PSoC6\pdl\utilities\retarget_io/retarget.c ****     __asm (".global _scanf_float");
ARM GAS  C:\Users\codyg\AppData\Local\Temp\ccPslfEG.s 			page 5


 133:Generated_Source\PSoC6\pdl\utilities\retarget_io/retarget.c ****     __attribute__((weak)) int _read (int fd, char *ptr, int len)
 134:Generated_Source\PSoC6\pdl\utilities\retarget_io/retarget.c ****     {
  94              		.loc 1 134 0
  95              		.cfi_startproc
  96              		@ args = 0, pretend = 0, frame = 0
  97              		@ frame_needed = 0, uses_anonymous_args = 0
  98              	.LVL12:
  99 0000 70B5     		push	{r4, r5, r6, lr}
 100              		.cfi_def_cfa_offset 16
 101              		.cfi_offset 4, -16
 102              		.cfi_offset 5, -12
 103              		.cfi_offset 6, -8
 104              		.cfi_offset 14, -4
 105 0002 0D00     		movs	r5, r1
 106 0004 1600     		movs	r6, r2
 107              	.LVL13:
 135:Generated_Source\PSoC6\pdl\utilities\retarget_io/retarget.c ****         int nChars = 0;
 136:Generated_Source\PSoC6\pdl\utilities\retarget_io/retarget.c ****         (void)fd;
 137:Generated_Source\PSoC6\pdl\utilities\retarget_io/retarget.c ****         if (ptr != NULL)
 108              		.loc 1 137 0
 109 0006 0029     		cmp	r1, #0
 110 0008 0AD1     		bne	.L10
 135:Generated_Source\PSoC6\pdl\utilities\retarget_io/retarget.c ****         int nChars = 0;
 111              		.loc 1 135 0
 112 000a 0024     		movs	r4, #0
 113 000c 0BE0     		b	.L8
 114              	.LVL14:
 115              	.L9:
 138:Generated_Source\PSoC6\pdl\utilities\retarget_io/retarget.c ****         {
 139:Generated_Source\PSoC6\pdl\utilities\retarget_io/retarget.c ****             for(/* Empty */;nChars < len;++ptr)
 140:Generated_Source\PSoC6\pdl\utilities\retarget_io/retarget.c ****             {
 141:Generated_Source\PSoC6\pdl\utilities\retarget_io/retarget.c ****                 *ptr = (char)STDIO_GetChar();
 116              		.loc 1 141 0
 117 000e FFF7FEFF 		bl	STDIO_GetChar
 118              	.LVL15:
 119 0012 C0B2     		uxtb	r0, r0
 120 0014 2870     		strb	r0, [r5]
 142:Generated_Source\PSoC6\pdl\utilities\retarget_io/retarget.c ****                 ++nChars;
 121              		.loc 1 142 0
 122 0016 0134     		adds	r4, r4, #1
 123              	.LVL16:
 143:Generated_Source\PSoC6\pdl\utilities\retarget_io/retarget.c ****                 if(*ptr == '\n')
 124              		.loc 1 143 0
 125 0018 0A28     		cmp	r0, #10
 126 001a 04D0     		beq	.L8
 139:Generated_Source\PSoC6\pdl\utilities\retarget_io/retarget.c ****             {
 127              		.loc 1 139 0
 128 001c 0135     		adds	r5, r5, #1
 129              	.LVL17:
 130 001e 00E0     		b	.L7
 131              	.LVL18:
 132              	.L10:
 133 0020 0024     		movs	r4, #0
 134              	.LVL19:
 135              	.L7:
 139:Generated_Source\PSoC6\pdl\utilities\retarget_io/retarget.c ****             {
 136              		.loc 1 139 0 is_stmt 0 discriminator 1
ARM GAS  C:\Users\codyg\AppData\Local\Temp\ccPslfEG.s 			page 6


 137 0022 B442     		cmp	r4, r6
 138 0024 F3DB     		blt	.L9
 139              	.LVL20:
 140              	.L8:
 144:Generated_Source\PSoC6\pdl\utilities\retarget_io/retarget.c ****                 {
 145:Generated_Source\PSoC6\pdl\utilities\retarget_io/retarget.c ****                     break;
 146:Generated_Source\PSoC6\pdl\utilities\retarget_io/retarget.c ****                 }
 147:Generated_Source\PSoC6\pdl\utilities\retarget_io/retarget.c ****             }
 148:Generated_Source\PSoC6\pdl\utilities\retarget_io/retarget.c ****         }
 149:Generated_Source\PSoC6\pdl\utilities\retarget_io/retarget.c ****         return (nChars);
 150:Generated_Source\PSoC6\pdl\utilities\retarget_io/retarget.c ****     }
 141              		.loc 1 150 0 is_stmt 1
 142 0026 2000     		movs	r0, r4
 143              		@ sp needed
 144              	.LVL21:
 145              	.LVL22:
 146              	.LVL23:
 147 0028 70BD     		pop	{r4, r5, r6, pc}
 148              		.cfi_endproc
 149              	.LFE609:
 150              		.size	_read, .-_read
 151 002a C046     		.text
 152              	.Letext0:
 153              		.file 2 "c:\\program files (x86)\\cypress\\psoc creator\\4.2\\psoc creator\\import\\gnu\\arm\\5.4.
 154              		.file 3 "c:\\program files (x86)\\cypress\\psoc creator\\4.2\\psoc creator\\import\\gnu\\arm\\5.4.
 155              		.file 4 "Generated_Source\\PSoC6\\pdl\\drivers/peripheral/rtc/cy_rtc.h"
 156              		.file 5 "Generated_Source\\PSoC6\\pdl\\drivers/peripheral/tcpwm/cy_tcpwm_counter.h"
 157              		.file 6 "Generated_Source\\PSoC6\\pdl\\drivers/peripheral/scb/cy_scb_spi.h"
 158              		.file 7 "Generated_Source\\PSoC6\\pdl\\drivers/peripheral/scb/cy_scb_uart.h"
 159              		.file 8 "Generated_Source\\PSoC6\\pdl\\drivers/peripheral/sar/cy_sar.h"
 160              		.file 9 "Generated_Source\\PSoC6/ADC.h"
 161              		.file 10 "Generated_Source\\PSoC6/CY_EINK_SPIM.h"
 162              		.file 11 "Generated_Source\\PSoC6/DEBUG_UART.h"
 163              		.file 12 "Generated_Source\\PSoC6/Counter_ms.h"
 164              		.file 13 "Generated_Source\\PSoC6/Timer_PPG.h"
 165              		.file 14 "Generated_Source\\PSoC6/Timer_IMU.h"
 166              		.file 15 "Generated_Source\\PSoC6/RTC.h"
 167              		.file 16 "./stdio_user.h"
 168              		.section	.debug_info,"",%progbits
 169              	.Ldebug_info0:
 170 0000 0B070000 		.4byte	0x70b
 171 0004 0400     		.2byte	0x4
 172 0006 00000000 		.4byte	.Ldebug_abbrev0
 173 000a 04       		.byte	0x4
 174 000b 01       		.uleb128 0x1
 175 000c 40010000 		.4byte	.LASF117
 176 0010 0C       		.byte	0xc
 177 0011 1F070000 		.4byte	.LASF118
 178 0015 AE060000 		.4byte	.LASF119
 179 0019 00000000 		.4byte	.Ldebug_ranges0+0
 180 001d 00000000 		.4byte	0
 181 0021 00000000 		.4byte	.Ldebug_line0
 182 0025 02       		.uleb128 0x2
 183 0026 01       		.byte	0x1
 184 0027 06       		.byte	0x6
 185 0028 26040000 		.4byte	.LASF0
 186 002c 03       		.uleb128 0x3
ARM GAS  C:\Users\codyg\AppData\Local\Temp\ccPslfEG.s 			page 7


 187 002d A7030000 		.4byte	.LASF5
 188 0031 02       		.byte	0x2
 189 0032 1D       		.byte	0x1d
 190 0033 37000000 		.4byte	0x37
 191 0037 02       		.uleb128 0x2
 192 0038 01       		.byte	0x1
 193 0039 08       		.byte	0x8
 194 003a F3030000 		.4byte	.LASF1
 195 003e 02       		.uleb128 0x2
 196 003f 02       		.byte	0x2
 197 0040 05       		.byte	0x5
 198 0041 E4000000 		.4byte	.LASF2
 199 0045 02       		.uleb128 0x2
 200 0046 02       		.byte	0x2
 201 0047 07       		.byte	0x7
 202 0048 A6040000 		.4byte	.LASF3
 203 004c 02       		.uleb128 0x2
 204 004d 04       		.byte	0x4
 205 004e 05       		.byte	0x5
 206 004f 90020000 		.4byte	.LASF4
 207 0053 03       		.uleb128 0x3
 208 0054 04020000 		.4byte	.LASF6
 209 0058 02       		.byte	0x2
 210 0059 41       		.byte	0x41
 211 005a 5E000000 		.4byte	0x5e
 212 005e 02       		.uleb128 0x2
 213 005f 04       		.byte	0x4
 214 0060 07       		.byte	0x7
 215 0061 75050000 		.4byte	.LASF7
 216 0065 02       		.uleb128 0x2
 217 0066 08       		.byte	0x8
 218 0067 05       		.byte	0x5
 219 0068 F6010000 		.4byte	.LASF8
 220 006c 02       		.uleb128 0x2
 221 006d 08       		.byte	0x8
 222 006e 07       		.byte	0x7
 223 006f 32040000 		.4byte	.LASF9
 224 0073 04       		.uleb128 0x4
 225 0074 04       		.byte	0x4
 226 0075 05       		.byte	0x5
 227 0076 696E7400 		.ascii	"int\000"
 228 007a 02       		.uleb128 0x2
 229 007b 04       		.byte	0x4
 230 007c 07       		.byte	0x7
 231 007d 52040000 		.4byte	.LASF10
 232 0081 02       		.uleb128 0x2
 233 0082 08       		.byte	0x8
 234 0083 04       		.byte	0x4
 235 0084 CF030000 		.4byte	.LASF11
 236 0088 05       		.uleb128 0x5
 237 0089 04       		.byte	0x4
 238 008a 02       		.uleb128 0x2
 239 008b 04       		.byte	0x4
 240 008c 07       		.byte	0x7
 241 008d FC000000 		.4byte	.LASF12
 242 0091 06       		.uleb128 0x6
 243 0092 04       		.byte	0x4
ARM GAS  C:\Users\codyg\AppData\Local\Temp\ccPslfEG.s 			page 8


 244 0093 97000000 		.4byte	0x97
 245 0097 02       		.uleb128 0x2
 246 0098 01       		.byte	0x1
 247 0099 08       		.byte	0x8
 248 009a D0040000 		.4byte	.LASF13
 249 009e 06       		.uleb128 0x6
 250 009f 04       		.byte	0x4
 251 00a0 A4000000 		.4byte	0xa4
 252 00a4 07       		.uleb128 0x7
 253 00a5 97000000 		.4byte	0x97
 254 00a9 03       		.uleb128 0x3
 255 00aa AF020000 		.4byte	.LASF14
 256 00ae 03       		.byte	0x3
 257 00af 18       		.byte	0x18
 258 00b0 2C000000 		.4byte	0x2c
 259 00b4 03       		.uleb128 0x3
 260 00b5 49040000 		.4byte	.LASF15
 261 00b9 03       		.byte	0x3
 262 00ba 30       		.byte	0x30
 263 00bb 53000000 		.4byte	0x53
 264 00bf 08       		.uleb128 0x8
 265 00c0 B4000000 		.4byte	0xb4
 266 00c4 02       		.uleb128 0x2
 267 00c5 04       		.byte	0x4
 268 00c6 04       		.byte	0x4
 269 00c7 30030000 		.4byte	.LASF16
 270 00cb 02       		.uleb128 0x2
 271 00cc 08       		.byte	0x8
 272 00cd 04       		.byte	0x4
 273 00ce 87050000 		.4byte	.LASF17
 274 00d2 02       		.uleb128 0x2
 275 00d3 01       		.byte	0x1
 276 00d4 02       		.byte	0x2
 277 00d5 19050000 		.4byte	.LASF18
 278 00d9 09       		.uleb128 0x9
 279 00da 01       		.byte	0x1
 280 00db 37000000 		.4byte	0x37
 281 00df 04       		.byte	0x4
 282 00e0 6A01     		.2byte	0x16a
 283 00e2 F3000000 		.4byte	0xf3
 284 00e6 0A       		.uleb128 0xa
 285 00e7 42050000 		.4byte	.LASF19
 286 00eb 00       		.byte	0
 287 00ec 0A       		.uleb128 0xa
 288 00ed CA050000 		.4byte	.LASF20
 289 00f1 01       		.byte	0x1
 290 00f2 00       		.byte	0
 291 00f3 0B       		.uleb128 0xb
 292 00f4 00000000 		.4byte	.LASF21
 293 00f8 04       		.byte	0x4
 294 00f9 6D01     		.2byte	0x16d
 295 00fb D9000000 		.4byte	0xd9
 296 00ff 0C       		.uleb128 0xc
 297 0100 18       		.byte	0x18
 298 0101 04       		.byte	0x4
 299 0102 CE01     		.2byte	0x1ce
 300 0104 57010000 		.4byte	0x157
ARM GAS  C:\Users\codyg\AppData\Local\Temp\ccPslfEG.s 			page 9


 301 0108 0D       		.uleb128 0xd
 302 0109 4C030000 		.4byte	.LASF22
 303 010d 04       		.byte	0x4
 304 010e D001     		.2byte	0x1d0
 305 0110 F3000000 		.4byte	0xf3
 306 0114 00       		.byte	0
 307 0115 0D       		.uleb128 0xd
 308 0116 CA030000 		.4byte	.LASF23
 309 011a 04       		.byte	0x4
 310 011b D301     		.2byte	0x1d3
 311 011d B4000000 		.4byte	0xb4
 312 0121 04       		.byte	0x4
 313 0122 0D       		.uleb128 0xd
 314 0123 73000000 		.4byte	.LASF24
 315 0127 04       		.byte	0x4
 316 0128 D501     		.2byte	0x1d5
 317 012a B4000000 		.4byte	0xb4
 318 012e 08       		.byte	0x8
 319 012f 0D       		.uleb128 0xd
 320 0130 99020000 		.4byte	.LASF25
 321 0134 04       		.byte	0x4
 322 0135 D801     		.2byte	0x1d8
 323 0137 B4000000 		.4byte	0xb4
 324 013b 0C       		.byte	0xc
 325 013c 0D       		.uleb128 0xd
 326 013d 00050000 		.4byte	.LASF26
 327 0141 04       		.byte	0x4
 328 0142 DC01     		.2byte	0x1dc
 329 0144 B4000000 		.4byte	0xb4
 330 0148 10       		.byte	0x10
 331 0149 0D       		.uleb128 0xd
 332 014a C4030000 		.4byte	.LASF27
 333 014e 04       		.byte	0x4
 334 014f E001     		.2byte	0x1e0
 335 0151 B4000000 		.4byte	0xb4
 336 0155 14       		.byte	0x14
 337 0156 00       		.byte	0
 338 0157 0B       		.uleb128 0xb
 339 0158 4F020000 		.4byte	.LASF28
 340 015c 04       		.byte	0x4
 341 015d E201     		.2byte	0x1e2
 342 015f FF000000 		.4byte	0xff
 343 0163 0C       		.uleb128 0xc
 344 0164 30       		.byte	0x30
 345 0165 04       		.byte	0x4
 346 0166 E501     		.2byte	0x1e5
 347 0168 87010000 		.4byte	0x187
 348 016c 0D       		.uleb128 0xd
 349 016d A5050000 		.4byte	.LASF29
 350 0171 04       		.byte	0x4
 351 0172 E701     		.2byte	0x1e7
 352 0174 57010000 		.4byte	0x157
 353 0178 00       		.byte	0
 354 0179 0D       		.uleb128 0xd
 355 017a 3F060000 		.4byte	.LASF30
 356 017e 04       		.byte	0x4
 357 017f E801     		.2byte	0x1e8
ARM GAS  C:\Users\codyg\AppData\Local\Temp\ccPslfEG.s 			page 10


 358 0181 57010000 		.4byte	0x157
 359 0185 18       		.byte	0x18
 360 0186 00       		.byte	0
 361 0187 0B       		.uleb128 0xb
 362 0188 7E000000 		.4byte	.LASF31
 363 018c 04       		.byte	0x4
 364 018d E901     		.2byte	0x1e9
 365 018f 63010000 		.4byte	0x163
 366 0193 0E       		.uleb128 0xe
 367 0194 AE050000 		.4byte	.LASF53
 368 0198 4C       		.byte	0x4c
 369 0199 05       		.byte	0x5
 370 019a 2B       		.byte	0x2b
 371 019b 84020000 		.4byte	0x284
 372 019f 0F       		.uleb128 0xf
 373 01a0 A0030000 		.4byte	.LASF32
 374 01a4 05       		.byte	0x5
 375 01a5 2D       		.byte	0x2d
 376 01a6 B4000000 		.4byte	0xb4
 377 01aa 00       		.byte	0
 378 01ab 0F       		.uleb128 0xf
 379 01ac 43000000 		.4byte	.LASF33
 380 01b0 05       		.byte	0x5
 381 01b1 2F       		.byte	0x2f
 382 01b2 B4000000 		.4byte	0xb4
 383 01b6 04       		.byte	0x4
 384 01b7 0F       		.uleb128 0xf
 385 01b8 5E030000 		.4byte	.LASF34
 386 01bc 05       		.byte	0x5
 387 01bd 30       		.byte	0x30
 388 01be B4000000 		.4byte	0xb4
 389 01c2 08       		.byte	0x8
 390 01c3 0F       		.uleb128 0xf
 391 01c4 30060000 		.4byte	.LASF35
 392 01c8 05       		.byte	0x5
 393 01c9 31       		.byte	0x31
 394 01ca B4000000 		.4byte	0xb4
 395 01ce 0C       		.byte	0xc
 396 01cf 0F       		.uleb128 0xf
 397 01d0 11030000 		.4byte	.LASF36
 398 01d4 05       		.byte	0x5
 399 01d5 33       		.byte	0x33
 400 01d6 B4000000 		.4byte	0xb4
 401 01da 10       		.byte	0x10
 402 01db 0F       		.uleb128 0xf
 403 01dc 61000000 		.4byte	.LASF37
 404 01e0 05       		.byte	0x5
 405 01e1 34       		.byte	0x34
 406 01e2 B4000000 		.4byte	0xb4
 407 01e6 14       		.byte	0x14
 408 01e7 0F       		.uleb128 0xf
 409 01e8 6A000000 		.4byte	.LASF38
 410 01ec 05       		.byte	0x5
 411 01ed 35       		.byte	0x35
 412 01ee B4000000 		.4byte	0xb4
 413 01f2 18       		.byte	0x18
 414 01f3 0F       		.uleb128 0xf
ARM GAS  C:\Users\codyg\AppData\Local\Temp\ccPslfEG.s 			page 11


 415 01f4 6F040000 		.4byte	.LASF39
 416 01f8 05       		.byte	0x5
 417 01f9 36       		.byte	0x36
 418 01fa D2000000 		.4byte	0xd2
 419 01fe 1C       		.byte	0x1c
 420 01ff 0F       		.uleb128 0xf
 421 0200 56050000 		.4byte	.LASF40
 422 0204 05       		.byte	0x5
 423 0205 38       		.byte	0x38
 424 0206 B4000000 		.4byte	0xb4
 425 020a 20       		.byte	0x20
 426 020b 0F       		.uleb128 0xf
 427 020c 31050000 		.4byte	.LASF41
 428 0210 05       		.byte	0x5
 429 0211 39       		.byte	0x39
 430 0212 B4000000 		.4byte	0xb4
 431 0216 24       		.byte	0x24
 432 0217 0F       		.uleb128 0xf
 433 0218 0F020000 		.4byte	.LASF42
 434 021c 05       		.byte	0x5
 435 021d 3B       		.byte	0x3b
 436 021e B4000000 		.4byte	0xb4
 437 0222 28       		.byte	0x28
 438 0223 0F       		.uleb128 0xf
 439 0224 3C030000 		.4byte	.LASF43
 440 0228 05       		.byte	0x5
 441 0229 3C       		.byte	0x3c
 442 022a B4000000 		.4byte	0xb4
 443 022e 2C       		.byte	0x2c
 444 022f 0F       		.uleb128 0xf
 445 0230 B9040000 		.4byte	.LASF44
 446 0234 05       		.byte	0x5
 447 0235 3E       		.byte	0x3e
 448 0236 B4000000 		.4byte	0xb4
 449 023a 30       		.byte	0x30
 450 023b 0F       		.uleb128 0xf
 451 023c DB030000 		.4byte	.LASF45
 452 0240 05       		.byte	0x5
 453 0241 3F       		.byte	0x3f
 454 0242 B4000000 		.4byte	0xb4
 455 0246 34       		.byte	0x34
 456 0247 0F       		.uleb128 0xf
 457 0248 ED050000 		.4byte	.LASF46
 458 024c 05       		.byte	0x5
 459 024d 41       		.byte	0x41
 460 024e B4000000 		.4byte	0xb4
 461 0252 38       		.byte	0x38
 462 0253 0F       		.uleb128 0xf
 463 0254 F8050000 		.4byte	.LASF47
 464 0258 05       		.byte	0x5
 465 0259 42       		.byte	0x42
 466 025a B4000000 		.4byte	0xb4
 467 025e 3C       		.byte	0x3c
 468 025f 0F       		.uleb128 0xf
 469 0260 B1030000 		.4byte	.LASF48
 470 0264 05       		.byte	0x5
 471 0265 44       		.byte	0x44
ARM GAS  C:\Users\codyg\AppData\Local\Temp\ccPslfEG.s 			page 12


 472 0266 B4000000 		.4byte	0xb4
 473 026a 40       		.byte	0x40
 474 026b 0F       		.uleb128 0xf
 475 026c 52000000 		.4byte	.LASF49
 476 0270 05       		.byte	0x5
 477 0271 45       		.byte	0x45
 478 0272 B4000000 		.4byte	0xb4
 479 0276 44       		.byte	0x44
 480 0277 0F       		.uleb128 0xf
 481 0278 A3060000 		.4byte	.LASF50
 482 027c 05       		.byte	0x5
 483 027d 47       		.byte	0x47
 484 027e B4000000 		.4byte	0xb4
 485 0282 48       		.byte	0x48
 486 0283 00       		.byte	0
 487 0284 03       		.uleb128 0x3
 488 0285 81040000 		.4byte	.LASF51
 489 0289 05       		.byte	0x5
 490 028a 48       		.byte	0x48
 491 028b 93010000 		.4byte	0x193
 492 028f 06       		.uleb128 0x6
 493 0290 04       		.byte	0x4
 494 0291 95020000 		.4byte	0x295
 495 0295 10       		.uleb128 0x10
 496 0296 A0020000 		.4byte	0x2a0
 497 029a 11       		.uleb128 0x11
 498 029b B4000000 		.4byte	0xb4
 499 029f 00       		.byte	0
 500 02a0 0B       		.uleb128 0xb
 501 02a1 D4020000 		.4byte	.LASF52
 502 02a5 06       		.byte	0x6
 503 02a6 BF01     		.2byte	0x1bf
 504 02a8 8F020000 		.4byte	0x28f
 505 02ac 12       		.uleb128 0x12
 506 02ad 8E050000 		.4byte	.LASF54
 507 02b1 24       		.byte	0x24
 508 02b2 06       		.byte	0x6
 509 02b3 4102     		.2byte	0x241
 510 02b5 2F030000 		.4byte	0x32f
 511 02b9 0D       		.uleb128 0xd
 512 02ba 9F040000 		.4byte	.LASF55
 513 02be 06       		.byte	0x6
 514 02bf 4402     		.2byte	0x244
 515 02c1 BF000000 		.4byte	0xbf
 516 02c5 00       		.byte	0
 517 02c6 0D       		.uleb128 0xd
 518 02c7 2B050000 		.4byte	.LASF56
 519 02cb 06       		.byte	0x6
 520 02cc 4602     		.2byte	0x246
 521 02ce 88000000 		.4byte	0x88
 522 02d2 04       		.byte	0x4
 523 02d3 0D       		.uleb128 0xd
 524 02d4 A0000000 		.4byte	.LASF57
 525 02d8 06       		.byte	0x6
 526 02d9 4702     		.2byte	0x247
 527 02db B4000000 		.4byte	0xb4
 528 02df 08       		.byte	0x8
ARM GAS  C:\Users\codyg\AppData\Local\Temp\ccPslfEG.s 			page 13


 529 02e0 0D       		.uleb128 0xd
 530 02e1 BB030000 		.4byte	.LASF58
 531 02e5 06       		.byte	0x6
 532 02e6 4802     		.2byte	0x248
 533 02e8 BF000000 		.4byte	0xbf
 534 02ec 0C       		.byte	0xc
 535 02ed 0D       		.uleb128 0xd
 536 02ee 36030000 		.4byte	.LASF59
 537 02f2 06       		.byte	0x6
 538 02f3 4A02     		.2byte	0x24a
 539 02f5 88000000 		.4byte	0x88
 540 02f9 10       		.byte	0x10
 541 02fa 0D       		.uleb128 0xd
 542 02fb 7F030000 		.4byte	.LASF60
 543 02ff 06       		.byte	0x6
 544 0300 4B02     		.2byte	0x24b
 545 0302 B4000000 		.4byte	0xb4
 546 0306 14       		.byte	0x14
 547 0307 0D       		.uleb128 0xd
 548 0308 97030000 		.4byte	.LASF61
 549 030c 06       		.byte	0x6
 550 030d 4C02     		.2byte	0x24c
 551 030f BF000000 		.4byte	0xbf
 552 0313 18       		.byte	0x18
 553 0314 0D       		.uleb128 0xd
 554 0315 DF040000 		.4byte	.LASF62
 555 0319 06       		.byte	0x6
 556 031a 5202     		.2byte	0x252
 557 031c A0020000 		.4byte	0x2a0
 558 0320 1C       		.byte	0x1c
 559 0321 0D       		.uleb128 0xd
 560 0322 77030000 		.4byte	.LASF63
 561 0326 06       		.byte	0x6
 562 0327 5502     		.2byte	0x255
 563 0329 B4000000 		.4byte	0xb4
 564 032d 20       		.byte	0x20
 565 032e 00       		.byte	0
 566 032f 0B       		.uleb128 0xb
 567 0330 D2010000 		.4byte	.LASF64
 568 0334 06       		.byte	0x6
 569 0335 5802     		.2byte	0x258
 570 0337 AC020000 		.4byte	0x2ac
 571 033b 0B       		.uleb128 0xb
 572 033c B7000000 		.4byte	.LASF65
 573 0340 07       		.byte	0x7
 574 0341 AB01     		.2byte	0x1ab
 575 0343 8F020000 		.4byte	0x28f
 576 0347 12       		.uleb128 0x12
 577 0348 1C010000 		.4byte	.LASF66
 578 034c 38       		.byte	0x38
 579 034d 07       		.byte	0x7
 580 034e 4702     		.2byte	0x247
 581 0350 0B040000 		.4byte	0x40b
 582 0354 0D       		.uleb128 0xd
 583 0355 1C020000 		.4byte	.LASF67
 584 0359 07       		.byte	0x7
 585 035a 4A02     		.2byte	0x24a
ARM GAS  C:\Users\codyg\AppData\Local\Temp\ccPslfEG.s 			page 14


 586 035c BF000000 		.4byte	0xbf
 587 0360 00       		.byte	0
 588 0361 0D       		.uleb128 0xd
 589 0362 EA030000 		.4byte	.LASF68
 590 0366 07       		.byte	0x7
 591 0367 4B02     		.2byte	0x24b
 592 0369 BF000000 		.4byte	0xbf
 593 036d 04       		.byte	0x4
 594 036e 0D       		.uleb128 0xd
 595 036f 01040000 		.4byte	.LASF69
 596 0373 07       		.byte	0x7
 597 0374 4D02     		.2byte	0x24d
 598 0376 88000000 		.4byte	0x88
 599 037a 08       		.byte	0x8
 600 037b 0D       		.uleb128 0xd
 601 037c D6000000 		.4byte	.LASF70
 602 0380 07       		.byte	0x7
 603 0381 4E02     		.2byte	0x24e
 604 0383 B4000000 		.4byte	0xb4
 605 0387 0C       		.byte	0xc
 606 0388 0D       		.uleb128 0xd
 607 0389 00070000 		.4byte	.LASF71
 608 038d 07       		.byte	0x7
 609 038e 4F02     		.2byte	0x24f
 610 0390 BF000000 		.4byte	0xbf
 611 0394 10       		.byte	0x10
 612 0395 0D       		.uleb128 0xd
 613 0396 75060000 		.4byte	.LASF72
 614 039a 07       		.byte	0x7
 615 039b 5002     		.2byte	0x250
 616 039d BF000000 		.4byte	0xbf
 617 03a1 14       		.byte	0x14
 618 03a2 0D       		.uleb128 0xd
 619 03a3 2B050000 		.4byte	.LASF56
 620 03a7 07       		.byte	0x7
 621 03a8 5202     		.2byte	0x252
 622 03aa 88000000 		.4byte	0x88
 623 03ae 18       		.byte	0x18
 624 03af 0D       		.uleb128 0xd
 625 03b0 A0000000 		.4byte	.LASF57
 626 03b4 07       		.byte	0x7
 627 03b5 5302     		.2byte	0x253
 628 03b7 B4000000 		.4byte	0xb4
 629 03bb 1C       		.byte	0x1c
 630 03bc 0D       		.uleb128 0xd
 631 03bd BB030000 		.4byte	.LASF58
 632 03c1 07       		.byte	0x7
 633 03c2 5402     		.2byte	0x254
 634 03c4 BF000000 		.4byte	0xbf
 635 03c8 20       		.byte	0x20
 636 03c9 0D       		.uleb128 0xd
 637 03ca 36030000 		.4byte	.LASF59
 638 03ce 07       		.byte	0x7
 639 03cf 5602     		.2byte	0x256
 640 03d1 88000000 		.4byte	0x88
 641 03d5 24       		.byte	0x24
 642 03d6 0D       		.uleb128 0xd
ARM GAS  C:\Users\codyg\AppData\Local\Temp\ccPslfEG.s 			page 15


 643 03d7 7F030000 		.4byte	.LASF60
 644 03db 07       		.byte	0x7
 645 03dc 5702     		.2byte	0x257
 646 03de B4000000 		.4byte	0xb4
 647 03e2 28       		.byte	0x28
 648 03e3 0D       		.uleb128 0xd
 649 03e4 1F060000 		.4byte	.LASF73
 650 03e8 07       		.byte	0x7
 651 03e9 5802     		.2byte	0x258
 652 03eb BF000000 		.4byte	0xbf
 653 03ef 2C       		.byte	0x2c
 654 03f0 0D       		.uleb128 0xd
 655 03f1 DF040000 		.4byte	.LASF62
 656 03f5 07       		.byte	0x7
 657 03f6 5D02     		.2byte	0x25d
 658 03f8 3B030000 		.4byte	0x33b
 659 03fc 30       		.byte	0x30
 660 03fd 0D       		.uleb128 0xd
 661 03fe 77030000 		.4byte	.LASF63
 662 0402 07       		.byte	0x7
 663 0403 6002     		.2byte	0x260
 664 0405 B4000000 		.4byte	0xb4
 665 0409 34       		.byte	0x34
 666 040a 00       		.byte	0
 667 040b 0B       		.uleb128 0xb
 668 040c 5B060000 		.4byte	.LASF74
 669 0410 07       		.byte	0x7
 670 0411 6302     		.2byte	0x263
 671 0413 47030000 		.4byte	0x347
 672 0417 09       		.uleb128 0x9
 673 0418 01       		.byte	0x1
 674 0419 37000000 		.4byte	0x37
 675 041d 08       		.byte	0x8
 676 041e 0504     		.2byte	0x405
 677 0420 3D040000 		.4byte	0x43d
 678 0424 0A       		.uleb128 0xa
 679 0425 F9020000 		.4byte	.LASF75
 680 0429 00       		.byte	0
 681 042a 0A       		.uleb128 0xa
 682 042b 06060000 		.4byte	.LASF76
 683 042f 01       		.byte	0x1
 684 0430 0A       		.uleb128 0xa
 685 0431 E8040000 		.4byte	.LASF77
 686 0435 02       		.byte	0x2
 687 0436 0A       		.uleb128 0xa
 688 0437 29000000 		.4byte	.LASF78
 689 043b 03       		.byte	0x3
 690 043c 00       		.byte	0
 691 043d 0B       		.uleb128 0xb
 692 043e 25020000 		.4byte	.LASF79
 693 0442 08       		.byte	0x8
 694 0443 0A04     		.2byte	0x40a
 695 0445 17040000 		.4byte	0x417
 696 0449 0C       		.uleb128 0xc
 697 044a 78       		.byte	0x78
 698 044b 08       		.byte	0x8
 699 044c F404     		.2byte	0x4f4
ARM GAS  C:\Users\codyg\AppData\Local\Temp\ccPslfEG.s 			page 16


 700 044e 16050000 		.4byte	0x516
 701 0452 0D       		.uleb128 0xd
 702 0453 5B070000 		.4byte	.LASF80
 703 0457 08       		.byte	0x8
 704 0458 F604     		.2byte	0x4f6
 705 045a B4000000 		.4byte	0xb4
 706 045e 00       		.byte	0
 707 045f 0D       		.uleb128 0xd
 708 0460 11010000 		.4byte	.LASF81
 709 0464 08       		.byte	0x8
 710 0465 F704     		.2byte	0x4f7
 711 0467 B4000000 		.4byte	0xb4
 712 046b 04       		.byte	0x4
 713 046c 0D       		.uleb128 0xd
 714 046d AA000000 		.4byte	.LASF82
 715 0471 08       		.byte	0x8
 716 0472 F804     		.2byte	0x4f8
 717 0474 B4000000 		.4byte	0xb4
 718 0478 08       		.byte	0x8
 719 0479 0D       		.uleb128 0xd
 720 047a 96060000 		.4byte	.LASF83
 721 047e 08       		.byte	0x8
 722 047f F904     		.2byte	0x4f9
 723 0481 B4000000 		.4byte	0xb4
 724 0485 0C       		.byte	0xc
 725 0486 0D       		.uleb128 0xd
 726 0487 EB010000 		.4byte	.LASF84
 727 048b 08       		.byte	0x8
 728 048c FA04     		.2byte	0x4fa
 729 048e B4000000 		.4byte	0xb4
 730 0492 10       		.byte	0x10
 731 0493 0D       		.uleb128 0xd
 732 0494 A5020000 		.4byte	.LASF85
 733 0498 08       		.byte	0x8
 734 0499 FB04     		.2byte	0x4fb
 735 049b 3D040000 		.4byte	0x43d
 736 049f 14       		.byte	0x14
 737 04a0 0D       		.uleb128 0xd
 738 04a1 83060000 		.4byte	.LASF86
 739 04a5 08       		.byte	0x8
 740 04a6 FC04     		.2byte	0x4fc
 741 04a8 B4000000 		.4byte	0xb4
 742 04ac 18       		.byte	0x18
 743 04ad 0D       		.uleb128 0xd
 744 04ae 53030000 		.4byte	.LASF87
 745 04b2 08       		.byte	0x8
 746 04b3 FD04     		.2byte	0x4fd
 747 04b5 16050000 		.4byte	0x516
 748 04b9 1C       		.byte	0x1c
 749 04ba 0D       		.uleb128 0xd
 750 04bb 60070000 		.4byte	.LASF88
 751 04bf 08       		.byte	0x8
 752 04c0 FE04     		.2byte	0x4fe
 753 04c2 B4000000 		.4byte	0xb4
 754 04c6 5C       		.byte	0x5c
 755 04c7 0D       		.uleb128 0xd
 756 04c8 05010000 		.4byte	.LASF89
ARM GAS  C:\Users\codyg\AppData\Local\Temp\ccPslfEG.s 			page 17


 757 04cc 08       		.byte	0x8
 758 04cd FF04     		.2byte	0x4ff
 759 04cf B4000000 		.4byte	0xb4
 760 04d3 60       		.byte	0x60
 761 04d4 0D       		.uleb128 0xd
 762 04d5 69070000 		.4byte	.LASF90
 763 04d9 08       		.byte	0x8
 764 04da 0005     		.2byte	0x500
 765 04dc B4000000 		.4byte	0xb4
 766 04e0 64       		.byte	0x64
 767 04e1 0D       		.uleb128 0xd
 768 04e2 D5040000 		.4byte	.LASF91
 769 04e6 08       		.byte	0x8
 770 04e7 0105     		.2byte	0x501
 771 04e9 B4000000 		.4byte	0xb4
 772 04ed 68       		.byte	0x68
 773 04ee 0D       		.uleb128 0xd
 774 04ef 5F040000 		.4byte	.LASF92
 775 04f3 08       		.byte	0x8
 776 04f4 0205     		.2byte	0x502
 777 04f6 B4000000 		.4byte	0xb4
 778 04fa 6C       		.byte	0x6c
 779 04fb 0D       		.uleb128 0xd
 780 04fc 22030000 		.4byte	.LASF93
 781 0500 08       		.byte	0x8
 782 0501 0305     		.2byte	0x503
 783 0503 D2000000 		.4byte	0xd2
 784 0507 70       		.byte	0x70
 785 0508 0D       		.uleb128 0xd
 786 0509 34010000 		.4byte	.LASF94
 787 050d 08       		.byte	0x8
 788 050e 0405     		.2byte	0x504
 789 0510 B4000000 		.4byte	0xb4
 790 0514 74       		.byte	0x74
 791 0515 00       		.byte	0
 792 0516 13       		.uleb128 0x13
 793 0517 B4000000 		.4byte	0xb4
 794 051b 26050000 		.4byte	0x526
 795 051f 14       		.uleb128 0x14
 796 0520 8A000000 		.4byte	0x8a
 797 0524 0F       		.byte	0xf
 798 0525 00       		.byte	0
 799 0526 0B       		.uleb128 0xb
 800 0527 47060000 		.4byte	.LASF95
 801 052b 08       		.byte	0x8
 802 052c 0505     		.2byte	0x505
 803 052e 49040000 		.4byte	0x449
 804 0532 07       		.uleb128 0x7
 805 0533 A9000000 		.4byte	0xa9
 806 0537 15       		.uleb128 0x15
 807 0538 14       		.byte	0x14
 808 0539 09       		.byte	0x9
 809 053a 3B       		.byte	0x3b
 810 053b 7C050000 		.4byte	0x57c
 811 053f 0F       		.uleb128 0xf
 812 0540 77070000 		.4byte	.LASF96
 813 0544 09       		.byte	0x9
ARM GAS  C:\Users\codyg\AppData\Local\Temp\ccPslfEG.s 			page 18


 814 0545 3D       		.byte	0x3d
 815 0546 B4000000 		.4byte	0xb4
 816 054a 00       		.byte	0
 817 054b 0F       		.uleb128 0xf
 818 054c 8A060000 		.4byte	.LASF97
 819 0550 09       		.byte	0x9
 820 0551 3E       		.byte	0x3e
 821 0552 B4000000 		.4byte	0xb4
 822 0556 04       		.byte	0x4
 823 0557 0F       		.uleb128 0xf
 824 0558 1F050000 		.4byte	.LASF98
 825 055c 09       		.byte	0x9
 826 055d 3F       		.byte	0x3f
 827 055e 7C050000 		.4byte	0x57c
 828 0562 08       		.byte	0x8
 829 0563 0F       		.uleb128 0xf
 830 0564 C5040000 		.4byte	.LASF99
 831 0568 09       		.byte	0x9
 832 0569 40       		.byte	0x40
 833 056a B4000000 		.4byte	0xb4
 834 056e 0C       		.byte	0xc
 835 056f 0F       		.uleb128 0xf
 836 0570 B7020000 		.4byte	.LASF100
 837 0574 09       		.byte	0x9
 838 0575 45       		.byte	0x45
 839 0576 B4000000 		.4byte	0xb4
 840 057a 10       		.byte	0x10
 841 057b 00       		.byte	0
 842 057c 06       		.uleb128 0x6
 843 057d 04       		.byte	0x4
 844 057e 82050000 		.4byte	0x582
 845 0582 07       		.uleb128 0x7
 846 0583 26050000 		.4byte	0x526
 847 0587 03       		.uleb128 0x3
 848 0588 C2020000 		.4byte	.LASF101
 849 058c 09       		.byte	0x9
 850 058d 48       		.byte	0x48
 851 058e 37050000 		.4byte	0x537
 852 0592 16       		.uleb128 0x16
 853 0593 F2020000 		.4byte	.LASF102
 854 0597 01       		.byte	0x1
 855 0598 4F       		.byte	0x4f
 856 0599 73000000 		.4byte	0x73
 857 059d 00000000 		.4byte	.LFB608
 858 05a1 24000000 		.4byte	.LFE608-.LFB608
 859 05a5 01       		.uleb128 0x1
 860 05a6 9C       		.byte	0x9c
 861 05a7 F0050000 		.4byte	0x5f0
 862 05ab 17       		.uleb128 0x17
 863 05ac 666400   		.ascii	"fd\000"
 864 05af 01       		.byte	0x1
 865 05b0 4F       		.byte	0x4f
 866 05b1 73000000 		.4byte	0x73
 867 05b5 00000000 		.4byte	.LLST0
 868 05b9 17       		.uleb128 0x17
 869 05ba 70747200 		.ascii	"ptr\000"
 870 05be 01       		.byte	0x1
ARM GAS  C:\Users\codyg\AppData\Local\Temp\ccPslfEG.s 			page 19


 871 05bf 4F       		.byte	0x4f
 872 05c0 9E000000 		.4byte	0x9e
 873 05c4 3A000000 		.4byte	.LLST1
 874 05c8 17       		.uleb128 0x17
 875 05c9 6C656E00 		.ascii	"len\000"
 876 05cd 01       		.byte	0x1
 877 05ce 4F       		.byte	0x4f
 878 05cf 73000000 		.4byte	0x73
 879 05d3 6E000000 		.4byte	.LLST2
 880 05d7 18       		.uleb128 0x18
 881 05d8 48020000 		.4byte	.LASF104
 882 05dc 01       		.byte	0x1
 883 05dd 51       		.byte	0x51
 884 05de 73000000 		.4byte	0x73
 885 05e2 B0000000 		.4byte	.LLST3
 886 05e6 19       		.uleb128 0x19
 887 05e7 14000000 		.4byte	.LVL3
 888 05eb F8060000 		.4byte	0x6f8
 889 05ef 00       		.byte	0
 890 05f0 16       		.uleb128 0x16
 891 05f1 0B040000 		.4byte	.LASF103
 892 05f5 01       		.byte	0x1
 893 05f6 85       		.byte	0x85
 894 05f7 73000000 		.4byte	0x73
 895 05fb 00000000 		.4byte	.LFB609
 896 05ff 2A000000 		.4byte	.LFE609-.LFB609
 897 0603 01       		.uleb128 0x1
 898 0604 9C       		.byte	0x9c
 899 0605 4E060000 		.4byte	0x64e
 900 0609 17       		.uleb128 0x17
 901 060a 666400   		.ascii	"fd\000"
 902 060d 01       		.byte	0x1
 903 060e 85       		.byte	0x85
 904 060f 73000000 		.4byte	0x73
 905 0613 F1000000 		.4byte	.LLST4
 906 0617 17       		.uleb128 0x17
 907 0618 70747200 		.ascii	"ptr\000"
 908 061c 01       		.byte	0x1
 909 061d 85       		.byte	0x85
 910 061e 91000000 		.4byte	0x91
 911 0622 2B010000 		.4byte	.LLST5
 912 0626 17       		.uleb128 0x17
 913 0627 6C656E00 		.ascii	"len\000"
 914 062b 01       		.byte	0x1
 915 062c 85       		.byte	0x85
 916 062d 73000000 		.4byte	0x73
 917 0631 5F010000 		.4byte	.LLST6
 918 0635 18       		.uleb128 0x18
 919 0636 48020000 		.4byte	.LASF104
 920 063a 01       		.byte	0x1
 921 063b 87       		.byte	0x87
 922 063c 73000000 		.4byte	0x73
 923 0640 A1010000 		.4byte	.LLST7
 924 0644 19       		.uleb128 0x19
 925 0645 12000000 		.4byte	.LVL15
 926 0649 03070000 		.4byte	0x703
 927 064d 00       		.byte	0
ARM GAS  C:\Users\codyg\AppData\Local\Temp\ccPslfEG.s 			page 20


 928 064e 13       		.uleb128 0x13
 929 064f 32050000 		.4byte	0x532
 930 0653 5E060000 		.4byte	0x65e
 931 0657 14       		.uleb128 0x14
 932 0658 8A000000 		.4byte	0x8a
 933 065c 0B       		.byte	0xb
 934 065d 00       		.byte	0
 935 065e 1A       		.uleb128 0x1a
 936 065f 7A020000 		.4byte	.LASF105
 937 0663 04       		.byte	0x4
 938 0664 FC02     		.2byte	0x2fc
 939 0666 6A060000 		.4byte	0x66a
 940 066a 07       		.uleb128 0x7
 941 066b 4E060000 		.4byte	0x64e
 942 066f 1B       		.uleb128 0x1b
 943 0670 11040000 		.4byte	.LASF106
 944 0674 0A       		.byte	0xa
 945 0675 5E       		.byte	0x5e
 946 0676 2F030000 		.4byte	0x32f
 947 067a 1A       		.uleb128 0x1a
 948 067b 17000000 		.4byte	.LASF107
 949 067f 09       		.byte	0x9
 950 0680 6001     		.2byte	0x160
 951 0682 B4000000 		.4byte	0xb4
 952 0686 13       		.uleb128 0x13
 953 0687 96060000 		.4byte	0x696
 954 068b 96060000 		.4byte	0x696
 955 068f 14       		.uleb128 0x14
 956 0690 8A000000 		.4byte	0x8a
 957 0694 00       		.byte	0
 958 0695 00       		.byte	0
 959 0696 07       		.uleb128 0x7
 960 0697 87050000 		.4byte	0x587
 961 069b 1A       		.uleb128 0x1a
 962 069c 0A050000 		.4byte	.LASF108
 963 06a0 09       		.byte	0x9
 964 06a1 6401     		.2byte	0x164
 965 06a3 A7060000 		.4byte	0x6a7
 966 06a7 07       		.uleb128 0x7
 967 06a8 86060000 		.4byte	0x686
 968 06ac 1B       		.uleb128 0x1b
 969 06ad 67020000 		.4byte	.LASF109
 970 06b1 0B       		.byte	0xb
 971 06b2 87       		.byte	0x87
 972 06b3 0B040000 		.4byte	0x40b
 973 06b7 1B       		.uleb128 0x1b
 974 06b8 DB050000 		.4byte	.LASF110
 975 06bc 0C       		.byte	0xc
 976 06bd 1F       		.byte	0x1f
 977 06be C2060000 		.4byte	0x6c2
 978 06c2 07       		.uleb128 0x7
 979 06c3 84020000 		.4byte	0x284
 980 06c7 1B       		.uleb128 0x1b
 981 06c8 8F000000 		.4byte	.LASF111
 982 06cc 0D       		.byte	0xd
 983 06cd 1F       		.byte	0x1f
 984 06ce C2060000 		.4byte	0x6c2
ARM GAS  C:\Users\codyg\AppData\Local\Temp\ccPslfEG.s 			page 21


 985 06d2 1B       		.uleb128 0x1b
 986 06d3 0E070000 		.4byte	.LASF112
 987 06d7 0E       		.byte	0xe
 988 06d8 1F       		.byte	0x1f
 989 06d9 C2060000 		.4byte	0x6c2
 990 06dd 1B       		.uleb128 0x1b
 991 06de 66030000 		.4byte	.LASF113
 992 06e2 0F       		.byte	0xf
 993 06e3 7C       		.byte	0x7c
 994 06e4 D2000000 		.4byte	0xd2
 995 06e8 1B       		.uleb128 0x1b
 996 06e9 67050000 		.4byte	.LASF114
 997 06ed 0F       		.byte	0xf
 998 06ee 7D       		.byte	0x7d
 999 06ef F3060000 		.4byte	0x6f3
 1000 06f3 07       		.uleb128 0x7
 1001 06f4 87010000 		.4byte	0x187
 1002 06f8 1C       		.uleb128 0x1c
 1003 06f9 89030000 		.4byte	.LASF115
 1004 06fd 89030000 		.4byte	.LASF115
 1005 0701 10       		.byte	0x10
 1006 0702 9E       		.byte	0x9e
 1007 0703 1C       		.uleb128 0x1c
 1008 0704 EE000000 		.4byte	.LASF116
 1009 0708 EE000000 		.4byte	.LASF116
 1010 070c 10       		.byte	0x10
 1011 070d A2       		.byte	0xa2
 1012 070e 00       		.byte	0
 1013              		.section	.debug_abbrev,"",%progbits
 1014              	.Ldebug_abbrev0:
 1015 0000 01       		.uleb128 0x1
 1016 0001 11       		.uleb128 0x11
 1017 0002 01       		.byte	0x1
 1018 0003 25       		.uleb128 0x25
 1019 0004 0E       		.uleb128 0xe
 1020 0005 13       		.uleb128 0x13
 1021 0006 0B       		.uleb128 0xb
 1022 0007 03       		.uleb128 0x3
 1023 0008 0E       		.uleb128 0xe
 1024 0009 1B       		.uleb128 0x1b
 1025 000a 0E       		.uleb128 0xe
 1026 000b 55       		.uleb128 0x55
 1027 000c 17       		.uleb128 0x17
 1028 000d 11       		.uleb128 0x11
 1029 000e 01       		.uleb128 0x1
 1030 000f 10       		.uleb128 0x10
 1031 0010 17       		.uleb128 0x17
 1032 0011 00       		.byte	0
 1033 0012 00       		.byte	0
 1034 0013 02       		.uleb128 0x2
 1035 0014 24       		.uleb128 0x24
 1036 0015 00       		.byte	0
 1037 0016 0B       		.uleb128 0xb
 1038 0017 0B       		.uleb128 0xb
 1039 0018 3E       		.uleb128 0x3e
 1040 0019 0B       		.uleb128 0xb
 1041 001a 03       		.uleb128 0x3
ARM GAS  C:\Users\codyg\AppData\Local\Temp\ccPslfEG.s 			page 22


 1042 001b 0E       		.uleb128 0xe
 1043 001c 00       		.byte	0
 1044 001d 00       		.byte	0
 1045 001e 03       		.uleb128 0x3
 1046 001f 16       		.uleb128 0x16
 1047 0020 00       		.byte	0
 1048 0021 03       		.uleb128 0x3
 1049 0022 0E       		.uleb128 0xe
 1050 0023 3A       		.uleb128 0x3a
 1051 0024 0B       		.uleb128 0xb
 1052 0025 3B       		.uleb128 0x3b
 1053 0026 0B       		.uleb128 0xb
 1054 0027 49       		.uleb128 0x49
 1055 0028 13       		.uleb128 0x13
 1056 0029 00       		.byte	0
 1057 002a 00       		.byte	0
 1058 002b 04       		.uleb128 0x4
 1059 002c 24       		.uleb128 0x24
 1060 002d 00       		.byte	0
 1061 002e 0B       		.uleb128 0xb
 1062 002f 0B       		.uleb128 0xb
 1063 0030 3E       		.uleb128 0x3e
 1064 0031 0B       		.uleb128 0xb
 1065 0032 03       		.uleb128 0x3
 1066 0033 08       		.uleb128 0x8
 1067 0034 00       		.byte	0
 1068 0035 00       		.byte	0
 1069 0036 05       		.uleb128 0x5
 1070 0037 0F       		.uleb128 0xf
 1071 0038 00       		.byte	0
 1072 0039 0B       		.uleb128 0xb
 1073 003a 0B       		.uleb128 0xb
 1074 003b 00       		.byte	0
 1075 003c 00       		.byte	0
 1076 003d 06       		.uleb128 0x6
 1077 003e 0F       		.uleb128 0xf
 1078 003f 00       		.byte	0
 1079 0040 0B       		.uleb128 0xb
 1080 0041 0B       		.uleb128 0xb
 1081 0042 49       		.uleb128 0x49
 1082 0043 13       		.uleb128 0x13
 1083 0044 00       		.byte	0
 1084 0045 00       		.byte	0
 1085 0046 07       		.uleb128 0x7
 1086 0047 26       		.uleb128 0x26
 1087 0048 00       		.byte	0
 1088 0049 49       		.uleb128 0x49
 1089 004a 13       		.uleb128 0x13
 1090 004b 00       		.byte	0
 1091 004c 00       		.byte	0
 1092 004d 08       		.uleb128 0x8
 1093 004e 35       		.uleb128 0x35
 1094 004f 00       		.byte	0
 1095 0050 49       		.uleb128 0x49
 1096 0051 13       		.uleb128 0x13
 1097 0052 00       		.byte	0
 1098 0053 00       		.byte	0
ARM GAS  C:\Users\codyg\AppData\Local\Temp\ccPslfEG.s 			page 23


 1099 0054 09       		.uleb128 0x9
 1100 0055 04       		.uleb128 0x4
 1101 0056 01       		.byte	0x1
 1102 0057 0B       		.uleb128 0xb
 1103 0058 0B       		.uleb128 0xb
 1104 0059 49       		.uleb128 0x49
 1105 005a 13       		.uleb128 0x13
 1106 005b 3A       		.uleb128 0x3a
 1107 005c 0B       		.uleb128 0xb
 1108 005d 3B       		.uleb128 0x3b
 1109 005e 05       		.uleb128 0x5
 1110 005f 01       		.uleb128 0x1
 1111 0060 13       		.uleb128 0x13
 1112 0061 00       		.byte	0
 1113 0062 00       		.byte	0
 1114 0063 0A       		.uleb128 0xa
 1115 0064 28       		.uleb128 0x28
 1116 0065 00       		.byte	0
 1117 0066 03       		.uleb128 0x3
 1118 0067 0E       		.uleb128 0xe
 1119 0068 1C       		.uleb128 0x1c
 1120 0069 0B       		.uleb128 0xb
 1121 006a 00       		.byte	0
 1122 006b 00       		.byte	0
 1123 006c 0B       		.uleb128 0xb
 1124 006d 16       		.uleb128 0x16
 1125 006e 00       		.byte	0
 1126 006f 03       		.uleb128 0x3
 1127 0070 0E       		.uleb128 0xe
 1128 0071 3A       		.uleb128 0x3a
 1129 0072 0B       		.uleb128 0xb
 1130 0073 3B       		.uleb128 0x3b
 1131 0074 05       		.uleb128 0x5
 1132 0075 49       		.uleb128 0x49
 1133 0076 13       		.uleb128 0x13
 1134 0077 00       		.byte	0
 1135 0078 00       		.byte	0
 1136 0079 0C       		.uleb128 0xc
 1137 007a 13       		.uleb128 0x13
 1138 007b 01       		.byte	0x1
 1139 007c 0B       		.uleb128 0xb
 1140 007d 0B       		.uleb128 0xb
 1141 007e 3A       		.uleb128 0x3a
 1142 007f 0B       		.uleb128 0xb
 1143 0080 3B       		.uleb128 0x3b
 1144 0081 05       		.uleb128 0x5
 1145 0082 01       		.uleb128 0x1
 1146 0083 13       		.uleb128 0x13
 1147 0084 00       		.byte	0
 1148 0085 00       		.byte	0
 1149 0086 0D       		.uleb128 0xd
 1150 0087 0D       		.uleb128 0xd
 1151 0088 00       		.byte	0
 1152 0089 03       		.uleb128 0x3
 1153 008a 0E       		.uleb128 0xe
 1154 008b 3A       		.uleb128 0x3a
 1155 008c 0B       		.uleb128 0xb
ARM GAS  C:\Users\codyg\AppData\Local\Temp\ccPslfEG.s 			page 24


 1156 008d 3B       		.uleb128 0x3b
 1157 008e 05       		.uleb128 0x5
 1158 008f 49       		.uleb128 0x49
 1159 0090 13       		.uleb128 0x13
 1160 0091 38       		.uleb128 0x38
 1161 0092 0B       		.uleb128 0xb
 1162 0093 00       		.byte	0
 1163 0094 00       		.byte	0
 1164 0095 0E       		.uleb128 0xe
 1165 0096 13       		.uleb128 0x13
 1166 0097 01       		.byte	0x1
 1167 0098 03       		.uleb128 0x3
 1168 0099 0E       		.uleb128 0xe
 1169 009a 0B       		.uleb128 0xb
 1170 009b 0B       		.uleb128 0xb
 1171 009c 3A       		.uleb128 0x3a
 1172 009d 0B       		.uleb128 0xb
 1173 009e 3B       		.uleb128 0x3b
 1174 009f 0B       		.uleb128 0xb
 1175 00a0 01       		.uleb128 0x1
 1176 00a1 13       		.uleb128 0x13
 1177 00a2 00       		.byte	0
 1178 00a3 00       		.byte	0
 1179 00a4 0F       		.uleb128 0xf
 1180 00a5 0D       		.uleb128 0xd
 1181 00a6 00       		.byte	0
 1182 00a7 03       		.uleb128 0x3
 1183 00a8 0E       		.uleb128 0xe
 1184 00a9 3A       		.uleb128 0x3a
 1185 00aa 0B       		.uleb128 0xb
 1186 00ab 3B       		.uleb128 0x3b
 1187 00ac 0B       		.uleb128 0xb
 1188 00ad 49       		.uleb128 0x49
 1189 00ae 13       		.uleb128 0x13
 1190 00af 38       		.uleb128 0x38
 1191 00b0 0B       		.uleb128 0xb
 1192 00b1 00       		.byte	0
 1193 00b2 00       		.byte	0
 1194 00b3 10       		.uleb128 0x10
 1195 00b4 15       		.uleb128 0x15
 1196 00b5 01       		.byte	0x1
 1197 00b6 27       		.uleb128 0x27
 1198 00b7 19       		.uleb128 0x19
 1199 00b8 01       		.uleb128 0x1
 1200 00b9 13       		.uleb128 0x13
 1201 00ba 00       		.byte	0
 1202 00bb 00       		.byte	0
 1203 00bc 11       		.uleb128 0x11
 1204 00bd 05       		.uleb128 0x5
 1205 00be 00       		.byte	0
 1206 00bf 49       		.uleb128 0x49
 1207 00c0 13       		.uleb128 0x13
 1208 00c1 00       		.byte	0
 1209 00c2 00       		.byte	0
 1210 00c3 12       		.uleb128 0x12
 1211 00c4 13       		.uleb128 0x13
 1212 00c5 01       		.byte	0x1
ARM GAS  C:\Users\codyg\AppData\Local\Temp\ccPslfEG.s 			page 25


 1213 00c6 03       		.uleb128 0x3
 1214 00c7 0E       		.uleb128 0xe
 1215 00c8 0B       		.uleb128 0xb
 1216 00c9 0B       		.uleb128 0xb
 1217 00ca 3A       		.uleb128 0x3a
 1218 00cb 0B       		.uleb128 0xb
 1219 00cc 3B       		.uleb128 0x3b
 1220 00cd 05       		.uleb128 0x5
 1221 00ce 01       		.uleb128 0x1
 1222 00cf 13       		.uleb128 0x13
 1223 00d0 00       		.byte	0
 1224 00d1 00       		.byte	0
 1225 00d2 13       		.uleb128 0x13
 1226 00d3 01       		.uleb128 0x1
 1227 00d4 01       		.byte	0x1
 1228 00d5 49       		.uleb128 0x49
 1229 00d6 13       		.uleb128 0x13
 1230 00d7 01       		.uleb128 0x1
 1231 00d8 13       		.uleb128 0x13
 1232 00d9 00       		.byte	0
 1233 00da 00       		.byte	0
 1234 00db 14       		.uleb128 0x14
 1235 00dc 21       		.uleb128 0x21
 1236 00dd 00       		.byte	0
 1237 00de 49       		.uleb128 0x49
 1238 00df 13       		.uleb128 0x13
 1239 00e0 2F       		.uleb128 0x2f
 1240 00e1 0B       		.uleb128 0xb
 1241 00e2 00       		.byte	0
 1242 00e3 00       		.byte	0
 1243 00e4 15       		.uleb128 0x15
 1244 00e5 13       		.uleb128 0x13
 1245 00e6 01       		.byte	0x1
 1246 00e7 0B       		.uleb128 0xb
 1247 00e8 0B       		.uleb128 0xb
 1248 00e9 3A       		.uleb128 0x3a
 1249 00ea 0B       		.uleb128 0xb
 1250 00eb 3B       		.uleb128 0x3b
 1251 00ec 0B       		.uleb128 0xb
 1252 00ed 01       		.uleb128 0x1
 1253 00ee 13       		.uleb128 0x13
 1254 00ef 00       		.byte	0
 1255 00f0 00       		.byte	0
 1256 00f1 16       		.uleb128 0x16
 1257 00f2 2E       		.uleb128 0x2e
 1258 00f3 01       		.byte	0x1
 1259 00f4 3F       		.uleb128 0x3f
 1260 00f5 19       		.uleb128 0x19
 1261 00f6 03       		.uleb128 0x3
 1262 00f7 0E       		.uleb128 0xe
 1263 00f8 3A       		.uleb128 0x3a
 1264 00f9 0B       		.uleb128 0xb
 1265 00fa 3B       		.uleb128 0x3b
 1266 00fb 0B       		.uleb128 0xb
 1267 00fc 27       		.uleb128 0x27
 1268 00fd 19       		.uleb128 0x19
 1269 00fe 49       		.uleb128 0x49
ARM GAS  C:\Users\codyg\AppData\Local\Temp\ccPslfEG.s 			page 26


 1270 00ff 13       		.uleb128 0x13
 1271 0100 11       		.uleb128 0x11
 1272 0101 01       		.uleb128 0x1
 1273 0102 12       		.uleb128 0x12
 1274 0103 06       		.uleb128 0x6
 1275 0104 40       		.uleb128 0x40
 1276 0105 18       		.uleb128 0x18
 1277 0106 9742     		.uleb128 0x2117
 1278 0108 19       		.uleb128 0x19
 1279 0109 01       		.uleb128 0x1
 1280 010a 13       		.uleb128 0x13
 1281 010b 00       		.byte	0
 1282 010c 00       		.byte	0
 1283 010d 17       		.uleb128 0x17
 1284 010e 05       		.uleb128 0x5
 1285 010f 00       		.byte	0
 1286 0110 03       		.uleb128 0x3
 1287 0111 08       		.uleb128 0x8
 1288 0112 3A       		.uleb128 0x3a
 1289 0113 0B       		.uleb128 0xb
 1290 0114 3B       		.uleb128 0x3b
 1291 0115 0B       		.uleb128 0xb
 1292 0116 49       		.uleb128 0x49
 1293 0117 13       		.uleb128 0x13
 1294 0118 02       		.uleb128 0x2
 1295 0119 17       		.uleb128 0x17
 1296 011a 00       		.byte	0
 1297 011b 00       		.byte	0
 1298 011c 18       		.uleb128 0x18
 1299 011d 34       		.uleb128 0x34
 1300 011e 00       		.byte	0
 1301 011f 03       		.uleb128 0x3
 1302 0120 0E       		.uleb128 0xe
 1303 0121 3A       		.uleb128 0x3a
 1304 0122 0B       		.uleb128 0xb
 1305 0123 3B       		.uleb128 0x3b
 1306 0124 0B       		.uleb128 0xb
 1307 0125 49       		.uleb128 0x49
 1308 0126 13       		.uleb128 0x13
 1309 0127 02       		.uleb128 0x2
 1310 0128 17       		.uleb128 0x17
 1311 0129 00       		.byte	0
 1312 012a 00       		.byte	0
 1313 012b 19       		.uleb128 0x19
 1314 012c 898201   		.uleb128 0x4109
 1315 012f 00       		.byte	0
 1316 0130 11       		.uleb128 0x11
 1317 0131 01       		.uleb128 0x1
 1318 0132 31       		.uleb128 0x31
 1319 0133 13       		.uleb128 0x13
 1320 0134 00       		.byte	0
 1321 0135 00       		.byte	0
 1322 0136 1A       		.uleb128 0x1a
 1323 0137 34       		.uleb128 0x34
 1324 0138 00       		.byte	0
 1325 0139 03       		.uleb128 0x3
 1326 013a 0E       		.uleb128 0xe
ARM GAS  C:\Users\codyg\AppData\Local\Temp\ccPslfEG.s 			page 27


 1327 013b 3A       		.uleb128 0x3a
 1328 013c 0B       		.uleb128 0xb
 1329 013d 3B       		.uleb128 0x3b
 1330 013e 05       		.uleb128 0x5
 1331 013f 49       		.uleb128 0x49
 1332 0140 13       		.uleb128 0x13
 1333 0141 3F       		.uleb128 0x3f
 1334 0142 19       		.uleb128 0x19
 1335 0143 3C       		.uleb128 0x3c
 1336 0144 19       		.uleb128 0x19
 1337 0145 00       		.byte	0
 1338 0146 00       		.byte	0
 1339 0147 1B       		.uleb128 0x1b
 1340 0148 34       		.uleb128 0x34
 1341 0149 00       		.byte	0
 1342 014a 03       		.uleb128 0x3
 1343 014b 0E       		.uleb128 0xe
 1344 014c 3A       		.uleb128 0x3a
 1345 014d 0B       		.uleb128 0xb
 1346 014e 3B       		.uleb128 0x3b
 1347 014f 0B       		.uleb128 0xb
 1348 0150 49       		.uleb128 0x49
 1349 0151 13       		.uleb128 0x13
 1350 0152 3F       		.uleb128 0x3f
 1351 0153 19       		.uleb128 0x19
 1352 0154 3C       		.uleb128 0x3c
 1353 0155 19       		.uleb128 0x19
 1354 0156 00       		.byte	0
 1355 0157 00       		.byte	0
 1356 0158 1C       		.uleb128 0x1c
 1357 0159 2E       		.uleb128 0x2e
 1358 015a 00       		.byte	0
 1359 015b 3F       		.uleb128 0x3f
 1360 015c 19       		.uleb128 0x19
 1361 015d 3C       		.uleb128 0x3c
 1362 015e 19       		.uleb128 0x19
 1363 015f 6E       		.uleb128 0x6e
 1364 0160 0E       		.uleb128 0xe
 1365 0161 03       		.uleb128 0x3
 1366 0162 0E       		.uleb128 0xe
 1367 0163 3A       		.uleb128 0x3a
 1368 0164 0B       		.uleb128 0xb
 1369 0165 3B       		.uleb128 0x3b
 1370 0166 0B       		.uleb128 0xb
 1371 0167 00       		.byte	0
 1372 0168 00       		.byte	0
 1373 0169 00       		.byte	0
 1374              		.section	.debug_loc,"",%progbits
 1375              	.Ldebug_loc0:
 1376              	.LLST0:
 1377 0000 00000000 		.4byte	.LVL0
 1378 0004 0E000000 		.4byte	.LVL2
 1379 0008 0100     		.2byte	0x1
 1380 000a 50       		.byte	0x50
 1381 000b 0E000000 		.4byte	.LVL2
 1382 000f 1A000000 		.4byte	.LVL6
 1383 0013 0400     		.2byte	0x4
ARM GAS  C:\Users\codyg\AppData\Local\Temp\ccPslfEG.s 			page 28


 1384 0015 F3       		.byte	0xf3
 1385 0016 01       		.uleb128 0x1
 1386 0017 50       		.byte	0x50
 1387 0018 9F       		.byte	0x9f
 1388 0019 1A000000 		.4byte	.LVL6
 1389 001d 1C000000 		.4byte	.LVL7
 1390 0021 0100     		.2byte	0x1
 1391 0023 50       		.byte	0x50
 1392 0024 1C000000 		.4byte	.LVL7
 1393 0028 24000000 		.4byte	.LFE608
 1394 002c 0400     		.2byte	0x4
 1395 002e F3       		.byte	0xf3
 1396 002f 01       		.uleb128 0x1
 1397 0030 50       		.byte	0x50
 1398 0031 9F       		.byte	0x9f
 1399 0032 00000000 		.4byte	0
 1400 0036 00000000 		.4byte	0
 1401              	.LLST1:
 1402 003a 00000000 		.4byte	.LVL0
 1403 003e 0E000000 		.4byte	.LVL2
 1404 0042 0100     		.2byte	0x1
 1405 0044 51       		.byte	0x51
 1406 0045 0E000000 		.4byte	.LVL2
 1407 0049 1A000000 		.4byte	.LVL6
 1408 004d 0100     		.2byte	0x1
 1409 004f 55       		.byte	0x55
 1410 0050 1A000000 		.4byte	.LVL6
 1411 0054 1C000000 		.4byte	.LVL7
 1412 0058 0100     		.2byte	0x1
 1413 005a 51       		.byte	0x51
 1414 005b 1C000000 		.4byte	.LVL7
 1415 005f 22000000 		.4byte	.LVL10
 1416 0063 0100     		.2byte	0x1
 1417 0065 55       		.byte	0x55
 1418 0066 00000000 		.4byte	0
 1419 006a 00000000 		.4byte	0
 1420              	.LLST2:
 1421 006e 00000000 		.4byte	.LVL0
 1422 0072 0E000000 		.4byte	.LVL2
 1423 0076 0100     		.2byte	0x1
 1424 0078 52       		.byte	0x52
 1425 0079 0E000000 		.4byte	.LVL2
 1426 007d 1A000000 		.4byte	.LVL6
 1427 0081 0100     		.2byte	0x1
 1428 0083 56       		.byte	0x56
 1429 0084 1A000000 		.4byte	.LVL6
 1430 0088 1C000000 		.4byte	.LVL7
 1431 008c 0100     		.2byte	0x1
 1432 008e 52       		.byte	0x52
 1433 008f 1C000000 		.4byte	.LVL7
 1434 0093 22000000 		.4byte	.LVL11
 1435 0097 0100     		.2byte	0x1
 1436 0099 56       		.byte	0x56
 1437 009a 22000000 		.4byte	.LVL11
 1438 009e 24000000 		.4byte	.LFE608
 1439 00a2 0400     		.2byte	0x4
 1440 00a4 F3       		.byte	0xf3
ARM GAS  C:\Users\codyg\AppData\Local\Temp\ccPslfEG.s 			page 29


 1441 00a5 01       		.uleb128 0x1
 1442 00a6 52       		.byte	0x52
 1443 00a7 9F       		.byte	0x9f
 1444 00a8 00000000 		.4byte	0
 1445 00ac 00000000 		.4byte	0
 1446              	.LLST3:
 1447 00b0 06000000 		.4byte	.LVL1
 1448 00b4 0E000000 		.4byte	.LVL2
 1449 00b8 0200     		.2byte	0x2
 1450 00ba 30       		.byte	0x30
 1451 00bb 9F       		.byte	0x9f
 1452 00bc 0E000000 		.4byte	.LVL2
 1453 00c0 1A000000 		.4byte	.LVL6
 1454 00c4 0100     		.2byte	0x1
 1455 00c6 54       		.byte	0x54
 1456 00c7 1A000000 		.4byte	.LVL6
 1457 00cb 1C000000 		.4byte	.LVL7
 1458 00cf 0200     		.2byte	0x2
 1459 00d1 30       		.byte	0x30
 1460 00d2 9F       		.byte	0x9f
 1461 00d3 1C000000 		.4byte	.LVL7
 1462 00d7 22000000 		.4byte	.LVL9
 1463 00db 0100     		.2byte	0x1
 1464 00dd 54       		.byte	0x54
 1465 00de 22000000 		.4byte	.LVL9
 1466 00e2 24000000 		.4byte	.LFE608
 1467 00e6 0100     		.2byte	0x1
 1468 00e8 50       		.byte	0x50
 1469 00e9 00000000 		.4byte	0
 1470 00ed 00000000 		.4byte	0
 1471              	.LLST4:
 1472 00f1 00000000 		.4byte	.LVL12
 1473 00f5 0E000000 		.4byte	.LVL14
 1474 00f9 0100     		.2byte	0x1
 1475 00fb 50       		.byte	0x50
 1476 00fc 0E000000 		.4byte	.LVL14
 1477 0100 20000000 		.4byte	.LVL18
 1478 0104 0400     		.2byte	0x4
 1479 0106 F3       		.byte	0xf3
 1480 0107 01       		.uleb128 0x1
 1481 0108 50       		.byte	0x50
 1482 0109 9F       		.byte	0x9f
 1483 010a 20000000 		.4byte	.LVL18
 1484 010e 22000000 		.4byte	.LVL19
 1485 0112 0100     		.2byte	0x1
 1486 0114 50       		.byte	0x50
 1487 0115 22000000 		.4byte	.LVL19
 1488 0119 2A000000 		.4byte	.LFE609
 1489 011d 0400     		.2byte	0x4
 1490 011f F3       		.byte	0xf3
 1491 0120 01       		.uleb128 0x1
 1492 0121 50       		.byte	0x50
 1493 0122 9F       		.byte	0x9f
 1494 0123 00000000 		.4byte	0
 1495 0127 00000000 		.4byte	0
 1496              	.LLST5:
 1497 012b 00000000 		.4byte	.LVL12
ARM GAS  C:\Users\codyg\AppData\Local\Temp\ccPslfEG.s 			page 30


 1498 012f 0E000000 		.4byte	.LVL14
 1499 0133 0100     		.2byte	0x1
 1500 0135 51       		.byte	0x51
 1501 0136 0E000000 		.4byte	.LVL14
 1502 013a 20000000 		.4byte	.LVL18
 1503 013e 0100     		.2byte	0x1
 1504 0140 55       		.byte	0x55
 1505 0141 20000000 		.4byte	.LVL18
 1506 0145 22000000 		.4byte	.LVL19
 1507 0149 0100     		.2byte	0x1
 1508 014b 51       		.byte	0x51
 1509 014c 22000000 		.4byte	.LVL19
 1510 0150 28000000 		.4byte	.LVL22
 1511 0154 0100     		.2byte	0x1
 1512 0156 55       		.byte	0x55
 1513 0157 00000000 		.4byte	0
 1514 015b 00000000 		.4byte	0
 1515              	.LLST6:
 1516 015f 00000000 		.4byte	.LVL12
 1517 0163 0E000000 		.4byte	.LVL14
 1518 0167 0100     		.2byte	0x1
 1519 0169 52       		.byte	0x52
 1520 016a 0E000000 		.4byte	.LVL14
 1521 016e 20000000 		.4byte	.LVL18
 1522 0172 0100     		.2byte	0x1
 1523 0174 56       		.byte	0x56
 1524 0175 20000000 		.4byte	.LVL18
 1525 0179 22000000 		.4byte	.LVL19
 1526 017d 0100     		.2byte	0x1
 1527 017f 52       		.byte	0x52
 1528 0180 22000000 		.4byte	.LVL19
 1529 0184 28000000 		.4byte	.LVL23
 1530 0188 0100     		.2byte	0x1
 1531 018a 56       		.byte	0x56
 1532 018b 28000000 		.4byte	.LVL23
 1533 018f 2A000000 		.4byte	.LFE609
 1534 0193 0400     		.2byte	0x4
 1535 0195 F3       		.byte	0xf3
 1536 0196 01       		.uleb128 0x1
 1537 0197 52       		.byte	0x52
 1538 0198 9F       		.byte	0x9f
 1539 0199 00000000 		.4byte	0
 1540 019d 00000000 		.4byte	0
 1541              	.LLST7:
 1542 01a1 06000000 		.4byte	.LVL13
 1543 01a5 0E000000 		.4byte	.LVL14
 1544 01a9 0200     		.2byte	0x2
 1545 01ab 30       		.byte	0x30
 1546 01ac 9F       		.byte	0x9f
 1547 01ad 0E000000 		.4byte	.LVL14
 1548 01b1 20000000 		.4byte	.LVL18
 1549 01b5 0100     		.2byte	0x1
 1550 01b7 54       		.byte	0x54
 1551 01b8 20000000 		.4byte	.LVL18
 1552 01bc 22000000 		.4byte	.LVL19
 1553 01c0 0200     		.2byte	0x2
 1554 01c2 30       		.byte	0x30
ARM GAS  C:\Users\codyg\AppData\Local\Temp\ccPslfEG.s 			page 31


 1555 01c3 9F       		.byte	0x9f
 1556 01c4 22000000 		.4byte	.LVL19
 1557 01c8 28000000 		.4byte	.LVL21
 1558 01cc 0100     		.2byte	0x1
 1559 01ce 54       		.byte	0x54
 1560 01cf 28000000 		.4byte	.LVL21
 1561 01d3 2A000000 		.4byte	.LFE609
 1562 01d7 0100     		.2byte	0x1
 1563 01d9 50       		.byte	0x50
 1564 01da 00000000 		.4byte	0
 1565 01de 00000000 		.4byte	0
 1566              		.section	.debug_aranges,"",%progbits
 1567 0000 24000000 		.4byte	0x24
 1568 0004 0200     		.2byte	0x2
 1569 0006 00000000 		.4byte	.Ldebug_info0
 1570 000a 04       		.byte	0x4
 1571 000b 00       		.byte	0
 1572 000c 0000     		.2byte	0
 1573 000e 0000     		.2byte	0
 1574 0010 00000000 		.4byte	.LFB608
 1575 0014 24000000 		.4byte	.LFE608-.LFB608
 1576 0018 00000000 		.4byte	.LFB609
 1577 001c 2A000000 		.4byte	.LFE609-.LFB609
 1578 0020 00000000 		.4byte	0
 1579 0024 00000000 		.4byte	0
 1580              		.section	.debug_ranges,"",%progbits
 1581              	.Ldebug_ranges0:
 1582 0000 00000000 		.4byte	.LFB608
 1583 0004 24000000 		.4byte	.LFE608
 1584 0008 00000000 		.4byte	.LFB609
 1585 000c 2A000000 		.4byte	.LFE609
 1586 0010 00000000 		.4byte	0
 1587 0014 00000000 		.4byte	0
 1588              		.section	.debug_line,"",%progbits
 1589              	.Ldebug_line0:
 1590 0000 48030000 		.section	.debug_str,"MS",%progbits,1
 1590      0200F302 
 1590      00000201 
 1590      FB0E0D00 
 1590      01010101 
 1591              	.LASF21:
 1592 0000 63795F65 		.ascii	"cy_en_rtc_dst_format_t\000"
 1592      6E5F7274 
 1592      635F6473 
 1592      745F666F 
 1592      726D6174 
 1593              	.LASF107:
 1594 0017 4144435F 		.ascii	"ADC_currentConfig\000"
 1594      63757272 
 1594      656E7443 
 1594      6F6E6669 
 1594      6700
 1595              	.LASF78:
 1596 0029 43595F53 		.ascii	"CY_SAR_RANGE_COND_OUTSIDE\000"
 1596      41525F52 
 1596      414E4745 
 1596      5F434F4E 
ARM GAS  C:\Users\codyg\AppData\Local\Temp\ccPslfEG.s 			page 32


 1596      445F4F55 
 1597              	.LASF33:
 1598 0043 636C6F63 		.ascii	"clockPrescaler\000"
 1598      6B507265 
 1598      7363616C 
 1598      657200
 1599              	.LASF49:
 1600 0052 636F756E 		.ascii	"countInputMode\000"
 1600      74496E70 
 1600      75744D6F 
 1600      646500
 1601              	.LASF37:
 1602 0061 636F6D70 		.ascii	"compare0\000"
 1602      61726530 
 1602      00
 1603              	.LASF38:
 1604 006a 636F6D70 		.ascii	"compare1\000"
 1604      61726531 
 1604      00
 1605              	.LASF24:
 1606 0073 6461794F 		.ascii	"dayOfMonth\000"
 1606      664D6F6E 
 1606      746800
 1607              	.LASF31:
 1608 007e 63795F73 		.ascii	"cy_stc_rtc_dst_t\000"
 1608      74635F72 
 1608      74635F64 
 1608      73745F74 
 1608      00
 1609              	.LASF111:
 1610 008f 54696D65 		.ascii	"Timer_PPG_config\000"
 1610      725F5050 
 1610      475F636F 
 1610      6E666967 
 1610      00
 1611              	.LASF57:
 1612 00a0 72784275 		.ascii	"rxBufSize\000"
 1612      6653697A 
 1612      6500
 1613              	.LASF82:
 1614 00aa 73616D70 		.ascii	"sampleTime01\000"
 1614      6C655469 
 1614      6D653031 
 1614      00
 1615              	.LASF65:
 1616 00b7 63795F63 		.ascii	"cy_cb_scb_uart_handle_events_t\000"
 1616      625F7363 
 1616      625F7561 
 1616      72745F68 
 1616      616E646C 
 1617              	.LASF70:
 1618 00d6 72785269 		.ascii	"rxRingBufSize\000"
 1618      6E674275 
 1618      6653697A 
 1618      6500
 1619              	.LASF2:
 1620 00e4 73686F72 		.ascii	"short int\000"
ARM GAS  C:\Users\codyg\AppData\Local\Temp\ccPslfEG.s 			page 33


 1620      7420696E 
 1620      7400
 1621              	.LASF116:
 1622 00ee 53544449 		.ascii	"STDIO_GetChar\000"
 1622      4F5F4765 
 1622      74436861 
 1622      7200
 1623              	.LASF12:
 1624 00fc 73697A65 		.ascii	"sizetype\000"
 1624      74797065 
 1624      00
 1625              	.LASF89:
 1626 0105 73617449 		.ascii	"satIntrMask\000"
 1626      6E74724D 
 1626      61736B00 
 1627              	.LASF81:
 1628 0111 73616D70 		.ascii	"sampleCtrl\000"
 1628      6C654374 
 1628      726C00
 1629              	.LASF66:
 1630 011c 63795F73 		.ascii	"cy_stc_scb_uart_context\000"
 1630      74635F73 
 1630      63625F75 
 1630      6172745F 
 1630      636F6E74 
 1631              	.LASF94:
 1632 0134 76726566 		.ascii	"vrefMvValue\000"
 1632      4D765661 
 1632      6C756500 
 1633              	.LASF117:
 1634 0140 474E5520 		.ascii	"GNU C11 5.4.1 20160609 (release) [ARM/embedded-5-br"
 1634      43313120 
 1634      352E342E 
 1634      31203230 
 1634      31363036 
 1635 0173 616E6368 		.ascii	"anch revision 237715] -mcpu=cortex-m0plus -mthumb -"
 1635      20726576 
 1635      6973696F 
 1635      6E203233 
 1635      37373135 
 1636 01a6 67202D4F 		.ascii	"g -Og -ffunction-sections -ffat-lto-objects\000"
 1636      67202D66 
 1636      66756E63 
 1636      74696F6E 
 1636      2D736563 
 1637              	.LASF64:
 1638 01d2 63795F73 		.ascii	"cy_stc_scb_spi_context_t\000"
 1638      74635F73 
 1638      63625F73 
 1638      70695F63 
 1638      6F6E7465 
 1639              	.LASF84:
 1640 01eb 72616E67 		.ascii	"rangeThres\000"
 1640      65546872 
 1640      657300
 1641              	.LASF8:
 1642 01f6 6C6F6E67 		.ascii	"long long int\000"
ARM GAS  C:\Users\codyg\AppData\Local\Temp\ccPslfEG.s 			page 34


 1642      206C6F6E 
 1642      6720696E 
 1642      7400
 1643              	.LASF6:
 1644 0204 5F5F7569 		.ascii	"__uint32_t\000"
 1644      6E743332 
 1644      5F7400
 1645              	.LASF42:
 1646 020f 63617074 		.ascii	"captureInput\000"
 1646      75726549 
 1646      6E707574 
 1646      00
 1647              	.LASF67:
 1648 021c 74785374 		.ascii	"txStatus\000"
 1648      61747573 
 1648      00
 1649              	.LASF79:
 1650 0225 63795F65 		.ascii	"cy_en_sar_range_detect_condition_t\000"
 1650      6E5F7361 
 1650      725F7261 
 1650      6E67655F 
 1650      64657465 
 1651              	.LASF104:
 1652 0248 6E436861 		.ascii	"nChars\000"
 1652      727300
 1653              	.LASF28:
 1654 024f 63795F73 		.ascii	"cy_stc_rtc_dst_format_t\000"
 1654      74635F72 
 1654      74635F64 
 1654      73745F66 
 1654      6F726D61 
 1655              	.LASF109:
 1656 0267 44454255 		.ascii	"DEBUG_UART_context\000"
 1656      475F5541 
 1656      52545F63 
 1656      6F6E7465 
 1656      787400
 1657              	.LASF105:
 1658 027a 63795F52 		.ascii	"cy_RTC_daysInMonthTbl\000"
 1658      54435F64 
 1658      61797349 
 1658      6E4D6F6E 
 1658      74685462 
 1659              	.LASF4:
 1660 0290 6C6F6E67 		.ascii	"long int\000"
 1660      20696E74 
 1660      00
 1661              	.LASF25:
 1662 0299 7765656B 		.ascii	"weekOfMonth\000"
 1662      4F664D6F 
 1662      6E746800 
 1663              	.LASF85:
 1664 02a5 72616E67 		.ascii	"rangeCond\000"
 1664      65436F6E 
 1664      6400
 1665              	.LASF14:
 1666 02af 75696E74 		.ascii	"uint8_t\000"
ARM GAS  C:\Users\codyg\AppData\Local\Temp\ccPslfEG.s 			page 35


 1666      385F7400 
 1667              	.LASF100:
 1668 02b7 636C6B44 		.ascii	"clkDivider\000"
 1668      69766964 
 1668      657200
 1669              	.LASF101:
 1670 02c2 4144435F 		.ascii	"ADC_CONFIG_STRUCT\000"
 1670      434F4E46 
 1670      49475F53 
 1670      54525543 
 1670      5400
 1671              	.LASF52:
 1672 02d4 63795F63 		.ascii	"cy_cb_scb_spi_handle_events_t\000"
 1672      625F7363 
 1672      625F7370 
 1672      695F6861 
 1672      6E646C65 
 1673              	.LASF102:
 1674 02f2 5F777269 		.ascii	"_write\000"
 1674      746500
 1675              	.LASF75:
 1676 02f9 43595F53 		.ascii	"CY_SAR_RANGE_COND_BELOW\000"
 1676      41525F52 
 1676      414E4745 
 1676      5F434F4E 
 1676      445F4245 
 1677              	.LASF36:
 1678 0311 636F6D70 		.ascii	"compareOrCapture\000"
 1678      6172654F 
 1678      72436170 
 1678      74757265 
 1678      00
 1679              	.LASF93:
 1680 0322 636F6E66 		.ascii	"configRouting\000"
 1680      6967526F 
 1680      7574696E 
 1680      6700
 1681              	.LASF16:
 1682 0330 666C6F61 		.ascii	"float\000"
 1682      7400
 1683              	.LASF59:
 1684 0336 74784275 		.ascii	"txBuf\000"
 1684      6600
 1685              	.LASF43:
 1686 033c 72656C6F 		.ascii	"reloadInputMode\000"
 1686      6164496E 
 1686      7075744D 
 1686      6F646500 
 1687              	.LASF22:
 1688 034c 666F726D 		.ascii	"format\000"
 1688      617400
 1689              	.LASF87:
 1690 0353 6368616E 		.ascii	"chanConfig\000"
 1690      436F6E66 
 1690      696700
 1691              	.LASF34:
 1692 035e 72756E4D 		.ascii	"runMode\000"
ARM GAS  C:\Users\codyg\AppData\Local\Temp\ccPslfEG.s 			page 36


 1692      6F646500 
 1693              	.LASF113:
 1694 0366 5254435F 		.ascii	"RTC_rtcDstStatus\000"
 1694      72746344 
 1694      73745374 
 1694      61747573 
 1694      00
 1695              	.LASF63:
 1696 0377 696E6974 		.ascii	"initKey\000"
 1696      4B657900 
 1697              	.LASF60:
 1698 037f 74784275 		.ascii	"txBufSize\000"
 1698      6653697A 
 1698      6500
 1699              	.LASF115:
 1700 0389 53544449 		.ascii	"STDIO_PutChar\000"
 1700      4F5F5075 
 1700      74436861 
 1700      7200
 1701              	.LASF61:
 1702 0397 74784275 		.ascii	"txBufIdx\000"
 1702      66496478 
 1702      00
 1703              	.LASF32:
 1704 03a0 70657269 		.ascii	"period\000"
 1704      6F6400
 1705              	.LASF5:
 1706 03a7 5F5F7569 		.ascii	"__uint8_t\000"
 1706      6E74385F 
 1706      7400
 1707              	.LASF48:
 1708 03b1 73746F70 		.ascii	"stopInput\000"
 1708      496E7075 
 1708      7400
 1709              	.LASF58:
 1710 03bb 72784275 		.ascii	"rxBufIdx\000"
 1710      66496478 
 1710      00
 1711              	.LASF27:
 1712 03c4 6D6F6E74 		.ascii	"month\000"
 1712      6800
 1713              	.LASF23:
 1714 03ca 686F7572 		.ascii	"hour\000"
 1714      00
 1715              	.LASF11:
 1716 03cf 6C6F6E67 		.ascii	"long double\000"
 1716      20646F75 
 1716      626C6500 
 1717              	.LASF45:
 1718 03db 73746172 		.ascii	"startInputMode\000"
 1718      74496E70 
 1718      75744D6F 
 1718      646500
 1719              	.LASF68:
 1720 03ea 72785374 		.ascii	"rxStatus\000"
 1720      61747573 
 1720      00
ARM GAS  C:\Users\codyg\AppData\Local\Temp\ccPslfEG.s 			page 37


 1721              	.LASF1:
 1722 03f3 756E7369 		.ascii	"unsigned char\000"
 1722      676E6564 
 1722      20636861 
 1722      7200
 1723              	.LASF69:
 1724 0401 72785269 		.ascii	"rxRingBuf\000"
 1724      6E674275 
 1724      6600
 1725              	.LASF103:
 1726 040b 5F726561 		.ascii	"_read\000"
 1726      6400
 1727              	.LASF106:
 1728 0411 43595F45 		.ascii	"CY_EINK_SPIM_context\000"
 1728      494E4B5F 
 1728      5350494D 
 1728      5F636F6E 
 1728      74657874 
 1729              	.LASF0:
 1730 0426 7369676E 		.ascii	"signed char\000"
 1730      65642063 
 1730      68617200 
 1731              	.LASF9:
 1732 0432 6C6F6E67 		.ascii	"long long unsigned int\000"
 1732      206C6F6E 
 1732      6720756E 
 1732      7369676E 
 1732      65642069 
 1733              	.LASF15:
 1734 0449 75696E74 		.ascii	"uint32_t\000"
 1734      33325F74 
 1734      00
 1735              	.LASF10:
 1736 0452 756E7369 		.ascii	"unsigned int\000"
 1736      676E6564 
 1736      20696E74 
 1736      00
 1737              	.LASF92:
 1738 045f 6D757853 		.ascii	"muxSwitchSqCtrl\000"
 1738      77697463 
 1738      68537143 
 1738      74726C00 
 1739              	.LASF39:
 1740 046f 656E6162 		.ascii	"enableCompareSwap\000"
 1740      6C65436F 
 1740      6D706172 
 1740      65537761 
 1740      7000
 1741              	.LASF51:
 1742 0481 63795F73 		.ascii	"cy_stc_tcpwm_counter_config_t\000"
 1742      74635F74 
 1742      6370776D 
 1742      5F636F75 
 1742      6E746572 
 1743              	.LASF55:
 1744 049f 73746174 		.ascii	"status\000"
 1744      757300
ARM GAS  C:\Users\codyg\AppData\Local\Temp\ccPslfEG.s 			page 38


 1745              	.LASF3:
 1746 04a6 73686F72 		.ascii	"short unsigned int\000"
 1746      7420756E 
 1746      7369676E 
 1746      65642069 
 1746      6E7400
 1747              	.LASF44:
 1748 04b9 72656C6F 		.ascii	"reloadInput\000"
 1748      6164496E 
 1748      70757400 
 1749              	.LASF99:
 1750 04c5 6D697363 		.ascii	"miscConfig\000"
 1750      436F6E66 
 1750      696700
 1751              	.LASF13:
 1752 04d0 63686172 		.ascii	"char\000"
 1752      00
 1753              	.LASF91:
 1754 04d5 6D757853 		.ascii	"muxSwitch\000"
 1754      77697463 
 1754      6800
 1755              	.LASF62:
 1756 04df 63624576 		.ascii	"cbEvents\000"
 1756      656E7473 
 1756      00
 1757              	.LASF77:
 1758 04e8 43595F53 		.ascii	"CY_SAR_RANGE_COND_ABOVE\000"
 1758      41525F52 
 1758      414E4745 
 1758      5F434F4E 
 1758      445F4142 
 1759              	.LASF26:
 1760 0500 6461794F 		.ascii	"dayOfWeek\000"
 1760      66576565 
 1760      6B00
 1761              	.LASF108:
 1762 050a 4144435F 		.ascii	"ADC_allConfigs\000"
 1762      616C6C43 
 1762      6F6E6669 
 1762      677300
 1763              	.LASF18:
 1764 0519 5F426F6F 		.ascii	"_Bool\000"
 1764      6C00
 1765              	.LASF98:
 1766 051f 6877436F 		.ascii	"hwConfigStc\000"
 1766      6E666967 
 1766      53746300 
 1767              	.LASF56:
 1768 052b 72784275 		.ascii	"rxBuf\000"
 1768      6600
 1769              	.LASF41:
 1770 0531 63617074 		.ascii	"captureInputMode\000"
 1770      75726549 
 1770      6E707574 
 1770      4D6F6465 
 1770      00
 1771              	.LASF19:
ARM GAS  C:\Users\codyg\AppData\Local\Temp\ccPslfEG.s 			page 39


 1772 0542 43595F52 		.ascii	"CY_RTC_DST_RELATIVE\000"
 1772      54435F44 
 1772      53545F52 
 1772      454C4154 
 1772      49564500 
 1773              	.LASF40:
 1774 0556 696E7465 		.ascii	"interruptSources\000"
 1774      72727570 
 1774      74536F75 
 1774      72636573 
 1774      00
 1775              	.LASF114:
 1776 0567 5254435F 		.ascii	"RTC_dstConfig\000"
 1776      64737443 
 1776      6F6E6669 
 1776      6700
 1777              	.LASF7:
 1778 0575 6C6F6E67 		.ascii	"long unsigned int\000"
 1778      20756E73 
 1778      69676E65 
 1778      6420696E 
 1778      7400
 1779              	.LASF17:
 1780 0587 646F7562 		.ascii	"double\000"
 1780      6C6500
 1781              	.LASF54:
 1782 058e 63795F73 		.ascii	"cy_stc_scb_spi_context\000"
 1782      74635F73 
 1782      63625F73 
 1782      70695F63 
 1782      6F6E7465 
 1783              	.LASF29:
 1784 05a5 73746172 		.ascii	"startDst\000"
 1784      74447374 
 1784      00
 1785              	.LASF53:
 1786 05ae 63795F73 		.ascii	"cy_stc_tcpwm_counter_config\000"
 1786      74635F74 
 1786      6370776D 
 1786      5F636F75 
 1786      6E746572 
 1787              	.LASF20:
 1788 05ca 43595F52 		.ascii	"CY_RTC_DST_FIXED\000"
 1788      54435F44 
 1788      53545F46 
 1788      49584544 
 1788      00
 1789              	.LASF110:
 1790 05db 436F756E 		.ascii	"Counter_ms_config\000"
 1790      7465725F 
 1790      6D735F63 
 1790      6F6E6669 
 1790      6700
 1791              	.LASF46:
 1792 05ed 73746172 		.ascii	"startInput\000"
 1792      74496E70 
 1792      757400
ARM GAS  C:\Users\codyg\AppData\Local\Temp\ccPslfEG.s 			page 40


 1793              	.LASF47:
 1794 05f8 73746F70 		.ascii	"stopInputMode\000"
 1794      496E7075 
 1794      744D6F64 
 1794      6500
 1795              	.LASF76:
 1796 0606 43595F53 		.ascii	"CY_SAR_RANGE_COND_INSIDE\000"
 1796      41525F52 
 1796      414E4745 
 1796      5F434F4E 
 1796      445F494E 
 1797              	.LASF73:
 1798 061f 74784C65 		.ascii	"txLeftToTransmit\000"
 1798      6674546F 
 1798      5472616E 
 1798      736D6974 
 1798      00
 1799              	.LASF35:
 1800 0630 636F756E 		.ascii	"countDirection\000"
 1800      74446972 
 1800      65637469 
 1800      6F6E00
 1801              	.LASF30:
 1802 063f 73746F70 		.ascii	"stopDst\000"
 1802      44737400 
 1803              	.LASF95:
 1804 0647 63795F73 		.ascii	"cy_stc_sar_config_t\000"
 1804      74635F73 
 1804      61725F63 
 1804      6F6E6669 
 1804      675F7400 
 1805              	.LASF74:
 1806 065b 63795F73 		.ascii	"cy_stc_scb_uart_context_t\000"
 1806      74635F73 
 1806      63625F75 
 1806      6172745F 
 1806      636F6E74 
 1807              	.LASF72:
 1808 0675 72785269 		.ascii	"rxRingBufTail\000"
 1808      6E674275 
 1808      66546169 
 1808      6C00
 1809              	.LASF86:
 1810 0683 6368616E 		.ascii	"chanEn\000"
 1810      456E00
 1811              	.LASF97:
 1812 068a 6E756D43 		.ascii	"numChannels\000"
 1812      68616E6E 
 1812      656C7300 
 1813              	.LASF83:
 1814 0696 73616D70 		.ascii	"sampleTime23\000"
 1814      6C655469 
 1814      6D653233 
 1814      00
 1815              	.LASF50:
 1816 06a3 636F756E 		.ascii	"countInput\000"
 1816      74496E70 
ARM GAS  C:\Users\codyg\AppData\Local\Temp\ccPslfEG.s 			page 41


 1816      757400
 1817              	.LASF119:
 1818 06ae 433A5C55 		.ascii	"C:\\Users\\codyg\\git\\psoc6-realtime-processing\\B"
 1818      73657273 
 1818      5C636F64 
 1818      79675C67 
 1818      69745C70 
 1819 06dc 4C455F52 		.ascii	"LE_RTC_IMU.cydsn\\RestEaze_BLE.cydsn\000"
 1819      54435F49 
 1819      4D552E63 
 1819      7964736E 
 1819      5C526573 
 1820              	.LASF71:
 1821 0700 72785269 		.ascii	"rxRingBufHead\000"
 1821      6E674275 
 1821      66486561 
 1821      6400
 1822              	.LASF112:
 1823 070e 54696D65 		.ascii	"Timer_IMU_config\000"
 1823      725F494D 
 1823      555F636F 
 1823      6E666967 
 1823      00
 1824              	.LASF118:
 1825 071f 47656E65 		.ascii	"Generated_Source\\PSoC6\\pdl\\utilities\\retarget_i"
 1825      72617465 
 1825      645F536F 
 1825      75726365 
 1825      5C50536F 
 1826 074e 6F5C7265 		.ascii	"o\\retarget.c\000"
 1826      74617267 
 1826      65742E63 
 1826      00
 1827              	.LASF80:
 1828 075b 6374726C 		.ascii	"ctrl\000"
 1828      00
 1829              	.LASF88:
 1830 0760 696E7472 		.ascii	"intrMask\000"
 1830      4D61736B 
 1830      00
 1831              	.LASF90:
 1832 0769 72616E67 		.ascii	"rangeIntrMask\000"
 1832      65496E74 
 1832      724D6173 
 1832      6B00
 1833              	.LASF96:
 1834 0777 6368616E 		.ascii	"channelBase\000"
 1834      6E656C42 
 1834      61736500 
 1835              		.ident	"GCC: (GNU Tools for ARM Embedded Processors) 5.4.1 20160609 (release) [ARM/embedded-5-bran
