ARM GAS  C:\Users\codyg\AppData\Local\Temp\ccA8poEe.s 			page 1


   1              		.syntax unified
   2              		.cpu cortex-m0plus
   3              		.fpu softvfp
   4              		.eabi_attribute 20, 1
   5              		.eabi_attribute 21, 1
   6              		.eabi_attribute 23, 3
   7              		.eabi_attribute 24, 1
   8              		.eabi_attribute 25, 1
   9              		.eabi_attribute 26, 1
  10              		.eabi_attribute 30, 1
  11              		.eabi_attribute 34, 0
  12              		.eabi_attribute 18, 4
  13              		.thumb
  14              		.syntax unified
  15              		.file	"ADC_INIT.c"
  16              		.text
  17              	.Ltext0:
  18              		.cfi_sections	.debug_frame
  19              		.global	ADC_allConfigs
  20              		.section	.rodata
  21              		.align	2
  22              		.type	ADC_allConfigs, %object
  23              		.size	ADC_allConfigs, 20
  24              	ADC_allConfigs:
  25 0000 00000000 		.word	0
  26 0004 02000000 		.word	2
  27 0008 14000000 		.word	ADC_hwConfigs
  28 000c 00000000 		.word	0
  29 0010 01000000 		.word	1
  30              		.type	ADC_hwConfigs, %object
  31              		.size	ADC_hwConfigs, 120
  32              	ADC_hwConfigs:
  33 0014 72EE2013 		.word	320925298
  34 0018 F8000090 		.word	-1879047944
  35 001c 03000200 		.word	131075
  36 0020 02000200 		.word	131074
  37 0024 0002000E 		.word	234881536
  38 0028 00       		.byte	0
  39 0029 000000   		.space	3
  40 002c 03000000 		.word	3
  41 0030 00040101 		.word	16843776
  42 0034 02040301 		.word	16974850
  43 0038 00000000 		.word	0
  44 003c 00000000 		.word	0
  45 0040 00000000 		.word	0
  46 0044 00000000 		.word	0
  47 0048 00000000 		.word	0
  48 004c 00000000 		.word	0
  49 0050 00000000 		.word	0
  50 0054 00000000 		.word	0
  51 0058 00000000 		.word	0
  52 005c 00000000 		.word	0
  53 0060 00000000 		.word	0
  54 0064 00000000 		.word	0
  55 0068 00000000 		.word	0
  56 006c 00000000 		.word	0
  57 0070 01000000 		.word	1
ARM GAS  C:\Users\codyg\AppData\Local\Temp\ccA8poEe.s 			page 2


  58 0074 00000000 		.word	0
  59 0078 00000000 		.word	0
  60 007c 00000000 		.word	0
  61 0080 00000000 		.word	0
  62 0084 00       		.byte	0
  63 0085 000000   		.space	3
  64 0088 E40C0000 		.word	3300
  65              		.text
  66              	.Letext0:
  67              		.file 1 "c:\\program files (x86)\\cypress\\psoc creator\\4.2\\psoc creator\\import\\gnu\\arm\\5.4.
  68              		.file 2 "c:\\program files (x86)\\cypress\\psoc creator\\4.2\\psoc creator\\import\\gnu\\arm\\5.4.
  69              		.file 3 "Generated_Source\\PSoC6\\pdl\\drivers/peripheral/syslib/cy_syslib.h"
  70              		.file 4 "Generated_Source\\PSoC6\\pdl\\drivers/peripheral/sar/cy_sar.h"
  71              		.file 5 "Generated_Source\\PSoC6\\ADC.h"
  72              		.file 6 "Generated_Source\\PSoC6\\ADC_INIT.c"
  73              		.section	.debug_info,"",%progbits
  74              	.Ldebug_info0:
  75 0000 7F020000 		.4byte	0x27f
  76 0004 0400     		.2byte	0x4
  77 0006 00000000 		.4byte	.Ldebug_abbrev0
  78 000a 04       		.byte	0x4
  79 000b 01       		.uleb128 0x1
  80 000c C3020000 		.4byte	.LASF47
  81 0010 0C       		.byte	0xc
  82 0011 57010000 		.4byte	.LASF48
  83 0015 17000000 		.4byte	.LASF49
  84 0019 00000000 		.4byte	.Ldebug_line0
  85 001d 02       		.uleb128 0x2
  86 001e 02       		.byte	0x2
  87 001f 05       		.byte	0x5
  88 0020 82020000 		.4byte	.LASF0
  89 0024 02       		.uleb128 0x2
  90 0025 01       		.byte	0x1
  91 0026 08       		.byte	0x8
  92 0027 F8000000 		.4byte	.LASF1
  93 002b 02       		.uleb128 0x2
  94 002c 01       		.byte	0x1
  95 002d 06       		.byte	0x6
  96 002e 55030000 		.4byte	.LASF2
  97 0032 02       		.uleb128 0x2
  98 0033 02       		.byte	0x2
  99 0034 07       		.byte	0x7
 100 0035 21010000 		.4byte	.LASF3
 101 0039 02       		.uleb128 0x2
 102 003a 04       		.byte	0x4
 103 003b 05       		.byte	0x5
 104 003c AE020000 		.4byte	.LASF4
 105 0040 03       		.uleb128 0x3
 106 0041 A5010000 		.4byte	.LASF9
 107 0045 01       		.byte	0x1
 108 0046 41       		.byte	0x41
 109 0047 4B000000 		.4byte	0x4b
 110 004b 02       		.uleb128 0x2
 111 004c 04       		.byte	0x4
 112 004d 07       		.byte	0x7
 113 004e 0F010000 		.4byte	.LASF5
 114 0052 02       		.uleb128 0x2
ARM GAS  C:\Users\codyg\AppData\Local\Temp\ccA8poEe.s 			page 3


 115 0053 08       		.byte	0x8
 116 0054 05       		.byte	0x5
 117 0055 61020000 		.4byte	.LASF6
 118 0059 02       		.uleb128 0x2
 119 005a 08       		.byte	0x8
 120 005b 07       		.byte	0x7
 121 005c 8B030000 		.4byte	.LASF7
 122 0060 04       		.uleb128 0x4
 123 0061 04       		.byte	0x4
 124 0062 05       		.byte	0x5
 125 0063 696E7400 		.ascii	"int\000"
 126 0067 02       		.uleb128 0x2
 127 0068 04       		.byte	0x4
 128 0069 07       		.byte	0x7
 129 006a CE010000 		.4byte	.LASF8
 130 006e 03       		.uleb128 0x3
 131 006f A5020000 		.4byte	.LASF10
 132 0073 02       		.byte	0x2
 133 0074 30       		.byte	0x30
 134 0075 40000000 		.4byte	0x40
 135 0079 02       		.uleb128 0x2
 136 007a 04       		.byte	0x4
 137 007b 07       		.byte	0x7
 138 007c 58020000 		.4byte	.LASF11
 139 0080 02       		.uleb128 0x2
 140 0081 08       		.byte	0x8
 141 0082 04       		.byte	0x4
 142 0083 B7020000 		.4byte	.LASF12
 143 0087 02       		.uleb128 0x2
 144 0088 01       		.byte	0x1
 145 0089 08       		.byte	0x8
 146 008a 6F020000 		.4byte	.LASF13
 147 008e 02       		.uleb128 0x2
 148 008f 04       		.byte	0x4
 149 0090 04       		.byte	0x4
 150 0091 E8000000 		.4byte	.LASF14
 151 0095 02       		.uleb128 0x2
 152 0096 08       		.byte	0x8
 153 0097 04       		.byte	0x4
 154 0098 9E010000 		.4byte	.LASF15
 155 009c 05       		.uleb128 0x5
 156 009d BC010000 		.4byte	.LASF16
 157 00a1 03       		.byte	0x3
 158 00a2 8703     		.2byte	0x387
 159 00a4 6E000000 		.4byte	0x6e
 160 00a8 06       		.uleb128 0x6
 161 00a9 01       		.byte	0x1
 162 00aa 24000000 		.4byte	0x24
 163 00ae 04       		.byte	0x4
 164 00af 0504     		.2byte	0x405
 165 00b1 CE000000 		.4byte	0xce
 166 00b5 07       		.uleb128 0x7
 167 00b6 B5000000 		.4byte	.LASF17
 168 00ba 00       		.byte	0
 169 00bb 07       		.uleb128 0x7
 170 00bc 9C000000 		.4byte	.LASF18
 171 00c0 01       		.byte	0x1
ARM GAS  C:\Users\codyg\AppData\Local\Temp\ccA8poEe.s 			page 4


 172 00c1 07       		.uleb128 0x7
 173 00c2 73030000 		.4byte	.LASF19
 174 00c6 02       		.byte	0x2
 175 00c7 07       		.uleb128 0x7
 176 00c8 84010000 		.4byte	.LASF20
 177 00cc 03       		.byte	0x3
 178 00cd 00       		.byte	0
 179 00ce 05       		.uleb128 0x5
 180 00cf 0C020000 		.4byte	.LASF21
 181 00d3 04       		.byte	0x4
 182 00d4 0A04     		.2byte	0x40a
 183 00d6 A8000000 		.4byte	0xa8
 184 00da 08       		.uleb128 0x8
 185 00db 78       		.byte	0x78
 186 00dc 04       		.byte	0x4
 187 00dd F404     		.2byte	0x4f4
 188 00df A7010000 		.4byte	0x1a7
 189 00e3 09       		.uleb128 0x9
 190 00e4 53020000 		.4byte	.LASF22
 191 00e8 04       		.byte	0x4
 192 00e9 F604     		.2byte	0x4f6
 193 00eb 6E000000 		.4byte	0x6e
 194 00ef 00       		.byte	0
 195 00f0 09       		.uleb128 0x9
 196 00f1 C3010000 		.4byte	.LASF23
 197 00f5 04       		.byte	0x4
 198 00f6 F704     		.2byte	0x4f7
 199 00f8 6E000000 		.4byte	0x6e
 200 00fc 04       		.byte	0x4
 201 00fd 09       		.uleb128 0x9
 202 00fe 0A000000 		.4byte	.LASF24
 203 0102 04       		.byte	0x4
 204 0103 F804     		.2byte	0x4f8
 205 0105 6E000000 		.4byte	0x6e
 206 0109 08       		.byte	0x8
 207 010a 09       		.uleb128 0x9
 208 010b 83000000 		.4byte	.LASF25
 209 010f 04       		.byte	0x4
 210 0110 F904     		.2byte	0x4f9
 211 0112 6E000000 		.4byte	0x6e
 212 0116 0C       		.byte	0xc
 213 0117 09       		.uleb128 0x9
 214 0118 DD000000 		.4byte	.LASF26
 215 011c 04       		.byte	0x4
 216 011d FA04     		.2byte	0x4fa
 217 011f 6E000000 		.4byte	0x6e
 218 0123 10       		.byte	0x10
 219 0124 09       		.uleb128 0x9
 220 0125 00000000 		.4byte	.LASF27
 221 0129 04       		.byte	0x4
 222 012a FB04     		.2byte	0x4fb
 223 012c CE000000 		.4byte	0xce
 224 0130 14       		.byte	0x14
 225 0131 09       		.uleb128 0x9
 226 0132 7C000000 		.4byte	.LASF28
 227 0136 04       		.byte	0x4
 228 0137 FC04     		.2byte	0x4fc
ARM GAS  C:\Users\codyg\AppData\Local\Temp\ccA8poEe.s 			page 5


 229 0139 6E000000 		.4byte	0x6e
 230 013d 18       		.byte	0x18
 231 013e 09       		.uleb128 0x9
 232 013f E7010000 		.4byte	.LASF29
 233 0143 04       		.byte	0x4
 234 0144 FD04     		.2byte	0x4fd
 235 0146 A7010000 		.4byte	0x1a7
 236 014a 1C       		.byte	0x1c
 237 014b 09       		.uleb128 0x9
 238 014c 06010000 		.4byte	.LASF30
 239 0150 04       		.byte	0x4
 240 0151 FE04     		.2byte	0x4fe
 241 0153 6E000000 		.4byte	0x6e
 242 0157 5C       		.byte	0x5c
 243 0158 09       		.uleb128 0x9
 244 0159 90000000 		.4byte	.LASF31
 245 015d 04       		.byte	0x4
 246 015e FF04     		.2byte	0x4ff
 247 0160 6E000000 		.4byte	0x6e
 248 0164 60       		.byte	0x60
 249 0165 09       		.uleb128 0x9
 250 0166 FE010000 		.4byte	.LASF32
 251 016a 04       		.byte	0x4
 252 016b 0005     		.2byte	0x500
 253 016d 6E000000 		.4byte	0x6e
 254 0171 64       		.byte	0x64
 255 0172 09       		.uleb128 0x9
 256 0173 EE000000 		.4byte	.LASF33
 257 0177 04       		.byte	0x4
 258 0178 0105     		.2byte	0x501
 259 017a 6E000000 		.4byte	0x6e
 260 017e 68       		.byte	0x68
 261 017f 09       		.uleb128 0x9
 262 0180 CD000000 		.4byte	.LASF34
 263 0184 04       		.byte	0x4
 264 0185 0205     		.2byte	0x502
 265 0187 6E000000 		.4byte	0x6e
 266 018b 6C       		.byte	0x6c
 267 018c 09       		.uleb128 0x9
 268 018d 74020000 		.4byte	.LASF35
 269 0191 04       		.byte	0x4
 270 0192 0305     		.2byte	0x503
 271 0194 B7010000 		.4byte	0x1b7
 272 0198 70       		.byte	0x70
 273 0199 09       		.uleb128 0x9
 274 019a DB010000 		.4byte	.LASF36
 275 019e 04       		.byte	0x4
 276 019f 0405     		.2byte	0x504
 277 01a1 6E000000 		.4byte	0x6e
 278 01a5 74       		.byte	0x74
 279 01a6 00       		.byte	0
 280 01a7 0A       		.uleb128 0xa
 281 01a8 6E000000 		.4byte	0x6e
 282 01ac B7010000 		.4byte	0x1b7
 283 01b0 0B       		.uleb128 0xb
 284 01b1 79000000 		.4byte	0x79
 285 01b5 0F       		.byte	0xf
ARM GAS  C:\Users\codyg\AppData\Local\Temp\ccA8poEe.s 			page 6


 286 01b6 00       		.byte	0
 287 01b7 02       		.uleb128 0x2
 288 01b8 01       		.byte	0x1
 289 01b9 02       		.byte	0x2
 290 01ba 6D030000 		.4byte	.LASF37
 291 01be 05       		.uleb128 0x5
 292 01bf 43010000 		.4byte	.LASF38
 293 01c3 04       		.byte	0x4
 294 01c4 0505     		.2byte	0x505
 295 01c6 DA000000 		.4byte	0xda
 296 01ca 0C       		.uleb128 0xc
 297 01cb 14       		.byte	0x14
 298 01cc 05       		.byte	0x5
 299 01cd 3B       		.byte	0x3b
 300 01ce 0F020000 		.4byte	0x20f
 301 01d2 0D       		.uleb128 0xd
 302 01d3 B0010000 		.4byte	.LASF39
 303 01d7 05       		.byte	0x5
 304 01d8 3D       		.byte	0x3d
 305 01d9 6E000000 		.4byte	0x6e
 306 01dd 00       		.byte	0
 307 01de 0D       		.uleb128 0xd
 308 01df F2010000 		.4byte	.LASF40
 309 01e3 05       		.byte	0x5
 310 01e4 3E       		.byte	0x3e
 311 01e5 6E000000 		.4byte	0x6e
 312 01e9 04       		.byte	0x4
 313 01ea 0D       		.uleb128 0xd
 314 01eb 61030000 		.4byte	.LASF41
 315 01ef 05       		.byte	0x5
 316 01f0 3F       		.byte	0x3f
 317 01f1 0F020000 		.4byte	0x20f
 318 01f5 08       		.byte	0x8
 319 01f6 0D       		.uleb128 0xd
 320 01f7 9A020000 		.4byte	.LASF42
 321 01fb 05       		.byte	0x5
 322 01fc 40       		.byte	0x40
 323 01fd 6E000000 		.4byte	0x6e
 324 0201 0C       		.byte	0xc
 325 0202 0D       		.uleb128 0xd
 326 0203 79010000 		.4byte	.LASF43
 327 0207 05       		.byte	0x5
 328 0208 45       		.byte	0x45
 329 0209 6E000000 		.4byte	0x6e
 330 020d 10       		.byte	0x10
 331 020e 00       		.byte	0
 332 020f 0E       		.uleb128 0xe
 333 0210 04       		.byte	0x4
 334 0211 15020000 		.4byte	0x215
 335 0215 0F       		.uleb128 0xf
 336 0216 BE010000 		.4byte	0x1be
 337 021a 03       		.uleb128 0x3
 338 021b 2F020000 		.4byte	.LASF44
 339 021f 05       		.byte	0x5
 340 0220 48       		.byte	0x48
 341 0221 CA010000 		.4byte	0x1ca
 342 0225 0A       		.uleb128 0xa
ARM GAS  C:\Users\codyg\AppData\Local\Temp\ccA8poEe.s 			page 7


 343 0226 15020000 		.4byte	0x215
 344 022a 35020000 		.4byte	0x235
 345 022e 0B       		.uleb128 0xb
 346 022f 79000000 		.4byte	0x79
 347 0233 00       		.byte	0
 348 0234 00       		.byte	0
 349 0235 10       		.uleb128 0x10
 350 0236 8C020000 		.4byte	.LASF50
 351 023a 06       		.byte	0x6
 352 023b 2A       		.byte	0x2a
 353 023c 46020000 		.4byte	0x246
 354 0240 05       		.uleb128 0x5
 355 0241 03       		.byte	0x3
 356 0242 14000000 		.4byte	ADC_hwConfigs
 357 0246 0F       		.uleb128 0xf
 358 0247 25020000 		.4byte	0x225
 359 024b 11       		.uleb128 0x11
 360 024c 41020000 		.4byte	.LASF45
 361 0250 05       		.byte	0x5
 362 0251 6001     		.2byte	0x160
 363 0253 6E000000 		.4byte	0x6e
 364 0257 0A       		.uleb128 0xa
 365 0258 67020000 		.4byte	0x267
 366 025c 67020000 		.4byte	0x267
 367 0260 0B       		.uleb128 0xb
 368 0261 79000000 		.4byte	0x79
 369 0265 00       		.byte	0
 370 0266 00       		.byte	0
 371 0267 0F       		.uleb128 0xf
 372 0268 1A020000 		.4byte	0x21a
 373 026c 12       		.uleb128 0x12
 374 026d 34010000 		.4byte	.LASF46
 375 0271 06       		.byte	0x6
 376 0272 A3       		.byte	0xa3
 377 0273 7D020000 		.4byte	0x27d
 378 0277 05       		.uleb128 0x5
 379 0278 03       		.byte	0x3
 380 0279 00000000 		.4byte	ADC_allConfigs
 381 027d 0F       		.uleb128 0xf
 382 027e 57020000 		.4byte	0x257
 383 0282 00       		.byte	0
 384              		.section	.debug_abbrev,"",%progbits
 385              	.Ldebug_abbrev0:
 386 0000 01       		.uleb128 0x1
 387 0001 11       		.uleb128 0x11
 388 0002 01       		.byte	0x1
 389 0003 25       		.uleb128 0x25
 390 0004 0E       		.uleb128 0xe
 391 0005 13       		.uleb128 0x13
 392 0006 0B       		.uleb128 0xb
 393 0007 03       		.uleb128 0x3
 394 0008 0E       		.uleb128 0xe
 395 0009 1B       		.uleb128 0x1b
 396 000a 0E       		.uleb128 0xe
 397 000b 10       		.uleb128 0x10
 398 000c 17       		.uleb128 0x17
 399 000d 00       		.byte	0
ARM GAS  C:\Users\codyg\AppData\Local\Temp\ccA8poEe.s 			page 8


 400 000e 00       		.byte	0
 401 000f 02       		.uleb128 0x2
 402 0010 24       		.uleb128 0x24
 403 0011 00       		.byte	0
 404 0012 0B       		.uleb128 0xb
 405 0013 0B       		.uleb128 0xb
 406 0014 3E       		.uleb128 0x3e
 407 0015 0B       		.uleb128 0xb
 408 0016 03       		.uleb128 0x3
 409 0017 0E       		.uleb128 0xe
 410 0018 00       		.byte	0
 411 0019 00       		.byte	0
 412 001a 03       		.uleb128 0x3
 413 001b 16       		.uleb128 0x16
 414 001c 00       		.byte	0
 415 001d 03       		.uleb128 0x3
 416 001e 0E       		.uleb128 0xe
 417 001f 3A       		.uleb128 0x3a
 418 0020 0B       		.uleb128 0xb
 419 0021 3B       		.uleb128 0x3b
 420 0022 0B       		.uleb128 0xb
 421 0023 49       		.uleb128 0x49
 422 0024 13       		.uleb128 0x13
 423 0025 00       		.byte	0
 424 0026 00       		.byte	0
 425 0027 04       		.uleb128 0x4
 426 0028 24       		.uleb128 0x24
 427 0029 00       		.byte	0
 428 002a 0B       		.uleb128 0xb
 429 002b 0B       		.uleb128 0xb
 430 002c 3E       		.uleb128 0x3e
 431 002d 0B       		.uleb128 0xb
 432 002e 03       		.uleb128 0x3
 433 002f 08       		.uleb128 0x8
 434 0030 00       		.byte	0
 435 0031 00       		.byte	0
 436 0032 05       		.uleb128 0x5
 437 0033 16       		.uleb128 0x16
 438 0034 00       		.byte	0
 439 0035 03       		.uleb128 0x3
 440 0036 0E       		.uleb128 0xe
 441 0037 3A       		.uleb128 0x3a
 442 0038 0B       		.uleb128 0xb
 443 0039 3B       		.uleb128 0x3b
 444 003a 05       		.uleb128 0x5
 445 003b 49       		.uleb128 0x49
 446 003c 13       		.uleb128 0x13
 447 003d 00       		.byte	0
 448 003e 00       		.byte	0
 449 003f 06       		.uleb128 0x6
 450 0040 04       		.uleb128 0x4
 451 0041 01       		.byte	0x1
 452 0042 0B       		.uleb128 0xb
 453 0043 0B       		.uleb128 0xb
 454 0044 49       		.uleb128 0x49
 455 0045 13       		.uleb128 0x13
 456 0046 3A       		.uleb128 0x3a
ARM GAS  C:\Users\codyg\AppData\Local\Temp\ccA8poEe.s 			page 9


 457 0047 0B       		.uleb128 0xb
 458 0048 3B       		.uleb128 0x3b
 459 0049 05       		.uleb128 0x5
 460 004a 01       		.uleb128 0x1
 461 004b 13       		.uleb128 0x13
 462 004c 00       		.byte	0
 463 004d 00       		.byte	0
 464 004e 07       		.uleb128 0x7
 465 004f 28       		.uleb128 0x28
 466 0050 00       		.byte	0
 467 0051 03       		.uleb128 0x3
 468 0052 0E       		.uleb128 0xe
 469 0053 1C       		.uleb128 0x1c
 470 0054 0B       		.uleb128 0xb
 471 0055 00       		.byte	0
 472 0056 00       		.byte	0
 473 0057 08       		.uleb128 0x8
 474 0058 13       		.uleb128 0x13
 475 0059 01       		.byte	0x1
 476 005a 0B       		.uleb128 0xb
 477 005b 0B       		.uleb128 0xb
 478 005c 3A       		.uleb128 0x3a
 479 005d 0B       		.uleb128 0xb
 480 005e 3B       		.uleb128 0x3b
 481 005f 05       		.uleb128 0x5
 482 0060 01       		.uleb128 0x1
 483 0061 13       		.uleb128 0x13
 484 0062 00       		.byte	0
 485 0063 00       		.byte	0
 486 0064 09       		.uleb128 0x9
 487 0065 0D       		.uleb128 0xd
 488 0066 00       		.byte	0
 489 0067 03       		.uleb128 0x3
 490 0068 0E       		.uleb128 0xe
 491 0069 3A       		.uleb128 0x3a
 492 006a 0B       		.uleb128 0xb
 493 006b 3B       		.uleb128 0x3b
 494 006c 05       		.uleb128 0x5
 495 006d 49       		.uleb128 0x49
 496 006e 13       		.uleb128 0x13
 497 006f 38       		.uleb128 0x38
 498 0070 0B       		.uleb128 0xb
 499 0071 00       		.byte	0
 500 0072 00       		.byte	0
 501 0073 0A       		.uleb128 0xa
 502 0074 01       		.uleb128 0x1
 503 0075 01       		.byte	0x1
 504 0076 49       		.uleb128 0x49
 505 0077 13       		.uleb128 0x13
 506 0078 01       		.uleb128 0x1
 507 0079 13       		.uleb128 0x13
 508 007a 00       		.byte	0
 509 007b 00       		.byte	0
 510 007c 0B       		.uleb128 0xb
 511 007d 21       		.uleb128 0x21
 512 007e 00       		.byte	0
 513 007f 49       		.uleb128 0x49
ARM GAS  C:\Users\codyg\AppData\Local\Temp\ccA8poEe.s 			page 10


 514 0080 13       		.uleb128 0x13
 515 0081 2F       		.uleb128 0x2f
 516 0082 0B       		.uleb128 0xb
 517 0083 00       		.byte	0
 518 0084 00       		.byte	0
 519 0085 0C       		.uleb128 0xc
 520 0086 13       		.uleb128 0x13
 521 0087 01       		.byte	0x1
 522 0088 0B       		.uleb128 0xb
 523 0089 0B       		.uleb128 0xb
 524 008a 3A       		.uleb128 0x3a
 525 008b 0B       		.uleb128 0xb
 526 008c 3B       		.uleb128 0x3b
 527 008d 0B       		.uleb128 0xb
 528 008e 01       		.uleb128 0x1
 529 008f 13       		.uleb128 0x13
 530 0090 00       		.byte	0
 531 0091 00       		.byte	0
 532 0092 0D       		.uleb128 0xd
 533 0093 0D       		.uleb128 0xd
 534 0094 00       		.byte	0
 535 0095 03       		.uleb128 0x3
 536 0096 0E       		.uleb128 0xe
 537 0097 3A       		.uleb128 0x3a
 538 0098 0B       		.uleb128 0xb
 539 0099 3B       		.uleb128 0x3b
 540 009a 0B       		.uleb128 0xb
 541 009b 49       		.uleb128 0x49
 542 009c 13       		.uleb128 0x13
 543 009d 38       		.uleb128 0x38
 544 009e 0B       		.uleb128 0xb
 545 009f 00       		.byte	0
 546 00a0 00       		.byte	0
 547 00a1 0E       		.uleb128 0xe
 548 00a2 0F       		.uleb128 0xf
 549 00a3 00       		.byte	0
 550 00a4 0B       		.uleb128 0xb
 551 00a5 0B       		.uleb128 0xb
 552 00a6 49       		.uleb128 0x49
 553 00a7 13       		.uleb128 0x13
 554 00a8 00       		.byte	0
 555 00a9 00       		.byte	0
 556 00aa 0F       		.uleb128 0xf
 557 00ab 26       		.uleb128 0x26
 558 00ac 00       		.byte	0
 559 00ad 49       		.uleb128 0x49
 560 00ae 13       		.uleb128 0x13
 561 00af 00       		.byte	0
 562 00b0 00       		.byte	0
 563 00b1 10       		.uleb128 0x10
 564 00b2 34       		.uleb128 0x34
 565 00b3 00       		.byte	0
 566 00b4 03       		.uleb128 0x3
 567 00b5 0E       		.uleb128 0xe
 568 00b6 3A       		.uleb128 0x3a
 569 00b7 0B       		.uleb128 0xb
 570 00b8 3B       		.uleb128 0x3b
ARM GAS  C:\Users\codyg\AppData\Local\Temp\ccA8poEe.s 			page 11


 571 00b9 0B       		.uleb128 0xb
 572 00ba 49       		.uleb128 0x49
 573 00bb 13       		.uleb128 0x13
 574 00bc 02       		.uleb128 0x2
 575 00bd 18       		.uleb128 0x18
 576 00be 00       		.byte	0
 577 00bf 00       		.byte	0
 578 00c0 11       		.uleb128 0x11
 579 00c1 34       		.uleb128 0x34
 580 00c2 00       		.byte	0
 581 00c3 03       		.uleb128 0x3
 582 00c4 0E       		.uleb128 0xe
 583 00c5 3A       		.uleb128 0x3a
 584 00c6 0B       		.uleb128 0xb
 585 00c7 3B       		.uleb128 0x3b
 586 00c8 05       		.uleb128 0x5
 587 00c9 49       		.uleb128 0x49
 588 00ca 13       		.uleb128 0x13
 589 00cb 3F       		.uleb128 0x3f
 590 00cc 19       		.uleb128 0x19
 591 00cd 3C       		.uleb128 0x3c
 592 00ce 19       		.uleb128 0x19
 593 00cf 00       		.byte	0
 594 00d0 00       		.byte	0
 595 00d1 12       		.uleb128 0x12
 596 00d2 34       		.uleb128 0x34
 597 00d3 00       		.byte	0
 598 00d4 03       		.uleb128 0x3
 599 00d5 0E       		.uleb128 0xe
 600 00d6 3A       		.uleb128 0x3a
 601 00d7 0B       		.uleb128 0xb
 602 00d8 3B       		.uleb128 0x3b
 603 00d9 0B       		.uleb128 0xb
 604 00da 49       		.uleb128 0x49
 605 00db 13       		.uleb128 0x13
 606 00dc 3F       		.uleb128 0x3f
 607 00dd 19       		.uleb128 0x19
 608 00de 02       		.uleb128 0x2
 609 00df 18       		.uleb128 0x18
 610 00e0 00       		.byte	0
 611 00e1 00       		.byte	0
 612 00e2 00       		.byte	0
 613              		.section	.debug_aranges,"",%progbits
 614 0000 14000000 		.4byte	0x14
 615 0004 0200     		.2byte	0x2
 616 0006 00000000 		.4byte	.Ldebug_info0
 617 000a 04       		.byte	0x4
 618 000b 00       		.byte	0
 619 000c 0000     		.2byte	0
 620 000e 0000     		.2byte	0
 621 0010 00000000 		.4byte	0
 622 0014 00000000 		.4byte	0
 623              		.section	.debug_line,"",%progbits
 624              	.Ldebug_line0:
 625 0000 C6010000 		.section	.debug_str,"MS",%progbits,1
 625      0200C001 
 625      00000201 
ARM GAS  C:\Users\codyg\AppData\Local\Temp\ccA8poEe.s 			page 12


 625      FB0E0D00 
 625      01010101 
 626              	.LASF27:
 627 0000 72616E67 		.ascii	"rangeCond\000"
 627      65436F6E 
 627      6400
 628              	.LASF24:
 629 000a 73616D70 		.ascii	"sampleTime01\000"
 629      6C655469 
 629      6D653031 
 629      00
 630              	.LASF49:
 631 0017 433A5C55 		.ascii	"C:\\Users\\codyg\\git\\psoc6-realtime-processing\\B"
 631      73657273 
 631      5C636F64 
 631      79675C67 
 631      69745C70 
 632 0045 4C455F52 		.ascii	"LE_RTC_IMU.cydsn\\CE218138_BLE_Thermometer_RTOS01.c"
 632      54435F49 
 632      4D552E63 
 632      7964736E 
 632      5C434532 
 633 0077 7964736E 		.ascii	"ydsn\000"
 633      00
 634              	.LASF28:
 635 007c 6368616E 		.ascii	"chanEn\000"
 635      456E00
 636              	.LASF25:
 637 0083 73616D70 		.ascii	"sampleTime23\000"
 637      6C655469 
 637      6D653233 
 637      00
 638              	.LASF31:
 639 0090 73617449 		.ascii	"satIntrMask\000"
 639      6E74724D 
 639      61736B00 
 640              	.LASF18:
 641 009c 43595F53 		.ascii	"CY_SAR_RANGE_COND_INSIDE\000"
 641      41525F52 
 641      414E4745 
 641      5F434F4E 
 641      445F494E 
 642              	.LASF17:
 643 00b5 43595F53 		.ascii	"CY_SAR_RANGE_COND_BELOW\000"
 643      41525F52 
 643      414E4745 
 643      5F434F4E 
 643      445F4245 
 644              	.LASF34:
 645 00cd 6D757853 		.ascii	"muxSwitchSqCtrl\000"
 645      77697463 
 645      68537143 
 645      74726C00 
 646              	.LASF26:
 647 00dd 72616E67 		.ascii	"rangeThres\000"
 647      65546872 
 647      657300
ARM GAS  C:\Users\codyg\AppData\Local\Temp\ccA8poEe.s 			page 13


 648              	.LASF14:
 649 00e8 666C6F61 		.ascii	"float\000"
 649      7400
 650              	.LASF33:
 651 00ee 6D757853 		.ascii	"muxSwitch\000"
 651      77697463 
 651      6800
 652              	.LASF1:
 653 00f8 756E7369 		.ascii	"unsigned char\000"
 653      676E6564 
 653      20636861 
 653      7200
 654              	.LASF30:
 655 0106 696E7472 		.ascii	"intrMask\000"
 655      4D61736B 
 655      00
 656              	.LASF5:
 657 010f 6C6F6E67 		.ascii	"long unsigned int\000"
 657      20756E73 
 657      69676E65 
 657      6420696E 
 657      7400
 658              	.LASF3:
 659 0121 73686F72 		.ascii	"short unsigned int\000"
 659      7420756E 
 659      7369676E 
 659      65642069 
 659      6E7400
 660              	.LASF46:
 661 0134 4144435F 		.ascii	"ADC_allConfigs\000"
 661      616C6C43 
 661      6F6E6669 
 661      677300
 662              	.LASF38:
 663 0143 63795F73 		.ascii	"cy_stc_sar_config_t\000"
 663      74635F73 
 663      61725F63 
 663      6F6E6669 
 663      675F7400 
 664              	.LASF48:
 665 0157 47656E65 		.ascii	"Generated_Source\\PSoC6\\ADC_INIT.c\000"
 665      72617465 
 665      645F536F 
 665      75726365 
 665      5C50536F 
 666              	.LASF43:
 667 0179 636C6B44 		.ascii	"clkDivider\000"
 667      69766964 
 667      657200
 668              	.LASF20:
 669 0184 43595F53 		.ascii	"CY_SAR_RANGE_COND_OUTSIDE\000"
 669      41525F52 
 669      414E4745 
 669      5F434F4E 
 669      445F4F55 
 670              	.LASF15:
 671 019e 646F7562 		.ascii	"double\000"
ARM GAS  C:\Users\codyg\AppData\Local\Temp\ccA8poEe.s 			page 14


 671      6C6500
 672              	.LASF9:
 673 01a5 5F5F7569 		.ascii	"__uint32_t\000"
 673      6E743332 
 673      5F7400
 674              	.LASF39:
 675 01b0 6368616E 		.ascii	"channelBase\000"
 675      6E656C42 
 675      61736500 
 676              	.LASF16:
 677 01bc 75696E74 		.ascii	"uint32\000"
 677      333200
 678              	.LASF23:
 679 01c3 73616D70 		.ascii	"sampleCtrl\000"
 679      6C654374 
 679      726C00
 680              	.LASF8:
 681 01ce 756E7369 		.ascii	"unsigned int\000"
 681      676E6564 
 681      20696E74 
 681      00
 682              	.LASF36:
 683 01db 76726566 		.ascii	"vrefMvValue\000"
 683      4D765661 
 683      6C756500 
 684              	.LASF29:
 685 01e7 6368616E 		.ascii	"chanConfig\000"
 685      436F6E66 
 685      696700
 686              	.LASF40:
 687 01f2 6E756D43 		.ascii	"numChannels\000"
 687      68616E6E 
 687      656C7300 
 688              	.LASF32:
 689 01fe 72616E67 		.ascii	"rangeIntrMask\000"
 689      65496E74 
 689      724D6173 
 689      6B00
 690              	.LASF21:
 691 020c 63795F65 		.ascii	"cy_en_sar_range_detect_condition_t\000"
 691      6E5F7361 
 691      725F7261 
 691      6E67655F 
 691      64657465 
 692              	.LASF44:
 693 022f 4144435F 		.ascii	"ADC_CONFIG_STRUCT\000"
 693      434F4E46 
 693      49475F53 
 693      54525543 
 693      5400
 694              	.LASF45:
 695 0241 4144435F 		.ascii	"ADC_currentConfig\000"
 695      63757272 
 695      656E7443 
 695      6F6E6669 
 695      6700
 696              	.LASF22:
ARM GAS  C:\Users\codyg\AppData\Local\Temp\ccA8poEe.s 			page 15


 697 0253 6374726C 		.ascii	"ctrl\000"
 697      00
 698              	.LASF11:
 699 0258 73697A65 		.ascii	"sizetype\000"
 699      74797065 
 699      00
 700              	.LASF6:
 701 0261 6C6F6E67 		.ascii	"long long int\000"
 701      206C6F6E 
 701      6720696E 
 701      7400
 702              	.LASF13:
 703 026f 63686172 		.ascii	"char\000"
 703      00
 704              	.LASF35:
 705 0274 636F6E66 		.ascii	"configRouting\000"
 705      6967526F 
 705      7574696E 
 705      6700
 706              	.LASF0:
 707 0282 73686F72 		.ascii	"short int\000"
 707      7420696E 
 707      7400
 708              	.LASF50:
 709 028c 4144435F 		.ascii	"ADC_hwConfigs\000"
 709      6877436F 
 709      6E666967 
 709      7300
 710              	.LASF42:
 711 029a 6D697363 		.ascii	"miscConfig\000"
 711      436F6E66 
 711      696700
 712              	.LASF10:
 713 02a5 75696E74 		.ascii	"uint32_t\000"
 713      33325F74 
 713      00
 714              	.LASF4:
 715 02ae 6C6F6E67 		.ascii	"long int\000"
 715      20696E74 
 715      00
 716              	.LASF12:
 717 02b7 6C6F6E67 		.ascii	"long double\000"
 717      20646F75 
 717      626C6500 
 718              	.LASF47:
 719 02c3 474E5520 		.ascii	"GNU C11 5.4.1 20160609 (release) [ARM/embedded-5-br"
 719      43313120 
 719      352E342E 
 719      31203230 
 719      31363036 
 720 02f6 616E6368 		.ascii	"anch revision 237715] -mcpu=cortex-m0plus -mthumb -"
 720      20726576 
 720      6973696F 
 720      6E203233 
 720      37373135 
 721 0329 67202D4F 		.ascii	"g -Og -ffunction-sections -ffat-lto-objects\000"
 721      67202D66 
ARM GAS  C:\Users\codyg\AppData\Local\Temp\ccA8poEe.s 			page 16


 721      66756E63 
 721      74696F6E 
 721      2D736563 
 722              	.LASF2:
 723 0355 7369676E 		.ascii	"signed char\000"
 723      65642063 
 723      68617200 
 724              	.LASF41:
 725 0361 6877436F 		.ascii	"hwConfigStc\000"
 725      6E666967 
 725      53746300 
 726              	.LASF37:
 727 036d 5F426F6F 		.ascii	"_Bool\000"
 727      6C00
 728              	.LASF19:
 729 0373 43595F53 		.ascii	"CY_SAR_RANGE_COND_ABOVE\000"
 729      41525F52 
 729      414E4745 
 729      5F434F4E 
 729      445F4142 
 730              	.LASF7:
 731 038b 6C6F6E67 		.ascii	"long long unsigned int\000"
 731      206C6F6E 
 731      6720756E 
 731      7369676E 
 731      65642069 
 732              		.ident	"GCC: (GNU Tools for ARM Embedded Processors) 5.4.1 20160609 (release) [ARM/embedded-5-bran
