ARM GAS  C:\Users\codyg\AppData\Local\Temp\cc5oknya.s 			page 1


   1              		.syntax unified
   2              		.cpu cortex-m0plus
   3              		.fpu softvfp
   4              		.eabi_attribute 20, 1
   5              		.eabi_attribute 21, 1
   6              		.eabi_attribute 23, 3
   7              		.eabi_attribute 24, 1
   8              		.eabi_attribute 25, 1
   9              		.eabi_attribute 26, 1
  10              		.eabi_attribute 30, 1
  11              		.eabi_attribute 34, 0
  12              		.eabi_attribute 18, 4
  13              		.thumb
  14              		.syntax unified
  15              		.file	"BLE_config.c"
  16              		.text
  17              	.Ltext0:
  18              		.cfi_sections	.debug_frame
  19              	.Letext0:
  20              		.section	.debug_info,"",%progbits
  21              	.Ldebug_info0:
  22 0000 7C000000 		.4byte	0x7c
  23 0004 0400     		.2byte	0x4
  24 0006 00000000 		.4byte	.Ldebug_abbrev0
  25 000a 04       		.byte	0x4
  26 000b 01       		.uleb128 0x1
  27 000c 1F010000 		.4byte	.LASF13
  28 0010 0C       		.byte	0xc
  29 0011 C5000000 		.4byte	.LASF14
  30 0015 1B000000 		.4byte	.LASF15
  31 0019 00000000 		.4byte	.Ldebug_line0
  32 001d 02       		.uleb128 0x2
  33 001e 02       		.byte	0x2
  34 001f 05       		.byte	0x5
  35 0020 15010000 		.4byte	.LASF0
  36 0024 02       		.uleb128 0x2
  37 0025 01       		.byte	0x1
  38 0026 08       		.byte	0x8
  39 0027 A9000000 		.4byte	.LASF1
  40 002b 02       		.uleb128 0x2
  41 002c 01       		.byte	0x1
  42 002d 06       		.byte	0x6
  43 002e 03010000 		.4byte	.LASF2
  44 0032 02       		.uleb128 0x2
  45 0033 02       		.byte	0x2
  46 0034 07       		.byte	0x7
  47 0035 F0000000 		.4byte	.LASF3
  48 0039 02       		.uleb128 0x2
  49 003a 04       		.byte	0x4
  50 003b 05       		.byte	0x5
  51 003c BC000000 		.4byte	.LASF4
  52 0040 02       		.uleb128 0x2
  53 0041 04       		.byte	0x4
  54 0042 07       		.byte	0x7
  55 0043 80000000 		.4byte	.LASF5
  56 0047 02       		.uleb128 0x2
  57 0048 08       		.byte	0x8
ARM GAS  C:\Users\codyg\AppData\Local\Temp\cc5oknya.s 			page 2


  58 0049 05       		.byte	0x5
  59 004a 00000000 		.4byte	.LASF6
  60 004e 02       		.uleb128 0x2
  61 004f 08       		.byte	0x8
  62 0050 07       		.byte	0x7
  63 0051 92000000 		.4byte	.LASF7
  64 0055 03       		.uleb128 0x3
  65 0056 04       		.byte	0x4
  66 0057 05       		.byte	0x5
  67 0058 696E7400 		.ascii	"int\000"
  68 005c 02       		.uleb128 0x2
  69 005d 04       		.byte	0x4
  70 005e 07       		.byte	0x7
  71 005f 0E000000 		.4byte	.LASF8
  72 0063 02       		.uleb128 0x2
  73 0064 04       		.byte	0x4
  74 0065 07       		.byte	0x7
  75 0066 B1010000 		.4byte	.LASF9
  76 006a 02       		.uleb128 0x2
  77 006b 01       		.byte	0x1
  78 006c 08       		.byte	0x8
  79 006d B7000000 		.4byte	.LASF10
  80 0071 02       		.uleb128 0x2
  81 0072 04       		.byte	0x4
  82 0073 04       		.byte	0x4
  83 0074 0F010000 		.4byte	.LASF11
  84 0078 02       		.uleb128 0x2
  85 0079 08       		.byte	0x8
  86 007a 04       		.byte	0x4
  87 007b E9000000 		.4byte	.LASF12
  88 007f 00       		.byte	0
  89              		.section	.debug_abbrev,"",%progbits
  90              	.Ldebug_abbrev0:
  91 0000 01       		.uleb128 0x1
  92 0001 11       		.uleb128 0x11
  93 0002 01       		.byte	0x1
  94 0003 25       		.uleb128 0x25
  95 0004 0E       		.uleb128 0xe
  96 0005 13       		.uleb128 0x13
  97 0006 0B       		.uleb128 0xb
  98 0007 03       		.uleb128 0x3
  99 0008 0E       		.uleb128 0xe
 100 0009 1B       		.uleb128 0x1b
 101 000a 0E       		.uleb128 0xe
 102 000b 10       		.uleb128 0x10
 103 000c 17       		.uleb128 0x17
 104 000d 00       		.byte	0
 105 000e 00       		.byte	0
 106 000f 02       		.uleb128 0x2
 107 0010 24       		.uleb128 0x24
 108 0011 00       		.byte	0
 109 0012 0B       		.uleb128 0xb
 110 0013 0B       		.uleb128 0xb
 111 0014 3E       		.uleb128 0x3e
 112 0015 0B       		.uleb128 0xb
 113 0016 03       		.uleb128 0x3
 114 0017 0E       		.uleb128 0xe
ARM GAS  C:\Users\codyg\AppData\Local\Temp\cc5oknya.s 			page 3


 115 0018 00       		.byte	0
 116 0019 00       		.byte	0
 117 001a 03       		.uleb128 0x3
 118 001b 24       		.uleb128 0x24
 119 001c 00       		.byte	0
 120 001d 0B       		.uleb128 0xb
 121 001e 0B       		.uleb128 0xb
 122 001f 3E       		.uleb128 0x3e
 123 0020 0B       		.uleb128 0xb
 124 0021 03       		.uleb128 0x3
 125 0022 08       		.uleb128 0x8
 126 0023 00       		.byte	0
 127 0024 00       		.byte	0
 128 0025 00       		.byte	0
 129              		.section	.debug_aranges,"",%progbits
 130 0000 14000000 		.4byte	0x14
 131 0004 0200     		.2byte	0x2
 132 0006 00000000 		.4byte	.Ldebug_info0
 133 000a 04       		.byte	0x4
 134 000b 00       		.byte	0
 135 000c 0000     		.2byte	0
 136 000e 0000     		.2byte	0
 137 0010 00000000 		.4byte	0
 138 0014 00000000 		.4byte	0
 139              		.section	.debug_line,"",%progbits
 140              	.Ldebug_line0:
 141 0000 19000000 		.section	.debug_str,"MS",%progbits,1
 141      02001300 
 141      00000201 
 141      FB0E0D00 
 141      01010101 
 142              	.LASF6:
 143 0000 6C6F6E67 		.ascii	"long long int\000"
 143      206C6F6E 
 143      6720696E 
 143      7400
 144              	.LASF8:
 145 000e 756E7369 		.ascii	"unsigned int\000"
 145      676E6564 
 145      20696E74 
 145      00
 146              	.LASF15:
 147 001b 433A5C55 		.ascii	"C:\\Users\\codyg\\git\\psoc6-realtime-processing\\B"
 147      73657273 
 147      5C636F64 
 147      79675C67 
 147      69745C70 
 148 0049 4C455F52 		.ascii	"LE_RTC_IMU.cydsn\\CE218138_BLE_Thermometer_RTOS01.c"
 148      54435F49 
 148      4D552E63 
 148      7964736E 
 148      5C434532 
 149 007b 7964736E 		.ascii	"ydsn\000"
 149      00
 150              	.LASF5:
 151 0080 6C6F6E67 		.ascii	"long unsigned int\000"
 151      20756E73 
ARM GAS  C:\Users\codyg\AppData\Local\Temp\cc5oknya.s 			page 4


 151      69676E65 
 151      6420696E 
 151      7400
 152              	.LASF7:
 153 0092 6C6F6E67 		.ascii	"long long unsigned int\000"
 153      206C6F6E 
 153      6720756E 
 153      7369676E 
 153      65642069 
 154              	.LASF1:
 155 00a9 756E7369 		.ascii	"unsigned char\000"
 155      676E6564 
 155      20636861 
 155      7200
 156              	.LASF10:
 157 00b7 63686172 		.ascii	"char\000"
 157      00
 158              	.LASF4:
 159 00bc 6C6F6E67 		.ascii	"long int\000"
 159      20696E74 
 159      00
 160              	.LASF14:
 161 00c5 47656E65 		.ascii	"Generated_Source\\PSoC6\\BLE_config.c\000"
 161      72617465 
 161      645F536F 
 161      75726365 
 161      5C50536F 
 162              	.LASF12:
 163 00e9 646F7562 		.ascii	"double\000"
 163      6C6500
 164              	.LASF3:
 165 00f0 73686F72 		.ascii	"short unsigned int\000"
 165      7420756E 
 165      7369676E 
 165      65642069 
 165      6E7400
 166              	.LASF2:
 167 0103 7369676E 		.ascii	"signed char\000"
 167      65642063 
 167      68617200 
 168              	.LASF11:
 169 010f 666C6F61 		.ascii	"float\000"
 169      7400
 170              	.LASF0:
 171 0115 73686F72 		.ascii	"short int\000"
 171      7420696E 
 171      7400
 172              	.LASF13:
 173 011f 474E5520 		.ascii	"GNU C11 5.4.1 20160609 (release) [ARM/embedded-5-br"
 173      43313120 
 173      352E342E 
 173      31203230 
 173      31363036 
 174 0152 616E6368 		.ascii	"anch revision 237715] -mcpu=cortex-m0plus -mthumb -"
 174      20726576 
 174      6973696F 
 174      6E203233 
ARM GAS  C:\Users\codyg\AppData\Local\Temp\cc5oknya.s 			page 5


 174      37373135 
 175 0185 67202D4F 		.ascii	"g -Og -ffunction-sections -ffat-lto-objects\000"
 175      67202D66 
 175      66756E63 
 175      74696F6E 
 175      2D736563 
 176              	.LASF9:
 177 01b1 73697A65 		.ascii	"sizetype\000"
 177      74797065 
 177      00
 178              		.ident	"GCC: (GNU Tools for ARM Embedded Processors) 5.4.1 20160609 (release) [ARM/embedded-5-bran
