ARM GAS  C:\Users\codyg\AppData\Local\Temp\ccoT6m4K.s 			page 1


   1              		.syntax unified
   2              		.cpu cortex-m0plus
   3              		.fpu softvfp
   4              		.eabi_attribute 20, 1
   5              		.eabi_attribute 21, 1
   6              		.eabi_attribute 23, 3
   7              		.eabi_attribute 24, 1
   8              		.eabi_attribute 25, 1
   9              		.eabi_attribute 26, 1
  10              		.eabi_attribute 30, 1
  11              		.eabi_attribute 34, 0
  12              		.eabi_attribute 18, 4
  13              		.thumb
  14              		.syntax unified
  15              		.file	"cy_ble_bcs.c"
  16              		.text
  17              	.Ltext0:
  18              		.cfi_sections	.debug_frame
  19              	.Letext0:
  20              		.section	.debug_info,"",%progbits
  21              	.Ldebug_info0:
  22 0000 8A000000 		.4byte	0x8a
  23 0004 0400     		.2byte	0x4
  24 0006 00000000 		.4byte	.Ldebug_abbrev0
  25 000a 04       		.byte	0x4
  26 000b 01       		.uleb128 0x1
  27 000c 44010000 		.4byte	.LASF15
  28 0010 0C       		.byte	0xc
  29 0011 C8000000 		.4byte	.LASF16
  30 0015 29000000 		.4byte	.LASF17
  31 0019 00000000 		.4byte	.Ldebug_line0
  32 001d 02       		.uleb128 0x2
  33 001e 04       		.byte	0x4
  34 001f 05       		.byte	0x5
  35 0020 696E7400 		.ascii	"int\000"
  36 0024 03       		.uleb128 0x3
  37 0025 04       		.byte	0x4
  38 0026 07       		.byte	0x7
  39 0027 0E000000 		.4byte	.LASF0
  40 002b 03       		.uleb128 0x3
  41 002c 08       		.byte	0x8
  42 002d 05       		.byte	0x5
  43 002e 00000000 		.4byte	.LASF1
  44 0032 03       		.uleb128 0x3
  45 0033 08       		.byte	0x8
  46 0034 04       		.byte	0x4
  47 0035 2E010000 		.4byte	.LASF2
  48 0039 03       		.uleb128 0x3
  49 003a 01       		.byte	0x1
  50 003b 06       		.byte	0x6
  51 003c 22010000 		.4byte	.LASF3
  52 0040 03       		.uleb128 0x3
  53 0041 01       		.byte	0x1
  54 0042 08       		.byte	0x8
  55 0043 1B000000 		.4byte	.LASF4
  56 0047 03       		.uleb128 0x3
  57 0048 02       		.byte	0x2
ARM GAS  C:\Users\codyg\AppData\Local\Temp\ccoT6m4K.s 			page 2


  58 0049 05       		.byte	0x5
  59 004a 3A010000 		.4byte	.LASF5
  60 004e 03       		.uleb128 0x3
  61 004f 02       		.byte	0x2
  62 0050 07       		.byte	0x7
  63 0051 0F010000 		.4byte	.LASF6
  64 0055 03       		.uleb128 0x3
  65 0056 04       		.byte	0x4
  66 0057 05       		.byte	0x5
  67 0058 FF000000 		.4byte	.LASF7
  68 005c 03       		.uleb128 0x3
  69 005d 04       		.byte	0x4
  70 005e 07       		.byte	0x7
  71 005f 8E000000 		.4byte	.LASF8
  72 0063 03       		.uleb128 0x3
  73 0064 08       		.byte	0x8
  74 0065 07       		.byte	0x7
  75 0066 A0000000 		.4byte	.LASF9
  76 006a 03       		.uleb128 0x3
  77 006b 04       		.byte	0x4
  78 006c 07       		.byte	0x7
  79 006d D6010000 		.4byte	.LASF10
  80 0071 03       		.uleb128 0x3
  81 0072 01       		.byte	0x1
  82 0073 08       		.byte	0x8
  83 0074 C3000000 		.4byte	.LASF11
  84 0078 03       		.uleb128 0x3
  85 0079 04       		.byte	0x4
  86 007a 04       		.byte	0x4
  87 007b B7000000 		.4byte	.LASF12
  88 007f 03       		.uleb128 0x3
  89 0080 08       		.byte	0x8
  90 0081 04       		.byte	0x4
  91 0082 08010000 		.4byte	.LASF13
  92 0086 03       		.uleb128 0x3
  93 0087 01       		.byte	0x1
  94 0088 02       		.byte	0x2
  95 0089 BD000000 		.4byte	.LASF14
  96 008d 00       		.byte	0
  97              		.section	.debug_abbrev,"",%progbits
  98              	.Ldebug_abbrev0:
  99 0000 01       		.uleb128 0x1
 100 0001 11       		.uleb128 0x11
 101 0002 01       		.byte	0x1
 102 0003 25       		.uleb128 0x25
 103 0004 0E       		.uleb128 0xe
 104 0005 13       		.uleb128 0x13
 105 0006 0B       		.uleb128 0xb
 106 0007 03       		.uleb128 0x3
 107 0008 0E       		.uleb128 0xe
 108 0009 1B       		.uleb128 0x1b
 109 000a 0E       		.uleb128 0xe
 110 000b 10       		.uleb128 0x10
 111 000c 17       		.uleb128 0x17
 112 000d 00       		.byte	0
 113 000e 00       		.byte	0
 114 000f 02       		.uleb128 0x2
ARM GAS  C:\Users\codyg\AppData\Local\Temp\ccoT6m4K.s 			page 3


 115 0010 24       		.uleb128 0x24
 116 0011 00       		.byte	0
 117 0012 0B       		.uleb128 0xb
 118 0013 0B       		.uleb128 0xb
 119 0014 3E       		.uleb128 0x3e
 120 0015 0B       		.uleb128 0xb
 121 0016 03       		.uleb128 0x3
 122 0017 08       		.uleb128 0x8
 123 0018 00       		.byte	0
 124 0019 00       		.byte	0
 125 001a 03       		.uleb128 0x3
 126 001b 24       		.uleb128 0x24
 127 001c 00       		.byte	0
 128 001d 0B       		.uleb128 0xb
 129 001e 0B       		.uleb128 0xb
 130 001f 3E       		.uleb128 0x3e
 131 0020 0B       		.uleb128 0xb
 132 0021 03       		.uleb128 0x3
 133 0022 0E       		.uleb128 0xe
 134 0023 00       		.byte	0
 135 0024 00       		.byte	0
 136 0025 00       		.byte	0
 137              		.section	.debug_aranges,"",%progbits
 138 0000 14000000 		.4byte	0x14
 139 0004 0200     		.2byte	0x2
 140 0006 00000000 		.4byte	.Ldebug_info0
 141 000a 04       		.byte	0x4
 142 000b 00       		.byte	0
 143 000c 0000     		.2byte	0
 144 000e 0000     		.2byte	0
 145 0010 00000000 		.4byte	0
 146 0014 00000000 		.4byte	0
 147              		.section	.debug_line,"",%progbits
 148              	.Ldebug_line0:
 149 0000 19000000 		.section	.debug_str,"MS",%progbits,1
 149      02001300 
 149      00000201 
 149      FB0E0D00 
 149      01010101 
 150              	.LASF1:
 151 0000 6C6F6E67 		.ascii	"long long int\000"
 151      206C6F6E 
 151      6720696E 
 151      7400
 152              	.LASF0:
 153 000e 756E7369 		.ascii	"unsigned int\000"
 153      676E6564 
 153      20696E74 
 153      00
 154              	.LASF4:
 155 001b 756E7369 		.ascii	"unsigned char\000"
 155      676E6564 
 155      20636861 
 155      7200
 156              	.LASF17:
 157 0029 433A5C55 		.ascii	"C:\\Users\\codyg\\git\\psoc6-realtime-processing\\B"
 157      73657273 
ARM GAS  C:\Users\codyg\AppData\Local\Temp\ccoT6m4K.s 			page 4


 157      5C636F64 
 157      79675C67 
 157      69745C70 
 158 0057 4C455F52 		.ascii	"LE_RTC_IMU.cydsn\\CE218138_BLE_Thermometer_RTOS01.c"
 158      54435F49 
 158      4D552E63 
 158      7964736E 
 158      5C434532 
 159 0089 7964736E 		.ascii	"ydsn\000"
 159      00
 160              	.LASF8:
 161 008e 6C6F6E67 		.ascii	"long unsigned int\000"
 161      20756E73 
 161      69676E65 
 161      6420696E 
 161      7400
 162              	.LASF9:
 163 00a0 6C6F6E67 		.ascii	"long long unsigned int\000"
 163      206C6F6E 
 163      6720756E 
 163      7369676E 
 163      65642069 
 164              	.LASF12:
 165 00b7 666C6F61 		.ascii	"float\000"
 165      7400
 166              	.LASF14:
 167 00bd 5F426F6F 		.ascii	"_Bool\000"
 167      6C00
 168              	.LASF11:
 169 00c3 63686172 		.ascii	"char\000"
 169      00
 170              	.LASF16:
 171 00c8 47656E65 		.ascii	"Generated_Source\\PSoC6\\pdl\\middleware\\ble\\cy_b"
 171      72617465 
 171      645F536F 
 171      75726365 
 171      5C50536F 
 172 00f6 6C655F62 		.ascii	"le_bcs.c\000"
 172      63732E63 
 172      00
 173              	.LASF7:
 174 00ff 6C6F6E67 		.ascii	"long int\000"
 174      20696E74 
 174      00
 175              	.LASF13:
 176 0108 646F7562 		.ascii	"double\000"
 176      6C6500
 177              	.LASF6:
 178 010f 73686F72 		.ascii	"short unsigned int\000"
 178      7420756E 
 178      7369676E 
 178      65642069 
 178      6E7400
 179              	.LASF3:
 180 0122 7369676E 		.ascii	"signed char\000"
 180      65642063 
 180      68617200 
ARM GAS  C:\Users\codyg\AppData\Local\Temp\ccoT6m4K.s 			page 5


 181              	.LASF2:
 182 012e 6C6F6E67 		.ascii	"long double\000"
 182      20646F75 
 182      626C6500 
 183              	.LASF5:
 184 013a 73686F72 		.ascii	"short int\000"
 184      7420696E 
 184      7400
 185              	.LASF15:
 186 0144 474E5520 		.ascii	"GNU C11 5.4.1 20160609 (release) [ARM/embedded-5-br"
 186      43313120 
 186      352E342E 
 186      31203230 
 186      31363036 
 187 0177 616E6368 		.ascii	"anch revision 237715] -mcpu=cortex-m0plus -mthumb -"
 187      20726576 
 187      6973696F 
 187      6E203233 
 187      37373135 
 188 01aa 67202D4F 		.ascii	"g -Og -ffunction-sections -ffat-lto-objects\000"
 188      67202D66 
 188      66756E63 
 188      74696F6E 
 188      2D736563 
 189              	.LASF10:
 190 01d6 73697A65 		.ascii	"sizetype\000"
 190      74797065 
 190      00
 191              		.ident	"GCC: (GNU Tools for ARM Embedded Processors) 5.4.1 20160609 (release) [ARM/embedded-5-bran
