ARM GAS  C:\Users\codyg\AppData\Local\Temp\cctX6YHb.s 			page 1


   1              		.syntax unified
   2              		.cpu cortex-m0plus
   3              		.fpu softvfp
   4              		.eabi_attribute 20, 1
   5              		.eabi_attribute 21, 1
   6              		.eabi_attribute 23, 3
   7              		.eabi_attribute 24, 1
   8              		.eabi_attribute 25, 1
   9              		.eabi_attribute 26, 1
  10              		.eabi_attribute 30, 1
  11              		.eabi_attribute 34, 0
  12              		.eabi_attribute 18, 4
  13              		.thumb
  14              		.syntax unified
  15              		.file	"cyfitter_sysint_cfg.c"
  16              		.text
  17              	.Ltext0:
  18              		.cfi_sections	.debug_frame
  19              		.global	BLE_bless_isr_cfg
  20              		.section	.rodata
  21              		.align	2
  22              		.type	BLE_bless_isr_cfg, %object
  23              		.size	BLE_bless_isr_cfg, 8
  24              	BLE_bless_isr_cfg:
  25 0000 0300     		.short	3
  26 0002 18       		.byte	24
  27 0003 00       		.space	1
  28 0004 01000000 		.word	1
  29              		.text
  30              	.Letext0:
  31              		.file 1 "Generated_Source\\PSoC6\\pdl\\devices/psoc6/psoc63/include/cy8c6347bzi_bld53.h"
  32              		.file 2 "c:\\program files (x86)\\cypress\\psoc creator\\4.2\\psoc creator\\import\\gnu\\arm\\5.4.
  33              		.file 3 "c:\\program files (x86)\\cypress\\psoc creator\\4.2\\psoc creator\\import\\gnu\\arm\\5.4.
  34              		.file 4 "Generated_Source\\PSoC6\\pdl\\drivers/peripheral/sysint/cy_sysint.h"
  35              		.file 5 "Generated_Source\\PSoC6\\cyfitter_sysint_cfg.c"
  36              		.section	.debug_info,"",%progbits
  37              	.Ldebug_info0:
  38 0000 7A050000 		.4byte	0x57a
  39 0004 0400     		.2byte	0x4
  40 0006 00000000 		.4byte	.Ldebug_abbrev0
  41 000a 04       		.byte	0x4
  42 000b 01       		.uleb128 0x1
  43 000c B50D0000 		.4byte	.LASF209
  44 0010 0C       		.byte	0xc
  45 0011 730E0000 		.4byte	.LASF210
  46 0015 FE120000 		.4byte	.LASF211
  47 0019 00000000 		.4byte	.Ldebug_line0
  48 001d 02       		.uleb128 0x2
  49 001e 02       		.byte	0x2
  50 001f 14010000 		.4byte	0x114
  51 0023 01       		.byte	0x1
  52 0024 24       		.byte	0x24
  53 0025 14010000 		.4byte	0x114
  54 0029 03       		.uleb128 0x3
  55 002a 5C020000 		.4byte	.LASF0
  56 002e 71       		.sleb128 -15
  57 002f 03       		.uleb128 0x3
ARM GAS  C:\Users\codyg\AppData\Local\Temp\cctX6YHb.s 			page 2


  58 0030 370F0000 		.4byte	.LASF1
  59 0034 72       		.sleb128 -14
  60 0035 03       		.uleb128 0x3
  61 0036 CC0F0000 		.4byte	.LASF2
  62 003a 73       		.sleb128 -13
  63 003b 03       		.uleb128 0x3
  64 003c 21090000 		.4byte	.LASF3
  65 0040 7B       		.sleb128 -5
  66 0041 03       		.uleb128 0x3
  67 0042 F10E0000 		.4byte	.LASF4
  68 0046 7E       		.sleb128 -2
  69 0047 03       		.uleb128 0x3
  70 0048 27080000 		.4byte	.LASF5
  71 004c 7F       		.sleb128 -1
  72 004d 04       		.uleb128 0x4
  73 004e E9080000 		.4byte	.LASF6
  74 0052 00       		.byte	0
  75 0053 04       		.uleb128 0x4
  76 0054 A3110000 		.4byte	.LASF7
  77 0058 01       		.byte	0x1
  78 0059 04       		.uleb128 0x4
  79 005a BA000000 		.4byte	.LASF8
  80 005e 02       		.byte	0x2
  81 005f 04       		.uleb128 0x4
  82 0060 05030000 		.4byte	.LASF9
  83 0064 03       		.byte	0x3
  84 0065 04       		.uleb128 0x4
  85 0066 06050000 		.4byte	.LASF10
  86 006a 04       		.byte	0x4
  87 006b 04       		.uleb128 0x4
  88 006c 0A0D0000 		.4byte	.LASF11
  89 0070 05       		.byte	0x5
  90 0071 04       		.uleb128 0x4
  91 0072 F70F0000 		.4byte	.LASF12
  92 0076 06       		.byte	0x6
  93 0077 04       		.uleb128 0x4
  94 0078 9A0C0000 		.4byte	.LASF13
  95 007c 07       		.byte	0x7
  96 007d 04       		.uleb128 0x4
  97 007e D7060000 		.4byte	.LASF14
  98 0082 08       		.byte	0x8
  99 0083 04       		.uleb128 0x4
 100 0084 13090000 		.4byte	.LASF15
 101 0088 09       		.byte	0x9
 102 0089 04       		.uleb128 0x4
 103 008a 7B0F0000 		.4byte	.LASF16
 104 008e 0A       		.byte	0xa
 105 008f 04       		.uleb128 0x4
 106 0090 C9110000 		.4byte	.LASF17
 107 0094 0B       		.byte	0xb
 108 0095 04       		.uleb128 0x4
 109 0096 6A060000 		.4byte	.LASF18
 110 009a 0C       		.byte	0xc
 111 009b 04       		.uleb128 0x4
 112 009c 7E080000 		.4byte	.LASF19
 113 00a0 0D       		.byte	0xd
 114 00a1 04       		.uleb128 0x4
ARM GAS  C:\Users\codyg\AppData\Local\Temp\cctX6YHb.s 			page 3


 115 00a2 AC0A0000 		.4byte	.LASF20
 116 00a6 0E       		.byte	0xe
 117 00a7 04       		.uleb128 0x4
 118 00a8 4C000000 		.4byte	.LASF21
 119 00ac 0F       		.byte	0xf
 120 00ad 04       		.uleb128 0x4
 121 00ae B8020000 		.4byte	.LASF22
 122 00b2 10       		.byte	0x10
 123 00b3 04       		.uleb128 0x4
 124 00b4 BD040000 		.4byte	.LASF23
 125 00b8 11       		.byte	0x11
 126 00b9 04       		.uleb128 0x4
 127 00ba A80C0000 		.4byte	.LASF24
 128 00be 12       		.byte	0x12
 129 00bf 04       		.uleb128 0x4
 130 00c0 8A0F0000 		.4byte	.LASF25
 131 00c4 13       		.byte	0x13
 132 00c5 04       		.uleb128 0x4
 133 00c6 CA050000 		.4byte	.LASF26
 134 00ca 14       		.byte	0x14
 135 00cb 04       		.uleb128 0x4
 136 00cc 01080000 		.4byte	.LASF27
 137 00d0 15       		.byte	0x15
 138 00d1 04       		.uleb128 0x4
 139 00d2 C7100000 		.4byte	.LASF28
 140 00d6 16       		.byte	0x16
 141 00d7 04       		.uleb128 0x4
 142 00d8 96130000 		.4byte	.LASF29
 143 00dc 17       		.byte	0x17
 144 00dd 04       		.uleb128 0x4
 145 00de 4D020000 		.4byte	.LASF30
 146 00e2 18       		.byte	0x18
 147 00e3 04       		.uleb128 0x4
 148 00e4 C2090000 		.4byte	.LASF31
 149 00e8 19       		.byte	0x19
 150 00e9 04       		.uleb128 0x4
 151 00ea 93060000 		.4byte	.LASF32
 152 00ee 1A       		.byte	0x1a
 153 00ef 04       		.uleb128 0x4
 154 00f0 280F0000 		.4byte	.LASF33
 155 00f4 1B       		.byte	0x1b
 156 00f5 04       		.uleb128 0x4
 157 00f6 CD030000 		.4byte	.LASF34
 158 00fa 1C       		.byte	0x1c
 159 00fb 04       		.uleb128 0x4
 160 00fc D9050000 		.4byte	.LASF35
 161 0100 1D       		.byte	0x1d
 162 0101 04       		.uleb128 0x4
 163 0102 18100000 		.4byte	.LASF36
 164 0106 1E       		.byte	0x1e
 165 0107 04       		.uleb128 0x4
 166 0108 AE040000 		.4byte	.LASF37
 167 010c 1F       		.byte	0x1f
 168 010d 04       		.uleb128 0x4
 169 010e 110C0000 		.4byte	.LASF38
 170 0112 F0       		.byte	0xf0
 171 0113 00       		.byte	0
ARM GAS  C:\Users\codyg\AppData\Local\Temp\cctX6YHb.s 			page 4


 172 0114 05       		.uleb128 0x5
 173 0115 02       		.byte	0x2
 174 0116 05       		.byte	0x5
 175 0117 220C0000 		.4byte	.LASF187
 176 011b 06       		.uleb128 0x6
 177 011c 180D0000 		.4byte	.LASF189
 178 0120 01       		.byte	0x1
 179 0121 F4       		.byte	0xf4
 180 0122 1D000000 		.4byte	0x1d
 181 0126 02       		.uleb128 0x2
 182 0127 01       		.byte	0x1
 183 0128 AB040000 		.4byte	0x4ab
 184 012c 01       		.byte	0x1
 185 012d FD       		.byte	0xfd
 186 012e AB040000 		.4byte	0x4ab
 187 0132 04       		.uleb128 0x4
 188 0133 B9010000 		.4byte	.LASF39
 189 0137 00       		.byte	0
 190 0138 04       		.uleb128 0x4
 191 0139 B00F0000 		.4byte	.LASF40
 192 013d 01       		.byte	0x1
 193 013e 04       		.uleb128 0x4
 194 013f 1B000000 		.4byte	.LASF41
 195 0143 02       		.byte	0x2
 196 0144 04       		.uleb128 0x4
 197 0145 BD0E0000 		.4byte	.LASF42
 198 0149 03       		.byte	0x3
 199 014a 04       		.uleb128 0x4
 200 014b 06110000 		.4byte	.LASF43
 201 014f 04       		.byte	0x4
 202 0150 04       		.uleb128 0x4
 203 0151 5F050000 		.4byte	.LASF44
 204 0155 05       		.byte	0x5
 205 0156 04       		.uleb128 0x4
 206 0157 B2070000 		.4byte	.LASF45
 207 015b 06       		.byte	0x6
 208 015c 04       		.uleb128 0x4
 209 015d 010A0000 		.4byte	.LASF46
 210 0161 07       		.byte	0x7
 211 0162 04       		.uleb128 0x4
 212 0163 C6120000 		.4byte	.LASF47
 213 0167 08       		.byte	0x8
 214 0168 04       		.uleb128 0x4
 215 0169 F5010000 		.4byte	.LASF48
 216 016d 09       		.byte	0x9
 217 016e 04       		.uleb128 0x4
 218 016f DE0B0000 		.4byte	.LASF49
 219 0173 0A       		.byte	0xa
 220 0174 04       		.uleb128 0x4
 221 0175 8F0A0000 		.4byte	.LASF50
 222 0179 0B       		.byte	0xb
 223 017a 04       		.uleb128 0x4
 224 017b 36110000 		.4byte	.LASF51
 225 017f 0C       		.byte	0xc
 226 0180 04       		.uleb128 0x4
 227 0181 AD050000 		.4byte	.LASF52
 228 0185 0D       		.byte	0xd
ARM GAS  C:\Users\codyg\AppData\Local\Temp\cctX6YHb.s 			page 5


 229 0186 04       		.uleb128 0x4
 230 0187 E4070000 		.4byte	.LASF53
 231 018b 0E       		.byte	0xe
 232 018c 04       		.uleb128 0x4
 233 018d 1B040000 		.4byte	.LASF54
 234 0191 0F       		.byte	0xf
 235 0192 04       		.uleb128 0x4
 236 0193 B1110000 		.4byte	.LASF55
 237 0197 10       		.byte	0x10
 238 0198 04       		.uleb128 0x4
 239 0199 13030000 		.4byte	.LASF56
 240 019d 11       		.byte	0x11
 241 019e 04       		.uleb128 0x4
 242 019f 89000000 		.4byte	.LASF57
 243 01a3 12       		.byte	0x12
 244 01a4 04       		.uleb128 0x4
 245 01a5 34040000 		.4byte	.LASF58
 246 01a9 13       		.byte	0x13
 247 01aa 04       		.uleb128 0x4
 248 01ab 32060000 		.4byte	.LASF59
 249 01af 14       		.byte	0x14
 250 01b0 04       		.uleb128 0x4
 251 01b1 0F120000 		.4byte	.LASF60
 252 01b5 15       		.byte	0x15
 253 01b6 04       		.uleb128 0x4
 254 01b7 75000000 		.4byte	.LASF61
 255 01bb 16       		.byte	0x16
 256 01bc 04       		.uleb128 0x4
 257 01bd 14050000 		.4byte	.LASF62
 258 01c1 17       		.byte	0x17
 259 01c2 04       		.uleb128 0x4
 260 01c3 C8000000 		.4byte	.LASF63
 261 01c7 18       		.byte	0x18
 262 01c8 04       		.uleb128 0x4
 263 01c9 D10C0000 		.4byte	.LASF64
 264 01cd 19       		.byte	0x19
 265 01ce 04       		.uleb128 0x4
 266 01cf 12070000 		.4byte	.LASF65
 267 01d3 1A       		.byte	0x1a
 268 01d4 04       		.uleb128 0x4
 269 01d5 74090000 		.4byte	.LASF66
 270 01d9 1B       		.byte	0x1b
 271 01da 04       		.uleb128 0x4
 272 01db B50B0000 		.4byte	.LASF67
 273 01df 1C       		.byte	0x1c
 274 01e0 04       		.uleb128 0x4
 275 01e1 22010000 		.4byte	.LASF68
 276 01e5 1D       		.byte	0x1d
 277 01e6 04       		.uleb128 0x4
 278 01e7 66030000 		.4byte	.LASF69
 279 01eb 1E       		.byte	0x1e
 280 01ec 04       		.uleb128 0x4
 281 01ed 7B050000 		.4byte	.LASF70
 282 01f1 1F       		.byte	0x1f
 283 01f2 04       		.uleb128 0x4
 284 01f3 600D0000 		.4byte	.LASF71
 285 01f7 20       		.byte	0x20
ARM GAS  C:\Users\codyg\AppData\Local\Temp\cctX6YHb.s 			page 6


 286 01f8 04       		.uleb128 0x4
 287 01f9 5C100000 		.4byte	.LASF72
 288 01fd 21       		.byte	0x21
 289 01fe 04       		.uleb128 0x4
 290 01ff E2120000 		.4byte	.LASF73
 291 0203 22       		.byte	0x22
 292 0204 04       		.uleb128 0x4
 293 0205 2A120000 		.4byte	.LASF74
 294 0209 23       		.byte	0x23
 295 020a 04       		.uleb128 0x4
 296 020b 3E010000 		.4byte	.LASF75
 297 020f 24       		.byte	0x24
 298 0210 04       		.uleb128 0x4
 299 0211 94030000 		.4byte	.LASF76
 300 0215 25       		.byte	0x25
 301 0216 04       		.uleb128 0x4
 302 0217 79130000 		.4byte	.LASF77
 303 021b 26       		.byte	0x26
 304 021c 04       		.uleb128 0x4
 305 021d 980D0000 		.4byte	.LASF78
 306 0221 27       		.byte	0x27
 307 0222 04       		.uleb128 0x4
 308 0223 94100000 		.4byte	.LASF79
 309 0227 28       		.byte	0x28
 310 0228 04       		.uleb128 0x4
 311 0229 F3000000 		.4byte	.LASF80
 312 022d 29       		.byte	0x29
 313 022e 04       		.uleb128 0x4
 314 022f F1040000 		.4byte	.LASF81
 315 0233 2A       		.byte	0x2a
 316 0234 04       		.uleb128 0x4
 317 0235 2D050000 		.4byte	.LASF82
 318 0239 2B       		.byte	0x2b
 319 023a 04       		.uleb128 0x4
 320 023b FD0E0000 		.4byte	.LASF83
 321 023f 2C       		.byte	0x2c
 322 0240 04       		.uleb128 0x4
 323 0241 EC090000 		.4byte	.LASF84
 324 0245 2D       		.byte	0x2d
 325 0246 04       		.uleb128 0x4
 326 0247 37000000 		.4byte	.LASF85
 327 024b 2E       		.byte	0x2e
 328 024c 04       		.uleb128 0x4
 329 024d 660F0000 		.4byte	.LASF86
 330 0251 2F       		.byte	0x2f
 331 0252 04       		.uleb128 0x4
 332 0253 D6100000 		.4byte	.LASF87
 333 0257 30       		.byte	0x30
 334 0258 04       		.uleb128 0x4
 335 0259 05100000 		.4byte	.LASF88
 336 025d 31       		.byte	0x31
 337 025e 04       		.uleb128 0x4
 338 025f 87110000 		.4byte	.LASF89
 339 0263 32       		.byte	0x32
 340 0264 04       		.uleb128 0x4
 341 0265 9E000000 		.4byte	.LASF90
 342 0269 33       		.byte	0x33
ARM GAS  C:\Users\codyg\AppData\Local\Temp\cctX6YHb.s 			page 7


 343 026a 04       		.uleb128 0x4
 344 026b 4E060000 		.4byte	.LASF91
 345 026f 34       		.byte	0x34
 346 0270 04       		.uleb128 0x4
 347 0271 730A0000 		.4byte	.LASF92
 348 0275 35       		.byte	0x35
 349 0276 04       		.uleb128 0x4
 350 0277 FF030000 		.4byte	.LASF93
 351 027b 36       		.byte	0x36
 352 027c 04       		.uleb128 0x4
 353 027d DB0F0000 		.4byte	.LASF94
 354 0281 37       		.byte	0x37
 355 0282 04       		.uleb128 0x4
 356 0283 72040000 		.4byte	.LASF95
 357 0287 38       		.byte	0x38
 358 0288 04       		.uleb128 0x4
 359 0289 63120000 		.4byte	.LASF96
 360 028d 39       		.byte	0x39
 361 028e 04       		.uleb128 0x4
 362 028f F7080000 		.4byte	.LASF97
 363 0293 3A       		.byte	0x3a
 364 0294 04       		.uleb128 0x4
 365 0295 3D0B0000 		.4byte	.LASF98
 366 0299 3B       		.byte	0x3b
 367 029a 04       		.uleb128 0x4
 368 029b 3D090000 		.4byte	.LASF99
 369 029f 3C       		.byte	0x3c
 370 02a0 04       		.uleb128 0x4
 371 02a1 7E0B0000 		.4byte	.LASF100
 372 02a5 3D       		.byte	0x3d
 373 02a6 04       		.uleb128 0x4
 374 02a7 A00E0000 		.4byte	.LASF101
 375 02ab 3E       		.byte	0x3e
 376 02ac 04       		.uleb128 0x4
 377 02ad 1D0A0000 		.4byte	.LASF102
 378 02b1 3F       		.byte	0x3f
 379 02b2 04       		.uleb128 0x4
 380 02b3 42050000 		.4byte	.LASF103
 381 02b7 40       		.byte	0x40
 382 02b8 04       		.uleb128 0x4
 383 02b9 95070000 		.4byte	.LASF104
 384 02bd 41       		.byte	0x41
 385 02be 04       		.uleb128 0x4
 386 02bf 0A0B0000 		.4byte	.LASF105
 387 02c3 42       		.byte	0x42
 388 02c4 04       		.uleb128 0x4
 389 02c5 7C0D0000 		.4byte	.LASF106
 390 02c9 43       		.byte	0x43
 391 02ca 04       		.uleb128 0x4
 392 02cb 78100000 		.4byte	.LASF107
 393 02cf 44       		.byte	0x44
 394 02d0 04       		.uleb128 0x4
 395 02d1 7E0C0000 		.4byte	.LASF108
 396 02d5 45       		.byte	0x45
 397 02d6 04       		.uleb128 0x4
 398 02d7 2E070000 		.4byte	.LASF109
 399 02db 46       		.byte	0x46
ARM GAS  C:\Users\codyg\AppData\Local\Temp\cctX6YHb.s 			page 8


 400 02dc 04       		.uleb128 0x4
 401 02dd 90090000 		.4byte	.LASF110
 402 02e1 47       		.byte	0x47
 403 02e2 04       		.uleb128 0x4
 404 02e3 47120000 		.4byte	.LASF111
 405 02e7 48       		.byte	0x48
 406 02e8 04       		.uleb128 0x4
 407 02e9 79070000 		.4byte	.LASF112
 408 02ed 49       		.byte	0x49
 409 02ee 04       		.uleb128 0x4
 410 02ef B1030000 		.4byte	.LASF113
 411 02f3 4A       		.byte	0x4a
 412 02f4 04       		.uleb128 0x4
 413 02f5 E1020000 		.4byte	.LASF114
 414 02f9 4B       		.byte	0x4b
 415 02fa 04       		.uleb128 0x4
 416 02fb F2110000 		.4byte	.LASF115
 417 02ff 4C       		.byte	0x4c
 418 0300 04       		.uleb128 0x4
 419 0301 ED0C0000 		.4byte	.LASF116
 420 0305 4D       		.byte	0x4d
 421 0306 04       		.uleb128 0x4
 422 0307 6A110000 		.4byte	.LASF117
 423 030b 4E       		.byte	0x4e
 424 030c 04       		.uleb128 0x4
 425 030d 03060000 		.4byte	.LASF118
 426 0311 4F       		.byte	0x4f
 427 0312 04       		.uleb128 0x4
 428 0313 34080000 		.4byte	.LASF119
 429 0317 50       		.byte	0x50
 430 0318 04       		.uleb128 0x4
 431 0319 3A0A0000 		.4byte	.LASF120
 432 031d 51       		.byte	0x51
 433 031e 04       		.uleb128 0x4
 434 031f B9060000 		.4byte	.LASF121
 435 0323 52       		.byte	0x52
 436 0324 04       		.uleb128 0x4
 437 0325 C2080000 		.4byte	.LASF122
 438 0329 53       		.byte	0x53
 439 032a 04       		.uleb128 0x4
 440 032b 82020000 		.4byte	.LASF123
 441 032f 54       		.byte	0x54
 442 0330 04       		.uleb128 0x4
 443 0331 4A070000 		.4byte	.LASF124
 444 0335 55       		.byte	0x55
 445 0336 04       		.uleb128 0x4
 446 0337 A6120000 		.4byte	.LASF125
 447 033b 56       		.byte	0x56
 448 033c 04       		.uleb128 0x4
 449 033d D5010000 		.4byte	.LASF126
 450 0341 57       		.byte	0x57
 451 0342 04       		.uleb128 0x4
 452 0343 2C0C0000 		.4byte	.LASF127
 453 0347 58       		.byte	0x58
 454 0348 04       		.uleb128 0x4
 455 0349 8E040000 		.4byte	.LASF128
 456 034d 59       		.byte	0x59
ARM GAS  C:\Users\codyg\AppData\Local\Temp\cctX6YHb.s 			page 9


 457 034e 04       		.uleb128 0x4
 458 034f D8110000 		.4byte	.LASF129
 459 0353 5A       		.byte	0x5a
 460 0354 04       		.uleb128 0x4
 461 0355 79060000 		.4byte	.LASF130
 462 0359 5B       		.byte	0x5b
 463 035a 04       		.uleb128 0x4
 464 035b 8D080000 		.4byte	.LASF131
 465 035f 5C       		.byte	0x5c
 466 0360 04       		.uleb128 0x4
 467 0361 BB0A0000 		.4byte	.LASF132
 468 0365 5D       		.byte	0x5d
 469 0366 04       		.uleb128 0x4
 470 0367 5B000000 		.4byte	.LASF133
 471 036b 5E       		.byte	0x5e
 472 036c 04       		.uleb128 0x4
 473 036d C7020000 		.4byte	.LASF134
 474 0371 5F       		.byte	0x5f
 475 0372 04       		.uleb128 0x4
 476 0373 CC040000 		.4byte	.LASF135
 477 0377 60       		.byte	0x60
 478 0378 04       		.uleb128 0x4
 479 0379 B70C0000 		.4byte	.LASF136
 480 037d 61       		.byte	0x61
 481 037e 04       		.uleb128 0x4
 482 037f 29030000 		.4byte	.LASF137
 483 0383 62       		.byte	0x62
 484 0384 04       		.uleb128 0x4
 485 0385 F00A0000 		.4byte	.LASF138
 486 0389 63       		.byte	0x63
 487 038a 04       		.uleb128 0x4
 488 038b 460D0000 		.4byte	.LASF139
 489 038f 64       		.byte	0x64
 490 0390 04       		.uleb128 0x4
 491 0391 42100000 		.4byte	.LASF140
 492 0395 65       		.byte	0x65
 493 0396 04       		.uleb128 0x4
 494 0397 8C120000 		.4byte	.LASF141
 495 039b 66       		.byte	0x66
 496 039c 04       		.uleb128 0x4
 497 039d F8060000 		.4byte	.LASF142
 498 03a1 67       		.byte	0x67
 499 03a2 04       		.uleb128 0x4
 500 03a3 5A090000 		.4byte	.LASF143
 501 03a7 68       		.byte	0x68
 502 03a8 04       		.uleb128 0x4
 503 03a9 9B0B0000 		.4byte	.LASF144
 504 03ad 69       		.byte	0x69
 505 03ae 04       		.uleb128 0x4
 506 03af 08010000 		.4byte	.LASF145
 507 03b3 6A       		.byte	0x6a
 508 03b4 04       		.uleb128 0x4
 509 03b5 4C030000 		.4byte	.LASF146
 510 03b9 6B       		.byte	0x6b
 511 03ba 04       		.uleb128 0x4
 512 03bb 9E010000 		.4byte	.LASF147
 513 03bf 6C       		.byte	0x6c
ARM GAS  C:\Users\codyg\AppData\Local\Temp\cctX6YHb.s 			page 10


 514 03c0 04       		.uleb128 0x4
 515 03c1 E4030000 		.4byte	.LASF148
 516 03c5 6D       		.byte	0x6d
 517 03c6 04       		.uleb128 0x4
 518 03c7 E8050000 		.4byte	.LASF149
 519 03cb 6E       		.byte	0x6e
 520 03cc 04       		.uleb128 0x4
 521 03cd A7080000 		.4byte	.LASF150
 522 03d1 6F       		.byte	0x6f
 523 03d2 04       		.uleb128 0x4
 524 03d3 EB100000 		.4byte	.LASF151
 525 03d7 70       		.byte	0x70
 526 03d8 04       		.uleb128 0x4
 527 03d9 00000000 		.4byte	.LASF152
 528 03dd 71       		.byte	0x71
 529 03de 04       		.uleb128 0x4
 530 03df 67020000 		.4byte	.LASF153
 531 03e3 72       		.byte	0x72
 532 03e4 04       		.uleb128 0x4
 533 03e5 D1090000 		.4byte	.LASF154
 534 03e9 73       		.byte	0x73
 535 03ea 04       		.uleb128 0x4
 536 03eb 4C0C0000 		.4byte	.LASF155
 537 03ef 74       		.byte	0x74
 538 03f0 04       		.uleb128 0x4
 539 03f1 4B0F0000 		.4byte	.LASF156
 540 03f5 75       		.byte	0x75
 541 03f6 04       		.uleb128 0x4
 542 03f7 D50A0000 		.4byte	.LASF157
 543 03fb 76       		.byte	0x76
 544 03fc 04       		.uleb128 0x4
 545 03fd 220D0000 		.4byte	.LASF158
 546 0401 77       		.byte	0x77
 547 0402 04       		.uleb128 0x4
 548 0403 27100000 		.4byte	.LASF159
 549 0407 78       		.byte	0x78
 550 0408 04       		.uleb128 0x4
 551 0409 63080000 		.4byte	.LASF160
 552 040d 79       		.byte	0x79
 553 040e 04       		.uleb128 0x4
 554 040f 5B010000 		.4byte	.LASF161
 555 0413 7A       		.byte	0x7a
 556 0414 04       		.uleb128 0x4
 557 0415 DD000000 		.4byte	.LASF162
 558 0419 7B       		.byte	0x7b
 559 041a 04       		.uleb128 0x4
 560 041b 97050000 		.4byte	.LASF163
 561 041f 7C       		.byte	0x7c
 562 0420 04       		.uleb128 0x4
 563 0421 CE070000 		.4byte	.LASF164
 564 0425 7D       		.byte	0x7d
 565 0426 04       		.uleb128 0x4
 566 0427 B1100000 		.4byte	.LASF165
 567 042b 7E       		.byte	0x7e
 568 042c 04       		.uleb128 0x4
 569 042d 63130000 		.4byte	.LASF166
 570 0431 7F       		.byte	0x7f
ARM GAS  C:\Users\codyg\AppData\Local\Temp\cctX6YHb.s 			page 11


 571 0432 04       		.uleb128 0x4
 572 0433 2A020000 		.4byte	.LASF167
 573 0437 80       		.byte	0x80
 574 0438 04       		.uleb128 0x4
 575 0439 AC090000 		.4byte	.LASF168
 576 043d 81       		.byte	0x81
 577 043e 04       		.uleb128 0x4
 578 043f FB0B0000 		.4byte	.LASF169
 579 0443 82       		.byte	0x82
 580 0444 04       		.uleb128 0x4
 581 0445 120F0000 		.4byte	.LASF170
 582 0449 83       		.byte	0x83
 583 044a 04       		.uleb128 0x4
 584 044b 990F0000 		.4byte	.LASF171
 585 044f 84       		.byte	0x84
 586 0450 04       		.uleb128 0x4
 587 0451 260B0000 		.4byte	.LASF172
 588 0455 85       		.byte	0x85
 589 0456 04       		.uleb128 0x4
 590 0457 53110000 		.4byte	.LASF173
 591 045b 86       		.byte	0x86
 592 045c 04       		.uleb128 0x4
 593 045d 670C0000 		.4byte	.LASF174
 594 0461 87       		.byte	0x87
 595 0462 04       		.uleb128 0x4
 596 0463 10080000 		.4byte	.LASF175
 597 0467 88       		.byte	0x88
 598 0468 04       		.uleb128 0x4
 599 0469 590B0000 		.4byte	.LASF176
 600 046d 89       		.byte	0x89
 601 046e 04       		.uleb128 0x4
 602 046f D90E0000 		.4byte	.LASF177
 603 0473 8A       		.byte	0x8a
 604 0474 04       		.uleb128 0x4
 605 0475 57040000 		.4byte	.LASF178
 606 0479 8B       		.byte	0x8b
 607 047a 04       		.uleb128 0x4
 608 047b 470E0000 		.4byte	.LASF179
 609 047f 8C       		.byte	0x8c
 610 0480 04       		.uleb128 0x4
 611 0481 62070000 		.4byte	.LASF180
 612 0485 8D       		.byte	0x8d
 613 0486 04       		.uleb128 0x4
 614 0487 22110000 		.4byte	.LASF181
 615 048b 8E       		.byte	0x8e
 616 048c 04       		.uleb128 0x4
 617 048d 570A0000 		.4byte	.LASF182
 618 0491 8F       		.byte	0x8f
 619 0492 04       		.uleb128 0x4
 620 0493 A2060000 		.4byte	.LASF183
 621 0497 90       		.byte	0x90
 622 0498 04       		.uleb128 0x4
 623 0499 88010000 		.4byte	.LASF184
 624 049d 91       		.byte	0x91
 625 049e 04       		.uleb128 0x4
 626 049f 11020000 		.4byte	.LASF185
 627 04a3 92       		.byte	0x92
ARM GAS  C:\Users\codyg\AppData\Local\Temp\cctX6YHb.s 			page 12


 628 04a4 04       		.uleb128 0x4
 629 04a5 51080000 		.4byte	.LASF186
 630 04a9 F0       		.byte	0xf0
 631 04aa 00       		.byte	0
 632 04ab 05       		.uleb128 0x5
 633 04ac 01       		.byte	0x1
 634 04ad 08       		.byte	0x8
 635 04ae 700B0000 		.4byte	.LASF188
 636 04b2 07       		.uleb128 0x7
 637 04b3 40020000 		.4byte	.LASF190
 638 04b7 01       		.byte	0x1
 639 04b8 9201     		.2byte	0x192
 640 04ba 26010000 		.4byte	0x126
 641 04be 05       		.uleb128 0x5
 642 04bf 01       		.byte	0x1
 643 04c0 06       		.byte	0x6
 644 04c1 AC020000 		.4byte	.LASF191
 645 04c5 05       		.uleb128 0x5
 646 04c6 02       		.byte	0x2
 647 04c7 07       		.byte	0x7
 648 04c8 E5060000 		.4byte	.LASF192
 649 04cc 05       		.uleb128 0x5
 650 04cd 04       		.byte	0x4
 651 04ce 05       		.byte	0x5
 652 04cf 43030000 		.4byte	.LASF193
 653 04d3 06       		.uleb128 0x6
 654 04d4 E6040000 		.4byte	.LASF194
 655 04d8 02       		.byte	0x2
 656 04d9 41       		.byte	0x41
 657 04da DE040000 		.4byte	0x4de
 658 04de 05       		.uleb128 0x5
 659 04df 04       		.byte	0x4
 660 04e0 07       		.byte	0x7
 661 04e1 20060000 		.4byte	.LASF195
 662 04e5 05       		.uleb128 0x5
 663 04e6 08       		.byte	0x8
 664 04e7 05       		.byte	0x5
 665 04e8 9E020000 		.4byte	.LASF196
 666 04ec 05       		.uleb128 0x5
 667 04ed 08       		.byte	0x8
 668 04ee 07       		.byte	0x7
 669 04ef 71010000 		.4byte	.LASF197
 670 04f3 08       		.uleb128 0x8
 671 04f4 04       		.byte	0x4
 672 04f5 05       		.byte	0x5
 673 04f6 696E7400 		.ascii	"int\000"
 674 04fa 05       		.uleb128 0x5
 675 04fb 04       		.byte	0x4
 676 04fc 07       		.byte	0x7
 677 04fd D10B0000 		.4byte	.LASF198
 678 0501 06       		.uleb128 0x6
 679 0502 3D0D0000 		.4byte	.LASF199
 680 0506 03       		.byte	0x3
 681 0507 30       		.byte	0x30
 682 0508 D3040000 		.4byte	0x4d3
 683 050c 05       		.uleb128 0x5
 684 050d 04       		.byte	0x4
ARM GAS  C:\Users\codyg\AppData\Local\Temp\cctX6YHb.s 			page 13


 685 050e 07       		.byte	0x7
 686 050f E0080000 		.4byte	.LASF200
 687 0513 05       		.uleb128 0x5
 688 0514 08       		.byte	0x8
 689 0515 04       		.byte	0x4
 690 0516 620E0000 		.4byte	.LASF201
 691 051a 05       		.uleb128 0x5
 692 051b 01       		.byte	0x1
 693 051c 08       		.byte	0x8
 694 051d 6E0E0000 		.4byte	.LASF202
 695 0521 05       		.uleb128 0x5
 696 0522 04       		.byte	0x4
 697 0523 04       		.byte	0x4
 698 0524 6D0A0000 		.4byte	.LASF203
 699 0528 05       		.uleb128 0x5
 700 0529 08       		.byte	0x8
 701 052a 04       		.byte	0x4
 702 052b 50040000 		.4byte	.LASF204
 703 052f 09       		.uleb128 0x9
 704 0530 08       		.byte	0x8
 705 0531 04       		.byte	0x4
 706 0532 EB       		.byte	0xeb
 707 0533 5C050000 		.4byte	0x55c
 708 0537 0A       		.uleb128 0xa
 709 0538 DC030000 		.4byte	.LASF205
 710 053c 04       		.byte	0x4
 711 053d EC       		.byte	0xec
 712 053e 1B010000 		.4byte	0x11b
 713 0542 00       		.byte	0
 714 0543 0A       		.uleb128 0xa
 715 0544 FD020000 		.4byte	.LASF206
 716 0548 04       		.byte	0x4
 717 0549 EE       		.byte	0xee
 718 054a B2040000 		.4byte	0x4b2
 719 054e 02       		.byte	0x2
 720 054f 0A       		.uleb128 0xa
 721 0550 7F120000 		.4byte	.LASF207
 722 0554 04       		.byte	0x4
 723 0555 F0       		.byte	0xf0
 724 0556 01050000 		.4byte	0x501
 725 055a 04       		.byte	0x4
 726 055b 00       		.byte	0
 727 055c 06       		.uleb128 0x6
 728 055d 2D090000 		.4byte	.LASF208
 729 0561 04       		.byte	0x4
 730 0562 F1       		.byte	0xf1
 731 0563 2F050000 		.4byte	0x52f
 732 0567 0B       		.uleb128 0xb
 733 0568 82030000 		.4byte	.LASF212
 734 056c 05       		.byte	0x5
 735 056d 2F       		.byte	0x2f
 736 056e 78050000 		.4byte	0x578
 737 0572 05       		.uleb128 0x5
 738 0573 03       		.byte	0x3
 739 0574 00000000 		.4byte	BLE_bless_isr_cfg
 740 0578 0C       		.uleb128 0xc
 741 0579 5C050000 		.4byte	0x55c
ARM GAS  C:\Users\codyg\AppData\Local\Temp\cctX6YHb.s 			page 14


 742 057d 00       		.byte	0
 743              		.section	.debug_abbrev,"",%progbits
 744              	.Ldebug_abbrev0:
 745 0000 01       		.uleb128 0x1
 746 0001 11       		.uleb128 0x11
 747 0002 01       		.byte	0x1
 748 0003 25       		.uleb128 0x25
 749 0004 0E       		.uleb128 0xe
 750 0005 13       		.uleb128 0x13
 751 0006 0B       		.uleb128 0xb
 752 0007 03       		.uleb128 0x3
 753 0008 0E       		.uleb128 0xe
 754 0009 1B       		.uleb128 0x1b
 755 000a 0E       		.uleb128 0xe
 756 000b 10       		.uleb128 0x10
 757 000c 17       		.uleb128 0x17
 758 000d 00       		.byte	0
 759 000e 00       		.byte	0
 760 000f 02       		.uleb128 0x2
 761 0010 04       		.uleb128 0x4
 762 0011 01       		.byte	0x1
 763 0012 0B       		.uleb128 0xb
 764 0013 0B       		.uleb128 0xb
 765 0014 49       		.uleb128 0x49
 766 0015 13       		.uleb128 0x13
 767 0016 3A       		.uleb128 0x3a
 768 0017 0B       		.uleb128 0xb
 769 0018 3B       		.uleb128 0x3b
 770 0019 0B       		.uleb128 0xb
 771 001a 01       		.uleb128 0x1
 772 001b 13       		.uleb128 0x13
 773 001c 00       		.byte	0
 774 001d 00       		.byte	0
 775 001e 03       		.uleb128 0x3
 776 001f 28       		.uleb128 0x28
 777 0020 00       		.byte	0
 778 0021 03       		.uleb128 0x3
 779 0022 0E       		.uleb128 0xe
 780 0023 1C       		.uleb128 0x1c
 781 0024 0D       		.uleb128 0xd
 782 0025 00       		.byte	0
 783 0026 00       		.byte	0
 784 0027 04       		.uleb128 0x4
 785 0028 28       		.uleb128 0x28
 786 0029 00       		.byte	0
 787 002a 03       		.uleb128 0x3
 788 002b 0E       		.uleb128 0xe
 789 002c 1C       		.uleb128 0x1c
 790 002d 0B       		.uleb128 0xb
 791 002e 00       		.byte	0
 792 002f 00       		.byte	0
 793 0030 05       		.uleb128 0x5
 794 0031 24       		.uleb128 0x24
 795 0032 00       		.byte	0
 796 0033 0B       		.uleb128 0xb
 797 0034 0B       		.uleb128 0xb
 798 0035 3E       		.uleb128 0x3e
ARM GAS  C:\Users\codyg\AppData\Local\Temp\cctX6YHb.s 			page 15


 799 0036 0B       		.uleb128 0xb
 800 0037 03       		.uleb128 0x3
 801 0038 0E       		.uleb128 0xe
 802 0039 00       		.byte	0
 803 003a 00       		.byte	0
 804 003b 06       		.uleb128 0x6
 805 003c 16       		.uleb128 0x16
 806 003d 00       		.byte	0
 807 003e 03       		.uleb128 0x3
 808 003f 0E       		.uleb128 0xe
 809 0040 3A       		.uleb128 0x3a
 810 0041 0B       		.uleb128 0xb
 811 0042 3B       		.uleb128 0x3b
 812 0043 0B       		.uleb128 0xb
 813 0044 49       		.uleb128 0x49
 814 0045 13       		.uleb128 0x13
 815 0046 00       		.byte	0
 816 0047 00       		.byte	0
 817 0048 07       		.uleb128 0x7
 818 0049 16       		.uleb128 0x16
 819 004a 00       		.byte	0
 820 004b 03       		.uleb128 0x3
 821 004c 0E       		.uleb128 0xe
 822 004d 3A       		.uleb128 0x3a
 823 004e 0B       		.uleb128 0xb
 824 004f 3B       		.uleb128 0x3b
 825 0050 05       		.uleb128 0x5
 826 0051 49       		.uleb128 0x49
 827 0052 13       		.uleb128 0x13
 828 0053 00       		.byte	0
 829 0054 00       		.byte	0
 830 0055 08       		.uleb128 0x8
 831 0056 24       		.uleb128 0x24
 832 0057 00       		.byte	0
 833 0058 0B       		.uleb128 0xb
 834 0059 0B       		.uleb128 0xb
 835 005a 3E       		.uleb128 0x3e
 836 005b 0B       		.uleb128 0xb
 837 005c 03       		.uleb128 0x3
 838 005d 08       		.uleb128 0x8
 839 005e 00       		.byte	0
 840 005f 00       		.byte	0
 841 0060 09       		.uleb128 0x9
 842 0061 13       		.uleb128 0x13
 843 0062 01       		.byte	0x1
 844 0063 0B       		.uleb128 0xb
 845 0064 0B       		.uleb128 0xb
 846 0065 3A       		.uleb128 0x3a
 847 0066 0B       		.uleb128 0xb
 848 0067 3B       		.uleb128 0x3b
 849 0068 0B       		.uleb128 0xb
 850 0069 01       		.uleb128 0x1
 851 006a 13       		.uleb128 0x13
 852 006b 00       		.byte	0
 853 006c 00       		.byte	0
 854 006d 0A       		.uleb128 0xa
 855 006e 0D       		.uleb128 0xd
ARM GAS  C:\Users\codyg\AppData\Local\Temp\cctX6YHb.s 			page 16


 856 006f 00       		.byte	0
 857 0070 03       		.uleb128 0x3
 858 0071 0E       		.uleb128 0xe
 859 0072 3A       		.uleb128 0x3a
 860 0073 0B       		.uleb128 0xb
 861 0074 3B       		.uleb128 0x3b
 862 0075 0B       		.uleb128 0xb
 863 0076 49       		.uleb128 0x49
 864 0077 13       		.uleb128 0x13
 865 0078 38       		.uleb128 0x38
 866 0079 0B       		.uleb128 0xb
 867 007a 00       		.byte	0
 868 007b 00       		.byte	0
 869 007c 0B       		.uleb128 0xb
 870 007d 34       		.uleb128 0x34
 871 007e 00       		.byte	0
 872 007f 03       		.uleb128 0x3
 873 0080 0E       		.uleb128 0xe
 874 0081 3A       		.uleb128 0x3a
 875 0082 0B       		.uleb128 0xb
 876 0083 3B       		.uleb128 0x3b
 877 0084 0B       		.uleb128 0xb
 878 0085 49       		.uleb128 0x49
 879 0086 13       		.uleb128 0x13
 880 0087 3F       		.uleb128 0x3f
 881 0088 19       		.uleb128 0x19
 882 0089 02       		.uleb128 0x2
 883 008a 18       		.uleb128 0x18
 884 008b 00       		.byte	0
 885 008c 00       		.byte	0
 886 008d 0C       		.uleb128 0xc
 887 008e 26       		.uleb128 0x26
 888 008f 00       		.byte	0
 889 0090 49       		.uleb128 0x49
 890 0091 13       		.uleb128 0x13
 891 0092 00       		.byte	0
 892 0093 00       		.byte	0
 893 0094 00       		.byte	0
 894              		.section	.debug_aranges,"",%progbits
 895 0000 14000000 		.4byte	0x14
 896 0004 0200     		.2byte	0x2
 897 0006 00000000 		.4byte	.Ldebug_info0
 898 000a 04       		.byte	0x4
 899 000b 00       		.byte	0
 900 000c 0000     		.2byte	0
 901 000e 0000     		.2byte	0
 902 0010 00000000 		.4byte	0
 903 0014 00000000 		.4byte	0
 904              		.section	.debug_line,"",%progbits
 905              	.Ldebug_line0:
 906 0000 D9010000 		.section	.debug_str,"MS",%progbits,1
 906      0200D301 
 906      00000201 
 906      FB0E0D00 
 906      01010101 
 907              	.LASF152:
 908 0000 74637077 		.ascii	"tcpwm_1_interrupts_15_IRQn\000"
ARM GAS  C:\Users\codyg\AppData\Local\Temp\cctX6YHb.s 			page 17


 908      6D5F315F 
 908      696E7465 
 908      72727570 
 908      74735F31 
 909              	.LASF41:
 910 001b 696F7373 		.ascii	"ioss_interrupts_gpio_2_IRQn\000"
 910      5F696E74 
 910      65727275 
 910      7074735F 
 910      6770696F 
 911              	.LASF85:
 912 0037 7363625F 		.ascii	"scb_5_interrupt_IRQn\000"
 912      355F696E 
 912      74657272 
 912      7570745F 
 912      4952516E 
 913              	.LASF21:
 914 004c 4E766963 		.ascii	"NvicMux15_IRQn\000"
 914      4D757831 
 914      355F4952 
 914      516E00
 915              	.LASF133:
 916 005b 74637077 		.ascii	"tcpwm_0_interrupts_4_IRQn\000"
 916      6D5F305F 
 916      696E7465 
 916      72727570 
 916      74735F34 
 917              	.LASF61:
 918 0075 73727373 		.ascii	"srss_interrupt_IRQn\000"
 918      5F696E74 
 918      65727275 
 918      70745F49 
 918      52516E00 
 919              	.LASF57:
 920 0089 7363625F 		.ascii	"scb_8_interrupt_IRQn\000"
 920      385F696E 
 920      74657272 
 920      7570745F 
 920      4952516E 
 921              	.LASF90:
 922 009e 63707573 		.ascii	"cpuss_interrupts_dw0_1_IRQn\000"
 922      735F696E 
 922      74657272 
 922      75707473 
 922      5F647730 
 923              	.LASF8:
 924 00ba 4E766963 		.ascii	"NvicMux2_IRQn\000"
 924      4D757832 
 924      5F495251 
 924      6E00
 925              	.LASF63:
 926 00c8 626C6573 		.ascii	"bless_interrupt_IRQn\000"
 926      735F696E 
 926      74657272 
 926      7570745F 
 926      4952516E 
 927              	.LASF162:
ARM GAS  C:\Users\codyg\AppData\Local\Temp\cctX6YHb.s 			page 18


 928 00dd 7564625F 		.ascii	"udb_interrupts_1_IRQn\000"
 928      696E7465 
 928      72727570 
 928      74735F31 
 928      5F495251 
 929              	.LASF80:
 930 00f3 7363625F 		.ascii	"scb_0_interrupt_IRQn\000"
 930      305F696E 
 930      74657272 
 930      7570745F 
 930      4952516E 
 931              	.LASF145:
 932 0108 74637077 		.ascii	"tcpwm_1_interrupts_8_IRQn\000"
 932      6D5F315F 
 932      696E7465 
 932      72727570 
 932      74735F38 
 933              	.LASF68:
 934 0122 63707573 		.ascii	"cpuss_interrupts_ipc_4_IRQn\000"
 934      735F696E 
 934      74657272 
 934      75707473 
 934      5F697063 
 935              	.LASF75:
 936 013e 63707573 		.ascii	"cpuss_interrupts_ipc_11_IRQn\000"
 936      735F696E 
 936      74657272 
 936      75707473 
 936      5F697063 
 937              	.LASF161:
 938 015b 7564625F 		.ascii	"udb_interrupts_0_IRQn\000"
 938      696E7465 
 938      72727570 
 938      74735F30 
 938      5F495251 
 939              	.LASF197:
 940 0171 6C6F6E67 		.ascii	"long long unsigned int\000"
 940      206C6F6E 
 940      6720756E 
 940      7369676E 
 940      65642069 
 941              	.LASF184:
 942 0188 7573625F 		.ascii	"usb_interrupt_lo_IRQn\000"
 942      696E7465 
 942      72727570 
 942      745F6C6F 
 942      5F495251 
 943              	.LASF147:
 944 019e 74637077 		.ascii	"tcpwm_1_interrupts_10_IRQn\000"
 944      6D5F315F 
 944      696E7465 
 944      72727570 
 944      74735F31 
 945              	.LASF39:
 946 01b9 696F7373 		.ascii	"ioss_interrupts_gpio_0_IRQn\000"
 946      5F696E74 
 946      65727275 
ARM GAS  C:\Users\codyg\AppData\Local\Temp\cctX6YHb.s 			page 19


 946      7074735F 
 946      6770696F 
 947              	.LASF126:
 948 01d5 63707573 		.ascii	"cpuss_interrupts_cm0_cti_1_IRQn\000"
 948      735F696E 
 948      74657272 
 948      75707473 
 948      5F636D30 
 949              	.LASF48:
 950 01f5 696F7373 		.ascii	"ioss_interrupts_gpio_9_IRQn\000"
 950      5F696E74 
 950      65727275 
 950      7074735F 
 950      6770696F 
 951              	.LASF185:
 952 0211 70617373 		.ascii	"pass_interrupt_dacs_IRQn\000"
 952      5F696E74 
 952      65727275 
 952      70745F64 
 952      6163735F 
 953              	.LASF167:
 954 022a 7564625F 		.ascii	"udb_interrupts_6_IRQn\000"
 954      696E7465 
 954      72727570 
 954      74735F36 
 954      5F495251 
 955              	.LASF190:
 956 0240 63795F65 		.ascii	"cy_en_intr_t\000"
 956      6E5F696E 
 956      74725F74 
 956      00
 957              	.LASF30:
 958 024d 4E766963 		.ascii	"NvicMux24_IRQn\000"
 958      4D757832 
 958      345F4952 
 958      516E00
 959              	.LASF0:
 960 025c 52657365 		.ascii	"Reset_IRQn\000"
 960      745F4952 
 960      516E00
 961              	.LASF153:
 962 0267 74637077 		.ascii	"tcpwm_1_interrupts_16_IRQn\000"
 962      6D5F315F 
 962      696E7465 
 962      72727570 
 962      74735F31 
 963              	.LASF123:
 964 0282 63707573 		.ascii	"cpuss_interrupt_crypto_IRQn\000"
 964      735F696E 
 964      74657272 
 964      7570745F 
 964      63727970 
 965              	.LASF196:
 966 029e 6C6F6E67 		.ascii	"long long int\000"
 966      206C6F6E 
 966      6720696E 
 966      7400
ARM GAS  C:\Users\codyg\AppData\Local\Temp\cctX6YHb.s 			page 20


 967              	.LASF191:
 968 02ac 7369676E 		.ascii	"signed char\000"
 968      65642063 
 968      68617200 
 969              	.LASF22:
 970 02b8 4E766963 		.ascii	"NvicMux16_IRQn\000"
 970      4D757831 
 970      365F4952 
 970      516E00
 971              	.LASF134:
 972 02c7 74637077 		.ascii	"tcpwm_0_interrupts_5_IRQn\000"
 972      6D5F305F 
 972      696E7465 
 972      72727570 
 972      74735F35 
 973              	.LASF114:
 974 02e1 63707573 		.ascii	"cpuss_interrupts_dw1_9_IRQn\000"
 974      735F696E 
 974      74657272 
 974      75707473 
 974      5F647731 
 975              	.LASF206:
 976 02fd 636D3070 		.ascii	"cm0pSrc\000"
 976      53726300 
 977              	.LASF9:
 978 0305 4E766963 		.ascii	"NvicMux3_IRQn\000"
 978      4D757833 
 978      5F495251 
 978      6E00
 979              	.LASF56:
 980 0313 6C70636F 		.ascii	"lpcomp_interrupt_IRQn\000"
 980      6D705F69 
 980      6E746572 
 980      72757074 
 980      5F495251 
 981              	.LASF137:
 982 0329 74637077 		.ascii	"tcpwm_1_interrupts_0_IRQn\000"
 982      6D5F315F 
 982      696E7465 
 982      72727570 
 982      74735F30 
 983              	.LASF193:
 984 0343 6C6F6E67 		.ascii	"long int\000"
 984      20696E74 
 984      00
 985              	.LASF146:
 986 034c 74637077 		.ascii	"tcpwm_1_interrupts_9_IRQn\000"
 986      6D5F315F 
 986      696E7465 
 986      72727570 
 986      74735F39 
 987              	.LASF69:
 988 0366 63707573 		.ascii	"cpuss_interrupts_ipc_5_IRQn\000"
 988      735F696E 
 988      74657272 
 988      75707473 
 988      5F697063 
ARM GAS  C:\Users\codyg\AppData\Local\Temp\cctX6YHb.s 			page 21


 989              	.LASF212:
 990 0382 424C455F 		.ascii	"BLE_bless_isr_cfg\000"
 990      626C6573 
 990      735F6973 
 990      725F6366 
 990      6700
 991              	.LASF76:
 992 0394 63707573 		.ascii	"cpuss_interrupts_ipc_12_IRQn\000"
 992      735F696E 
 992      74657272 
 992      75707473 
 992      5F697063 
 993              	.LASF113:
 994 03b1 63707573 		.ascii	"cpuss_interrupts_dw1_8_IRQn\000"
 994      735F696E 
 994      74657272 
 994      75707473 
 994      5F647731 
 995              	.LASF34:
 996 03cd 4E766963 		.ascii	"NvicMux28_IRQn\000"
 996      4D757832 
 996      385F4952 
 996      516E00
 997              	.LASF205:
 998 03dc 696E7472 		.ascii	"intrSrc\000"
 998      53726300 
 999              	.LASF148:
 1000 03e4 74637077 		.ascii	"tcpwm_1_interrupts_11_IRQn\000"
 1000      6D5F315F 
 1000      696E7465 
 1000      72727570 
 1000      74735F31 
 1001              	.LASF93:
 1002 03ff 63707573 		.ascii	"cpuss_interrupts_dw0_4_IRQn\000"
 1002      735F696E 
 1002      74657272 
 1002      75707473 
 1002      5F647730 
 1003              	.LASF54:
 1004 041b 696F7373 		.ascii	"ioss_interrupt_gpio_IRQn\000"
 1004      5F696E74 
 1004      65727275 
 1004      70745F67 
 1004      70696F5F 
 1005              	.LASF58:
 1006 0434 73727373 		.ascii	"srss_interrupt_mcwdt_0_IRQn\000"
 1006      5F696E74 
 1006      65727275 
 1006      70745F6D 
 1006      63776474 
 1007              	.LASF204:
 1008 0450 646F7562 		.ascii	"double\000"
 1008      6C6500
 1009              	.LASF178:
 1010 0457 61756469 		.ascii	"audioss_interrupt_i2s_IRQn\000"
 1010      6F73735F 
 1010      696E7465 
ARM GAS  C:\Users\codyg\AppData\Local\Temp\cctX6YHb.s 			page 22


 1010      72727570 
 1010      745F6932 
 1011              	.LASF95:
 1012 0472 63707573 		.ascii	"cpuss_interrupts_dw0_6_IRQn\000"
 1012      735F696E 
 1012      74657272 
 1012      75707473 
 1012      5F647730 
 1013              	.LASF128:
 1014 048e 63707573 		.ascii	"cpuss_interrupts_cm4_cti_1_IRQn\000"
 1014      735F696E 
 1014      74657272 
 1014      75707473 
 1014      5F636D34 
 1015              	.LASF37:
 1016 04ae 4E766963 		.ascii	"NvicMux31_IRQn\000"
 1016      4D757833 
 1016      315F4952 
 1016      516E00
 1017              	.LASF23:
 1018 04bd 4E766963 		.ascii	"NvicMux17_IRQn\000"
 1018      4D757831 
 1018      375F4952 
 1018      516E00
 1019              	.LASF135:
 1020 04cc 74637077 		.ascii	"tcpwm_0_interrupts_6_IRQn\000"
 1020      6D5F305F 
 1020      696E7465 
 1020      72727570 
 1020      74735F36 
 1021              	.LASF194:
 1022 04e6 5F5F7569 		.ascii	"__uint32_t\000"
 1022      6E743332 
 1022      5F7400
 1023              	.LASF81:
 1024 04f1 7363625F 		.ascii	"scb_1_interrupt_IRQn\000"
 1024      315F696E 
 1024      74657272 
 1024      7570745F 
 1024      4952516E 
 1025              	.LASF10:
 1026 0506 4E766963 		.ascii	"NvicMux4_IRQn\000"
 1026      4D757834 
 1026      5F495251 
 1026      6E00
 1027              	.LASF62:
 1028 0514 70617373 		.ascii	"pass_interrupt_ctbs_IRQn\000"
 1028      5F696E74 
 1028      65727275 
 1028      70745F63 
 1028      7462735F 
 1029              	.LASF82:
 1030 052d 7363625F 		.ascii	"scb_2_interrupt_IRQn\000"
 1030      325F696E 
 1030      74657272 
 1030      7570745F 
 1030      4952516E 
ARM GAS  C:\Users\codyg\AppData\Local\Temp\cctX6YHb.s 			page 23


 1031              	.LASF103:
 1032 0542 63707573 		.ascii	"cpuss_interrupts_dw0_14_IRQn\000"
 1032      735F696E 
 1032      74657272 
 1032      75707473 
 1032      5F647730 
 1033              	.LASF44:
 1034 055f 696F7373 		.ascii	"ioss_interrupts_gpio_5_IRQn\000"
 1034      5F696E74 
 1034      65727275 
 1034      7074735F 
 1034      6770696F 
 1035              	.LASF70:
 1036 057b 63707573 		.ascii	"cpuss_interrupts_ipc_6_IRQn\000"
 1036      735F696E 
 1036      74657272 
 1036      75707473 
 1036      5F697063 
 1037              	.LASF163:
 1038 0597 7564625F 		.ascii	"udb_interrupts_2_IRQn\000"
 1038      696E7465 
 1038      72727570 
 1038      74735F32 
 1038      5F495251 
 1039              	.LASF52:
 1040 05ad 696F7373 		.ascii	"ioss_interrupts_gpio_13_IRQn\000"
 1040      5F696E74 
 1040      65727275 
 1040      7074735F 
 1040      6770696F 
 1041              	.LASF26:
 1042 05ca 4E766963 		.ascii	"NvicMux20_IRQn\000"
 1042      4D757832 
 1042      305F4952 
 1042      516E00
 1043              	.LASF35:
 1044 05d9 4E766963 		.ascii	"NvicMux29_IRQn\000"
 1044      4D757832 
 1044      395F4952 
 1044      516E00
 1045              	.LASF149:
 1046 05e8 74637077 		.ascii	"tcpwm_1_interrupts_12_IRQn\000"
 1046      6D5F315F 
 1046      696E7465 
 1046      72727570 
 1046      74735F31 
 1047              	.LASF118:
 1048 0603 63707573 		.ascii	"cpuss_interrupts_dw1_13_IRQn\000"
 1048      735F696E 
 1048      74657272 
 1048      75707473 
 1048      5F647731 
 1049              	.LASF195:
 1050 0620 6C6F6E67 		.ascii	"long unsigned int\000"
 1050      20756E73 
 1050      69676E65 
 1050      6420696E 
ARM GAS  C:\Users\codyg\AppData\Local\Temp\cctX6YHb.s 			page 24


 1050      7400
 1051              	.LASF59:
 1052 0632 73727373 		.ascii	"srss_interrupt_mcwdt_1_IRQn\000"
 1052      5F696E74 
 1052      65727275 
 1052      70745F6D 
 1052      63776474 
 1053              	.LASF91:
 1054 064e 63707573 		.ascii	"cpuss_interrupts_dw0_2_IRQn\000"
 1054      735F696E 
 1054      74657272 
 1054      75707473 
 1054      5F647730 
 1055              	.LASF18:
 1056 066a 4E766963 		.ascii	"NvicMux12_IRQn\000"
 1056      4D757831 
 1056      325F4952 
 1056      516E00
 1057              	.LASF130:
 1058 0679 74637077 		.ascii	"tcpwm_0_interrupts_1_IRQn\000"
 1058      6D5F305F 
 1058      696E7465 
 1058      72727570 
 1058      74735F31 
 1059              	.LASF32:
 1060 0693 4E766963 		.ascii	"NvicMux26_IRQn\000"
 1060      4D757832 
 1060      365F4952 
 1060      516E00
 1061              	.LASF183:
 1062 06a2 7573625F 		.ascii	"usb_interrupt_med_IRQn\000"
 1062      696E7465 
 1062      72727570 
 1062      745F6D65 
 1062      645F4952 
 1063              	.LASF121:
 1064 06b9 63707573 		.ascii	"cpuss_interrupts_fault_0_IRQn\000"
 1064      735F696E 
 1064      74657272 
 1064      75707473 
 1064      5F666175 
 1065              	.LASF14:
 1066 06d7 4E766963 		.ascii	"NvicMux8_IRQn\000"
 1066      4D757838 
 1066      5F495251 
 1066      6E00
 1067              	.LASF192:
 1068 06e5 73686F72 		.ascii	"short unsigned int\000"
 1068      7420756E 
 1068      7369676E 
 1068      65642069 
 1068      6E7400
 1069              	.LASF142:
 1070 06f8 74637077 		.ascii	"tcpwm_1_interrupts_5_IRQn\000"
 1070      6D5F315F 
 1070      696E7465 
 1070      72727570 
ARM GAS  C:\Users\codyg\AppData\Local\Temp\cctX6YHb.s 			page 25


 1070      74735F35 
 1071              	.LASF65:
 1072 0712 63707573 		.ascii	"cpuss_interrupts_ipc_1_IRQn\000"
 1072      735F696E 
 1072      74657272 
 1072      75707473 
 1072      5F697063 
 1073              	.LASF109:
 1074 072e 63707573 		.ascii	"cpuss_interrupts_dw1_4_IRQn\000"
 1074      735F696E 
 1074      74657272 
 1074      75707473 
 1074      5F647731 
 1075              	.LASF124:
 1076 074a 63707573 		.ascii	"cpuss_interrupt_fm_IRQn\000"
 1076      735F696E 
 1076      74657272 
 1076      7570745F 
 1076      666D5F49 
 1077              	.LASF180:
 1078 0762 70726F66 		.ascii	"profile_interrupt_IRQn\000"
 1078      696C655F 
 1078      696E7465 
 1078      72727570 
 1078      745F4952 
 1079              	.LASF112:
 1080 0779 63707573 		.ascii	"cpuss_interrupts_dw1_7_IRQn\000"
 1080      735F696E 
 1080      74657272 
 1080      75707473 
 1080      5F647731 
 1081              	.LASF104:
 1082 0795 63707573 		.ascii	"cpuss_interrupts_dw0_15_IRQn\000"
 1082      735F696E 
 1082      74657272 
 1082      75707473 
 1082      5F647730 
 1083              	.LASF45:
 1084 07b2 696F7373 		.ascii	"ioss_interrupts_gpio_6_IRQn\000"
 1084      5F696E74 
 1084      65727275 
 1084      7074735F 
 1084      6770696F 
 1085              	.LASF164:
 1086 07ce 7564625F 		.ascii	"udb_interrupts_3_IRQn\000"
 1086      696E7465 
 1086      72727570 
 1086      74735F33 
 1086      5F495251 
 1087              	.LASF53:
 1088 07e4 696F7373 		.ascii	"ioss_interrupts_gpio_14_IRQn\000"
 1088      5F696E74 
 1088      65727275 
 1088      7074735F 
 1088      6770696F 
 1089              	.LASF27:
 1090 0801 4E766963 		.ascii	"NvicMux21_IRQn\000"
ARM GAS  C:\Users\codyg\AppData\Local\Temp\cctX6YHb.s 			page 26


 1090      4D757832 
 1090      315F4952 
 1090      516E00
 1091              	.LASF175:
 1092 0810 7564625F 		.ascii	"udb_interrupts_14_IRQn\000"
 1092      696E7465 
 1092      72727570 
 1092      74735F31 
 1092      345F4952 
 1093              	.LASF5:
 1094 0827 53797354 		.ascii	"SysTick_IRQn\000"
 1094      69636B5F 
 1094      4952516E 
 1094      00
 1095              	.LASF119:
 1096 0834 63707573 		.ascii	"cpuss_interrupts_dw1_14_IRQn\000"
 1096      735F696E 
 1096      74657272 
 1096      75707473 
 1096      5F647731 
 1097              	.LASF186:
 1098 0851 64697363 		.ascii	"disconnected_IRQn\000"
 1098      6F6E6E65 
 1098      63746564 
 1098      5F495251 
 1098      6E00
 1099              	.LASF160:
 1100 0863 74637077 		.ascii	"tcpwm_1_interrupts_23_IRQn\000"
 1100      6D5F315F 
 1100      696E7465 
 1100      72727570 
 1100      74735F32 
 1101              	.LASF19:
 1102 087e 4E766963 		.ascii	"NvicMux13_IRQn\000"
 1102      4D757831 
 1102      335F4952 
 1102      516E00
 1103              	.LASF131:
 1104 088d 74637077 		.ascii	"tcpwm_0_interrupts_2_IRQn\000"
 1104      6D5F305F 
 1104      696E7465 
 1104      72727570 
 1104      74735F32 
 1105              	.LASF150:
 1106 08a7 74637077 		.ascii	"tcpwm_1_interrupts_13_IRQn\000"
 1106      6D5F315F 
 1106      696E7465 
 1106      72727570 
 1106      74735F31 
 1107              	.LASF122:
 1108 08c2 63707573 		.ascii	"cpuss_interrupts_fault_1_IRQn\000"
 1108      735F696E 
 1108      74657272 
 1108      75707473 
 1108      5F666175 
 1109              	.LASF200:
 1110 08e0 73697A65 		.ascii	"sizetype\000"
ARM GAS  C:\Users\codyg\AppData\Local\Temp\cctX6YHb.s 			page 27


 1110      74797065 
 1110      00
 1111              	.LASF6:
 1112 08e9 4E766963 		.ascii	"NvicMux0_IRQn\000"
 1112      4D757830 
 1112      5F495251 
 1112      6E00
 1113              	.LASF97:
 1114 08f7 63707573 		.ascii	"cpuss_interrupts_dw0_8_IRQn\000"
 1114      735F696E 
 1114      74657272 
 1114      75707473 
 1114      5F647730 
 1115              	.LASF15:
 1116 0913 4E766963 		.ascii	"NvicMux9_IRQn\000"
 1116      4D757839 
 1116      5F495251 
 1116      6E00
 1117              	.LASF3:
 1118 0921 53564361 		.ascii	"SVCall_IRQn\000"
 1118      6C6C5F49 
 1118      52516E00 
 1119              	.LASF208:
 1120 092d 63795F73 		.ascii	"cy_stc_sysint_t\000"
 1120      74635F73 
 1120      7973696E 
 1120      745F7400 
 1121              	.LASF99:
 1122 093d 63707573 		.ascii	"cpuss_interrupts_dw0_10_IRQn\000"
 1122      735F696E 
 1122      74657272 
 1122      75707473 
 1122      5F647730 
 1123              	.LASF143:
 1124 095a 74637077 		.ascii	"tcpwm_1_interrupts_6_IRQn\000"
 1124      6D5F315F 
 1124      696E7465 
 1124      72727570 
 1124      74735F36 
 1125              	.LASF66:
 1126 0974 63707573 		.ascii	"cpuss_interrupts_ipc_2_IRQn\000"
 1126      735F696E 
 1126      74657272 
 1126      75707473 
 1126      5F697063 
 1127              	.LASF110:
 1128 0990 63707573 		.ascii	"cpuss_interrupts_dw1_5_IRQn\000"
 1128      735F696E 
 1128      74657272 
 1128      75707473 
 1128      5F647731 
 1129              	.LASF168:
 1130 09ac 7564625F 		.ascii	"udb_interrupts_7_IRQn\000"
 1130      696E7465 
 1130      72727570 
 1130      74735F37 
 1130      5F495251 
ARM GAS  C:\Users\codyg\AppData\Local\Temp\cctX6YHb.s 			page 28


 1131              	.LASF31:
 1132 09c2 4E766963 		.ascii	"NvicMux25_IRQn\000"
 1132      4D757832 
 1132      355F4952 
 1132      516E00
 1133              	.LASF154:
 1134 09d1 74637077 		.ascii	"tcpwm_1_interrupts_17_IRQn\000"
 1134      6D5F315F 
 1134      696E7465 
 1134      72727570 
 1134      74735F31 
 1135              	.LASF84:
 1136 09ec 7363625F 		.ascii	"scb_4_interrupt_IRQn\000"
 1136      345F696E 
 1136      74657272 
 1136      7570745F 
 1136      4952516E 
 1137              	.LASF46:
 1138 0a01 696F7373 		.ascii	"ioss_interrupts_gpio_7_IRQn\000"
 1138      5F696E74 
 1138      65727275 
 1138      7074735F 
 1138      6770696F 
 1139              	.LASF102:
 1140 0a1d 63707573 		.ascii	"cpuss_interrupts_dw0_13_IRQn\000"
 1140      735F696E 
 1140      74657272 
 1140      75707473 
 1140      5F647730 
 1141              	.LASF120:
 1142 0a3a 63707573 		.ascii	"cpuss_interrupts_dw1_15_IRQn\000"
 1142      735F696E 
 1142      74657272 
 1142      75707473 
 1142      5F647731 
 1143              	.LASF182:
 1144 0a57 7573625F 		.ascii	"usb_interrupt_hi_IRQn\000"
 1144      696E7465 
 1144      72727570 
 1144      745F6869 
 1144      5F495251 
 1145              	.LASF203:
 1146 0a6d 666C6F61 		.ascii	"float\000"
 1146      7400
 1147              	.LASF92:
 1148 0a73 63707573 		.ascii	"cpuss_interrupts_dw0_3_IRQn\000"
 1148      735F696E 
 1148      74657272 
 1148      75707473 
 1148      5F647730 
 1149              	.LASF50:
 1150 0a8f 696F7373 		.ascii	"ioss_interrupts_gpio_11_IRQn\000"
 1150      5F696E74 
 1150      65727275 
 1150      7074735F 
 1150      6770696F 
 1151              	.LASF20:
ARM GAS  C:\Users\codyg\AppData\Local\Temp\cctX6YHb.s 			page 29


 1152 0aac 4E766963 		.ascii	"NvicMux14_IRQn\000"
 1152      4D757831 
 1152      345F4952 
 1152      516E00
 1153              	.LASF132:
 1154 0abb 74637077 		.ascii	"tcpwm_0_interrupts_3_IRQn\000"
 1154      6D5F305F 
 1154      696E7465 
 1154      72727570 
 1154      74735F33 
 1155              	.LASF157:
 1156 0ad5 74637077 		.ascii	"tcpwm_1_interrupts_20_IRQn\000"
 1156      6D5F315F 
 1156      696E7465 
 1156      72727570 
 1156      74735F32 
 1157              	.LASF138:
 1158 0af0 74637077 		.ascii	"tcpwm_1_interrupts_1_IRQn\000"
 1158      6D5F315F 
 1158      696E7465 
 1158      72727570 
 1158      74735F31 
 1159              	.LASF105:
 1160 0b0a 63707573 		.ascii	"cpuss_interrupts_dw1_0_IRQn\000"
 1160      735F696E 
 1160      74657272 
 1160      75707473 
 1160      5F647731 
 1161              	.LASF172:
 1162 0b26 7564625F 		.ascii	"udb_interrupts_11_IRQn\000"
 1162      696E7465 
 1162      72727570 
 1162      74735F31 
 1162      315F4952 
 1163              	.LASF98:
 1164 0b3d 63707573 		.ascii	"cpuss_interrupts_dw0_9_IRQn\000"
 1164      735F696E 
 1164      74657272 
 1164      75707473 
 1164      5F647730 
 1165              	.LASF176:
 1166 0b59 7564625F 		.ascii	"udb_interrupts_15_IRQn\000"
 1166      696E7465 
 1166      72727570 
 1166      74735F31 
 1166      355F4952 
 1167              	.LASF188:
 1168 0b70 756E7369 		.ascii	"unsigned char\000"
 1168      676E6564 
 1168      20636861 
 1168      7200
 1169              	.LASF100:
 1170 0b7e 63707573 		.ascii	"cpuss_interrupts_dw0_11_IRQn\000"
 1170      735F696E 
 1170      74657272 
 1170      75707473 
 1170      5F647730 
ARM GAS  C:\Users\codyg\AppData\Local\Temp\cctX6YHb.s 			page 30


 1171              	.LASF144:
 1172 0b9b 74637077 		.ascii	"tcpwm_1_interrupts_7_IRQn\000"
 1172      6D5F315F 
 1172      696E7465 
 1172      72727570 
 1172      74735F37 
 1173              	.LASF67:
 1174 0bb5 63707573 		.ascii	"cpuss_interrupts_ipc_3_IRQn\000"
 1174      735F696E 
 1174      74657272 
 1174      75707473 
 1174      5F697063 
 1175              	.LASF198:
 1176 0bd1 756E7369 		.ascii	"unsigned int\000"
 1176      676E6564 
 1176      20696E74 
 1176      00
 1177              	.LASF49:
 1178 0bde 696F7373 		.ascii	"ioss_interrupts_gpio_10_IRQn\000"
 1178      5F696E74 
 1178      65727275 
 1178      7074735F 
 1178      6770696F 
 1179              	.LASF169:
 1180 0bfb 7564625F 		.ascii	"udb_interrupts_8_IRQn\000"
 1180      696E7465 
 1180      72727570 
 1180      74735F38 
 1180      5F495251 
 1181              	.LASF38:
 1182 0c11 756E636F 		.ascii	"unconnected_IRQn\000"
 1182      6E6E6563 
 1182      7465645F 
 1182      4952516E 
 1182      00
 1183              	.LASF187:
 1184 0c22 73686F72 		.ascii	"short int\000"
 1184      7420696E 
 1184      7400
 1185              	.LASF127:
 1186 0c2c 63707573 		.ascii	"cpuss_interrupts_cm4_cti_0_IRQn\000"
 1186      735F696E 
 1186      74657272 
 1186      75707473 
 1186      5F636D34 
 1187              	.LASF155:
 1188 0c4c 74637077 		.ascii	"tcpwm_1_interrupts_18_IRQn\000"
 1188      6D5F315F 
 1188      696E7465 
 1188      72727570 
 1188      74735F31 
 1189              	.LASF174:
 1190 0c67 7564625F 		.ascii	"udb_interrupts_13_IRQn\000"
 1190      696E7465 
 1190      72727570 
 1190      74735F31 
 1190      335F4952 
ARM GAS  C:\Users\codyg\AppData\Local\Temp\cctX6YHb.s 			page 31


 1191              	.LASF108:
 1192 0c7e 63707573 		.ascii	"cpuss_interrupts_dw1_3_IRQn\000"
 1192      735F696E 
 1192      74657272 
 1192      75707473 
 1192      5F647731 
 1193              	.LASF13:
 1194 0c9a 4E766963 		.ascii	"NvicMux7_IRQn\000"
 1194      4D757837 
 1194      5F495251 
 1194      6E00
 1195              	.LASF24:
 1196 0ca8 4E766963 		.ascii	"NvicMux18_IRQn\000"
 1196      4D757831 
 1196      385F4952 
 1196      516E00
 1197              	.LASF136:
 1198 0cb7 74637077 		.ascii	"tcpwm_0_interrupts_7_IRQn\000"
 1198      6D5F305F 
 1198      696E7465 
 1198      72727570 
 1198      74735F37 
 1199              	.LASF64:
 1200 0cd1 63707573 		.ascii	"cpuss_interrupts_ipc_0_IRQn\000"
 1200      735F696E 
 1200      74657272 
 1200      75707473 
 1200      5F697063 
 1201              	.LASF116:
 1202 0ced 63707573 		.ascii	"cpuss_interrupts_dw1_11_IRQn\000"
 1202      735F696E 
 1202      74657272 
 1202      75707473 
 1202      5F647731 
 1203              	.LASF11:
 1204 0d0a 4E766963 		.ascii	"NvicMux5_IRQn\000"
 1204      4D757835 
 1204      5F495251 
 1204      6E00
 1205              	.LASF189:
 1206 0d18 4952516E 		.ascii	"IRQn_Type\000"
 1206      5F547970 
 1206      6500
 1207              	.LASF158:
 1208 0d22 74637077 		.ascii	"tcpwm_1_interrupts_21_IRQn\000"
 1208      6D5F315F 
 1208      696E7465 
 1208      72727570 
 1208      74735F32 
 1209              	.LASF199:
 1210 0d3d 75696E74 		.ascii	"uint32_t\000"
 1210      33325F74 
 1210      00
 1211              	.LASF139:
 1212 0d46 74637077 		.ascii	"tcpwm_1_interrupts_2_IRQn\000"
 1212      6D5F315F 
 1212      696E7465 
ARM GAS  C:\Users\codyg\AppData\Local\Temp\cctX6YHb.s 			page 32


 1212      72727570 
 1212      74735F32 
 1213              	.LASF71:
 1214 0d60 63707573 		.ascii	"cpuss_interrupts_ipc_7_IRQn\000"
 1214      735F696E 
 1214      74657272 
 1214      75707473 
 1214      5F697063 
 1215              	.LASF106:
 1216 0d7c 63707573 		.ascii	"cpuss_interrupts_dw1_1_IRQn\000"
 1216      735F696E 
 1216      74657272 
 1216      75707473 
 1216      5F647731 
 1217              	.LASF78:
 1218 0d98 63707573 		.ascii	"cpuss_interrupts_ipc_14_IRQn\000"
 1218      735F696E 
 1218      74657272 
 1218      75707473 
 1218      5F697063 
 1219              	.LASF209:
 1220 0db5 474E5520 		.ascii	"GNU C11 5.4.1 20160609 (release) [ARM/embedded-5-br"
 1220      43313120 
 1220      352E342E 
 1220      31203230 
 1220      31363036 
 1221 0de8 616E6368 		.ascii	"anch revision 237715] -mcpu=cortex-m0plus -mthumb -"
 1221      20726576 
 1221      6973696F 
 1221      6E203233 
 1221      37373135 
 1222 0e1b 67202D4F 		.ascii	"g -Og -ffunction-sections -ffat-lto-objects\000"
 1222      67202D66 
 1222      66756E63 
 1222      74696F6E 
 1222      2D736563 
 1223              	.LASF179:
 1224 0e47 61756469 		.ascii	"audioss_interrupt_pdm_IRQn\000"
 1224      6F73735F 
 1224      696E7465 
 1224      72727570 
 1224      745F7064 
 1225              	.LASF201:
 1226 0e62 6C6F6E67 		.ascii	"long double\000"
 1226      20646F75 
 1226      626C6500 
 1227              	.LASF202:
 1228 0e6e 63686172 		.ascii	"char\000"
 1228      00
 1229              	.LASF210:
 1230 0e73 47656E65 		.ascii	"Generated_Source\\PSoC6\\cyfitter_sysint_cfg.c\000"
 1230      72617465 
 1230      645F536F 
 1230      75726365 
 1230      5C50536F 
 1231              	.LASF101:
 1232 0ea0 63707573 		.ascii	"cpuss_interrupts_dw0_12_IRQn\000"
ARM GAS  C:\Users\codyg\AppData\Local\Temp\cctX6YHb.s 			page 33


 1232      735F696E 
 1232      74657272 
 1232      75707473 
 1232      5F647730 
 1233              	.LASF42:
 1234 0ebd 696F7373 		.ascii	"ioss_interrupts_gpio_3_IRQn\000"
 1234      5F696E74 
 1234      65727275 
 1234      7074735F 
 1234      6770696F 
 1235              	.LASF177:
 1236 0ed9 70617373 		.ascii	"pass_interrupt_sar_IRQn\000"
 1236      5F696E74 
 1236      65727275 
 1236      70745F73 
 1236      61725F49 
 1237              	.LASF4:
 1238 0ef1 50656E64 		.ascii	"PendSV_IRQn\000"
 1238      53565F49 
 1238      52516E00 
 1239              	.LASF83:
 1240 0efd 7363625F 		.ascii	"scb_3_interrupt_IRQn\000"
 1240      335F696E 
 1240      74657272 
 1240      7570745F 
 1240      4952516E 
 1241              	.LASF170:
 1242 0f12 7564625F 		.ascii	"udb_interrupts_9_IRQn\000"
 1242      696E7465 
 1242      72727570 
 1242      74735F39 
 1242      5F495251 
 1243              	.LASF33:
 1244 0f28 4E766963 		.ascii	"NvicMux27_IRQn\000"
 1244      4D757832 
 1244      375F4952 
 1244      516E00
 1245              	.LASF1:
 1246 0f37 4E6F6E4D 		.ascii	"NonMaskableInt_IRQn\000"
 1246      61736B61 
 1246      626C6549 
 1246      6E745F49 
 1246      52516E00 
 1247              	.LASF156:
 1248 0f4b 74637077 		.ascii	"tcpwm_1_interrupts_19_IRQn\000"
 1248      6D5F315F 
 1248      696E7465 
 1248      72727570 
 1248      74735F31 
 1249              	.LASF86:
 1250 0f66 7363625F 		.ascii	"scb_6_interrupt_IRQn\000"
 1250      365F696E 
 1250      74657272 
 1250      7570745F 
 1250      4952516E 
 1251              	.LASF16:
 1252 0f7b 4E766963 		.ascii	"NvicMux10_IRQn\000"
ARM GAS  C:\Users\codyg\AppData\Local\Temp\cctX6YHb.s 			page 34


 1252      4D757831 
 1252      305F4952 
 1252      516E00
 1253              	.LASF25:
 1254 0f8a 4E766963 		.ascii	"NvicMux19_IRQn\000"
 1254      4D757831 
 1254      395F4952 
 1254      516E00
 1255              	.LASF171:
 1256 0f99 7564625F 		.ascii	"udb_interrupts_10_IRQn\000"
 1256      696E7465 
 1256      72727570 
 1256      74735F31 
 1256      305F4952 
 1257              	.LASF40:
 1258 0fb0 696F7373 		.ascii	"ioss_interrupts_gpio_1_IRQn\000"
 1258      5F696E74 
 1258      65727275 
 1258      7074735F 
 1258      6770696F 
 1259              	.LASF2:
 1260 0fcc 48617264 		.ascii	"HardFault_IRQn\000"
 1260      4661756C 
 1260      745F4952 
 1260      516E00
 1261              	.LASF94:
 1262 0fdb 63707573 		.ascii	"cpuss_interrupts_dw0_5_IRQn\000"
 1262      735F696E 
 1262      74657272 
 1262      75707473 
 1262      5F647730 
 1263              	.LASF12:
 1264 0ff7 4E766963 		.ascii	"NvicMux6_IRQn\000"
 1264      4D757836 
 1264      5F495251 
 1264      6E00
 1265              	.LASF88:
 1266 1005 6373645F 		.ascii	"csd_interrupt_IRQn\000"
 1266      696E7465 
 1266      72727570 
 1266      745F4952 
 1266      516E00
 1267              	.LASF36:
 1268 1018 4E766963 		.ascii	"NvicMux30_IRQn\000"
 1268      4D757833 
 1268      305F4952 
 1268      516E00
 1269              	.LASF159:
 1270 1027 74637077 		.ascii	"tcpwm_1_interrupts_22_IRQn\000"
 1270      6D5F315F 
 1270      696E7465 
 1270      72727570 
 1270      74735F32 
 1271              	.LASF140:
 1272 1042 74637077 		.ascii	"tcpwm_1_interrupts_3_IRQn\000"
 1272      6D5F315F 
 1272      696E7465 
ARM GAS  C:\Users\codyg\AppData\Local\Temp\cctX6YHb.s 			page 35


 1272      72727570 
 1272      74735F33 
 1273              	.LASF72:
 1274 105c 63707573 		.ascii	"cpuss_interrupts_ipc_8_IRQn\000"
 1274      735F696E 
 1274      74657272 
 1274      75707473 
 1274      5F697063 
 1275              	.LASF107:
 1276 1078 63707573 		.ascii	"cpuss_interrupts_dw1_2_IRQn\000"
 1276      735F696E 
 1276      74657272 
 1276      75707473 
 1276      5F647731 
 1277              	.LASF79:
 1278 1094 63707573 		.ascii	"cpuss_interrupts_ipc_15_IRQn\000"
 1278      735F696E 
 1278      74657272 
 1278      75707473 
 1278      5F697063 
 1279              	.LASF165:
 1280 10b1 7564625F 		.ascii	"udb_interrupts_4_IRQn\000"
 1280      696E7465 
 1280      72727570 
 1280      74735F34 
 1280      5F495251 
 1281              	.LASF28:
 1282 10c7 4E766963 		.ascii	"NvicMux22_IRQn\000"
 1282      4D757832 
 1282      325F4952 
 1282      516E00
 1283              	.LASF87:
 1284 10d6 7363625F 		.ascii	"scb_7_interrupt_IRQn\000"
 1284      375F696E 
 1284      74657272 
 1284      7570745F 
 1284      4952516E 
 1285              	.LASF151:
 1286 10eb 74637077 		.ascii	"tcpwm_1_interrupts_14_IRQn\000"
 1286      6D5F315F 
 1286      696E7465 
 1286      72727570 
 1286      74735F31 
 1287              	.LASF43:
 1288 1106 696F7373 		.ascii	"ioss_interrupts_gpio_4_IRQn\000"
 1288      5F696E74 
 1288      65727275 
 1288      7074735F 
 1288      6770696F 
 1289              	.LASF181:
 1290 1122 736D6966 		.ascii	"smif_interrupt_IRQn\000"
 1290      5F696E74 
 1290      65727275 
 1290      70745F49 
 1290      52516E00 
 1291              	.LASF51:
 1292 1136 696F7373 		.ascii	"ioss_interrupts_gpio_12_IRQn\000"
ARM GAS  C:\Users\codyg\AppData\Local\Temp\cctX6YHb.s 			page 36


 1292      5F696E74 
 1292      65727275 
 1292      7074735F 
 1292      6770696F 
 1293              	.LASF173:
 1294 1153 7564625F 		.ascii	"udb_interrupts_12_IRQn\000"
 1294      696E7465 
 1294      72727570 
 1294      74735F31 
 1294      325F4952 
 1295              	.LASF117:
 1296 116a 63707573 		.ascii	"cpuss_interrupts_dw1_12_IRQn\000"
 1296      735F696E 
 1296      74657272 
 1296      75707473 
 1296      5F647731 
 1297              	.LASF89:
 1298 1187 63707573 		.ascii	"cpuss_interrupts_dw0_0_IRQn\000"
 1298      735F696E 
 1298      74657272 
 1298      75707473 
 1298      5F647730 
 1299              	.LASF7:
 1300 11a3 4E766963 		.ascii	"NvicMux1_IRQn\000"
 1300      4D757831 
 1300      5F495251 
 1300      6E00
 1301              	.LASF55:
 1302 11b1 696F7373 		.ascii	"ioss_interrupt_vdd_IRQn\000"
 1302      5F696E74 
 1302      65727275 
 1302      70745F76 
 1302      64645F49 
 1303              	.LASF17:
 1304 11c9 4E766963 		.ascii	"NvicMux11_IRQn\000"
 1304      4D757831 
 1304      315F4952 
 1304      516E00
 1305              	.LASF129:
 1306 11d8 74637077 		.ascii	"tcpwm_0_interrupts_0_IRQn\000"
 1306      6D5F305F 
 1306      696E7465 
 1306      72727570 
 1306      74735F30 
 1307              	.LASF115:
 1308 11f2 63707573 		.ascii	"cpuss_interrupts_dw1_10_IRQn\000"
 1308      735F696E 
 1308      74657272 
 1308      75707473 
 1308      5F647731 
 1309              	.LASF60:
 1310 120f 73727373 		.ascii	"srss_interrupt_backup_IRQn\000"
 1310      5F696E74 
 1310      65727275 
 1310      70745F62 
 1310      61636B75 
 1311              	.LASF74:
ARM GAS  C:\Users\codyg\AppData\Local\Temp\cctX6YHb.s 			page 37


 1312 122a 63707573 		.ascii	"cpuss_interrupts_ipc_10_IRQn\000"
 1312      735F696E 
 1312      74657272 
 1312      75707473 
 1312      5F697063 
 1313              	.LASF111:
 1314 1247 63707573 		.ascii	"cpuss_interrupts_dw1_6_IRQn\000"
 1314      735F696E 
 1314      74657272 
 1314      75707473 
 1314      5F647731 
 1315              	.LASF96:
 1316 1263 63707573 		.ascii	"cpuss_interrupts_dw0_7_IRQn\000"
 1316      735F696E 
 1316      74657272 
 1316      75707473 
 1316      5F647730 
 1317              	.LASF207:
 1318 127f 696E7472 		.ascii	"intrPriority\000"
 1318      5072696F 
 1318      72697479 
 1318      00
 1319              	.LASF141:
 1320 128c 74637077 		.ascii	"tcpwm_1_interrupts_4_IRQn\000"
 1320      6D5F315F 
 1320      696E7465 
 1320      72727570 
 1320      74735F34 
 1321              	.LASF125:
 1322 12a6 63707573 		.ascii	"cpuss_interrupts_cm0_cti_0_IRQn\000"
 1322      735F696E 
 1322      74657272 
 1322      75707473 
 1322      5F636D30 
 1323              	.LASF47:
 1324 12c6 696F7373 		.ascii	"ioss_interrupts_gpio_8_IRQn\000"
 1324      5F696E74 
 1324      65727275 
 1324      7074735F 
 1324      6770696F 
 1325              	.LASF73:
 1326 12e2 63707573 		.ascii	"cpuss_interrupts_ipc_9_IRQn\000"
 1326      735F696E 
 1326      74657272 
 1326      75707473 
 1326      5F697063 
 1327              	.LASF211:
 1328 12fe 433A5C55 		.ascii	"C:\\Users\\codyg\\git\\psoc6-realtime-processing\\B"
 1328      73657273 
 1328      5C636F64 
 1328      79675C67 
 1328      69745C70 
 1329 132c 4C455F52 		.ascii	"LE_RTC_IMU.cydsn\\CE218138_BLE_Thermometer_RTOS01.c"
 1329      54435F49 
 1329      4D552E63 
 1329      7964736E 
 1329      5C434532 
ARM GAS  C:\Users\codyg\AppData\Local\Temp\cctX6YHb.s 			page 38


 1330 135e 7964736E 		.ascii	"ydsn\000"
 1330      00
 1331              	.LASF166:
 1332 1363 7564625F 		.ascii	"udb_interrupts_5_IRQn\000"
 1332      696E7465 
 1332      72727570 
 1332      74735F35 
 1332      5F495251 
 1333              	.LASF77:
 1334 1379 63707573 		.ascii	"cpuss_interrupts_ipc_13_IRQn\000"
 1334      735F696E 
 1334      74657272 
 1334      75707473 
 1334      5F697063 
 1335              	.LASF29:
 1336 1396 4E766963 		.ascii	"NvicMux23_IRQn\000"
 1336      4D757832 
 1336      335F4952 
 1336      516E00
 1337              		.ident	"GCC: (GNU Tools for ARM Embedded Processors) 5.4.1 20160609 (release) [ARM/embedded-5-bran
