ARM GAS  C:\Users\codyg\AppData\Local\Temp\ccExoVSx.s 			page 1


   1              		.syntax unified
   2              		.cpu cortex-m4
   3              		.eabi_attribute 27, 1
   4              		.fpu fpv4-sp-d16
   5              		.eabi_attribute 20, 1
   6              		.eabi_attribute 21, 1
   7              		.eabi_attribute 23, 3
   8              		.eabi_attribute 24, 1
   9              		.eabi_attribute 25, 1
  10              		.eabi_attribute 26, 1
  11              		.eabi_attribute 30, 1
  12              		.eabi_attribute 34, 1
  13              		.eabi_attribute 18, 4
  14              		.thumb
  15              		.syntax unified
  16              		.file	"croutine.c"
  17              		.text
  18              	.Ltext0:
  19              		.cfi_sections	.debug_frame
  20              	.Letext0:
  21              		.file 1 "c:\\program files (x86)\\cypress\\psoc creator\\4.2\\psoc creator\\import\\gnu\\arm\\5.4.
  22              		.file 2 "c:\\program files (x86)\\cypress\\psoc creator\\4.2\\psoc creator\\import\\gnu\\arm\\5.4.
  23              		.file 3 "Generated_Source\\PSoC6\\pdl\\drivers/peripheral/rtc/cy_rtc.h"
  24              		.file 4 "Generated_Source\\PSoC6\\pdl\\drivers/peripheral/tcpwm/cy_tcpwm_counter.h"
  25              		.file 5 "Generated_Source\\PSoC6\\pdl\\drivers/peripheral/scb/cy_scb_spi.h"
  26              		.file 6 "Generated_Source\\PSoC6\\pdl\\drivers/peripheral/scb/cy_scb_uart.h"
  27              		.file 7 "Generated_Source\\PSoC6\\pdl\\drivers/peripheral/sar/cy_sar.h"
  28              		.file 8 "Generated_Source\\PSoC6\\pdl\\middleware/ble/cy_ble_stack_host_main.h"
  29              		.file 9 "Generated_Source\\PSoC6\\pdl\\middleware/ble/cy_ble_gap.h"
  30              		.file 10 "Generated_Source\\PSoC6/ADC.h"
  31              		.file 11 "Generated_Source\\PSoC6\\pdl\\cmsis/include/core_cm4.h"
  32              		.file 12 "Generated_Source\\PSoC6/CY_EINK_SPIM.h"
  33              		.file 13 "Generated_Source\\PSoC6/DEBUG_UART.h"
  34              		.file 14 "Generated_Source\\PSoC6/Counter_ms.h"
  35              		.file 15 "Generated_Source\\PSoC6/Timer_PPG.h"
  36              		.file 16 "Generated_Source\\PSoC6/Timer_IMU.h"
  37              		.file 17 "Generated_Source\\PSoC6/RTC.h"
  38              		.section	.debug_info,"",%progbits
  39              	.Ldebug_info0:
  40 0000 33070000 		.4byte	0x733
  41 0004 0400     		.2byte	0x4
  42 0006 00000000 		.4byte	.Ldebug_abbrev0
  43 000a 04       		.byte	0x4
  44 000b 01       		.uleb128 0x1
  45 000c 01050000 		.4byte	.LASF135
  46 0010 0C       		.byte	0xc
  47 0011 3E030000 		.4byte	.LASF136
  48 0015 73090000 		.4byte	.LASF137
  49 0019 00000000 		.4byte	.Ldebug_line0
  50 001d 02       		.uleb128 0x2
  51 001e 04       		.byte	0x4
  52 001f 05       		.byte	0x5
  53 0020 696E7400 		.ascii	"int\000"
  54 0024 03       		.uleb128 0x3
  55 0025 04       		.byte	0x4
  56 0026 07       		.byte	0x7
  57 0027 03030000 		.4byte	.LASF0
ARM GAS  C:\Users\codyg\AppData\Local\Temp\ccExoVSx.s 			page 2


  58 002b 03       		.uleb128 0x3
  59 002c 08       		.byte	0x8
  60 002d 05       		.byte	0x5
  61 002e 05010000 		.4byte	.LASF1
  62 0032 03       		.uleb128 0x3
  63 0033 08       		.byte	0x8
  64 0034 04       		.byte	0x4
  65 0035 84040000 		.4byte	.LASF2
  66 0039 03       		.uleb128 0x3
  67 003a 01       		.byte	0x1
  68 003b 06       		.byte	0x6
  69 003c 3D000000 		.4byte	.LASF3
  70 0040 04       		.uleb128 0x4
  71 0041 49000000 		.4byte	.LASF7
  72 0045 01       		.byte	0x1
  73 0046 1D       		.byte	0x1d
  74 0047 4B000000 		.4byte	0x4b
  75 004b 03       		.uleb128 0x3
  76 004c 01       		.byte	0x1
  77 004d 08       		.byte	0x8
  78 004e 58060000 		.4byte	.LASF4
  79 0052 03       		.uleb128 0x3
  80 0053 02       		.byte	0x2
  81 0054 05       		.byte	0x5
  82 0055 09040000 		.4byte	.LASF5
  83 0059 03       		.uleb128 0x3
  84 005a 02       		.byte	0x2
  85 005b 07       		.byte	0x7
  86 005c 88030000 		.4byte	.LASF6
  87 0060 04       		.uleb128 0x4
  88 0061 39070000 		.4byte	.LASF8
  89 0065 01       		.byte	0x1
  90 0066 3F       		.byte	0x3f
  91 0067 6B000000 		.4byte	0x6b
  92 006b 03       		.uleb128 0x3
  93 006c 04       		.byte	0x4
  94 006d 05       		.byte	0x5
  95 006e 00020000 		.4byte	.LASF9
  96 0072 04       		.uleb128 0x4
  97 0073 CE020000 		.4byte	.LASF10
  98 0077 01       		.byte	0x1
  99 0078 41       		.byte	0x41
 100 0079 7D000000 		.4byte	0x7d
 101 007d 03       		.uleb128 0x3
 102 007e 04       		.byte	0x4
 103 007f 07       		.byte	0x7
 104 0080 2C030000 		.4byte	.LASF11
 105 0084 03       		.uleb128 0x3
 106 0085 08       		.byte	0x8
 107 0086 07       		.byte	0x7
 108 0087 AF000000 		.4byte	.LASF12
 109 008b 04       		.uleb128 0x4
 110 008c 9C080000 		.4byte	.LASF13
 111 0090 02       		.byte	0x2
 112 0091 18       		.byte	0x18
 113 0092 40000000 		.4byte	0x40
 114 0096 04       		.uleb128 0x4
ARM GAS  C:\Users\codyg\AppData\Local\Temp\ccExoVSx.s 			page 3


 115 0097 50060000 		.4byte	.LASF14
 116 009b 02       		.byte	0x2
 117 009c 2C       		.byte	0x2c
 118 009d 60000000 		.4byte	0x60
 119 00a1 04       		.uleb128 0x4
 120 00a2 F3060000 		.4byte	.LASF15
 121 00a6 02       		.byte	0x2
 122 00a7 30       		.byte	0x30
 123 00a8 72000000 		.4byte	0x72
 124 00ac 03       		.uleb128 0x3
 125 00ad 04       		.byte	0x4
 126 00ae 07       		.byte	0x7
 127 00af 70040000 		.4byte	.LASF16
 128 00b3 05       		.uleb128 0x5
 129 00b4 A1000000 		.4byte	0xa1
 130 00b8 03       		.uleb128 0x3
 131 00b9 01       		.byte	0x1
 132 00ba 08       		.byte	0x8
 133 00bb 25070000 		.4byte	.LASF17
 134 00bf 03       		.uleb128 0x3
 135 00c0 04       		.byte	0x4
 136 00c1 04       		.byte	0x4
 137 00c2 D8050000 		.4byte	.LASF18
 138 00c6 03       		.uleb128 0x3
 139 00c7 08       		.byte	0x8
 140 00c8 04       		.byte	0x4
 141 00c9 5B020000 		.4byte	.LASF19
 142 00cd 06       		.uleb128 0x6
 143 00ce 04       		.byte	0x4
 144 00cf 03       		.uleb128 0x3
 145 00d0 01       		.byte	0x1
 146 00d1 02       		.byte	0x2
 147 00d2 05080000 		.4byte	.LASF20
 148 00d6 07       		.uleb128 0x7
 149 00d7 01       		.byte	0x1
 150 00d8 4B000000 		.4byte	0x4b
 151 00dc 03       		.byte	0x3
 152 00dd 6A01     		.2byte	0x16a
 153 00df F0000000 		.4byte	0xf0
 154 00e3 08       		.uleb128 0x8
 155 00e4 F1000000 		.4byte	.LASF21
 156 00e8 00       		.byte	0
 157 00e9 08       		.uleb128 0x8
 158 00ea EF010000 		.4byte	.LASF22
 159 00ee 01       		.byte	0x1
 160 00ef 00       		.byte	0
 161 00f0 09       		.uleb128 0x9
 162 00f1 13040000 		.4byte	.LASF23
 163 00f5 03       		.byte	0x3
 164 00f6 6D01     		.2byte	0x16d
 165 00f8 D6000000 		.4byte	0xd6
 166 00fc 0A       		.uleb128 0xa
 167 00fd 18       		.byte	0x18
 168 00fe 03       		.byte	0x3
 169 00ff CE01     		.2byte	0x1ce
 170 0101 54010000 		.4byte	0x154
 171 0105 0B       		.uleb128 0xb
ARM GAS  C:\Users\codyg\AppData\Local\Temp\ccExoVSx.s 			page 4


 172 0106 B0060000 		.4byte	.LASF24
 173 010a 03       		.byte	0x3
 174 010b D001     		.2byte	0x1d0
 175 010d F0000000 		.4byte	0xf0
 176 0111 00       		.byte	0
 177 0112 0B       		.uleb128 0xb
 178 0113 EE040000 		.4byte	.LASF25
 179 0117 03       		.byte	0x3
 180 0118 D301     		.2byte	0x1d3
 181 011a A1000000 		.4byte	0xa1
 182 011e 04       		.byte	0x4
 183 011f 0B       		.uleb128 0xb
 184 0120 DE050000 		.4byte	.LASF26
 185 0124 03       		.byte	0x3
 186 0125 D501     		.2byte	0x1d5
 187 0127 A1000000 		.4byte	0xa1
 188 012b 08       		.byte	0x8
 189 012c 0B       		.uleb128 0xb
 190 012d E5000000 		.4byte	.LASF27
 191 0131 03       		.byte	0x3
 192 0132 D801     		.2byte	0x1d8
 193 0134 A1000000 		.4byte	0xa1
 194 0138 0C       		.byte	0xc
 195 0139 0B       		.uleb128 0xb
 196 013a 39040000 		.4byte	.LASF28
 197 013e 03       		.byte	0x3
 198 013f DC01     		.2byte	0x1dc
 199 0141 A1000000 		.4byte	0xa1
 200 0145 10       		.byte	0x10
 201 0146 0B       		.uleb128 0xb
 202 0147 FD020000 		.4byte	.LASF29
 203 014b 03       		.byte	0x3
 204 014c E001     		.2byte	0x1e0
 205 014e A1000000 		.4byte	0xa1
 206 0152 14       		.byte	0x14
 207 0153 00       		.byte	0
 208 0154 09       		.uleb128 0x9
 209 0155 DF070000 		.4byte	.LASF30
 210 0159 03       		.byte	0x3
 211 015a E201     		.2byte	0x1e2
 212 015c FC000000 		.4byte	0xfc
 213 0160 0A       		.uleb128 0xa
 214 0161 30       		.byte	0x30
 215 0162 03       		.byte	0x3
 216 0163 E501     		.2byte	0x1e5
 217 0165 84010000 		.4byte	0x184
 218 0169 0B       		.uleb128 0xb
 219 016a CE010000 		.4byte	.LASF31
 220 016e 03       		.byte	0x3
 221 016f E701     		.2byte	0x1e7
 222 0171 54010000 		.4byte	0x154
 223 0175 00       		.byte	0
 224 0176 0B       		.uleb128 0xb
 225 0177 12090000 		.4byte	.LASF32
 226 017b 03       		.byte	0x3
 227 017c E801     		.2byte	0x1e8
 228 017e 54010000 		.4byte	0x154
ARM GAS  C:\Users\codyg\AppData\Local\Temp\ccExoVSx.s 			page 5


 229 0182 18       		.byte	0x18
 230 0183 00       		.byte	0
 231 0184 09       		.uleb128 0x9
 232 0185 09020000 		.4byte	.LASF33
 233 0189 03       		.byte	0x3
 234 018a E901     		.2byte	0x1e9
 235 018c 60010000 		.4byte	0x160
 236 0190 0C       		.uleb128 0xc
 237 0191 54040000 		.4byte	.LASF55
 238 0195 4C       		.byte	0x4c
 239 0196 04       		.byte	0x4
 240 0197 2B       		.byte	0x2b
 241 0198 81020000 		.4byte	0x281
 242 019c 0D       		.uleb128 0xd
 243 019d 89000000 		.4byte	.LASF34
 244 01a1 04       		.byte	0x4
 245 01a2 2D       		.byte	0x2d
 246 01a3 A1000000 		.4byte	0xa1
 247 01a7 00       		.byte	0
 248 01a8 0D       		.uleb128 0xd
 249 01a9 C6000000 		.4byte	.LASF35
 250 01ad 04       		.byte	0x4
 251 01ae 2F       		.byte	0x2f
 252 01af A1000000 		.4byte	0xa1
 253 01b3 04       		.byte	0x4
 254 01b4 0D       		.uleb128 0xd
 255 01b5 00000000 		.4byte	.LASF36
 256 01b9 04       		.byte	0x4
 257 01ba 30       		.byte	0x30
 258 01bb A1000000 		.4byte	0xa1
 259 01bf 08       		.byte	0x8
 260 01c0 0D       		.uleb128 0xd
 261 01c1 6C000000 		.4byte	.LASF37
 262 01c5 04       		.byte	0x4
 263 01c6 31       		.byte	0x31
 264 01c7 A1000000 		.4byte	0xa1
 265 01cb 0C       		.byte	0xc
 266 01cc 0D       		.uleb128 0xd
 267 01cd B7060000 		.4byte	.LASF38
 268 01d1 04       		.byte	0x4
 269 01d2 33       		.byte	0x33
 270 01d3 A1000000 		.4byte	0xa1
 271 01d7 10       		.byte	0x10
 272 01d8 0D       		.uleb128 0xd
 273 01d9 08070000 		.4byte	.LASF39
 274 01dd 04       		.byte	0x4
 275 01de 34       		.byte	0x34
 276 01df A1000000 		.4byte	0xa1
 277 01e3 14       		.byte	0x14
 278 01e4 0D       		.uleb128 0xd
 279 01e5 11070000 		.4byte	.LASF40
 280 01e9 04       		.byte	0x4
 281 01ea 35       		.byte	0x35
 282 01eb A1000000 		.4byte	0xa1
 283 01ef 18       		.byte	0x18
 284 01f0 0D       		.uleb128 0xd
 285 01f1 73060000 		.4byte	.LASF41
ARM GAS  C:\Users\codyg\AppData\Local\Temp\ccExoVSx.s 			page 6


 286 01f5 04       		.byte	0x4
 287 01f6 36       		.byte	0x36
 288 01f7 CF000000 		.4byte	0xcf
 289 01fb 1C       		.byte	0x1c
 290 01fc 0D       		.uleb128 0xd
 291 01fd 61070000 		.4byte	.LASF42
 292 0201 04       		.byte	0x4
 293 0202 38       		.byte	0x38
 294 0203 A1000000 		.4byte	0xa1
 295 0207 20       		.byte	0x20
 296 0208 0D       		.uleb128 0xd
 297 0209 74020000 		.4byte	.LASF43
 298 020d 04       		.byte	0x4
 299 020e 39       		.byte	0x39
 300 020f A1000000 		.4byte	0xa1
 301 0213 24       		.byte	0x24
 302 0214 0D       		.uleb128 0xd
 303 0215 90000000 		.4byte	.LASF44
 304 0219 04       		.byte	0x4
 305 021a 3B       		.byte	0x3b
 306 021b A1000000 		.4byte	0xa1
 307 021f 28       		.byte	0x28
 308 0220 0D       		.uleb128 0xd
 309 0221 B1080000 		.4byte	.LASF45
 310 0225 04       		.byte	0x4
 311 0226 3C       		.byte	0x3c
 312 0227 A1000000 		.4byte	0xa1
 313 022b 2C       		.byte	0x2c
 314 022c 0D       		.uleb128 0xd
 315 022d 72070000 		.4byte	.LASF46
 316 0231 04       		.byte	0x4
 317 0232 3E       		.byte	0x3e
 318 0233 A1000000 		.4byte	0xa1
 319 0237 30       		.byte	0x30
 320 0238 0D       		.uleb128 0xd
 321 0239 41060000 		.4byte	.LASF47
 322 023d 04       		.byte	0x4
 323 023e 3F       		.byte	0x3f
 324 023f A1000000 		.4byte	0xa1
 325 0243 34       		.byte	0x34
 326 0244 0D       		.uleb128 0xd
 327 0245 43040000 		.4byte	.LASF48
 328 0249 04       		.byte	0x4
 329 024a 41       		.byte	0x41
 330 024b A1000000 		.4byte	0xa1
 331 024f 38       		.byte	0x38
 332 0250 0D       		.uleb128 0xd
 333 0251 7B000000 		.4byte	.LASF49
 334 0255 04       		.byte	0x4
 335 0256 42       		.byte	0x42
 336 0257 A1000000 		.4byte	0xa1
 337 025b 3C       		.byte	0x3c
 338 025c 0D       		.uleb128 0xd
 339 025d C7070000 		.4byte	.LASF50
 340 0261 04       		.byte	0x4
 341 0262 44       		.byte	0x44
 342 0263 A1000000 		.4byte	0xa1
ARM GAS  C:\Users\codyg\AppData\Local\Temp\ccExoVSx.s 			page 7


 343 0267 40       		.byte	0x40
 344 0268 0D       		.uleb128 0xd
 345 0269 2A040000 		.4byte	.LASF51
 346 026d 04       		.byte	0x4
 347 026e 45       		.byte	0x45
 348 026f A1000000 		.4byte	0xa1
 349 0273 44       		.byte	0x44
 350 0274 0D       		.uleb128 0xd
 351 0275 1A070000 		.4byte	.LASF52
 352 0279 04       		.byte	0x4
 353 027a 47       		.byte	0x47
 354 027b A1000000 		.4byte	0xa1
 355 027f 48       		.byte	0x48
 356 0280 00       		.byte	0
 357 0281 04       		.uleb128 0x4
 358 0282 13010000 		.4byte	.LASF53
 359 0286 04       		.byte	0x4
 360 0287 48       		.byte	0x48
 361 0288 90010000 		.4byte	0x190
 362 028c 0E       		.uleb128 0xe
 363 028d 04       		.byte	0x4
 364 028e 92020000 		.4byte	0x292
 365 0292 0F       		.uleb128 0xf
 366 0293 9D020000 		.4byte	0x29d
 367 0297 10       		.uleb128 0x10
 368 0298 A1000000 		.4byte	0xa1
 369 029c 00       		.byte	0
 370 029d 09       		.uleb128 0x9
 371 029e B0010000 		.4byte	.LASF54
 372 02a2 05       		.byte	0x5
 373 02a3 BF01     		.2byte	0x1bf
 374 02a5 8C020000 		.4byte	0x28c
 375 02a9 11       		.uleb128 0x11
 376 02aa 31010000 		.4byte	.LASF56
 377 02ae 24       		.byte	0x24
 378 02af 05       		.byte	0x5
 379 02b0 4102     		.2byte	0x241
 380 02b2 2C030000 		.4byte	0x32c
 381 02b6 0B       		.uleb128 0xb
 382 02b7 A9060000 		.4byte	.LASF57
 383 02bb 05       		.byte	0x5
 384 02bc 4402     		.2byte	0x244
 385 02be B3000000 		.4byte	0xb3
 386 02c2 00       		.byte	0
 387 02c3 0B       		.uleb128 0xb
 388 02c4 FF070000 		.4byte	.LASF58
 389 02c8 05       		.byte	0x5
 390 02c9 4602     		.2byte	0x246
 391 02cb CD000000 		.4byte	0xcd
 392 02cf 04       		.byte	0x4
 393 02d0 0B       		.uleb128 0xb
 394 02d1 08000000 		.4byte	.LASF59
 395 02d5 05       		.byte	0x5
 396 02d6 4702     		.2byte	0x247
 397 02d8 A1000000 		.4byte	0xa1
 398 02dc 08       		.byte	0x8
 399 02dd 0B       		.uleb128 0xb
ARM GAS  C:\Users\codyg\AppData\Local\Temp\ccExoVSx.s 			page 8


 400 02de E5020000 		.4byte	.LASF60
 401 02e2 05       		.byte	0x5
 402 02e3 4802     		.2byte	0x248
 403 02e5 B3000000 		.4byte	0xb3
 404 02e9 0C       		.byte	0xc
 405 02ea 0B       		.uleb128 0xb
 406 02eb DF000000 		.4byte	.LASF61
 407 02ef 05       		.byte	0x5
 408 02f0 4A02     		.2byte	0x24a
 409 02f2 CD000000 		.4byte	0xcd
 410 02f6 10       		.byte	0x10
 411 02f7 0B       		.uleb128 0xb
 412 02f8 F3020000 		.4byte	.LASF62
 413 02fc 05       		.byte	0x5
 414 02fd 4B02     		.2byte	0x24b
 415 02ff A1000000 		.4byte	0xa1
 416 0303 14       		.byte	0x14
 417 0304 0B       		.uleb128 0xb
 418 0305 D8090000 		.4byte	.LASF63
 419 0309 05       		.byte	0x5
 420 030a 4C02     		.2byte	0x24c
 421 030c B3000000 		.4byte	0xb3
 422 0310 18       		.byte	0x18
 423 0311 0B       		.uleb128 0xb
 424 0312 B7030000 		.4byte	.LASF64
 425 0316 05       		.byte	0x5
 426 0317 5202     		.2byte	0x252
 427 0319 9D020000 		.4byte	0x29d
 428 031d 1C       		.byte	0x1c
 429 031e 0B       		.uleb128 0xb
 430 031f F7070000 		.4byte	.LASF65
 431 0323 05       		.byte	0x5
 432 0324 5502     		.2byte	0x255
 433 0326 A1000000 		.4byte	0xa1
 434 032a 20       		.byte	0x20
 435 032b 00       		.byte	0
 436 032c 09       		.uleb128 0x9
 437 032d F0030000 		.4byte	.LASF66
 438 0331 05       		.byte	0x5
 439 0332 5802     		.2byte	0x258
 440 0334 A9020000 		.4byte	0x2a9
 441 0338 09       		.uleb128 0x9
 442 0339 A8070000 		.4byte	.LASF67
 443 033d 06       		.byte	0x6
 444 033e AB01     		.2byte	0x1ab
 445 0340 8C020000 		.4byte	0x28c
 446 0344 11       		.uleb128 0x11
 447 0345 2A090000 		.4byte	.LASF68
 448 0349 38       		.byte	0x38
 449 034a 06       		.byte	0x6
 450 034b 4702     		.2byte	0x247
 451 034d 08040000 		.4byte	0x408
 452 0351 0B       		.uleb128 0xb
 453 0352 7F030000 		.4byte	.LASF69
 454 0356 06       		.byte	0x6
 455 0357 4A02     		.2byte	0x24a
 456 0359 B3000000 		.4byte	0xb3
ARM GAS  C:\Users\codyg\AppData\Local\Temp\ccExoVSx.s 			page 9


 457 035d 00       		.byte	0
 458 035e 0B       		.uleb128 0xb
 459 035f D4040000 		.4byte	.LASF70
 460 0363 06       		.byte	0x6
 461 0364 4B02     		.2byte	0x24b
 462 0366 B3000000 		.4byte	0xb3
 463 036a 04       		.byte	0x4
 464 036b 0B       		.uleb128 0xb
 465 036c D5000000 		.4byte	.LASF71
 466 0370 06       		.byte	0x6
 467 0371 4D02     		.2byte	0x24d
 468 0373 CD000000 		.4byte	0xcd
 469 0377 08       		.byte	0x8
 470 0378 0B       		.uleb128 0xb
 471 0379 D1070000 		.4byte	.LASF72
 472 037d 06       		.byte	0x6
 473 037e 4E02     		.2byte	0x24e
 474 0380 A1000000 		.4byte	0xa1
 475 0384 0C       		.byte	0xc
 476 0385 0B       		.uleb128 0xb
 477 0386 53070000 		.4byte	.LASF73
 478 038a 06       		.byte	0x6
 479 038b 4F02     		.2byte	0x24f
 480 038d B3000000 		.4byte	0xb3
 481 0391 10       		.byte	0x10
 482 0392 0B       		.uleb128 0xb
 483 0393 DB080000 		.4byte	.LASF74
 484 0397 06       		.byte	0x6
 485 0398 5002     		.2byte	0x250
 486 039a B3000000 		.4byte	0xb3
 487 039e 14       		.byte	0x14
 488 039f 0B       		.uleb128 0xb
 489 03a0 FF070000 		.4byte	.LASF58
 490 03a4 06       		.byte	0x6
 491 03a5 5202     		.2byte	0x252
 492 03a7 CD000000 		.4byte	0xcd
 493 03ab 18       		.byte	0x18
 494 03ac 0B       		.uleb128 0xb
 495 03ad 08000000 		.4byte	.LASF59
 496 03b1 06       		.byte	0x6
 497 03b2 5302     		.2byte	0x253
 498 03b4 A1000000 		.4byte	0xa1
 499 03b8 1C       		.byte	0x1c
 500 03b9 0B       		.uleb128 0xb
 501 03ba E5020000 		.4byte	.LASF60
 502 03be 06       		.byte	0x6
 503 03bf 5402     		.2byte	0x254
 504 03c1 B3000000 		.4byte	0xb3
 505 03c5 20       		.byte	0x20
 506 03c6 0B       		.uleb128 0xb
 507 03c7 DF000000 		.4byte	.LASF61
 508 03cb 06       		.byte	0x6
 509 03cc 5602     		.2byte	0x256
 510 03ce CD000000 		.4byte	0xcd
 511 03d2 24       		.byte	0x24
 512 03d3 0B       		.uleb128 0xb
 513 03d4 F3020000 		.4byte	.LASF62
ARM GAS  C:\Users\codyg\AppData\Local\Temp\ccExoVSx.s 			page 10


 514 03d8 06       		.byte	0x6
 515 03d9 5702     		.2byte	0x257
 516 03db A1000000 		.4byte	0xa1
 517 03df 28       		.byte	0x28
 518 03e0 0B       		.uleb128 0xb
 519 03e1 FF050000 		.4byte	.LASF75
 520 03e5 06       		.byte	0x6
 521 03e6 5802     		.2byte	0x258
 522 03e8 B3000000 		.4byte	0xb3
 523 03ec 2C       		.byte	0x2c
 524 03ed 0B       		.uleb128 0xb
 525 03ee B7030000 		.4byte	.LASF64
 526 03f2 06       		.byte	0x6
 527 03f3 5D02     		.2byte	0x25d
 528 03f5 38030000 		.4byte	0x338
 529 03f9 30       		.byte	0x30
 530 03fa 0B       		.uleb128 0xb
 531 03fb F7070000 		.4byte	.LASF65
 532 03ff 06       		.byte	0x6
 533 0400 6002     		.2byte	0x260
 534 0402 A1000000 		.4byte	0xa1
 535 0406 34       		.byte	0x34
 536 0407 00       		.byte	0
 537 0408 09       		.uleb128 0x9
 538 0409 48010000 		.4byte	.LASF76
 539 040d 06       		.byte	0x6
 540 040e 6302     		.2byte	0x263
 541 0410 44030000 		.4byte	0x344
 542 0414 07       		.uleb128 0x7
 543 0415 01       		.byte	0x1
 544 0416 4B000000 		.4byte	0x4b
 545 041a 07       		.byte	0x7
 546 041b 0504     		.2byte	0x405
 547 041d 3A040000 		.4byte	0x43a
 548 0421 08       		.uleb128 0x8
 549 0422 D7010000 		.4byte	.LASF77
 550 0426 00       		.byte	0
 551 0427 08       		.uleb128 0x8
 552 0428 C0030000 		.4byte	.LASF78
 553 042c 01       		.byte	0x1
 554 042d 08       		.uleb128 0x8
 555 042e 43020000 		.4byte	.LASF79
 556 0432 02       		.byte	0x2
 557 0433 08       		.uleb128 0x8
 558 0434 C1080000 		.4byte	.LASF80
 559 0438 03       		.byte	0x3
 560 0439 00       		.byte	0
 561 043a 09       		.uleb128 0x9
 562 043b 62010000 		.4byte	.LASF81
 563 043f 07       		.byte	0x7
 564 0440 0A04     		.2byte	0x40a
 565 0442 14040000 		.4byte	0x414
 566 0446 0A       		.uleb128 0xa
 567 0447 78       		.byte	0x78
 568 0448 07       		.byte	0x7
 569 0449 F404     		.2byte	0x4f4
 570 044b 13050000 		.4byte	0x513
ARM GAS  C:\Users\codyg\AppData\Local\Temp\ccExoVSx.s 			page 11


 571 044f 0B       		.uleb128 0xb
 572 0450 EE020000 		.4byte	.LASF82
 573 0454 07       		.byte	0x7
 574 0455 F604     		.2byte	0x4f6
 575 0457 A1000000 		.4byte	0xa1
 576 045b 00       		.byte	0
 577 045c 0B       		.uleb128 0xb
 578 045d 78080000 		.4byte	.LASF83
 579 0461 07       		.byte	0x7
 580 0462 F704     		.2byte	0x4f7
 581 0464 A1000000 		.4byte	0xa1
 582 0468 04       		.byte	0x4
 583 0469 0B       		.uleb128 0xb
 584 046a 85020000 		.4byte	.LASF84
 585 046e 07       		.byte	0x7
 586 046f F804     		.2byte	0x4f8
 587 0471 A1000000 		.4byte	0xa1
 588 0475 08       		.byte	0x8
 589 0476 0B       		.uleb128 0xb
 590 0477 A4080000 		.4byte	.LASF85
 591 047b 07       		.byte	0x7
 592 047c F904     		.2byte	0x4f9
 593 047e A1000000 		.4byte	0xa1
 594 0482 0C       		.byte	0xc
 595 0483 0B       		.uleb128 0xb
 596 0484 9B030000 		.4byte	.LASF86
 597 0488 07       		.byte	0x7
 598 0489 FA04     		.2byte	0x4fa
 599 048b A1000000 		.4byte	0xa1
 600 048f 10       		.byte	0x10
 601 0490 0B       		.uleb128 0xb
 602 0491 2A080000 		.4byte	.LASF87
 603 0495 07       		.byte	0x7
 604 0496 FB04     		.2byte	0x4fb
 605 0498 3A040000 		.4byte	0x43a
 606 049c 14       		.byte	0x14
 607 049d 0B       		.uleb128 0xb
 608 049e 10060000 		.4byte	.LASF88
 609 04a2 07       		.byte	0x7
 610 04a3 FC04     		.2byte	0x4fc
 611 04a5 A1000000 		.4byte	0xa1
 612 04a9 18       		.byte	0x18
 613 04aa 0B       		.uleb128 0xb
 614 04ab E5030000 		.4byte	.LASF89
 615 04af 07       		.byte	0x7
 616 04b0 FD04     		.2byte	0x4fd
 617 04b2 13050000 		.4byte	0x513
 618 04b6 1C       		.byte	0x1c
 619 04b7 0B       		.uleb128 0xb
 620 04b8 8F060000 		.4byte	.LASF90
 621 04bc 07       		.byte	0x7
 622 04bd FE04     		.2byte	0x4fe
 623 04bf A1000000 		.4byte	0xa1
 624 04c3 5C       		.byte	0x5c
 625 04c4 0B       		.uleb128 0xb
 626 04c5 20000000 		.4byte	.LASF91
 627 04c9 07       		.byte	0x7
ARM GAS  C:\Users\codyg\AppData\Local\Temp\ccExoVSx.s 			page 12


 628 04ca FF04     		.2byte	0x4ff
 629 04cc A1000000 		.4byte	0xa1
 630 04d0 60       		.byte	0x60
 631 04d1 0B       		.uleb128 0xb
 632 04d2 F3040000 		.4byte	.LASF92
 633 04d6 07       		.byte	0x7
 634 04d7 0005     		.2byte	0x500
 635 04d9 A1000000 		.4byte	0xa1
 636 04dd 64       		.byte	0x64
 637 04de 0B       		.uleb128 0xb
 638 04df 85060000 		.4byte	.LASF93
 639 04e3 07       		.byte	0x7
 640 04e4 0105     		.2byte	0x501
 641 04e6 A1000000 		.4byte	0xa1
 642 04ea 68       		.byte	0x68
 643 04eb 0B       		.uleb128 0xb
 644 04ec 1A090000 		.4byte	.LASF94
 645 04f0 07       		.byte	0x7
 646 04f1 0205     		.2byte	0x502
 647 04f3 A1000000 		.4byte	0xa1
 648 04f7 6C       		.byte	0x6c
 649 04f8 0B       		.uleb128 0xb
 650 04f9 C6040000 		.4byte	.LASF95
 651 04fd 07       		.byte	0x7
 652 04fe 0305     		.2byte	0x503
 653 0500 CF000000 		.4byte	0xcf
 654 0504 70       		.byte	0x70
 655 0505 0B       		.uleb128 0xb
 656 0506 FC060000 		.4byte	.LASF96
 657 050a 07       		.byte	0x7
 658 050b 0405     		.2byte	0x504
 659 050d A1000000 		.4byte	0xa1
 660 0511 74       		.byte	0x74
 661 0512 00       		.byte	0
 662 0513 12       		.uleb128 0x12
 663 0514 A1000000 		.4byte	0xa1
 664 0518 23050000 		.4byte	0x523
 665 051c 13       		.uleb128 0x13
 666 051d AC000000 		.4byte	0xac
 667 0521 0F       		.byte	0xf
 668 0522 00       		.byte	0
 669 0523 09       		.uleb128 0x9
 670 0524 F5080000 		.4byte	.LASF97
 671 0528 07       		.byte	0x7
 672 0529 0505     		.2byte	0x505
 673 052b 46040000 		.4byte	0x446
 674 052f 14       		.uleb128 0x14
 675 0530 8B000000 		.4byte	0x8b
 676 0534 0A       		.uleb128 0xa
 677 0535 02       		.byte	0x2
 678 0536 08       		.byte	0x8
 679 0537 5B01     		.2byte	0x15b
 680 0539 58050000 		.4byte	0x558
 681 053d 0B       		.uleb128 0xb
 682 053e 09090000 		.4byte	.LASF98
 683 0542 08       		.byte	0x8
 684 0543 6501     		.2byte	0x165
ARM GAS  C:\Users\codyg\AppData\Local\Temp\ccExoVSx.s 			page 13


 685 0545 8B000000 		.4byte	0x8b
 686 0549 00       		.byte	0
 687 054a 0B       		.uleb128 0xb
 688 054b 4E040000 		.4byte	.LASF99
 689 054f 08       		.byte	0x8
 690 0550 6901     		.2byte	0x169
 691 0552 8B000000 		.4byte	0x8b
 692 0556 01       		.byte	0x1
 693 0557 00       		.byte	0
 694 0558 09       		.uleb128 0x9
 695 0559 53000000 		.4byte	.LASF100
 696 055d 08       		.byte	0x8
 697 055e 6B01     		.2byte	0x16b
 698 0560 34050000 		.4byte	0x534
 699 0564 15       		.uleb128 0x15
 700 0565 01       		.byte	0x1
 701 0566 4B000000 		.4byte	0x4b
 702 056a 09       		.byte	0x9
 703 056b 7E       		.byte	0x7e
 704 056c 89050000 		.4byte	0x589
 705 0570 08       		.uleb128 0x8
 706 0571 83080000 		.4byte	.LASF101
 707 0575 00       		.byte	0
 708 0576 08       		.uleb128 0x8
 709 0577 A7040000 		.4byte	.LASF102
 710 057b 01       		.byte	0x1
 711 057c 08       		.uleb128 0x8
 712 057d 5B080000 		.4byte	.LASF103
 713 0581 02       		.byte	0x2
 714 0582 08       		.uleb128 0x8
 715 0583 90010000 		.4byte	.LASF104
 716 0587 03       		.byte	0x3
 717 0588 00       		.byte	0
 718 0589 04       		.uleb128 0x4
 719 058a 2D020000 		.4byte	.LASF105
 720 058e 09       		.byte	0x9
 721 058f 83       		.byte	0x83
 722 0590 64050000 		.4byte	0x564
 723 0594 15       		.uleb128 0x15
 724 0595 01       		.byte	0x1
 725 0596 4B000000 		.4byte	0x4b
 726 059a 09       		.byte	0x9
 727 059b 87       		.byte	0x87
 728 059c D1050000 		.4byte	0x5d1
 729 05a0 08       		.uleb128 0x8
 730 05a1 0B080000 		.4byte	.LASF106
 731 05a5 00       		.byte	0
 732 05a6 08       		.uleb128 0x8
 733 05a7 42090000 		.4byte	.LASF107
 734 05ab 01       		.byte	0x1
 735 05ac 08       		.uleb128 0x8
 736 05ad 10030000 		.4byte	.LASF108
 737 05b1 02       		.byte	0x2
 738 05b2 08       		.uleb128 0x8
 739 05b3 7E070000 		.4byte	.LASF109
 740 05b7 03       		.byte	0x3
 741 05b8 08       		.uleb128 0x8
ARM GAS  C:\Users\codyg\AppData\Local\Temp\ccExoVSx.s 			page 14


 742 05b9 92020000 		.4byte	.LASF110
 743 05bd 04       		.byte	0x4
 744 05be 08       		.uleb128 0x8
 745 05bf 17060000 		.4byte	.LASF111
 746 05c3 05       		.byte	0x5
 747 05c4 08       		.uleb128 0x8
 748 05c5 C8060000 		.4byte	.LASF112
 749 05c9 06       		.byte	0x6
 750 05ca 08       		.uleb128 0x8
 751 05cb B4050000 		.4byte	.LASF113
 752 05cf 07       		.byte	0x7
 753 05d0 00       		.byte	0
 754 05d1 04       		.uleb128 0x4
 755 05d2 90040000 		.4byte	.LASF114
 756 05d6 09       		.byte	0x9
 757 05d7 90       		.byte	0x90
 758 05d8 94050000 		.4byte	0x594
 759 05dc 16       		.uleb128 0x16
 760 05dd 14       		.byte	0x14
 761 05de 0A       		.byte	0xa
 762 05df 3B       		.byte	0x3b
 763 05e0 21060000 		.4byte	0x621
 764 05e4 0D       		.uleb128 0xd
 765 05e5 E9080000 		.4byte	.LASF115
 766 05e9 0A       		.byte	0xa
 767 05ea 3D       		.byte	0x3d
 768 05eb A1000000 		.4byte	0xa1
 769 05ef 00       		.byte	0
 770 05f0 0D       		.uleb128 0xd
 771 05f1 D9030000 		.4byte	.LASF116
 772 05f5 0A       		.byte	0xa
 773 05f6 3E       		.byte	0x3e
 774 05f7 A1000000 		.4byte	0xa1
 775 05fb 04       		.byte	0x4
 776 05fc 0D       		.uleb128 0xd
 777 05fd D9020000 		.4byte	.LASF117
 778 0601 0A       		.byte	0xa
 779 0602 3F       		.byte	0x3f
 780 0603 21060000 		.4byte	0x621
 781 0607 08       		.byte	0x8
 782 0608 0D       		.uleb128 0xd
 783 0609 79040000 		.4byte	.LASF118
 784 060d 0A       		.byte	0xa
 785 060e 40       		.byte	0x40
 786 060f A1000000 		.4byte	0xa1
 787 0613 0C       		.byte	0xc
 788 0614 0D       		.uleb128 0xd
 789 0615 85010000 		.4byte	.LASF119
 790 0619 0A       		.byte	0xa
 791 061a 45       		.byte	0x45
 792 061b A1000000 		.4byte	0xa1
 793 061f 10       		.byte	0x10
 794 0620 00       		.byte	0
 795 0621 0E       		.uleb128 0xe
 796 0622 04       		.byte	0x4
 797 0623 27060000 		.4byte	0x627
 798 0627 14       		.uleb128 0x14
ARM GAS  C:\Users\codyg\AppData\Local\Temp\ccExoVSx.s 			page 15


 799 0628 23050000 		.4byte	0x523
 800 062c 04       		.uleb128 0x4
 801 062d 62020000 		.4byte	.LASF120
 802 0631 0A       		.byte	0xa
 803 0632 48       		.byte	0x48
 804 0633 DC050000 		.4byte	0x5dc
 805 0637 17       		.uleb128 0x17
 806 0638 66060000 		.4byte	.LASF121
 807 063c 0B       		.byte	0xb
 808 063d EA07     		.2byte	0x7ea
 809 063f 43060000 		.4byte	0x643
 810 0643 05       		.uleb128 0x5
 811 0644 96000000 		.4byte	0x96
 812 0648 12       		.uleb128 0x12
 813 0649 2F050000 		.4byte	0x52f
 814 064d 58060000 		.4byte	0x658
 815 0651 13       		.uleb128 0x13
 816 0652 AC000000 		.4byte	0xac
 817 0656 0B       		.byte	0xb
 818 0657 00       		.byte	0
 819 0658 17       		.uleb128 0x17
 820 0659 E9050000 		.4byte	.LASF122
 821 065d 03       		.byte	0x3
 822 065e FC02     		.2byte	0x2fc
 823 0660 64060000 		.4byte	0x664
 824 0664 14       		.uleb128 0x14
 825 0665 48060000 		.4byte	0x648
 826 0669 17       		.uleb128 0x17
 827 066a 43070000 		.4byte	.LASF123
 828 066e 09       		.byte	0x9
 829 066f 2202     		.2byte	0x222
 830 0671 89050000 		.4byte	0x589
 831 0675 12       		.uleb128 0x12
 832 0676 58050000 		.4byte	0x558
 833 067a 85060000 		.4byte	0x685
 834 067e 13       		.uleb128 0x13
 835 067f AC000000 		.4byte	0xac
 836 0683 00       		.byte	0
 837 0684 00       		.byte	0
 838 0685 17       		.uleb128 0x17
 839 0686 34080000 		.4byte	.LASF124
 840 068a 09       		.byte	0x9
 841 068b 2C02     		.2byte	0x22c
 842 068d 75060000 		.4byte	0x675
 843 0691 12       		.uleb128 0x12
 844 0692 D1050000 		.4byte	0x5d1
 845 0696 A1060000 		.4byte	0x6a1
 846 069a 13       		.uleb128 0x13
 847 069b AC000000 		.4byte	0xac
 848 069f 00       		.byte	0
 849 06a0 00       		.byte	0
 850 06a1 17       		.uleb128 0x17
 851 06a2 A6030000 		.4byte	.LASF125
 852 06a6 09       		.byte	0x9
 853 06a7 2D02     		.2byte	0x22d
 854 06a9 91060000 		.4byte	0x691
 855 06ad 18       		.uleb128 0x18
ARM GAS  C:\Users\codyg\AppData\Local\Temp\ccExoVSx.s 			page 16


 856 06ae 46080000 		.4byte	.LASF126
 857 06b2 0C       		.byte	0xc
 858 06b3 5E       		.byte	0x5e
 859 06b4 2C030000 		.4byte	0x32c
 860 06b8 17       		.uleb128 0x17
 861 06b9 9D000000 		.4byte	.LASF127
 862 06bd 0A       		.byte	0xa
 863 06be 6001     		.2byte	0x160
 864 06c0 A1000000 		.4byte	0xa1
 865 06c4 12       		.uleb128 0x12
 866 06c5 D4060000 		.4byte	0x6d4
 867 06c9 D4060000 		.4byte	0x6d4
 868 06cd 13       		.uleb128 0x13
 869 06ce AC000000 		.4byte	0xac
 870 06d2 00       		.byte	0
 871 06d3 00       		.byte	0
 872 06d4 14       		.uleb128 0x14
 873 06d5 2C060000 		.4byte	0x62c
 874 06d9 17       		.uleb128 0x17
 875 06da 2A070000 		.4byte	.LASF128
 876 06de 0A       		.byte	0xa
 877 06df 6401     		.2byte	0x164
 878 06e1 E5060000 		.4byte	0x6e5
 879 06e5 14       		.uleb128 0x14
 880 06e6 C4060000 		.4byte	0x6c4
 881 06ea 18       		.uleb128 0x18
 882 06eb 1A020000 		.4byte	.LASF129
 883 06ef 0D       		.byte	0xd
 884 06f0 87       		.byte	0x87
 885 06f1 08040000 		.4byte	0x408
 886 06f5 18       		.uleb128 0x18
 887 06f6 BC020000 		.4byte	.LASF130
 888 06fa 0E       		.byte	0xe
 889 06fb 1F       		.byte	0x1f
 890 06fc 00070000 		.4byte	0x700
 891 0700 14       		.uleb128 0x14
 892 0701 81020000 		.4byte	0x281
 893 0705 18       		.uleb128 0x18
 894 0706 98060000 		.4byte	.LASF131
 895 070a 0F       		.byte	0xf
 896 070b 1F       		.byte	0x1f
 897 070c 00070000 		.4byte	0x700
 898 0710 18       		.uleb128 0x18
 899 0711 DD040000 		.4byte	.LASF132
 900 0715 10       		.byte	0x10
 901 0716 1F       		.byte	0x1f
 902 0717 00070000 		.4byte	0x700
 903 071b 18       		.uleb128 0x18
 904 071c 2C000000 		.4byte	.LASF133
 905 0720 11       		.byte	0x11
 906 0721 7C       		.byte	0x7c
 907 0722 CF000000 		.4byte	0xcf
 908 0726 18       		.uleb128 0x18
 909 0727 12000000 		.4byte	.LASF134
 910 072b 11       		.byte	0x11
 911 072c 7D       		.byte	0x7d
 912 072d 31070000 		.4byte	0x731
ARM GAS  C:\Users\codyg\AppData\Local\Temp\ccExoVSx.s 			page 17


 913 0731 14       		.uleb128 0x14
 914 0732 84010000 		.4byte	0x184
 915 0736 00       		.byte	0
 916              		.section	.debug_abbrev,"",%progbits
 917              	.Ldebug_abbrev0:
 918 0000 01       		.uleb128 0x1
 919 0001 11       		.uleb128 0x11
 920 0002 01       		.byte	0x1
 921 0003 25       		.uleb128 0x25
 922 0004 0E       		.uleb128 0xe
 923 0005 13       		.uleb128 0x13
 924 0006 0B       		.uleb128 0xb
 925 0007 03       		.uleb128 0x3
 926 0008 0E       		.uleb128 0xe
 927 0009 1B       		.uleb128 0x1b
 928 000a 0E       		.uleb128 0xe
 929 000b 10       		.uleb128 0x10
 930 000c 17       		.uleb128 0x17
 931 000d 00       		.byte	0
 932 000e 00       		.byte	0
 933 000f 02       		.uleb128 0x2
 934 0010 24       		.uleb128 0x24
 935 0011 00       		.byte	0
 936 0012 0B       		.uleb128 0xb
 937 0013 0B       		.uleb128 0xb
 938 0014 3E       		.uleb128 0x3e
 939 0015 0B       		.uleb128 0xb
 940 0016 03       		.uleb128 0x3
 941 0017 08       		.uleb128 0x8
 942 0018 00       		.byte	0
 943 0019 00       		.byte	0
 944 001a 03       		.uleb128 0x3
 945 001b 24       		.uleb128 0x24
 946 001c 00       		.byte	0
 947 001d 0B       		.uleb128 0xb
 948 001e 0B       		.uleb128 0xb
 949 001f 3E       		.uleb128 0x3e
 950 0020 0B       		.uleb128 0xb
 951 0021 03       		.uleb128 0x3
 952 0022 0E       		.uleb128 0xe
 953 0023 00       		.byte	0
 954 0024 00       		.byte	0
 955 0025 04       		.uleb128 0x4
 956 0026 16       		.uleb128 0x16
 957 0027 00       		.byte	0
 958 0028 03       		.uleb128 0x3
 959 0029 0E       		.uleb128 0xe
 960 002a 3A       		.uleb128 0x3a
 961 002b 0B       		.uleb128 0xb
 962 002c 3B       		.uleb128 0x3b
 963 002d 0B       		.uleb128 0xb
 964 002e 49       		.uleb128 0x49
 965 002f 13       		.uleb128 0x13
 966 0030 00       		.byte	0
 967 0031 00       		.byte	0
 968 0032 05       		.uleb128 0x5
 969 0033 35       		.uleb128 0x35
ARM GAS  C:\Users\codyg\AppData\Local\Temp\ccExoVSx.s 			page 18


 970 0034 00       		.byte	0
 971 0035 49       		.uleb128 0x49
 972 0036 13       		.uleb128 0x13
 973 0037 00       		.byte	0
 974 0038 00       		.byte	0
 975 0039 06       		.uleb128 0x6
 976 003a 0F       		.uleb128 0xf
 977 003b 00       		.byte	0
 978 003c 0B       		.uleb128 0xb
 979 003d 0B       		.uleb128 0xb
 980 003e 00       		.byte	0
 981 003f 00       		.byte	0
 982 0040 07       		.uleb128 0x7
 983 0041 04       		.uleb128 0x4
 984 0042 01       		.byte	0x1
 985 0043 0B       		.uleb128 0xb
 986 0044 0B       		.uleb128 0xb
 987 0045 49       		.uleb128 0x49
 988 0046 13       		.uleb128 0x13
 989 0047 3A       		.uleb128 0x3a
 990 0048 0B       		.uleb128 0xb
 991 0049 3B       		.uleb128 0x3b
 992 004a 05       		.uleb128 0x5
 993 004b 01       		.uleb128 0x1
 994 004c 13       		.uleb128 0x13
 995 004d 00       		.byte	0
 996 004e 00       		.byte	0
 997 004f 08       		.uleb128 0x8
 998 0050 28       		.uleb128 0x28
 999 0051 00       		.byte	0
 1000 0052 03       		.uleb128 0x3
 1001 0053 0E       		.uleb128 0xe
 1002 0054 1C       		.uleb128 0x1c
 1003 0055 0B       		.uleb128 0xb
 1004 0056 00       		.byte	0
 1005 0057 00       		.byte	0
 1006 0058 09       		.uleb128 0x9
 1007 0059 16       		.uleb128 0x16
 1008 005a 00       		.byte	0
 1009 005b 03       		.uleb128 0x3
 1010 005c 0E       		.uleb128 0xe
 1011 005d 3A       		.uleb128 0x3a
 1012 005e 0B       		.uleb128 0xb
 1013 005f 3B       		.uleb128 0x3b
 1014 0060 05       		.uleb128 0x5
 1015 0061 49       		.uleb128 0x49
 1016 0062 13       		.uleb128 0x13
 1017 0063 00       		.byte	0
 1018 0064 00       		.byte	0
 1019 0065 0A       		.uleb128 0xa
 1020 0066 13       		.uleb128 0x13
 1021 0067 01       		.byte	0x1
 1022 0068 0B       		.uleb128 0xb
 1023 0069 0B       		.uleb128 0xb
 1024 006a 3A       		.uleb128 0x3a
 1025 006b 0B       		.uleb128 0xb
 1026 006c 3B       		.uleb128 0x3b
ARM GAS  C:\Users\codyg\AppData\Local\Temp\ccExoVSx.s 			page 19


 1027 006d 05       		.uleb128 0x5
 1028 006e 01       		.uleb128 0x1
 1029 006f 13       		.uleb128 0x13
 1030 0070 00       		.byte	0
 1031 0071 00       		.byte	0
 1032 0072 0B       		.uleb128 0xb
 1033 0073 0D       		.uleb128 0xd
 1034 0074 00       		.byte	0
 1035 0075 03       		.uleb128 0x3
 1036 0076 0E       		.uleb128 0xe
 1037 0077 3A       		.uleb128 0x3a
 1038 0078 0B       		.uleb128 0xb
 1039 0079 3B       		.uleb128 0x3b
 1040 007a 05       		.uleb128 0x5
 1041 007b 49       		.uleb128 0x49
 1042 007c 13       		.uleb128 0x13
 1043 007d 38       		.uleb128 0x38
 1044 007e 0B       		.uleb128 0xb
 1045 007f 00       		.byte	0
 1046 0080 00       		.byte	0
 1047 0081 0C       		.uleb128 0xc
 1048 0082 13       		.uleb128 0x13
 1049 0083 01       		.byte	0x1
 1050 0084 03       		.uleb128 0x3
 1051 0085 0E       		.uleb128 0xe
 1052 0086 0B       		.uleb128 0xb
 1053 0087 0B       		.uleb128 0xb
 1054 0088 3A       		.uleb128 0x3a
 1055 0089 0B       		.uleb128 0xb
 1056 008a 3B       		.uleb128 0x3b
 1057 008b 0B       		.uleb128 0xb
 1058 008c 01       		.uleb128 0x1
 1059 008d 13       		.uleb128 0x13
 1060 008e 00       		.byte	0
 1061 008f 00       		.byte	0
 1062 0090 0D       		.uleb128 0xd
 1063 0091 0D       		.uleb128 0xd
 1064 0092 00       		.byte	0
 1065 0093 03       		.uleb128 0x3
 1066 0094 0E       		.uleb128 0xe
 1067 0095 3A       		.uleb128 0x3a
 1068 0096 0B       		.uleb128 0xb
 1069 0097 3B       		.uleb128 0x3b
 1070 0098 0B       		.uleb128 0xb
 1071 0099 49       		.uleb128 0x49
 1072 009a 13       		.uleb128 0x13
 1073 009b 38       		.uleb128 0x38
 1074 009c 0B       		.uleb128 0xb
 1075 009d 00       		.byte	0
 1076 009e 00       		.byte	0
 1077 009f 0E       		.uleb128 0xe
 1078 00a0 0F       		.uleb128 0xf
 1079 00a1 00       		.byte	0
 1080 00a2 0B       		.uleb128 0xb
 1081 00a3 0B       		.uleb128 0xb
 1082 00a4 49       		.uleb128 0x49
 1083 00a5 13       		.uleb128 0x13
ARM GAS  C:\Users\codyg\AppData\Local\Temp\ccExoVSx.s 			page 20


 1084 00a6 00       		.byte	0
 1085 00a7 00       		.byte	0
 1086 00a8 0F       		.uleb128 0xf
 1087 00a9 15       		.uleb128 0x15
 1088 00aa 01       		.byte	0x1
 1089 00ab 27       		.uleb128 0x27
 1090 00ac 19       		.uleb128 0x19
 1091 00ad 01       		.uleb128 0x1
 1092 00ae 13       		.uleb128 0x13
 1093 00af 00       		.byte	0
 1094 00b0 00       		.byte	0
 1095 00b1 10       		.uleb128 0x10
 1096 00b2 05       		.uleb128 0x5
 1097 00b3 00       		.byte	0
 1098 00b4 49       		.uleb128 0x49
 1099 00b5 13       		.uleb128 0x13
 1100 00b6 00       		.byte	0
 1101 00b7 00       		.byte	0
 1102 00b8 11       		.uleb128 0x11
 1103 00b9 13       		.uleb128 0x13
 1104 00ba 01       		.byte	0x1
 1105 00bb 03       		.uleb128 0x3
 1106 00bc 0E       		.uleb128 0xe
 1107 00bd 0B       		.uleb128 0xb
 1108 00be 0B       		.uleb128 0xb
 1109 00bf 3A       		.uleb128 0x3a
 1110 00c0 0B       		.uleb128 0xb
 1111 00c1 3B       		.uleb128 0x3b
 1112 00c2 05       		.uleb128 0x5
 1113 00c3 01       		.uleb128 0x1
 1114 00c4 13       		.uleb128 0x13
 1115 00c5 00       		.byte	0
 1116 00c6 00       		.byte	0
 1117 00c7 12       		.uleb128 0x12
 1118 00c8 01       		.uleb128 0x1
 1119 00c9 01       		.byte	0x1
 1120 00ca 49       		.uleb128 0x49
 1121 00cb 13       		.uleb128 0x13
 1122 00cc 01       		.uleb128 0x1
 1123 00cd 13       		.uleb128 0x13
 1124 00ce 00       		.byte	0
 1125 00cf 00       		.byte	0
 1126 00d0 13       		.uleb128 0x13
 1127 00d1 21       		.uleb128 0x21
 1128 00d2 00       		.byte	0
 1129 00d3 49       		.uleb128 0x49
 1130 00d4 13       		.uleb128 0x13
 1131 00d5 2F       		.uleb128 0x2f
 1132 00d6 0B       		.uleb128 0xb
 1133 00d7 00       		.byte	0
 1134 00d8 00       		.byte	0
 1135 00d9 14       		.uleb128 0x14
 1136 00da 26       		.uleb128 0x26
 1137 00db 00       		.byte	0
 1138 00dc 49       		.uleb128 0x49
 1139 00dd 13       		.uleb128 0x13
 1140 00de 00       		.byte	0
ARM GAS  C:\Users\codyg\AppData\Local\Temp\ccExoVSx.s 			page 21


 1141 00df 00       		.byte	0
 1142 00e0 15       		.uleb128 0x15
 1143 00e1 04       		.uleb128 0x4
 1144 00e2 01       		.byte	0x1
 1145 00e3 0B       		.uleb128 0xb
 1146 00e4 0B       		.uleb128 0xb
 1147 00e5 49       		.uleb128 0x49
 1148 00e6 13       		.uleb128 0x13
 1149 00e7 3A       		.uleb128 0x3a
 1150 00e8 0B       		.uleb128 0xb
 1151 00e9 3B       		.uleb128 0x3b
 1152 00ea 0B       		.uleb128 0xb
 1153 00eb 01       		.uleb128 0x1
 1154 00ec 13       		.uleb128 0x13
 1155 00ed 00       		.byte	0
 1156 00ee 00       		.byte	0
 1157 00ef 16       		.uleb128 0x16
 1158 00f0 13       		.uleb128 0x13
 1159 00f1 01       		.byte	0x1
 1160 00f2 0B       		.uleb128 0xb
 1161 00f3 0B       		.uleb128 0xb
 1162 00f4 3A       		.uleb128 0x3a
 1163 00f5 0B       		.uleb128 0xb
 1164 00f6 3B       		.uleb128 0x3b
 1165 00f7 0B       		.uleb128 0xb
 1166 00f8 01       		.uleb128 0x1
 1167 00f9 13       		.uleb128 0x13
 1168 00fa 00       		.byte	0
 1169 00fb 00       		.byte	0
 1170 00fc 17       		.uleb128 0x17
 1171 00fd 34       		.uleb128 0x34
 1172 00fe 00       		.byte	0
 1173 00ff 03       		.uleb128 0x3
 1174 0100 0E       		.uleb128 0xe
 1175 0101 3A       		.uleb128 0x3a
 1176 0102 0B       		.uleb128 0xb
 1177 0103 3B       		.uleb128 0x3b
 1178 0104 05       		.uleb128 0x5
 1179 0105 49       		.uleb128 0x49
 1180 0106 13       		.uleb128 0x13
 1181 0107 3F       		.uleb128 0x3f
 1182 0108 19       		.uleb128 0x19
 1183 0109 3C       		.uleb128 0x3c
 1184 010a 19       		.uleb128 0x19
 1185 010b 00       		.byte	0
 1186 010c 00       		.byte	0
 1187 010d 18       		.uleb128 0x18
 1188 010e 34       		.uleb128 0x34
 1189 010f 00       		.byte	0
 1190 0110 03       		.uleb128 0x3
 1191 0111 0E       		.uleb128 0xe
 1192 0112 3A       		.uleb128 0x3a
 1193 0113 0B       		.uleb128 0xb
 1194 0114 3B       		.uleb128 0x3b
 1195 0115 0B       		.uleb128 0xb
 1196 0116 49       		.uleb128 0x49
 1197 0117 13       		.uleb128 0x13
ARM GAS  C:\Users\codyg\AppData\Local\Temp\ccExoVSx.s 			page 22


 1198 0118 3F       		.uleb128 0x3f
 1199 0119 19       		.uleb128 0x19
 1200 011a 3C       		.uleb128 0x3c
 1201 011b 19       		.uleb128 0x19
 1202 011c 00       		.byte	0
 1203 011d 00       		.byte	0
 1204 011e 00       		.byte	0
 1205              		.section	.debug_aranges,"",%progbits
 1206 0000 14000000 		.4byte	0x14
 1207 0004 0200     		.2byte	0x2
 1208 0006 00000000 		.4byte	.Ldebug_info0
 1209 000a 04       		.byte	0x4
 1210 000b 00       		.byte	0
 1211 000c 0000     		.2byte	0
 1212 000e 0000     		.2byte	0
 1213 0010 00000000 		.4byte	0
 1214 0014 00000000 		.4byte	0
 1215              		.section	.debug_line,"",%progbits
 1216              	.Ldebug_line0:
 1217 0000 35030000 		.section	.debug_str,"MS",%progbits,1
 1217      02002F03 
 1217      00000201 
 1217      FB0E0D00 
 1217      01010101 
 1218              	.LASF36:
 1219 0000 72756E4D 		.ascii	"runMode\000"
 1219      6F646500 
 1220              	.LASF59:
 1221 0008 72784275 		.ascii	"rxBufSize\000"
 1221      6653697A 
 1221      6500
 1222              	.LASF134:
 1223 0012 5254435F 		.ascii	"RTC_dstConfig\000"
 1223      64737443 
 1223      6F6E6669 
 1223      6700
 1224              	.LASF91:
 1225 0020 73617449 		.ascii	"satIntrMask\000"
 1225      6E74724D 
 1225      61736B00 
 1226              	.LASF133:
 1227 002c 5254435F 		.ascii	"RTC_rtcDstStatus\000"
 1227      72746344 
 1227      73745374 
 1227      61747573 
 1227      00
 1228              	.LASF3:
 1229 003d 7369676E 		.ascii	"signed char\000"
 1229      65642063 
 1229      68617200 
 1230              	.LASF7:
 1231 0049 5F5F7569 		.ascii	"__uint8_t\000"
 1231      6E74385F 
 1231      7400
 1232              	.LASF100:
 1233 0053 63795F73 		.ascii	"cy_stc_ble_conn_handle_t\000"
 1233      74635F62 
ARM GAS  C:\Users\codyg\AppData\Local\Temp\ccExoVSx.s 			page 23


 1233      6C655F63 
 1233      6F6E6E5F 
 1233      68616E64 
 1234              	.LASF37:
 1235 006c 636F756E 		.ascii	"countDirection\000"
 1235      74446972 
 1235      65637469 
 1235      6F6E00
 1236              	.LASF49:
 1237 007b 73746F70 		.ascii	"stopInputMode\000"
 1237      496E7075 
 1237      744D6F64 
 1237      6500
 1238              	.LASF34:
 1239 0089 70657269 		.ascii	"period\000"
 1239      6F6400
 1240              	.LASF44:
 1241 0090 63617074 		.ascii	"captureInput\000"
 1241      75726549 
 1241      6E707574 
 1241      00
 1242              	.LASF127:
 1243 009d 4144435F 		.ascii	"ADC_currentConfig\000"
 1243      63757272 
 1243      656E7443 
 1243      6F6E6669 
 1243      6700
 1244              	.LASF12:
 1245 00af 6C6F6E67 		.ascii	"long long unsigned int\000"
 1245      206C6F6E 
 1245      6720756E 
 1245      7369676E 
 1245      65642069 
 1246              	.LASF35:
 1247 00c6 636C6F63 		.ascii	"clockPrescaler\000"
 1247      6B507265 
 1247      7363616C 
 1247      657200
 1248              	.LASF71:
 1249 00d5 72785269 		.ascii	"rxRingBuf\000"
 1249      6E674275 
 1249      6600
 1250              	.LASF61:
 1251 00df 74784275 		.ascii	"txBuf\000"
 1251      6600
 1252              	.LASF27:
 1253 00e5 7765656B 		.ascii	"weekOfMonth\000"
 1253      4F664D6F 
 1253      6E746800 
 1254              	.LASF21:
 1255 00f1 43595F52 		.ascii	"CY_RTC_DST_RELATIVE\000"
 1255      54435F44 
 1255      53545F52 
 1255      454C4154 
 1255      49564500 
 1256              	.LASF1:
 1257 0105 6C6F6E67 		.ascii	"long long int\000"
ARM GAS  C:\Users\codyg\AppData\Local\Temp\ccExoVSx.s 			page 24


 1257      206C6F6E 
 1257      6720696E 
 1257      7400
 1258              	.LASF53:
 1259 0113 63795F73 		.ascii	"cy_stc_tcpwm_counter_config_t\000"
 1259      74635F74 
 1259      6370776D 
 1259      5F636F75 
 1259      6E746572 
 1260              	.LASF56:
 1261 0131 63795F73 		.ascii	"cy_stc_scb_spi_context\000"
 1261      74635F73 
 1261      63625F73 
 1261      70695F63 
 1261      6F6E7465 
 1262              	.LASF76:
 1263 0148 63795F73 		.ascii	"cy_stc_scb_uart_context_t\000"
 1263      74635F73 
 1263      63625F75 
 1263      6172745F 
 1263      636F6E74 
 1264              	.LASF81:
 1265 0162 63795F65 		.ascii	"cy_en_sar_range_detect_condition_t\000"
 1265      6E5F7361 
 1265      725F7261 
 1265      6E67655F 
 1265      64657465 
 1266              	.LASF119:
 1267 0185 636C6B44 		.ascii	"clkDivider\000"
 1267      69766964 
 1267      657200
 1268              	.LASF104:
 1269 0190 43595F42 		.ascii	"CY_BLE_ADV_STATE_STOP_INITIATED\000"
 1269      4C455F41 
 1269      44565F53 
 1269      54415445 
 1269      5F53544F 
 1270              	.LASF54:
 1271 01b0 63795F63 		.ascii	"cy_cb_scb_spi_handle_events_t\000"
 1271      625F7363 
 1271      625F7370 
 1271      695F6861 
 1271      6E646C65 
 1272              	.LASF31:
 1273 01ce 73746172 		.ascii	"startDst\000"
 1273      74447374 
 1273      00
 1274              	.LASF77:
 1275 01d7 43595F53 		.ascii	"CY_SAR_RANGE_COND_BELOW\000"
 1275      41525F52 
 1275      414E4745 
 1275      5F434F4E 
 1275      445F4245 
 1276              	.LASF22:
 1277 01ef 43595F52 		.ascii	"CY_RTC_DST_FIXED\000"
 1277      54435F44 
 1277      53545F46 
ARM GAS  C:\Users\codyg\AppData\Local\Temp\ccExoVSx.s 			page 25


 1277      49584544 
 1277      00
 1278              	.LASF9:
 1279 0200 6C6F6E67 		.ascii	"long int\000"
 1279      20696E74 
 1279      00
 1280              	.LASF33:
 1281 0209 63795F73 		.ascii	"cy_stc_rtc_dst_t\000"
 1281      74635F72 
 1281      74635F64 
 1281      73745F74 
 1281      00
 1282              	.LASF129:
 1283 021a 44454255 		.ascii	"DEBUG_UART_context\000"
 1283      475F5541 
 1283      52545F63 
 1283      6F6E7465 
 1283      787400
 1284              	.LASF105:
 1285 022d 63795F65 		.ascii	"cy_en_ble_adv_state_t\000"
 1285      6E5F626C 
 1285      655F6164 
 1285      765F7374 
 1285      6174655F 
 1286              	.LASF79:
 1287 0243 43595F53 		.ascii	"CY_SAR_RANGE_COND_ABOVE\000"
 1287      41525F52 
 1287      414E4745 
 1287      5F434F4E 
 1287      445F4142 
 1288              	.LASF19:
 1289 025b 646F7562 		.ascii	"double\000"
 1289      6C6500
 1290              	.LASF120:
 1291 0262 4144435F 		.ascii	"ADC_CONFIG_STRUCT\000"
 1291      434F4E46 
 1291      49475F53 
 1291      54525543 
 1291      5400
 1292              	.LASF43:
 1293 0274 63617074 		.ascii	"captureInputMode\000"
 1293      75726549 
 1293      6E707574 
 1293      4D6F6465 
 1293      00
 1294              	.LASF84:
 1295 0285 73616D70 		.ascii	"sampleTime01\000"
 1295      6C655469 
 1295      6D653031 
 1295      00
 1296              	.LASF110:
 1297 0292 43595F42 		.ascii	"CY_BLE_CONN_STATE_CLIENT_INCL_DISCOVERING\000"
 1297      4C455F43 
 1297      4F4E4E5F 
 1297      53544154 
 1297      455F434C 
 1298              	.LASF130:
ARM GAS  C:\Users\codyg\AppData\Local\Temp\ccExoVSx.s 			page 26


 1299 02bc 436F756E 		.ascii	"Counter_ms_config\000"
 1299      7465725F 
 1299      6D735F63 
 1299      6F6E6669 
 1299      6700
 1300              	.LASF10:
 1301 02ce 5F5F7569 		.ascii	"__uint32_t\000"
 1301      6E743332 
 1301      5F7400
 1302              	.LASF117:
 1303 02d9 6877436F 		.ascii	"hwConfigStc\000"
 1303      6E666967 
 1303      53746300 
 1304              	.LASF60:
 1305 02e5 72784275 		.ascii	"rxBufIdx\000"
 1305      66496478 
 1305      00
 1306              	.LASF82:
 1307 02ee 6374726C 		.ascii	"ctrl\000"
 1307      00
 1308              	.LASF62:
 1309 02f3 74784275 		.ascii	"txBufSize\000"
 1309      6653697A 
 1309      6500
 1310              	.LASF29:
 1311 02fd 6D6F6E74 		.ascii	"month\000"
 1311      6800
 1312              	.LASF0:
 1313 0303 756E7369 		.ascii	"unsigned int\000"
 1313      676E6564 
 1313      20696E74 
 1313      00
 1314              	.LASF108:
 1315 0310 43595F42 		.ascii	"CY_BLE_CONN_STATE_CONNECTED\000"
 1315      4C455F43 
 1315      4F4E4E5F 
 1315      53544154 
 1315      455F434F 
 1316              	.LASF11:
 1317 032c 6C6F6E67 		.ascii	"long unsigned int\000"
 1317      20756E73 
 1317      69676E65 
 1317      6420696E 
 1317      7400
 1318              	.LASF136:
 1319 033e 47656E65 		.ascii	"Generated_Source\\PSoC6\\pdl\\rtos\\FreeRTOS\\9.0.0"
 1319      72617465 
 1319      645F536F 
 1319      75726365 
 1319      5C50536F 
 1320 036c 5C536F75 		.ascii	"\\Source\\croutine.c\000"
 1320      7263655C 
 1320      63726F75 
 1320      74696E65 
 1320      2E6300
 1321              	.LASF69:
 1322 037f 74785374 		.ascii	"txStatus\000"
ARM GAS  C:\Users\codyg\AppData\Local\Temp\ccExoVSx.s 			page 27


 1322      61747573 
 1322      00
 1323              	.LASF6:
 1324 0388 73686F72 		.ascii	"short unsigned int\000"
 1324      7420756E 
 1324      7369676E 
 1324      65642069 
 1324      6E7400
 1325              	.LASF86:
 1326 039b 72616E67 		.ascii	"rangeThres\000"
 1326      65546872 
 1326      657300
 1327              	.LASF125:
 1328 03a6 63795F62 		.ascii	"cy_ble_connState\000"
 1328      6C655F63 
 1328      6F6E6E53 
 1328      74617465 
 1328      00
 1329              	.LASF64:
 1330 03b7 63624576 		.ascii	"cbEvents\000"
 1330      656E7473 
 1330      00
 1331              	.LASF78:
 1332 03c0 43595F53 		.ascii	"CY_SAR_RANGE_COND_INSIDE\000"
 1332      41525F52 
 1332      414E4745 
 1332      5F434F4E 
 1332      445F494E 
 1333              	.LASF116:
 1334 03d9 6E756D43 		.ascii	"numChannels\000"
 1334      68616E6E 
 1334      656C7300 
 1335              	.LASF89:
 1336 03e5 6368616E 		.ascii	"chanConfig\000"
 1336      436F6E66 
 1336      696700
 1337              	.LASF66:
 1338 03f0 63795F73 		.ascii	"cy_stc_scb_spi_context_t\000"
 1338      74635F73 
 1338      63625F73 
 1338      70695F63 
 1338      6F6E7465 
 1339              	.LASF5:
 1340 0409 73686F72 		.ascii	"short int\000"
 1340      7420696E 
 1340      7400
 1341              	.LASF23:
 1342 0413 63795F65 		.ascii	"cy_en_rtc_dst_format_t\000"
 1342      6E5F7274 
 1342      635F6473 
 1342      745F666F 
 1342      726D6174 
 1343              	.LASF51:
 1344 042a 636F756E 		.ascii	"countInputMode\000"
 1344      74496E70 
 1344      75744D6F 
 1344      646500
ARM GAS  C:\Users\codyg\AppData\Local\Temp\ccExoVSx.s 			page 28


 1345              	.LASF28:
 1346 0439 6461794F 		.ascii	"dayOfWeek\000"
 1346      66576565 
 1346      6B00
 1347              	.LASF48:
 1348 0443 73746172 		.ascii	"startInput\000"
 1348      74496E70 
 1348      757400
 1349              	.LASF99:
 1350 044e 61747449 		.ascii	"attId\000"
 1350      6400
 1351              	.LASF55:
 1352 0454 63795F73 		.ascii	"cy_stc_tcpwm_counter_config\000"
 1352      74635F74 
 1352      6370776D 
 1352      5F636F75 
 1352      6E746572 
 1353              	.LASF16:
 1354 0470 73697A65 		.ascii	"sizetype\000"
 1354      74797065 
 1354      00
 1355              	.LASF118:
 1356 0479 6D697363 		.ascii	"miscConfig\000"
 1356      436F6E66 
 1356      696700
 1357              	.LASF2:
 1358 0484 6C6F6E67 		.ascii	"long double\000"
 1358      20646F75 
 1358      626C6500 
 1359              	.LASF114:
 1360 0490 63795F65 		.ascii	"cy_en_ble_conn_state_t\000"
 1360      6E5F626C 
 1360      655F636F 
 1360      6E6E5F73 
 1360      74617465 
 1361              	.LASF102:
 1362 04a7 43595F42 		.ascii	"CY_BLE_ADV_STATE_ADV_INITIATED\000"
 1362      4C455F41 
 1362      44565F53 
 1362      54415445 
 1362      5F414456 
 1363              	.LASF95:
 1364 04c6 636F6E66 		.ascii	"configRouting\000"
 1364      6967526F 
 1364      7574696E 
 1364      6700
 1365              	.LASF70:
 1366 04d4 72785374 		.ascii	"rxStatus\000"
 1366      61747573 
 1366      00
 1367              	.LASF132:
 1368 04dd 54696D65 		.ascii	"Timer_IMU_config\000"
 1368      725F494D 
 1368      555F636F 
 1368      6E666967 
 1368      00
 1369              	.LASF25:
ARM GAS  C:\Users\codyg\AppData\Local\Temp\ccExoVSx.s 			page 29


 1370 04ee 686F7572 		.ascii	"hour\000"
 1370      00
 1371              	.LASF92:
 1372 04f3 72616E67 		.ascii	"rangeIntrMask\000"
 1372      65496E74 
 1372      724D6173 
 1372      6B00
 1373              	.LASF135:
 1374 0501 474E5520 		.ascii	"GNU C11 5.4.1 20160609 (release) [ARM/embedded-5-br"
 1374      43313120 
 1374      352E342E 
 1374      31203230 
 1374      31363036 
 1375 0534 616E6368 		.ascii	"anch revision 237715] -mcpu=cortex-m4 -mfloat-abi=s"
 1375      20726576 
 1375      6973696F 
 1375      6E203233 
 1375      37373135 
 1376 0567 6F667466 		.ascii	"oftfp -mfpu=fpv4-sp-d16 -mthumb -g -Og -ffunction-s"
 1376      70202D6D 
 1376      6670753D 
 1376      66707634 
 1376      2D73702D 
 1377 059a 65637469 		.ascii	"ections -ffat-lto-objects\000"
 1377      6F6E7320 
 1377      2D666661 
 1377      742D6C74 
 1377      6F2D6F62 
 1378              	.LASF113:
 1379 05b4 43595F42 		.ascii	"CY_BLE_CONN_STATE_CLIENT_DISCOVERED\000"
 1379      4C455F43 
 1379      4F4E4E5F 
 1379      53544154 
 1379      455F434C 
 1380              	.LASF18:
 1381 05d8 666C6F61 		.ascii	"float\000"
 1381      7400
 1382              	.LASF26:
 1383 05de 6461794F 		.ascii	"dayOfMonth\000"
 1383      664D6F6E 
 1383      746800
 1384              	.LASF122:
 1385 05e9 63795F52 		.ascii	"cy_RTC_daysInMonthTbl\000"
 1385      54435F64 
 1385      61797349 
 1385      6E4D6F6E 
 1385      74685462 
 1386              	.LASF75:
 1387 05ff 74784C65 		.ascii	"txLeftToTransmit\000"
 1387      6674546F 
 1387      5472616E 
 1387      736D6974 
 1387      00
 1388              	.LASF88:
 1389 0610 6368616E 		.ascii	"chanEn\000"
 1389      456E00
 1390              	.LASF111:
ARM GAS  C:\Users\codyg\AppData\Local\Temp\ccExoVSx.s 			page 30


 1391 0617 43595F42 		.ascii	"CY_BLE_CONN_STATE_CLIENT_CHAR_DISCOVERING\000"
 1391      4C455F43 
 1391      4F4E4E5F 
 1391      53544154 
 1391      455F434C 
 1392              	.LASF47:
 1393 0641 73746172 		.ascii	"startInputMode\000"
 1393      74496E70 
 1393      75744D6F 
 1393      646500
 1394              	.LASF14:
 1395 0650 696E7433 		.ascii	"int32_t\000"
 1395      325F7400 
 1396              	.LASF4:
 1397 0658 756E7369 		.ascii	"unsigned char\000"
 1397      676E6564 
 1397      20636861 
 1397      7200
 1398              	.LASF121:
 1399 0666 49544D5F 		.ascii	"ITM_RxBuffer\000"
 1399      52784275 
 1399      66666572 
 1399      00
 1400              	.LASF41:
 1401 0673 656E6162 		.ascii	"enableCompareSwap\000"
 1401      6C65436F 
 1401      6D706172 
 1401      65537761 
 1401      7000
 1402              	.LASF93:
 1403 0685 6D757853 		.ascii	"muxSwitch\000"
 1403      77697463 
 1403      6800
 1404              	.LASF90:
 1405 068f 696E7472 		.ascii	"intrMask\000"
 1405      4D61736B 
 1405      00
 1406              	.LASF131:
 1407 0698 54696D65 		.ascii	"Timer_PPG_config\000"
 1407      725F5050 
 1407      475F636F 
 1407      6E666967 
 1407      00
 1408              	.LASF57:
 1409 06a9 73746174 		.ascii	"status\000"
 1409      757300
 1410              	.LASF24:
 1411 06b0 666F726D 		.ascii	"format\000"
 1411      617400
 1412              	.LASF38:
 1413 06b7 636F6D70 		.ascii	"compareOrCapture\000"
 1413      6172654F 
 1413      72436170 
 1413      74757265 
 1413      00
 1414              	.LASF112:
 1415 06c8 43595F42 		.ascii	"CY_BLE_CONN_STATE_CLIENT_DESCR_DISCOVERING\000"
ARM GAS  C:\Users\codyg\AppData\Local\Temp\ccExoVSx.s 			page 31


 1415      4C455F43 
 1415      4F4E4E5F 
 1415      53544154 
 1415      455F434C 
 1416              	.LASF15:
 1417 06f3 75696E74 		.ascii	"uint32_t\000"
 1417      33325F74 
 1417      00
 1418              	.LASF96:
 1419 06fc 76726566 		.ascii	"vrefMvValue\000"
 1419      4D765661 
 1419      6C756500 
 1420              	.LASF39:
 1421 0708 636F6D70 		.ascii	"compare0\000"
 1421      61726530 
 1421      00
 1422              	.LASF40:
 1423 0711 636F6D70 		.ascii	"compare1\000"
 1423      61726531 
 1423      00
 1424              	.LASF52:
 1425 071a 636F756E 		.ascii	"countInput\000"
 1425      74496E70 
 1425      757400
 1426              	.LASF17:
 1427 0725 63686172 		.ascii	"char\000"
 1427      00
 1428              	.LASF128:
 1429 072a 4144435F 		.ascii	"ADC_allConfigs\000"
 1429      616C6C43 
 1429      6F6E6669 
 1429      677300
 1430              	.LASF8:
 1431 0739 5F5F696E 		.ascii	"__int32_t\000"
 1431      7433325F 
 1431      7400
 1432              	.LASF123:
 1433 0743 63795F62 		.ascii	"cy_ble_advState\000"
 1433      6C655F61 
 1433      64765374 
 1433      61746500 
 1434              	.LASF73:
 1435 0753 72785269 		.ascii	"rxRingBufHead\000"
 1435      6E674275 
 1435      66486561 
 1435      6400
 1436              	.LASF42:
 1437 0761 696E7465 		.ascii	"interruptSources\000"
 1437      72727570 
 1437      74536F75 
 1437      72636573 
 1437      00
 1438              	.LASF46:
 1439 0772 72656C6F 		.ascii	"reloadInput\000"
 1439      6164496E 
 1439      70757400 
 1440              	.LASF109:
ARM GAS  C:\Users\codyg\AppData\Local\Temp\ccExoVSx.s 			page 32


 1441 077e 43595F42 		.ascii	"CY_BLE_CONN_STATE_CLIENT_SRVC_DISCOVERING\000"
 1441      4C455F43 
 1441      4F4E4E5F 
 1441      53544154 
 1441      455F434C 
 1442              	.LASF67:
 1443 07a8 63795F63 		.ascii	"cy_cb_scb_uart_handle_events_t\000"
 1443      625F7363 
 1443      625F7561 
 1443      72745F68 
 1443      616E646C 
 1444              	.LASF50:
 1445 07c7 73746F70 		.ascii	"stopInput\000"
 1445      496E7075 
 1445      7400
 1446              	.LASF72:
 1447 07d1 72785269 		.ascii	"rxRingBufSize\000"
 1447      6E674275 
 1447      6653697A 
 1447      6500
 1448              	.LASF30:
 1449 07df 63795F73 		.ascii	"cy_stc_rtc_dst_format_t\000"
 1449      74635F72 
 1449      74635F64 
 1449      73745F66 
 1449      6F726D61 
 1450              	.LASF65:
 1451 07f7 696E6974 		.ascii	"initKey\000"
 1451      4B657900 
 1452              	.LASF58:
 1453 07ff 72784275 		.ascii	"rxBuf\000"
 1453      6600
 1454              	.LASF20:
 1455 0805 5F426F6F 		.ascii	"_Bool\000"
 1455      6C00
 1456              	.LASF106:
 1457 080b 43595F42 		.ascii	"CY_BLE_CONN_STATE_DISCONNECTED\000"
 1457      4C455F43 
 1457      4F4E4E5F 
 1457      53544154 
 1457      455F4449 
 1458              	.LASF87:
 1459 082a 72616E67 		.ascii	"rangeCond\000"
 1459      65436F6E 
 1459      6400
 1460              	.LASF124:
 1461 0834 63795F62 		.ascii	"cy_ble_connHandle\000"
 1461      6C655F63 
 1461      6F6E6E48 
 1461      616E646C 
 1461      6500
 1462              	.LASF126:
 1463 0846 43595F45 		.ascii	"CY_EINK_SPIM_context\000"
 1463      494E4B5F 
 1463      5350494D 
 1463      5F636F6E 
 1463      74657874 
ARM GAS  C:\Users\codyg\AppData\Local\Temp\ccExoVSx.s 			page 33


 1464              	.LASF103:
 1465 085b 43595F42 		.ascii	"CY_BLE_ADV_STATE_ADVERTISING\000"
 1465      4C455F41 
 1465      44565F53 
 1465      54415445 
 1465      5F414456 
 1466              	.LASF83:
 1467 0878 73616D70 		.ascii	"sampleCtrl\000"
 1467      6C654374 
 1467      726C00
 1468              	.LASF101:
 1469 0883 43595F42 		.ascii	"CY_BLE_ADV_STATE_STOPPED\000"
 1469      4C455F41 
 1469      44565F53 
 1469      54415445 
 1469      5F53544F 
 1470              	.LASF13:
 1471 089c 75696E74 		.ascii	"uint8_t\000"
 1471      385F7400 
 1472              	.LASF85:
 1473 08a4 73616D70 		.ascii	"sampleTime23\000"
 1473      6C655469 
 1473      6D653233 
 1473      00
 1474              	.LASF45:
 1475 08b1 72656C6F 		.ascii	"reloadInputMode\000"
 1475      6164496E 
 1475      7075744D 
 1475      6F646500 
 1476              	.LASF80:
 1477 08c1 43595F53 		.ascii	"CY_SAR_RANGE_COND_OUTSIDE\000"
 1477      41525F52 
 1477      414E4745 
 1477      5F434F4E 
 1477      445F4F55 
 1478              	.LASF74:
 1479 08db 72785269 		.ascii	"rxRingBufTail\000"
 1479      6E674275 
 1479      66546169 
 1479      6C00
 1480              	.LASF115:
 1481 08e9 6368616E 		.ascii	"channelBase\000"
 1481      6E656C42 
 1481      61736500 
 1482              	.LASF97:
 1483 08f5 63795F73 		.ascii	"cy_stc_sar_config_t\000"
 1483      74635F73 
 1483      61725F63 
 1483      6F6E6669 
 1483      675F7400 
 1484              	.LASF98:
 1485 0909 62644861 		.ascii	"bdHandle\000"
 1485      6E646C65 
 1485      00
 1486              	.LASF32:
 1487 0912 73746F70 		.ascii	"stopDst\000"
 1487      44737400 
ARM GAS  C:\Users\codyg\AppData\Local\Temp\ccExoVSx.s 			page 34


 1488              	.LASF94:
 1489 091a 6D757853 		.ascii	"muxSwitchSqCtrl\000"
 1489      77697463 
 1489      68537143 
 1489      74726C00 
 1490              	.LASF68:
 1491 092a 63795F73 		.ascii	"cy_stc_scb_uart_context\000"
 1491      74635F73 
 1491      63625F75 
 1491      6172745F 
 1491      636F6E74 
 1492              	.LASF107:
 1493 0942 43595F42 		.ascii	"CY_BLE_CONN_STATE_CLIENT_DISCONNECTED_DISCOVERED\000"
 1493      4C455F43 
 1493      4F4E4E5F 
 1493      53544154 
 1493      455F434C 
 1494              	.LASF137:
 1495 0973 433A5C55 		.ascii	"C:\\Users\\codyg\\git\\psoc6-realtime-processing\\B"
 1495      73657273 
 1495      5C636F64 
 1495      79675C67 
 1495      69745C70 
 1496 09a1 4C455F52 		.ascii	"LE_RTC_IMU.cydsn\\CE218138_BLE_Thermometer_RTOS01.c"
 1496      54435F49 
 1496      4D552E63 
 1496      7964736E 
 1496      5C434532 
 1497 09d3 7964736E 		.ascii	"ydsn\000"
 1497      00
 1498              	.LASF63:
 1499 09d8 74784275 		.ascii	"txBufIdx\000"
 1499      66496478 
 1499      00
 1500              		.ident	"GCC: (GNU Tools for ARM Embedded Processors) 5.4.1 20160609 (release) [ARM/embedded-5-bran
