ARM GAS  C:\Users\codyg\AppData\Local\Temp\cc1qECJI.s 			page 1


   1              		.syntax unified
   2              		.cpu cortex-m4
   3              		.eabi_attribute 27, 1
   4              		.fpu fpv4-sp-d16
   5              		.eabi_attribute 20, 1
   6              		.eabi_attribute 21, 1
   7              		.eabi_attribute 23, 3
   8              		.eabi_attribute 24, 1
   9              		.eabi_attribute 25, 1
  10              		.eabi_attribute 26, 1
  11              		.eabi_attribute 30, 1
  12              		.eabi_attribute 34, 1
  13              		.eabi_attribute 18, 4
  14              		.thumb
  15              		.syntax unified
  16              		.file	"cy_ble_cts.c"
  17              		.text
  18              	.Ltext0:
  19              		.cfi_sections	.debug_frame
  20              	.Letext0:
  21              		.file 1 "c:\\program files (x86)\\cypress\\psoc creator\\4.2\\psoc creator\\import\\gnu\\arm\\5.4.
  22              		.file 2 "c:\\program files (x86)\\cypress\\psoc creator\\4.2\\psoc creator\\import\\gnu\\arm\\5.4.
  23              		.file 3 "Generated_Source\\PSoC6\\pdl\\middleware\\ble\\cy_ble_stack_host_main.h"
  24              		.file 4 "Generated_Source\\PSoC6\\pdl\\middleware\\ble\\cy_ble_gap.h"
  25              		.file 5 "Generated_Source\\PSoC6\\pdl\\cmsis/include/core_cm4.h"
  26              		.section	.debug_info,"",%progbits
  27              	.Ldebug_info0:
  28 0000 B3010000 		.4byte	0x1b3
  29 0004 0400     		.2byte	0x4
  30 0006 00000000 		.4byte	.Ldebug_abbrev0
  31 000a 04       		.byte	0x4
  32 000b 01       		.uleb128 0x1
  33 000c C4020000 		.4byte	.LASF40
  34 0010 0C       		.byte	0xc
  35 0011 3F010000 		.4byte	.LASF41
  36 0015 23000000 		.4byte	.LASF42
  37 0019 00000000 		.4byte	.Ldebug_line0
  38 001d 02       		.uleb128 0x2
  39 001e 04       		.byte	0x4
  40 001f 05       		.byte	0x5
  41 0020 696E7400 		.ascii	"int\000"
  42 0024 03       		.uleb128 0x3
  43 0025 04       		.byte	0x4
  44 0026 07       		.byte	0x7
  45 0027 33020000 		.4byte	.LASF0
  46 002b 03       		.uleb128 0x3
  47 002c 08       		.byte	0x8
  48 002d 05       		.byte	0x5
  49 002e 8E030000 		.4byte	.LASF1
  50 0032 03       		.uleb128 0x3
  51 0033 08       		.byte	0x8
  52 0034 04       		.byte	0x4
  53 0035 21040000 		.4byte	.LASF2
  54 0039 03       		.uleb128 0x3
  55 003a 01       		.byte	0x1
  56 003b 06       		.byte	0x6
  57 003c 2D040000 		.4byte	.LASF3
ARM GAS  C:\Users\codyg\AppData\Local\Temp\cc1qECJI.s 			page 2


  58 0040 04       		.uleb128 0x4
  59 0041 00000000 		.4byte	.LASF7
  60 0045 01       		.byte	0x1
  61 0046 1D       		.byte	0x1d
  62 0047 4B000000 		.4byte	0x4b
  63 004b 03       		.uleb128 0x3
  64 004c 01       		.byte	0x1
  65 004d 08       		.byte	0x8
  66 004e 96010000 		.4byte	.LASF4
  67 0052 03       		.uleb128 0x3
  68 0053 02       		.byte	0x2
  69 0054 05       		.byte	0x5
  70 0055 C0030000 		.4byte	.LASF5
  71 0059 03       		.uleb128 0x3
  72 005a 02       		.byte	0x2
  73 005b 07       		.byte	0x7
  74 005c B6010000 		.4byte	.LASF6
  75 0060 04       		.uleb128 0x4
  76 0061 D5000000 		.4byte	.LASF8
  77 0065 01       		.byte	0x1
  78 0066 3F       		.byte	0x3f
  79 0067 6B000000 		.4byte	0x6b
  80 006b 03       		.uleb128 0x3
  81 006c 04       		.byte	0x4
  82 006d 05       		.byte	0x5
  83 006e 18040000 		.4byte	.LASF9
  84 0072 03       		.uleb128 0x3
  85 0073 04       		.byte	0x4
  86 0074 07       		.byte	0x7
  87 0075 A4010000 		.4byte	.LASF10
  88 0079 03       		.uleb128 0x3
  89 007a 08       		.byte	0x8
  90 007b 07       		.byte	0x7
  91 007c 64020000 		.4byte	.LASF11
  92 0080 03       		.uleb128 0x3
  93 0081 04       		.byte	0x4
  94 0082 07       		.byte	0x7
  95 0083 85030000 		.4byte	.LASF12
  96 0087 03       		.uleb128 0x3
  97 0088 01       		.byte	0x1
  98 0089 08       		.byte	0x8
  99 008a 9C030000 		.4byte	.LASF13
 100 008e 04       		.uleb128 0x4
 101 008f F1000000 		.4byte	.LASF14
 102 0093 02       		.byte	0x2
 103 0094 18       		.byte	0x18
 104 0095 40000000 		.4byte	0x40
 105 0099 04       		.uleb128 0x4
 106 009a 77030000 		.4byte	.LASF15
 107 009e 02       		.byte	0x2
 108 009f 2C       		.byte	0x2c
 109 00a0 60000000 		.4byte	0x60
 110 00a4 03       		.uleb128 0x3
 111 00a5 04       		.byte	0x4
 112 00a6 04       		.byte	0x4
 113 00a7 39010000 		.4byte	.LASF16
 114 00ab 03       		.uleb128 0x3
ARM GAS  C:\Users\codyg\AppData\Local\Temp\cc1qECJI.s 			page 3


 115 00ac 08       		.byte	0x8
 116 00ad 04       		.byte	0x4
 117 00ae 2C020000 		.4byte	.LASF17
 118 00b2 05       		.uleb128 0x5
 119 00b3 02       		.byte	0x2
 120 00b4 03       		.byte	0x3
 121 00b5 5B01     		.2byte	0x15b
 122 00b7 D6000000 		.4byte	0xd6
 123 00bb 06       		.uleb128 0x6
 124 00bc 88000000 		.4byte	.LASF18
 125 00c0 03       		.byte	0x3
 126 00c1 6501     		.2byte	0x165
 127 00c3 8E000000 		.4byte	0x8e
 128 00c7 00       		.byte	0
 129 00c8 06       		.uleb128 0x6
 130 00c9 7F030000 		.4byte	.LASF19
 131 00cd 03       		.byte	0x3
 132 00ce 6901     		.2byte	0x169
 133 00d0 8E000000 		.4byte	0x8e
 134 00d4 01       		.byte	0x1
 135 00d5 00       		.byte	0
 136 00d6 07       		.uleb128 0x7
 137 00d7 BC000000 		.4byte	.LASF20
 138 00db 03       		.byte	0x3
 139 00dc 6B01     		.2byte	0x16b
 140 00de B2000000 		.4byte	0xb2
 141 00e2 08       		.uleb128 0x8
 142 00e3 01       		.byte	0x1
 143 00e4 4B000000 		.4byte	0x4b
 144 00e8 04       		.byte	0x4
 145 00e9 7E       		.byte	0x7e
 146 00ea 07010000 		.4byte	0x107
 147 00ee 09       		.uleb128 0x9
 148 00ef 0A000000 		.4byte	.LASF21
 149 00f3 00       		.byte	0
 150 00f4 09       		.uleb128 0x9
 151 00f5 A5020000 		.4byte	.LASF22
 152 00f9 01       		.byte	0x1
 153 00fa 09       		.uleb128 0x9
 154 00fb CA030000 		.4byte	.LASF23
 155 00ff 02       		.byte	0x2
 156 0100 09       		.uleb128 0x9
 157 0101 76010000 		.4byte	.LASF24
 158 0105 03       		.byte	0x3
 159 0106 00       		.byte	0
 160 0107 04       		.uleb128 0x4
 161 0108 23010000 		.4byte	.LASF25
 162 010c 04       		.byte	0x4
 163 010d 83       		.byte	0x83
 164 010e E2000000 		.4byte	0xe2
 165 0112 08       		.uleb128 0x8
 166 0113 01       		.byte	0x1
 167 0114 4B000000 		.4byte	0x4b
 168 0118 04       		.byte	0x4
 169 0119 87       		.byte	0x87
 170 011a 4F010000 		.4byte	0x14f
 171 011e 09       		.uleb128 0x9
ARM GAS  C:\Users\codyg\AppData\Local\Temp\cc1qECJI.s 			page 4


 172 011f A1030000 		.4byte	.LASF26
 173 0123 00       		.byte	0
 174 0124 09       		.uleb128 0x9
 175 0125 E7030000 		.4byte	.LASF27
 176 0129 01       		.byte	0x1
 177 012a 09       		.uleb128 0x9
 178 012b 10020000 		.4byte	.LASF28
 179 012f 02       		.byte	0x2
 180 0130 09       		.uleb128 0x9
 181 0131 F9000000 		.4byte	.LASF29
 182 0135 03       		.byte	0x3
 183 0136 09       		.uleb128 0x9
 184 0137 7B020000 		.4byte	.LASF30
 185 013b 04       		.byte	0x4
 186 013c 09       		.uleb128 0x9
 187 013d C9010000 		.4byte	.LASF31
 188 0141 05       		.byte	0x5
 189 0142 09       		.uleb128 0x9
 190 0143 91000000 		.4byte	.LASF32
 191 0147 06       		.byte	0x6
 192 0148 09       		.uleb128 0x9
 193 0149 40020000 		.4byte	.LASF33
 194 014d 07       		.byte	0x7
 195 014e 00       		.byte	0
 196 014f 04       		.uleb128 0x4
 197 0150 50040000 		.4byte	.LASF34
 198 0154 04       		.byte	0x4
 199 0155 90       		.byte	0x90
 200 0156 12010000 		.4byte	0x112
 201 015a 03       		.uleb128 0x3
 202 015b 01       		.byte	0x1
 203 015c 02       		.byte	0x2
 204 015d 39040000 		.4byte	.LASF35
 205 0161 0A       		.uleb128 0xa
 206 0162 F3010000 		.4byte	.LASF36
 207 0166 05       		.byte	0x5
 208 0167 EA07     		.2byte	0x7ea
 209 0169 6D010000 		.4byte	0x16d
 210 016d 0B       		.uleb128 0xb
 211 016e 99000000 		.4byte	0x99
 212 0172 0A       		.uleb128 0xa
 213 0173 00020000 		.4byte	.LASF37
 214 0177 04       		.byte	0x4
 215 0178 2202     		.2byte	0x222
 216 017a 07010000 		.4byte	0x107
 217 017e 0C       		.uleb128 0xc
 218 017f D6000000 		.4byte	0xd6
 219 0183 8E010000 		.4byte	0x18e
 220 0187 0D       		.uleb128 0xd
 221 0188 80000000 		.4byte	0x80
 222 018c 00       		.byte	0
 223 018d 00       		.byte	0
 224 018e 0A       		.uleb128 0xa
 225 018f DF000000 		.4byte	.LASF38
 226 0193 04       		.byte	0x4
 227 0194 2C02     		.2byte	0x22c
 228 0196 7E010000 		.4byte	0x17e
ARM GAS  C:\Users\codyg\AppData\Local\Temp\cc1qECJI.s 			page 5


 229 019a 0C       		.uleb128 0xc
 230 019b 4F010000 		.4byte	0x14f
 231 019f AA010000 		.4byte	0x1aa
 232 01a3 0D       		.uleb128 0xd
 233 01a4 80000000 		.4byte	0x80
 234 01a8 00       		.byte	0
 235 01a9 00       		.byte	0
 236 01aa 0A       		.uleb128 0xa
 237 01ab 3F040000 		.4byte	.LASF39
 238 01af 04       		.byte	0x4
 239 01b0 2D02     		.2byte	0x22d
 240 01b2 9A010000 		.4byte	0x19a
 241 01b6 00       		.byte	0
 242              		.section	.debug_abbrev,"",%progbits
 243              	.Ldebug_abbrev0:
 244 0000 01       		.uleb128 0x1
 245 0001 11       		.uleb128 0x11
 246 0002 01       		.byte	0x1
 247 0003 25       		.uleb128 0x25
 248 0004 0E       		.uleb128 0xe
 249 0005 13       		.uleb128 0x13
 250 0006 0B       		.uleb128 0xb
 251 0007 03       		.uleb128 0x3
 252 0008 0E       		.uleb128 0xe
 253 0009 1B       		.uleb128 0x1b
 254 000a 0E       		.uleb128 0xe
 255 000b 10       		.uleb128 0x10
 256 000c 17       		.uleb128 0x17
 257 000d 00       		.byte	0
 258 000e 00       		.byte	0
 259 000f 02       		.uleb128 0x2
 260 0010 24       		.uleb128 0x24
 261 0011 00       		.byte	0
 262 0012 0B       		.uleb128 0xb
 263 0013 0B       		.uleb128 0xb
 264 0014 3E       		.uleb128 0x3e
 265 0015 0B       		.uleb128 0xb
 266 0016 03       		.uleb128 0x3
 267 0017 08       		.uleb128 0x8
 268 0018 00       		.byte	0
 269 0019 00       		.byte	0
 270 001a 03       		.uleb128 0x3
 271 001b 24       		.uleb128 0x24
 272 001c 00       		.byte	0
 273 001d 0B       		.uleb128 0xb
 274 001e 0B       		.uleb128 0xb
 275 001f 3E       		.uleb128 0x3e
 276 0020 0B       		.uleb128 0xb
 277 0021 03       		.uleb128 0x3
 278 0022 0E       		.uleb128 0xe
 279 0023 00       		.byte	0
 280 0024 00       		.byte	0
 281 0025 04       		.uleb128 0x4
 282 0026 16       		.uleb128 0x16
 283 0027 00       		.byte	0
 284 0028 03       		.uleb128 0x3
 285 0029 0E       		.uleb128 0xe
ARM GAS  C:\Users\codyg\AppData\Local\Temp\cc1qECJI.s 			page 6


 286 002a 3A       		.uleb128 0x3a
 287 002b 0B       		.uleb128 0xb
 288 002c 3B       		.uleb128 0x3b
 289 002d 0B       		.uleb128 0xb
 290 002e 49       		.uleb128 0x49
 291 002f 13       		.uleb128 0x13
 292 0030 00       		.byte	0
 293 0031 00       		.byte	0
 294 0032 05       		.uleb128 0x5
 295 0033 13       		.uleb128 0x13
 296 0034 01       		.byte	0x1
 297 0035 0B       		.uleb128 0xb
 298 0036 0B       		.uleb128 0xb
 299 0037 3A       		.uleb128 0x3a
 300 0038 0B       		.uleb128 0xb
 301 0039 3B       		.uleb128 0x3b
 302 003a 05       		.uleb128 0x5
 303 003b 01       		.uleb128 0x1
 304 003c 13       		.uleb128 0x13
 305 003d 00       		.byte	0
 306 003e 00       		.byte	0
 307 003f 06       		.uleb128 0x6
 308 0040 0D       		.uleb128 0xd
 309 0041 00       		.byte	0
 310 0042 03       		.uleb128 0x3
 311 0043 0E       		.uleb128 0xe
 312 0044 3A       		.uleb128 0x3a
 313 0045 0B       		.uleb128 0xb
 314 0046 3B       		.uleb128 0x3b
 315 0047 05       		.uleb128 0x5
 316 0048 49       		.uleb128 0x49
 317 0049 13       		.uleb128 0x13
 318 004a 38       		.uleb128 0x38
 319 004b 0B       		.uleb128 0xb
 320 004c 00       		.byte	0
 321 004d 00       		.byte	0
 322 004e 07       		.uleb128 0x7
 323 004f 16       		.uleb128 0x16
 324 0050 00       		.byte	0
 325 0051 03       		.uleb128 0x3
 326 0052 0E       		.uleb128 0xe
 327 0053 3A       		.uleb128 0x3a
 328 0054 0B       		.uleb128 0xb
 329 0055 3B       		.uleb128 0x3b
 330 0056 05       		.uleb128 0x5
 331 0057 49       		.uleb128 0x49
 332 0058 13       		.uleb128 0x13
 333 0059 00       		.byte	0
 334 005a 00       		.byte	0
 335 005b 08       		.uleb128 0x8
 336 005c 04       		.uleb128 0x4
 337 005d 01       		.byte	0x1
 338 005e 0B       		.uleb128 0xb
 339 005f 0B       		.uleb128 0xb
 340 0060 49       		.uleb128 0x49
 341 0061 13       		.uleb128 0x13
 342 0062 3A       		.uleb128 0x3a
ARM GAS  C:\Users\codyg\AppData\Local\Temp\cc1qECJI.s 			page 7


 343 0063 0B       		.uleb128 0xb
 344 0064 3B       		.uleb128 0x3b
 345 0065 0B       		.uleb128 0xb
 346 0066 01       		.uleb128 0x1
 347 0067 13       		.uleb128 0x13
 348 0068 00       		.byte	0
 349 0069 00       		.byte	0
 350 006a 09       		.uleb128 0x9
 351 006b 28       		.uleb128 0x28
 352 006c 00       		.byte	0
 353 006d 03       		.uleb128 0x3
 354 006e 0E       		.uleb128 0xe
 355 006f 1C       		.uleb128 0x1c
 356 0070 0B       		.uleb128 0xb
 357 0071 00       		.byte	0
 358 0072 00       		.byte	0
 359 0073 0A       		.uleb128 0xa
 360 0074 34       		.uleb128 0x34
 361 0075 00       		.byte	0
 362 0076 03       		.uleb128 0x3
 363 0077 0E       		.uleb128 0xe
 364 0078 3A       		.uleb128 0x3a
 365 0079 0B       		.uleb128 0xb
 366 007a 3B       		.uleb128 0x3b
 367 007b 05       		.uleb128 0x5
 368 007c 49       		.uleb128 0x49
 369 007d 13       		.uleb128 0x13
 370 007e 3F       		.uleb128 0x3f
 371 007f 19       		.uleb128 0x19
 372 0080 3C       		.uleb128 0x3c
 373 0081 19       		.uleb128 0x19
 374 0082 00       		.byte	0
 375 0083 00       		.byte	0
 376 0084 0B       		.uleb128 0xb
 377 0085 35       		.uleb128 0x35
 378 0086 00       		.byte	0
 379 0087 49       		.uleb128 0x49
 380 0088 13       		.uleb128 0x13
 381 0089 00       		.byte	0
 382 008a 00       		.byte	0
 383 008b 0C       		.uleb128 0xc
 384 008c 01       		.uleb128 0x1
 385 008d 01       		.byte	0x1
 386 008e 49       		.uleb128 0x49
 387 008f 13       		.uleb128 0x13
 388 0090 01       		.uleb128 0x1
 389 0091 13       		.uleb128 0x13
 390 0092 00       		.byte	0
 391 0093 00       		.byte	0
 392 0094 0D       		.uleb128 0xd
 393 0095 21       		.uleb128 0x21
 394 0096 00       		.byte	0
 395 0097 49       		.uleb128 0x49
 396 0098 13       		.uleb128 0x13
 397 0099 2F       		.uleb128 0x2f
 398 009a 0B       		.uleb128 0xb
 399 009b 00       		.byte	0
ARM GAS  C:\Users\codyg\AppData\Local\Temp\cc1qECJI.s 			page 8


 400 009c 00       		.byte	0
 401 009d 00       		.byte	0
 402              		.section	.debug_aranges,"",%progbits
 403 0000 14000000 		.4byte	0x14
 404 0004 0200     		.2byte	0x2
 405 0006 00000000 		.4byte	.Ldebug_info0
 406 000a 04       		.byte	0x4
 407 000b 00       		.byte	0
 408 000c 0000     		.2byte	0
 409 000e 0000     		.2byte	0
 410 0010 00000000 		.4byte	0
 411 0014 00000000 		.4byte	0
 412              		.section	.debug_line,"",%progbits
 413              	.Ldebug_line0:
 414 0000 A3010000 		.section	.debug_str,"MS",%progbits,1
 414      02009D01 
 414      00000201 
 414      FB0E0D00 
 414      01010101 
 415              	.LASF7:
 416 0000 5F5F7569 		.ascii	"__uint8_t\000"
 416      6E74385F 
 416      7400
 417              	.LASF21:
 418 000a 43595F42 		.ascii	"CY_BLE_ADV_STATE_STOPPED\000"
 418      4C455F41 
 418      44565F53 
 418      54415445 
 418      5F53544F 
 419              	.LASF42:
 420 0023 433A5C55 		.ascii	"C:\\Users\\codyg\\git\\psoc6-realtime-processing\\B"
 420      73657273 
 420      5C636F64 
 420      79675C67 
 420      69745C70 
 421 0051 4C455F52 		.ascii	"LE_RTC_IMU.cydsn\\CE218138_BLE_Thermometer_RTOS01.c"
 421      54435F49 
 421      4D552E63 
 421      7964736E 
 421      5C434532 
 422 0083 7964736E 		.ascii	"ydsn\000"
 422      00
 423              	.LASF18:
 424 0088 62644861 		.ascii	"bdHandle\000"
 424      6E646C65 
 424      00
 425              	.LASF32:
 426 0091 43595F42 		.ascii	"CY_BLE_CONN_STATE_CLIENT_DESCR_DISCOVERING\000"
 426      4C455F43 
 426      4F4E4E5F 
 426      53544154 
 426      455F434C 
 427              	.LASF20:
 428 00bc 63795F73 		.ascii	"cy_stc_ble_conn_handle_t\000"
 428      74635F62 
 428      6C655F63 
 428      6F6E6E5F 
ARM GAS  C:\Users\codyg\AppData\Local\Temp\cc1qECJI.s 			page 9


 428      68616E64 
 429              	.LASF8:
 430 00d5 5F5F696E 		.ascii	"__int32_t\000"
 430      7433325F 
 430      7400
 431              	.LASF38:
 432 00df 63795F62 		.ascii	"cy_ble_connHandle\000"
 432      6C655F63 
 432      6F6E6E48 
 432      616E646C 
 432      6500
 433              	.LASF14:
 434 00f1 75696E74 		.ascii	"uint8_t\000"
 434      385F7400 
 435              	.LASF29:
 436 00f9 43595F42 		.ascii	"CY_BLE_CONN_STATE_CLIENT_SRVC_DISCOVERING\000"
 436      4C455F43 
 436      4F4E4E5F 
 436      53544154 
 436      455F434C 
 437              	.LASF25:
 438 0123 63795F65 		.ascii	"cy_en_ble_adv_state_t\000"
 438      6E5F626C 
 438      655F6164 
 438      765F7374 
 438      6174655F 
 439              	.LASF16:
 440 0139 666C6F61 		.ascii	"float\000"
 440      7400
 441              	.LASF41:
 442 013f 47656E65 		.ascii	"Generated_Source\\PSoC6\\pdl\\middleware\\ble\\cy_b"
 442      72617465 
 442      645F536F 
 442      75726365 
 442      5C50536F 
 443 016d 6C655F63 		.ascii	"le_cts.c\000"
 443      74732E63 
 443      00
 444              	.LASF24:
 445 0176 43595F42 		.ascii	"CY_BLE_ADV_STATE_STOP_INITIATED\000"
 445      4C455F41 
 445      44565F53 
 445      54415445 
 445      5F53544F 
 446              	.LASF4:
 447 0196 756E7369 		.ascii	"unsigned char\000"
 447      676E6564 
 447      20636861 
 447      7200
 448              	.LASF10:
 449 01a4 6C6F6E67 		.ascii	"long unsigned int\000"
 449      20756E73 
 449      69676E65 
 449      6420696E 
 449      7400
 450              	.LASF6:
 451 01b6 73686F72 		.ascii	"short unsigned int\000"
ARM GAS  C:\Users\codyg\AppData\Local\Temp\cc1qECJI.s 			page 10


 451      7420756E 
 451      7369676E 
 451      65642069 
 451      6E7400
 452              	.LASF31:
 453 01c9 43595F42 		.ascii	"CY_BLE_CONN_STATE_CLIENT_CHAR_DISCOVERING\000"
 453      4C455F43 
 453      4F4E4E5F 
 453      53544154 
 453      455F434C 
 454              	.LASF36:
 455 01f3 49544D5F 		.ascii	"ITM_RxBuffer\000"
 455      52784275 
 455      66666572 
 455      00
 456              	.LASF37:
 457 0200 63795F62 		.ascii	"cy_ble_advState\000"
 457      6C655F61 
 457      64765374 
 457      61746500 
 458              	.LASF28:
 459 0210 43595F42 		.ascii	"CY_BLE_CONN_STATE_CONNECTED\000"
 459      4C455F43 
 459      4F4E4E5F 
 459      53544154 
 459      455F434F 
 460              	.LASF17:
 461 022c 646F7562 		.ascii	"double\000"
 461      6C6500
 462              	.LASF0:
 463 0233 756E7369 		.ascii	"unsigned int\000"
 463      676E6564 
 463      20696E74 
 463      00
 464              	.LASF33:
 465 0240 43595F42 		.ascii	"CY_BLE_CONN_STATE_CLIENT_DISCOVERED\000"
 465      4C455F43 
 465      4F4E4E5F 
 465      53544154 
 465      455F434C 
 466              	.LASF11:
 467 0264 6C6F6E67 		.ascii	"long long unsigned int\000"
 467      206C6F6E 
 467      6720756E 
 467      7369676E 
 467      65642069 
 468              	.LASF30:
 469 027b 43595F42 		.ascii	"CY_BLE_CONN_STATE_CLIENT_INCL_DISCOVERING\000"
 469      4C455F43 
 469      4F4E4E5F 
 469      53544154 
 469      455F434C 
 470              	.LASF22:
 471 02a5 43595F42 		.ascii	"CY_BLE_ADV_STATE_ADV_INITIATED\000"
 471      4C455F41 
 471      44565F53 
 471      54415445 
ARM GAS  C:\Users\codyg\AppData\Local\Temp\cc1qECJI.s 			page 11


 471      5F414456 
 472              	.LASF40:
 473 02c4 474E5520 		.ascii	"GNU C11 5.4.1 20160609 (release) [ARM/embedded-5-br"
 473      43313120 
 473      352E342E 
 473      31203230 
 473      31363036 
 474 02f7 616E6368 		.ascii	"anch revision 237715] -mcpu=cortex-m4 -mfloat-abi=s"
 474      20726576 
 474      6973696F 
 474      6E203233 
 474      37373135 
 475 032a 6F667466 		.ascii	"oftfp -mfpu=fpv4-sp-d16 -mthumb -g -Og -ffunction-s"
 475      70202D6D 
 475      6670753D 
 475      66707634 
 475      2D73702D 
 476 035d 65637469 		.ascii	"ections -ffat-lto-objects\000"
 476      6F6E7320 
 476      2D666661 
 476      742D6C74 
 476      6F2D6F62 
 477              	.LASF15:
 478 0377 696E7433 		.ascii	"int32_t\000"
 478      325F7400 
 479              	.LASF19:
 480 037f 61747449 		.ascii	"attId\000"
 480      6400
 481              	.LASF12:
 482 0385 73697A65 		.ascii	"sizetype\000"
 482      74797065 
 482      00
 483              	.LASF1:
 484 038e 6C6F6E67 		.ascii	"long long int\000"
 484      206C6F6E 
 484      6720696E 
 484      7400
 485              	.LASF13:
 486 039c 63686172 		.ascii	"char\000"
 486      00
 487              	.LASF26:
 488 03a1 43595F42 		.ascii	"CY_BLE_CONN_STATE_DISCONNECTED\000"
 488      4C455F43 
 488      4F4E4E5F 
 488      53544154 
 488      455F4449 
 489              	.LASF5:
 490 03c0 73686F72 		.ascii	"short int\000"
 490      7420696E 
 490      7400
 491              	.LASF23:
 492 03ca 43595F42 		.ascii	"CY_BLE_ADV_STATE_ADVERTISING\000"
 492      4C455F41 
 492      44565F53 
 492      54415445 
 492      5F414456 
 493              	.LASF27:
ARM GAS  C:\Users\codyg\AppData\Local\Temp\cc1qECJI.s 			page 12


 494 03e7 43595F42 		.ascii	"CY_BLE_CONN_STATE_CLIENT_DISCONNECTED_DISCOVERED\000"
 494      4C455F43 
 494      4F4E4E5F 
 494      53544154 
 494      455F434C 
 495              	.LASF9:
 496 0418 6C6F6E67 		.ascii	"long int\000"
 496      20696E74 
 496      00
 497              	.LASF2:
 498 0421 6C6F6E67 		.ascii	"long double\000"
 498      20646F75 
 498      626C6500 
 499              	.LASF3:
 500 042d 7369676E 		.ascii	"signed char\000"
 500      65642063 
 500      68617200 
 501              	.LASF35:
 502 0439 5F426F6F 		.ascii	"_Bool\000"
 502      6C00
 503              	.LASF39:
 504 043f 63795F62 		.ascii	"cy_ble_connState\000"
 504      6C655F63 
 504      6F6E6E53 
 504      74617465 
 504      00
 505              	.LASF34:
 506 0450 63795F65 		.ascii	"cy_en_ble_conn_state_t\000"
 506      6E5F626C 
 506      655F636F 
 506      6E6E5F73 
 506      74617465 
 507              		.ident	"GCC: (GNU Tools for ARM Embedded Processors) 5.4.1 20160609 (release) [ARM/embedded-5-bran
