ARM GAS  C:\Users\codyg\AppData\Local\Temp\cckrtWVb.s 			page 1


   1              		.syntax unified
   2              		.cpu cortex-m4
   3              		.eabi_attribute 27, 1
   4              		.fpu fpv4-sp-d16
   5              		.eabi_attribute 20, 1
   6              		.eabi_attribute 21, 1
   7              		.eabi_attribute 23, 3
   8              		.eabi_attribute 24, 1
   9              		.eabi_attribute 25, 1
  10              		.eabi_attribute 26, 1
  11              		.eabi_attribute 30, 1
  12              		.eabi_attribute 34, 1
  13              		.eabi_attribute 18, 4
  14              		.thumb
  15              		.syntax unified
  16              		.file	"cyfitter_sysint_cfg.c"
  17              		.text
  18              	.Ltext0:
  19              		.cfi_sections	.debug_frame
  20              		.global	ADC_IRQ_cfg
  21              		.global	CY_EINK_SPIM_SCB_IRQ_cfg
  22              		.global	isr_gpio_cfg
  23              		.section	.rodata
  24              		.align	2
  25              		.type	ADC_IRQ_cfg, %object
  26              		.size	ADC_IRQ_cfg, 8
  27              	ADC_IRQ_cfg:
  28 0000 8A00     		.short	138
  29 0002 0000     		.space	2
  30 0004 07000000 		.word	7
  31              		.type	CY_EINK_SPIM_SCB_IRQ_cfg, %object
  32              		.size	CY_EINK_SPIM_SCB_IRQ_cfg, 8
  33              	CY_EINK_SPIM_SCB_IRQ_cfg:
  34 0008 2F00     		.short	47
  35 000a 0000     		.space	2
  36 000c 07000000 		.word	7
  37              		.type	isr_gpio_cfg, %object
  38              		.size	isr_gpio_cfg, 8
  39              	isr_gpio_cfg:
  40 0010 0000     		.short	0
  41 0012 0000     		.space	2
  42 0014 06000000 		.word	6
  43              		.text
  44              	.Letext0:
  45              		.file 1 "Generated_Source\\PSoC6\\pdl\\devices/psoc6/psoc63/include/cy8c6347bzi_bld53.h"
  46              		.file 2 "c:\\program files (x86)\\cypress\\psoc creator\\4.2\\psoc creator\\import\\gnu\\arm\\5.4.
  47              		.file 3 "c:\\program files (x86)\\cypress\\psoc creator\\4.2\\psoc creator\\import\\gnu\\arm\\5.4.
  48              		.file 4 "Generated_Source\\PSoC6\\pdl\\drivers/peripheral/sysint/cy_sysint.h"
  49              		.file 5 "Generated_Source\\PSoC6\\pdl\\cmsis/include/core_cm4.h"
  50              		.file 6 "Generated_Source\\PSoC6\\cyfitter_sysint_cfg.c"
  51              		.section	.debug_info,"",%progbits
  52              	.Ldebug_info0:
  53 0000 F0040000 		.4byte	0x4f0
  54 0004 0400     		.2byte	0x4
  55 0006 00000000 		.4byte	.Ldebug_abbrev0
  56 000a 04       		.byte	0x4
  57 000b 01       		.uleb128 0x1
ARM GAS  C:\Users\codyg\AppData\Local\Temp\cckrtWVb.s 			page 2


  58 000c 61090000 		.4byte	.LASF184
  59 0010 0C       		.byte	0xc
  60 0011 950D0000 		.4byte	.LASF185
  61 0015 B6110000 		.4byte	.LASF186
  62 0019 00000000 		.4byte	.Ldebug_line0
  63 001d 02       		.uleb128 0x2
  64 001e 02       		.byte	0x2
  65 001f DE030000 		.4byte	0x3de
  66 0023 01       		.byte	0x1
  67 0024 24       		.byte	0x24
  68 0025 DE030000 		.4byte	0x3de
  69 0029 03       		.uleb128 0x3
  70 002a 47020000 		.4byte	.LASF0
  71 002e 71       		.sleb128 -15
  72 002f 03       		.uleb128 0x3
  73 0030 4A0E0000 		.4byte	.LASF1
  74 0034 72       		.sleb128 -14
  75 0035 03       		.uleb128 0x3
  76 0036 B40E0000 		.4byte	.LASF2
  77 003a 73       		.sleb128 -13
  78 003b 03       		.uleb128 0x3
  79 003c 860A0000 		.4byte	.LASF3
  80 0040 74       		.sleb128 -12
  81 0041 03       		.uleb128 0x3
  82 0042 F5040000 		.4byte	.LASF4
  83 0046 75       		.sleb128 -11
  84 0047 03       		.uleb128 0x3
  85 0048 F80C0000 		.4byte	.LASF5
  86 004c 76       		.sleb128 -10
  87 004d 03       		.uleb128 0x3
  88 004e 9A060000 		.4byte	.LASF6
  89 0052 7B       		.sleb128 -5
  90 0053 03       		.uleb128 0x3
  91 0054 DF0E0000 		.4byte	.LASF7
  92 0058 7C       		.sleb128 -4
  93 0059 03       		.uleb128 0x3
  94 005a 130E0000 		.4byte	.LASF8
  95 005e 7E       		.sleb128 -2
  96 005f 03       		.uleb128 0x3
  97 0060 8F070000 		.4byte	.LASF9
  98 0064 7F       		.sleb128 -1
  99 0065 04       		.uleb128 0x4
 100 0066 C0010000 		.4byte	.LASF10
 101 006a 00       		.byte	0
 102 006b 04       		.uleb128 0x4
 103 006c 980E0000 		.4byte	.LASF11
 104 0070 01       		.byte	0x1
 105 0071 04       		.uleb128 0x4
 106 0072 28000000 		.4byte	.LASF12
 107 0076 02       		.byte	0x2
 108 0077 04       		.uleb128 0x4
 109 0078 DF0D0000 		.4byte	.LASF13
 110 007c 03       		.byte	0x3
 111 007d 04       		.uleb128 0x4
 112 007e DB0F0000 		.4byte	.LASF14
 113 0082 04       		.byte	0x4
 114 0083 04       		.uleb128 0x4
ARM GAS  C:\Users\codyg\AppData\Local\Temp\cckrtWVb.s 			page 3


 115 0084 7A050000 		.4byte	.LASF15
 116 0088 05       		.byte	0x5
 117 0089 04       		.uleb128 0x4
 118 008a 40070000 		.4byte	.LASF16
 119 008e 06       		.byte	0x6
 120 008f 04       		.uleb128 0x4
 121 0090 28090000 		.4byte	.LASF17
 122 0094 07       		.byte	0x7
 123 0095 04       		.uleb128 0x4
 124 0096 7E110000 		.4byte	.LASF18
 125 009a 08       		.byte	0x8
 126 009b 04       		.uleb128 0x4
 127 009c FC010000 		.4byte	.LASF19
 128 00a0 09       		.byte	0x9
 129 00a1 04       		.uleb128 0x4
 130 00a2 BD0B0000 		.4byte	.LASF20
 131 00a6 0A       		.byte	0xa
 132 00a7 04       		.uleb128 0x4
 133 00a8 690A0000 		.4byte	.LASF21
 134 00ac 0B       		.byte	0xb
 135 00ad 04       		.uleb128 0x4
 136 00ae 0B100000 		.4byte	.LASF22
 137 00b2 0C       		.byte	0xc
 138 00b3 04       		.uleb128 0x4
 139 00b4 C8050000 		.4byte	.LASF23
 140 00b8 0D       		.byte	0xd
 141 00b9 04       		.uleb128 0x4
 142 00ba 72070000 		.4byte	.LASF24
 143 00be 0E       		.byte	0xe
 144 00bf 04       		.uleb128 0x4
 145 00c0 28040000 		.4byte	.LASF25
 146 00c4 0F       		.byte	0xf
 147 00c5 04       		.uleb128 0x4
 148 00c6 78100000 		.4byte	.LASF26
 149 00ca 10       		.byte	0x10
 150 00cb 04       		.uleb128 0x4
 151 00cc 25030000 		.4byte	.LASF27
 152 00d0 11       		.byte	0x11
 153 00d1 04       		.uleb128 0x4
 154 00d2 87000000 		.4byte	.LASF28
 155 00d6 12       		.byte	0x12
 156 00d7 04       		.uleb128 0x4
 157 00d8 41040000 		.4byte	.LASF29
 158 00dc 13       		.byte	0x13
 159 00dd 04       		.uleb128 0x4
 160 00de 2F060000 		.4byte	.LASF30
 161 00e2 14       		.byte	0x14
 162 00e3 04       		.uleb128 0x4
 163 00e4 C7100000 		.4byte	.LASF31
 164 00e8 15       		.byte	0x15
 165 00e9 04       		.uleb128 0x4
 166 00ea 73000000 		.4byte	.LASF32
 167 00ee 16       		.byte	0x16
 168 00ef 04       		.uleb128 0x4
 169 00f0 2F050000 		.4byte	.LASF33
 170 00f4 17       		.byte	0x17
 171 00f5 04       		.uleb128 0x4
ARM GAS  C:\Users\codyg\AppData\Local\Temp\cckrtWVb.s 			page 4


 172 00f6 CF000000 		.4byte	.LASF34
 173 00fa 18       		.byte	0x18
 174 00fb 04       		.uleb128 0x4
 175 00fc 040F0000 		.4byte	.LASF35
 176 0100 19       		.byte	0x19
 177 0101 04       		.uleb128 0x4
 178 0102 D3060000 		.4byte	.LASF36
 179 0106 1A       		.byte	0x1a
 180 0107 04       		.uleb128 0x4
 181 0108 AA080000 		.4byte	.LASF37
 182 010c 1B       		.byte	0x1b
 183 010d 04       		.uleb128 0x4
 184 010e 870B0000 		.4byte	.LASF38
 185 0112 1C       		.byte	0x1c
 186 0113 04       		.uleb128 0x4
 187 0114 29010000 		.4byte	.LASF39
 188 0118 1D       		.byte	0x1d
 189 0119 04       		.uleb128 0x4
 190 011a 78030000 		.4byte	.LASF40
 191 011e 1E       		.byte	0x1e
 192 011f 04       		.uleb128 0x4
 193 0120 96050000 		.4byte	.LASF41
 194 0124 1F       		.byte	0x1f
 195 0125 04       		.uleb128 0x4
 196 0126 080D0000 		.4byte	.LASF42
 197 012a 20       		.byte	0x20
 198 012b 04       		.uleb128 0x4
 199 012c 550F0000 		.4byte	.LASF43
 200 0130 21       		.byte	0x21
 201 0131 04       		.uleb128 0x4
 202 0132 9A110000 		.4byte	.LASF44
 203 0136 22       		.byte	0x22
 204 0137 04       		.uleb128 0x4
 205 0138 E2100000 		.4byte	.LASF45
 206 013c 23       		.byte	0x23
 207 013d 04       		.uleb128 0x4
 208 013e 45010000 		.4byte	.LASF46
 209 0142 24       		.byte	0x24
 210 0143 04       		.uleb128 0x4
 211 0144 B0030000 		.4byte	.LASF47
 212 0148 25       		.byte	0x25
 213 0149 04       		.uleb128 0x4
 214 014a 31120000 		.4byte	.LASF48
 215 014e 26       		.byte	0x26
 216 014f 04       		.uleb128 0x4
 217 0150 400D0000 		.4byte	.LASF49
 218 0154 27       		.byte	0x27
 219 0155 04       		.uleb128 0x4
 220 0156 8D0F0000 		.4byte	.LASF50
 221 015a 28       		.byte	0x28
 222 015b 04       		.uleb128 0x4
 223 015c FA000000 		.4byte	.LASF51
 224 0160 29       		.byte	0x29
 225 0161 04       		.uleb128 0x4
 226 0162 03050000 		.4byte	.LASF52
 227 0166 2A       		.byte	0x2a
 228 0167 04       		.uleb128 0x4
ARM GAS  C:\Users\codyg\AppData\Local\Temp\cckrtWVb.s 			page 5


 229 0168 48050000 		.4byte	.LASF53
 230 016c 2B       		.byte	0x2b
 231 016d 04       		.uleb128 0x4
 232 016e 1F0E0000 		.4byte	.LASF54
 233 0172 2C       		.byte	0x2c
 234 0173 04       		.uleb128 0x4
 235 0174 13090000 		.4byte	.LASF55
 236 0178 2D       		.byte	0x2d
 237 0179 04       		.uleb128 0x4
 238 017a 44000000 		.4byte	.LASF56
 239 017e 2E       		.byte	0x2e
 240 017f 04       		.uleb128 0x4
 241 0180 830E0000 		.4byte	.LASF57
 242 0184 2F       		.byte	0x2f
 243 0185 04       		.uleb128 0x4
 244 0186 BB040000 		.4byte	.LASF58
 245 018a 30       		.byte	0x30
 246 018b 04       		.uleb128 0x4
 247 018c F10E0000 		.4byte	.LASF59
 248 0190 31       		.byte	0x31
 249 0191 04       		.uleb128 0x4
 250 0192 5C100000 		.4byte	.LASF60
 251 0196 32       		.byte	0x32
 252 0197 04       		.uleb128 0x4
 253 0198 9C000000 		.4byte	.LASF61
 254 019c 33       		.byte	0x33
 255 019d 04       		.uleb128 0x4
 256 019e F2020000 		.4byte	.LASF62
 257 01a2 34       		.byte	0x34
 258 01a3 04       		.uleb128 0x4
 259 01a4 4D0A0000 		.4byte	.LASF63
 260 01a8 35       		.byte	0x35
 261 01a9 04       		.uleb128 0x4
 262 01aa 0C040000 		.4byte	.LASF64
 263 01ae 36       		.byte	0x36
 264 01af 04       		.uleb128 0x4
 265 01b0 C30E0000 		.4byte	.LASF65
 266 01b4 37       		.byte	0x37
 267 01b5 04       		.uleb128 0x4
 268 01b6 7F040000 		.4byte	.LASF66
 269 01ba 38       		.byte	0x38
 270 01bb 04       		.uleb128 0x4
 271 01bc 1B110000 		.4byte	.LASF67
 272 01c0 39       		.byte	0x39
 273 01c1 04       		.uleb128 0x4
 274 01c2 47080000 		.4byte	.LASF68
 275 01c6 3A       		.byte	0x3a
 276 01c7 04       		.uleb128 0x4
 277 01c8 1E0B0000 		.4byte	.LASF69
 278 01cc 3B       		.byte	0x3b
 279 01cd 04       		.uleb128 0x4
 280 01ce 73080000 		.4byte	.LASF70
 281 01d2 3C       		.byte	0x3c
 282 01d3 04       		.uleb128 0x4
 283 01d4 500B0000 		.4byte	.LASF71
 284 01d8 3D       		.byte	0x3d
 285 01d9 04       		.uleb128 0x4
ARM GAS  C:\Users\codyg\AppData\Local\Temp\cckrtWVb.s 			page 6


 286 01da C20D0000 		.4byte	.LASF72
 287 01de 3E       		.byte	0x3e
 288 01df 04       		.uleb128 0x4
 289 01e0 44090000 		.4byte	.LASF73
 290 01e4 3F       		.byte	0x3f
 291 01e5 04       		.uleb128 0x4
 292 01e6 5D050000 		.4byte	.LASF74
 293 01ea 40       		.byte	0x40
 294 01eb 04       		.uleb128 0x4
 295 01ec 23070000 		.4byte	.LASF75
 296 01f0 41       		.byte	0x41
 297 01f1 04       		.uleb128 0x4
 298 01f2 EB0A0000 		.4byte	.LASF76
 299 01f6 42       		.byte	0x42
 300 01f7 04       		.uleb128 0x4
 301 01f8 240D0000 		.4byte	.LASF77
 302 01fc 43       		.byte	0x43
 303 01fd 04       		.uleb128 0x4
 304 01fe 710F0000 		.4byte	.LASF78
 305 0202 44       		.byte	0x44
 306 0203 04       		.uleb128 0x4
 307 0204 460C0000 		.4byte	.LASF79
 308 0208 45       		.byte	0x45
 309 0209 04       		.uleb128 0x4
 310 020a EF060000 		.4byte	.LASF80
 311 020e 46       		.byte	0x46
 312 020f 04       		.uleb128 0x4
 313 0210 C6080000 		.4byte	.LASF81
 314 0214 47       		.byte	0x47
 315 0215 04       		.uleb128 0x4
 316 0216 FF100000 		.4byte	.LASF82
 317 021a 48       		.byte	0x48
 318 021b 04       		.uleb128 0x4
 319 021c 94030000 		.4byte	.LASF83
 320 0220 49       		.byte	0x49
 321 0221 04       		.uleb128 0x4
 322 0222 CD030000 		.4byte	.LASF84
 323 0226 4A       		.byte	0x4a
 324 0227 04       		.uleb128 0x4
 325 0228 D6020000 		.4byte	.LASF85
 326 022c 4B       		.byte	0x4b
 327 022d 04       		.uleb128 0x4
 328 022e AA100000 		.4byte	.LASF86
 329 0232 4C       		.byte	0x4c
 330 0233 04       		.uleb128 0x4
 331 0234 7C0C0000 		.4byte	.LASF87
 332 0238 4D       		.byte	0x4d
 333 0239 04       		.uleb128 0x4
 334 023a 3F100000 		.4byte	.LASF88
 335 023e 4E       		.byte	0x4e
 336 023f 04       		.uleb128 0x4
 337 0240 00060000 		.4byte	.LASF89
 338 0244 4F       		.byte	0x4f
 339 0245 04       		.uleb128 0x4
 340 0246 9C070000 		.4byte	.LASF90
 341 024a 50       		.byte	0x50
 342 024b 04       		.uleb128 0x4
ARM GAS  C:\Users\codyg\AppData\Local\Temp\cckrtWVb.s 			page 7


 343 024c 140A0000 		.4byte	.LASF91
 344 0250 51       		.byte	0x51
 345 0251 04       		.uleb128 0x4
 346 0252 7C060000 		.4byte	.LASF92
 347 0256 52       		.byte	0x52
 348 0257 04       		.uleb128 0x4
 349 0258 09080000 		.4byte	.LASF93
 350 025c 53       		.byte	0x53
 351 025d 04       		.uleb128 0x4
 352 025e 86020000 		.4byte	.LASF94
 353 0262 54       		.byte	0x54
 354 0263 04       		.uleb128 0x4
 355 0264 0B070000 		.4byte	.LASF95
 356 0268 55       		.byte	0x55
 357 0269 04       		.uleb128 0x4
 358 026a 5E110000 		.4byte	.LASF96
 359 026e 56       		.byte	0x56
 360 026f 04       		.uleb128 0x4
 361 0270 DC010000 		.4byte	.LASF97
 362 0274 57       		.byte	0x57
 363 0275 04       		.uleb128 0x4
 364 0276 0B0C0000 		.4byte	.LASF98
 365 027a 58       		.byte	0x58
 366 027b 04       		.uleb128 0x4
 367 027c 9B040000 		.4byte	.LASF99
 368 0280 59       		.byte	0x59
 369 0281 04       		.uleb128 0x4
 370 0282 90100000 		.4byte	.LASF100
 371 0286 5A       		.byte	0x5a
 372 0287 04       		.uleb128 0x4
 373 0288 4B060000 		.4byte	.LASF101
 374 028c 5B       		.byte	0x5b
 375 028d 04       		.uleb128 0x4
 376 028e D4070000 		.4byte	.LASF102
 377 0292 5C       		.byte	0x5c
 378 0293 04       		.uleb128 0x4
 379 0294 9C0A0000 		.4byte	.LASF103
 380 0298 5D       		.byte	0x5d
 381 0299 04       		.uleb128 0x4
 382 029a 59000000 		.4byte	.LASF104
 383 029e 5E       		.byte	0x5e
 384 029f 04       		.uleb128 0x4
 385 02a0 BC020000 		.4byte	.LASF105
 386 02a4 5F       		.byte	0x5f
 387 02a5 04       		.uleb128 0x4
 388 02a6 D0040000 		.4byte	.LASF106
 389 02aa 60       		.byte	0x60
 390 02ab 04       		.uleb128 0x4
 391 02ac 620C0000 		.4byte	.LASF107
 392 02b0 61       		.byte	0x61
 393 02b1 04       		.uleb128 0x4
 394 02b2 3B030000 		.4byte	.LASF108
 395 02b6 62       		.byte	0x62
 396 02b7 04       		.uleb128 0x4
 397 02b8 D10A0000 		.4byte	.LASF109
 398 02bc 63       		.byte	0x63
 399 02bd 04       		.uleb128 0x4
ARM GAS  C:\Users\codyg\AppData\Local\Temp\cckrtWVb.s 			page 8


 400 02be DE0C0000 		.4byte	.LASF110
 401 02c2 64       		.byte	0x64
 402 02c3 04       		.uleb128 0x4
 403 02c4 3B0F0000 		.4byte	.LASF111
 404 02c8 65       		.byte	0x65
 405 02c9 04       		.uleb128 0x4
 406 02ca 44110000 		.4byte	.LASF112
 407 02ce 66       		.byte	0x66
 408 02cf 04       		.uleb128 0x4
 409 02d0 B9060000 		.4byte	.LASF113
 410 02d4 67       		.byte	0x67
 411 02d5 04       		.uleb128 0x4
 412 02d6 90080000 		.4byte	.LASF114
 413 02da 68       		.byte	0x68
 414 02db 04       		.uleb128 0x4
 415 02dc 6D0B0000 		.4byte	.LASF115
 416 02e0 69       		.byte	0x69
 417 02e1 04       		.uleb128 0x4
 418 02e2 0F010000 		.4byte	.LASF116
 419 02e6 6A       		.byte	0x6a
 420 02e7 04       		.uleb128 0x4
 421 02e8 5E030000 		.4byte	.LASF117
 422 02ec 6B       		.byte	0x6b
 423 02ed 04       		.uleb128 0x4
 424 02ee A5010000 		.4byte	.LASF118
 425 02f2 6C       		.byte	0x6c
 426 02f3 04       		.uleb128 0x4
 427 02f4 F1030000 		.4byte	.LASF119
 428 02f8 6D       		.byte	0x6d
 429 02f9 04       		.uleb128 0x4
 430 02fa E5050000 		.4byte	.LASF120
 431 02fe 6E       		.byte	0x6e
 432 02ff 04       		.uleb128 0x4
 433 0300 EE070000 		.4byte	.LASF121
 434 0304 6F       		.byte	0x6f
 435 0305 04       		.uleb128 0x4
 436 0306 C00F0000 		.4byte	.LASF122
 437 030a 70       		.byte	0x70
 438 030b 04       		.uleb128 0x4
 439 030c 0D000000 		.4byte	.LASF123
 440 0310 71       		.byte	0x71
 441 0311 04       		.uleb128 0x4
 442 0312 52020000 		.4byte	.LASF124
 443 0316 72       		.byte	0x72
 444 0317 04       		.uleb128 0x4
 445 0318 F8080000 		.4byte	.LASF125
 446 031c 73       		.byte	0x73
 447 031d 04       		.uleb128 0x4
 448 031e 2B0C0000 		.4byte	.LASF126
 449 0322 74       		.byte	0x74
 450 0323 04       		.uleb128 0x4
 451 0324 680E0000 		.4byte	.LASF127
 452 0328 75       		.byte	0x75
 453 0329 04       		.uleb128 0x4
 454 032a B60A0000 		.4byte	.LASF128
 455 032e 76       		.byte	0x76
 456 032f 04       		.uleb128 0x4
ARM GAS  C:\Users\codyg\AppData\Local\Temp\cckrtWVb.s 			page 9


 457 0330 BA0C0000 		.4byte	.LASF129
 458 0334 77       		.byte	0x77
 459 0335 04       		.uleb128 0x4
 460 0336 200F0000 		.4byte	.LASF130
 461 033a 78       		.byte	0x78
 462 033b 04       		.uleb128 0x4
 463 033c B9070000 		.4byte	.LASF131
 464 0340 79       		.byte	0x79
 465 0341 04       		.uleb128 0x4
 466 0342 62010000 		.4byte	.LASF132
 467 0346 7A       		.byte	0x7a
 468 0347 04       		.uleb128 0x4
 469 0348 E4000000 		.4byte	.LASF133
 470 034c 7B       		.byte	0x7b
 471 034d 04       		.uleb128 0x4
 472 034e B2050000 		.4byte	.LASF134
 473 0352 7C       		.byte	0x7c
 474 0353 04       		.uleb128 0x4
 475 0354 5C070000 		.4byte	.LASF135
 476 0358 7D       		.byte	0x7d
 477 0359 04       		.uleb128 0x4
 478 035a AA0F0000 		.4byte	.LASF136
 479 035e 7E       		.byte	0x7e
 480 035f 04       		.uleb128 0x4
 481 0360 1B120000 		.4byte	.LASF137
 482 0364 7F       		.byte	0x7f
 483 0365 04       		.uleb128 0x4
 484 0366 31020000 		.4byte	.LASF138
 485 036a 80       		.byte	0x80
 486 036b 04       		.uleb128 0x4
 487 036c E2080000 		.4byte	.LASF139
 488 0370 81       		.byte	0x81
 489 0371 04       		.uleb128 0x4
 490 0372 DA0B0000 		.4byte	.LASF140
 491 0376 82       		.byte	0x82
 492 0377 04       		.uleb128 0x4
 493 0378 340E0000 		.4byte	.LASF141
 494 037c 83       		.byte	0x83
 495 037d 04       		.uleb128 0x4
 496 037e 30080000 		.4byte	.LASF142
 497 0382 84       		.byte	0x84
 498 0383 04       		.uleb128 0x4
 499 0384 070B0000 		.4byte	.LASF143
 500 0388 85       		.byte	0x85
 501 0389 04       		.uleb128 0x4
 502 038a B8000000 		.4byte	.LASF144
 503 038e 86       		.byte	0x86
 504 038f 04       		.uleb128 0x4
 505 0390 0E030000 		.4byte	.LASF145
 506 0394 87       		.byte	0x87
 507 0395 04       		.uleb128 0x4
 508 0396 18050000 		.4byte	.LASF146
 509 039a 88       		.byte	0x88
 510 039b 04       		.uleb128 0x4
 511 039c 990C0000 		.4byte	.LASF147
 512 03a0 89       		.byte	0x89
 513 03a1 04       		.uleb128 0x4
ARM GAS  C:\Users\codyg\AppData\Local\Temp\cckrtWVb.s 			page 10


 514 03a2 FB0D0000 		.4byte	.LASF148
 515 03a6 8A       		.byte	0x8a
 516 03a7 04       		.uleb128 0x4
 517 03a8 64040000 		.4byte	.LASF149
 518 03ac 8B       		.byte	0x8b
 519 03ad 04       		.uleb128 0x4
 520 03ae 5D0D0000 		.4byte	.LASF150
 521 03b2 8C       		.byte	0x8c
 522 03b3 04       		.uleb128 0x4
 523 03b4 28100000 		.4byte	.LASF151
 524 03b8 8D       		.byte	0x8d
 525 03b9 04       		.uleb128 0x4
 526 03ba F70F0000 		.4byte	.LASF152
 527 03be 8E       		.byte	0x8e
 528 03bf 04       		.uleb128 0x4
 529 03c0 310A0000 		.4byte	.LASF153
 530 03c4 8F       		.byte	0x8f
 531 03c5 04       		.uleb128 0x4
 532 03c6 65060000 		.4byte	.LASF154
 533 03ca 90       		.byte	0x90
 534 03cb 04       		.uleb128 0x4
 535 03cc 8F010000 		.4byte	.LASF155
 536 03d0 91       		.byte	0x91
 537 03d1 04       		.uleb128 0x4
 538 03d2 18020000 		.4byte	.LASF156
 539 03d6 92       		.byte	0x92
 540 03d7 04       		.uleb128 0x4
 541 03d8 F00B0000 		.4byte	.LASF157
 542 03dc F0       		.byte	0xf0
 543 03dd 00       		.byte	0
 544 03de 05       		.uleb128 0x5
 545 03df 02       		.byte	0x2
 546 03e0 05       		.byte	0x5
 547 03e1 010C0000 		.4byte	.LASF158
 548 03e5 06       		.uleb128 0x6
 549 03e6 B00C0000 		.4byte	.LASF162
 550 03ea 01       		.byte	0x1
 551 03eb F4       		.byte	0xf4
 552 03ec 1D000000 		.4byte	0x1d
 553 03f0 05       		.uleb128 0x5
 554 03f1 01       		.byte	0x1
 555 03f2 06       		.byte	0x6
 556 03f3 B0020000 		.4byte	.LASF159
 557 03f7 05       		.uleb128 0x5
 558 03f8 01       		.byte	0x1
 559 03f9 08       		.byte	0x8
 560 03fa 420B0000 		.4byte	.LASF160
 561 03fe 05       		.uleb128 0x5
 562 03ff 02       		.byte	0x2
 563 0400 07       		.byte	0x7
 564 0401 A6060000 		.4byte	.LASF161
 565 0405 06       		.uleb128 0x6
 566 0406 5E0E0000 		.4byte	.LASF163
 567 040a 02       		.byte	0x2
 568 040b 3F       		.byte	0x3f
 569 040c 10040000 		.4byte	0x410
 570 0410 05       		.uleb128 0x5
ARM GAS  C:\Users\codyg\AppData\Local\Temp\cckrtWVb.s 			page 11


 571 0411 04       		.byte	0x4
 572 0412 05       		.byte	0x5
 573 0413 55030000 		.4byte	.LASF164
 574 0417 06       		.uleb128 0x6
 575 0418 EA040000 		.4byte	.LASF165
 576 041c 02       		.byte	0x2
 577 041d 41       		.byte	0x41
 578 041e 22040000 		.4byte	0x422
 579 0422 05       		.uleb128 0x5
 580 0423 04       		.byte	0x4
 581 0424 07       		.byte	0x7
 582 0425 1D060000 		.4byte	.LASF166
 583 0429 05       		.uleb128 0x5
 584 042a 08       		.byte	0x8
 585 042b 05       		.byte	0x5
 586 042c A2020000 		.4byte	.LASF167
 587 0430 05       		.uleb128 0x5
 588 0431 08       		.byte	0x8
 589 0432 07       		.byte	0x7
 590 0433 78010000 		.4byte	.LASF168
 591 0437 07       		.uleb128 0x7
 592 0438 04       		.byte	0x4
 593 0439 05       		.byte	0x5
 594 043a 696E7400 		.ascii	"int\000"
 595 043e 05       		.uleb128 0x5
 596 043f 04       		.byte	0x4
 597 0440 07       		.byte	0x7
 598 0441 B00B0000 		.4byte	.LASF169
 599 0445 06       		.uleb128 0x6
 600 0446 3A0B0000 		.4byte	.LASF170
 601 044a 03       		.byte	0x3
 602 044b 2C       		.byte	0x2c
 603 044c 05040000 		.4byte	0x405
 604 0450 06       		.uleb128 0x6
 605 0451 D50C0000 		.4byte	.LASF171
 606 0455 03       		.byte	0x3
 607 0456 30       		.byte	0x30
 608 0457 17040000 		.4byte	0x417
 609 045b 05       		.uleb128 0x5
 610 045c 04       		.byte	0x4
 611 045d 07       		.byte	0x7
 612 045e 27080000 		.4byte	.LASF172
 613 0462 05       		.uleb128 0x5
 614 0463 08       		.byte	0x8
 615 0464 04       		.byte	0x4
 616 0465 780D0000 		.4byte	.LASF173
 617 0469 05       		.uleb128 0x5
 618 046a 01       		.byte	0x1
 619 046b 08       		.byte	0x8
 620 046c 900D0000 		.4byte	.LASF174
 621 0470 05       		.uleb128 0x5
 622 0471 04       		.byte	0x4
 623 0472 04       		.byte	0x4
 624 0473 470A0000 		.4byte	.LASF175
 625 0477 05       		.uleb128 0x5
 626 0478 08       		.byte	0x8
 627 0479 04       		.byte	0x4
ARM GAS  C:\Users\codyg\AppData\Local\Temp\cckrtWVb.s 			page 12


 628 047a 5D040000 		.4byte	.LASF176
 629 047e 08       		.uleb128 0x8
 630 047f 08       		.byte	0x8
 631 0480 04       		.byte	0x4
 632 0481 EB       		.byte	0xeb
 633 0482 9F040000 		.4byte	0x49f
 634 0486 09       		.uleb128 0x9
 635 0487 E9030000 		.4byte	.LASF177
 636 048b 04       		.byte	0x4
 637 048c EC       		.byte	0xec
 638 048d E5030000 		.4byte	0x3e5
 639 0491 00       		.byte	0
 640 0492 09       		.uleb128 0x9
 641 0493 37110000 		.4byte	.LASF178
 642 0497 04       		.byte	0x4
 643 0498 F0       		.byte	0xf0
 644 0499 50040000 		.4byte	0x450
 645 049d 04       		.byte	0x4
 646 049e 00       		.byte	0
 647 049f 06       		.uleb128 0x6
 648 04a0 63080000 		.4byte	.LASF179
 649 04a4 04       		.byte	0x4
 650 04a5 F1       		.byte	0xf1
 651 04a6 7E040000 		.4byte	0x47e
 652 04aa 0A       		.uleb128 0xa
 653 04ab A30B0000 		.4byte	.LASF180
 654 04af 05       		.byte	0x5
 655 04b0 EA07     		.2byte	0x7ea
 656 04b2 B6040000 		.4byte	0x4b6
 657 04b6 0B       		.uleb128 0xb
 658 04b7 45040000 		.4byte	0x445
 659 04bb 0C       		.uleb128 0xc
 660 04bc 00000000 		.4byte	.LASF181
 661 04c0 06       		.byte	0x6
 662 04c1 18       		.byte	0x18
 663 04c2 CC040000 		.4byte	0x4cc
 664 04c6 05       		.uleb128 0x5
 665 04c7 03       		.byte	0x3
 666 04c8 00000000 		.4byte	isr_gpio_cfg
 667 04cc 0D       		.uleb128 0xd
 668 04cd 9F040000 		.4byte	0x49f
 669 04d1 0C       		.uleb128 0xc
 670 04d2 6D020000 		.4byte	.LASF182
 671 04d6 06       		.byte	0x6
 672 04d7 1E       		.byte	0x1e
 673 04d8 CC040000 		.4byte	0x4cc
 674 04dc 05       		.uleb128 0x5
 675 04dd 03       		.byte	0x3
 676 04de 00000000 		.4byte	CY_EINK_SPIM_SCB_IRQ_cfg
 677 04e2 0C       		.uleb128 0xc
 678 04e3 840D0000 		.4byte	.LASF183
 679 04e7 06       		.byte	0x6
 680 04e8 24       		.byte	0x24
 681 04e9 CC040000 		.4byte	0x4cc
 682 04ed 05       		.uleb128 0x5
 683 04ee 03       		.byte	0x3
 684 04ef 00000000 		.4byte	ADC_IRQ_cfg
ARM GAS  C:\Users\codyg\AppData\Local\Temp\cckrtWVb.s 			page 13


 685 04f3 00       		.byte	0
 686              		.section	.debug_abbrev,"",%progbits
 687              	.Ldebug_abbrev0:
 688 0000 01       		.uleb128 0x1
 689 0001 11       		.uleb128 0x11
 690 0002 01       		.byte	0x1
 691 0003 25       		.uleb128 0x25
 692 0004 0E       		.uleb128 0xe
 693 0005 13       		.uleb128 0x13
 694 0006 0B       		.uleb128 0xb
 695 0007 03       		.uleb128 0x3
 696 0008 0E       		.uleb128 0xe
 697 0009 1B       		.uleb128 0x1b
 698 000a 0E       		.uleb128 0xe
 699 000b 10       		.uleb128 0x10
 700 000c 17       		.uleb128 0x17
 701 000d 00       		.byte	0
 702 000e 00       		.byte	0
 703 000f 02       		.uleb128 0x2
 704 0010 04       		.uleb128 0x4
 705 0011 01       		.byte	0x1
 706 0012 0B       		.uleb128 0xb
 707 0013 0B       		.uleb128 0xb
 708 0014 49       		.uleb128 0x49
 709 0015 13       		.uleb128 0x13
 710 0016 3A       		.uleb128 0x3a
 711 0017 0B       		.uleb128 0xb
 712 0018 3B       		.uleb128 0x3b
 713 0019 0B       		.uleb128 0xb
 714 001a 01       		.uleb128 0x1
 715 001b 13       		.uleb128 0x13
 716 001c 00       		.byte	0
 717 001d 00       		.byte	0
 718 001e 03       		.uleb128 0x3
 719 001f 28       		.uleb128 0x28
 720 0020 00       		.byte	0
 721 0021 03       		.uleb128 0x3
 722 0022 0E       		.uleb128 0xe
 723 0023 1C       		.uleb128 0x1c
 724 0024 0D       		.uleb128 0xd
 725 0025 00       		.byte	0
 726 0026 00       		.byte	0
 727 0027 04       		.uleb128 0x4
 728 0028 28       		.uleb128 0x28
 729 0029 00       		.byte	0
 730 002a 03       		.uleb128 0x3
 731 002b 0E       		.uleb128 0xe
 732 002c 1C       		.uleb128 0x1c
 733 002d 0B       		.uleb128 0xb
 734 002e 00       		.byte	0
 735 002f 00       		.byte	0
 736 0030 05       		.uleb128 0x5
 737 0031 24       		.uleb128 0x24
 738 0032 00       		.byte	0
 739 0033 0B       		.uleb128 0xb
 740 0034 0B       		.uleb128 0xb
 741 0035 3E       		.uleb128 0x3e
ARM GAS  C:\Users\codyg\AppData\Local\Temp\cckrtWVb.s 			page 14


 742 0036 0B       		.uleb128 0xb
 743 0037 03       		.uleb128 0x3
 744 0038 0E       		.uleb128 0xe
 745 0039 00       		.byte	0
 746 003a 00       		.byte	0
 747 003b 06       		.uleb128 0x6
 748 003c 16       		.uleb128 0x16
 749 003d 00       		.byte	0
 750 003e 03       		.uleb128 0x3
 751 003f 0E       		.uleb128 0xe
 752 0040 3A       		.uleb128 0x3a
 753 0041 0B       		.uleb128 0xb
 754 0042 3B       		.uleb128 0x3b
 755 0043 0B       		.uleb128 0xb
 756 0044 49       		.uleb128 0x49
 757 0045 13       		.uleb128 0x13
 758 0046 00       		.byte	0
 759 0047 00       		.byte	0
 760 0048 07       		.uleb128 0x7
 761 0049 24       		.uleb128 0x24
 762 004a 00       		.byte	0
 763 004b 0B       		.uleb128 0xb
 764 004c 0B       		.uleb128 0xb
 765 004d 3E       		.uleb128 0x3e
 766 004e 0B       		.uleb128 0xb
 767 004f 03       		.uleb128 0x3
 768 0050 08       		.uleb128 0x8
 769 0051 00       		.byte	0
 770 0052 00       		.byte	0
 771 0053 08       		.uleb128 0x8
 772 0054 13       		.uleb128 0x13
 773 0055 01       		.byte	0x1
 774 0056 0B       		.uleb128 0xb
 775 0057 0B       		.uleb128 0xb
 776 0058 3A       		.uleb128 0x3a
 777 0059 0B       		.uleb128 0xb
 778 005a 3B       		.uleb128 0x3b
 779 005b 0B       		.uleb128 0xb
 780 005c 01       		.uleb128 0x1
 781 005d 13       		.uleb128 0x13
 782 005e 00       		.byte	0
 783 005f 00       		.byte	0
 784 0060 09       		.uleb128 0x9
 785 0061 0D       		.uleb128 0xd
 786 0062 00       		.byte	0
 787 0063 03       		.uleb128 0x3
 788 0064 0E       		.uleb128 0xe
 789 0065 3A       		.uleb128 0x3a
 790 0066 0B       		.uleb128 0xb
 791 0067 3B       		.uleb128 0x3b
 792 0068 0B       		.uleb128 0xb
 793 0069 49       		.uleb128 0x49
 794 006a 13       		.uleb128 0x13
 795 006b 38       		.uleb128 0x38
 796 006c 0B       		.uleb128 0xb
 797 006d 00       		.byte	0
 798 006e 00       		.byte	0
ARM GAS  C:\Users\codyg\AppData\Local\Temp\cckrtWVb.s 			page 15


 799 006f 0A       		.uleb128 0xa
 800 0070 34       		.uleb128 0x34
 801 0071 00       		.byte	0
 802 0072 03       		.uleb128 0x3
 803 0073 0E       		.uleb128 0xe
 804 0074 3A       		.uleb128 0x3a
 805 0075 0B       		.uleb128 0xb
 806 0076 3B       		.uleb128 0x3b
 807 0077 05       		.uleb128 0x5
 808 0078 49       		.uleb128 0x49
 809 0079 13       		.uleb128 0x13
 810 007a 3F       		.uleb128 0x3f
 811 007b 19       		.uleb128 0x19
 812 007c 3C       		.uleb128 0x3c
 813 007d 19       		.uleb128 0x19
 814 007e 00       		.byte	0
 815 007f 00       		.byte	0
 816 0080 0B       		.uleb128 0xb
 817 0081 35       		.uleb128 0x35
 818 0082 00       		.byte	0
 819 0083 49       		.uleb128 0x49
 820 0084 13       		.uleb128 0x13
 821 0085 00       		.byte	0
 822 0086 00       		.byte	0
 823 0087 0C       		.uleb128 0xc
 824 0088 34       		.uleb128 0x34
 825 0089 00       		.byte	0
 826 008a 03       		.uleb128 0x3
 827 008b 0E       		.uleb128 0xe
 828 008c 3A       		.uleb128 0x3a
 829 008d 0B       		.uleb128 0xb
 830 008e 3B       		.uleb128 0x3b
 831 008f 0B       		.uleb128 0xb
 832 0090 49       		.uleb128 0x49
 833 0091 13       		.uleb128 0x13
 834 0092 3F       		.uleb128 0x3f
 835 0093 19       		.uleb128 0x19
 836 0094 02       		.uleb128 0x2
 837 0095 18       		.uleb128 0x18
 838 0096 00       		.byte	0
 839 0097 00       		.byte	0
 840 0098 0D       		.uleb128 0xd
 841 0099 26       		.uleb128 0x26
 842 009a 00       		.byte	0
 843 009b 49       		.uleb128 0x49
 844 009c 13       		.uleb128 0x13
 845 009d 00       		.byte	0
 846 009e 00       		.byte	0
 847 009f 00       		.byte	0
 848              		.section	.debug_aranges,"",%progbits
 849 0000 14000000 		.4byte	0x14
 850 0004 0200     		.2byte	0x2
 851 0006 00000000 		.4byte	.Ldebug_info0
 852 000a 04       		.byte	0x4
 853 000b 00       		.byte	0
 854 000c 0000     		.2byte	0
 855 000e 0000     		.2byte	0
ARM GAS  C:\Users\codyg\AppData\Local\Temp\cckrtWVb.s 			page 16


 856 0010 00000000 		.4byte	0
 857 0014 00000000 		.4byte	0
 858              		.section	.debug_line,"",%progbits
 859              	.Ldebug_line0:
 860 0000 10020000 		.section	.debug_str,"MS",%progbits,1
 860      02000A02 
 860      00000201 
 860      FB0E0D00 
 860      01010101 
 861              	.LASF181:
 862 0000 6973725F 		.ascii	"isr_gpio_cfg\000"
 862      6770696F 
 862      5F636667 
 862      00
 863              	.LASF123:
 864 000d 74637077 		.ascii	"tcpwm_1_interrupts_15_IRQn\000"
 864      6D5F315F 
 864      696E7465 
 864      72727570 
 864      74735F31 
 865              	.LASF12:
 866 0028 696F7373 		.ascii	"ioss_interrupts_gpio_2_IRQn\000"
 866      5F696E74 
 866      65727275 
 866      7074735F 
 866      6770696F 
 867              	.LASF56:
 868 0044 7363625F 		.ascii	"scb_5_interrupt_IRQn\000"
 868      355F696E 
 868      74657272 
 868      7570745F 
 868      4952516E 
 869              	.LASF104:
 870 0059 74637077 		.ascii	"tcpwm_0_interrupts_4_IRQn\000"
 870      6D5F305F 
 870      696E7465 
 870      72727570 
 870      74735F34 
 871              	.LASF32:
 872 0073 73727373 		.ascii	"srss_interrupt_IRQn\000"
 872      5F696E74 
 872      65727275 
 872      70745F49 
 872      52516E00 
 873              	.LASF28:
 874 0087 7363625F 		.ascii	"scb_8_interrupt_IRQn\000"
 874      385F696E 
 874      74657272 
 874      7570745F 
 874      4952516E 
 875              	.LASF61:
 876 009c 63707573 		.ascii	"cpuss_interrupts_dw0_1_IRQn\000"
 876      735F696E 
 876      74657272 
 876      75707473 
 876      5F647730 
 877              	.LASF144:
ARM GAS  C:\Users\codyg\AppData\Local\Temp\cckrtWVb.s 			page 17


 878 00b8 7564625F 		.ascii	"udb_interrupts_12_IRQn\000"
 878      696E7465 
 878      72727570 
 878      74735F31 
 878      325F4952 
 879              	.LASF34:
 880 00cf 626C6573 		.ascii	"bless_interrupt_IRQn\000"
 880      735F696E 
 880      74657272 
 880      7570745F 
 880      4952516E 
 881              	.LASF133:
 882 00e4 7564625F 		.ascii	"udb_interrupts_1_IRQn\000"
 882      696E7465 
 882      72727570 
 882      74735F31 
 882      5F495251 
 883              	.LASF51:
 884 00fa 7363625F 		.ascii	"scb_0_interrupt_IRQn\000"
 884      305F696E 
 884      74657272 
 884      7570745F 
 884      4952516E 
 885              	.LASF116:
 886 010f 74637077 		.ascii	"tcpwm_1_interrupts_8_IRQn\000"
 886      6D5F315F 
 886      696E7465 
 886      72727570 
 886      74735F38 
 887              	.LASF39:
 888 0129 63707573 		.ascii	"cpuss_interrupts_ipc_4_IRQn\000"
 888      735F696E 
 888      74657272 
 888      75707473 
 888      5F697063 
 889              	.LASF46:
 890 0145 63707573 		.ascii	"cpuss_interrupts_ipc_11_IRQn\000"
 890      735F696E 
 890      74657272 
 890      75707473 
 890      5F697063 
 891              	.LASF132:
 892 0162 7564625F 		.ascii	"udb_interrupts_0_IRQn\000"
 892      696E7465 
 892      72727570 
 892      74735F30 
 892      5F495251 
 893              	.LASF168:
 894 0178 6C6F6E67 		.ascii	"long long unsigned int\000"
 894      206C6F6E 
 894      6720756E 
 894      7369676E 
 894      65642069 
 895              	.LASF155:
 896 018f 7573625F 		.ascii	"usb_interrupt_lo_IRQn\000"
 896      696E7465 
 896      72727570 
ARM GAS  C:\Users\codyg\AppData\Local\Temp\cckrtWVb.s 			page 18


 896      745F6C6F 
 896      5F495251 
 897              	.LASF118:
 898 01a5 74637077 		.ascii	"tcpwm_1_interrupts_10_IRQn\000"
 898      6D5F315F 
 898      696E7465 
 898      72727570 
 898      74735F31 
 899              	.LASF10:
 900 01c0 696F7373 		.ascii	"ioss_interrupts_gpio_0_IRQn\000"
 900      5F696E74 
 900      65727275 
 900      7074735F 
 900      6770696F 
 901              	.LASF97:
 902 01dc 63707573 		.ascii	"cpuss_interrupts_cm0_cti_1_IRQn\000"
 902      735F696E 
 902      74657272 
 902      75707473 
 902      5F636D30 
 903              	.LASF19:
 904 01fc 696F7373 		.ascii	"ioss_interrupts_gpio_9_IRQn\000"
 904      5F696E74 
 904      65727275 
 904      7074735F 
 904      6770696F 
 905              	.LASF156:
 906 0218 70617373 		.ascii	"pass_interrupt_dacs_IRQn\000"
 906      5F696E74 
 906      65727275 
 906      70745F64 
 906      6163735F 
 907              	.LASF138:
 908 0231 7564625F 		.ascii	"udb_interrupts_6_IRQn\000"
 908      696E7465 
 908      72727570 
 908      74735F36 
 908      5F495251 
 909              	.LASF0:
 910 0247 52657365 		.ascii	"Reset_IRQn\000"
 910      745F4952 
 910      516E00
 911              	.LASF124:
 912 0252 74637077 		.ascii	"tcpwm_1_interrupts_16_IRQn\000"
 912      6D5F315F 
 912      696E7465 
 912      72727570 
 912      74735F31 
 913              	.LASF182:
 914 026d 43595F45 		.ascii	"CY_EINK_SPIM_SCB_IRQ_cfg\000"
 914      494E4B5F 
 914      5350494D 
 914      5F534342 
 914      5F495251 
 915              	.LASF94:
 916 0286 63707573 		.ascii	"cpuss_interrupt_crypto_IRQn\000"
 916      735F696E 
ARM GAS  C:\Users\codyg\AppData\Local\Temp\cckrtWVb.s 			page 19


 916      74657272 
 916      7570745F 
 916      63727970 
 917              	.LASF167:
 918 02a2 6C6F6E67 		.ascii	"long long int\000"
 918      206C6F6E 
 918      6720696E 
 918      7400
 919              	.LASF159:
 920 02b0 7369676E 		.ascii	"signed char\000"
 920      65642063 
 920      68617200 
 921              	.LASF105:
 922 02bc 74637077 		.ascii	"tcpwm_0_interrupts_5_IRQn\000"
 922      6D5F305F 
 922      696E7465 
 922      72727570 
 922      74735F35 
 923              	.LASF85:
 924 02d6 63707573 		.ascii	"cpuss_interrupts_dw1_9_IRQn\000"
 924      735F696E 
 924      74657272 
 924      75707473 
 924      5F647731 
 925              	.LASF62:
 926 02f2 63707573 		.ascii	"cpuss_interrupts_dw0_2_IRQn\000"
 926      735F696E 
 926      74657272 
 926      75707473 
 926      5F647730 
 927              	.LASF145:
 928 030e 7564625F 		.ascii	"udb_interrupts_13_IRQn\000"
 928      696E7465 
 928      72727570 
 928      74735F31 
 928      335F4952 
 929              	.LASF27:
 930 0325 6C70636F 		.ascii	"lpcomp_interrupt_IRQn\000"
 930      6D705F69 
 930      6E746572 
 930      72757074 
 930      5F495251 
 931              	.LASF108:
 932 033b 74637077 		.ascii	"tcpwm_1_interrupts_0_IRQn\000"
 932      6D5F315F 
 932      696E7465 
 932      72727570 
 932      74735F30 
 933              	.LASF164:
 934 0355 6C6F6E67 		.ascii	"long int\000"
 934      20696E74 
 934      00
 935              	.LASF117:
 936 035e 74637077 		.ascii	"tcpwm_1_interrupts_9_IRQn\000"
 936      6D5F315F 
 936      696E7465 
 936      72727570 
ARM GAS  C:\Users\codyg\AppData\Local\Temp\cckrtWVb.s 			page 20


 936      74735F39 
 937              	.LASF40:
 938 0378 63707573 		.ascii	"cpuss_interrupts_ipc_5_IRQn\000"
 938      735F696E 
 938      74657272 
 938      75707473 
 938      5F697063 
 939              	.LASF83:
 940 0394 63707573 		.ascii	"cpuss_interrupts_dw1_7_IRQn\000"
 940      735F696E 
 940      74657272 
 940      75707473 
 940      5F647731 
 941              	.LASF47:
 942 03b0 63707573 		.ascii	"cpuss_interrupts_ipc_12_IRQn\000"
 942      735F696E 
 942      74657272 
 942      75707473 
 942      5F697063 
 943              	.LASF84:
 944 03cd 63707573 		.ascii	"cpuss_interrupts_dw1_8_IRQn\000"
 944      735F696E 
 944      74657272 
 944      75707473 
 944      5F647731 
 945              	.LASF177:
 946 03e9 696E7472 		.ascii	"intrSrc\000"
 946      53726300 
 947              	.LASF119:
 948 03f1 74637077 		.ascii	"tcpwm_1_interrupts_11_IRQn\000"
 948      6D5F315F 
 948      696E7465 
 948      72727570 
 948      74735F31 
 949              	.LASF64:
 950 040c 63707573 		.ascii	"cpuss_interrupts_dw0_4_IRQn\000"
 950      735F696E 
 950      74657272 
 950      75707473 
 950      5F647730 
 951              	.LASF25:
 952 0428 696F7373 		.ascii	"ioss_interrupt_gpio_IRQn\000"
 952      5F696E74 
 952      65727275 
 952      70745F67 
 952      70696F5F 
 953              	.LASF29:
 954 0441 73727373 		.ascii	"srss_interrupt_mcwdt_0_IRQn\000"
 954      5F696E74 
 954      65727275 
 954      70745F6D 
 954      63776474 
 955              	.LASF176:
 956 045d 646F7562 		.ascii	"double\000"
 956      6C6500
 957              	.LASF149:
 958 0464 61756469 		.ascii	"audioss_interrupt_i2s_IRQn\000"
ARM GAS  C:\Users\codyg\AppData\Local\Temp\cckrtWVb.s 			page 21


 958      6F73735F 
 958      696E7465 
 958      72727570 
 958      745F6932 
 959              	.LASF66:
 960 047f 63707573 		.ascii	"cpuss_interrupts_dw0_6_IRQn\000"
 960      735F696E 
 960      74657272 
 960      75707473 
 960      5F647730 
 961              	.LASF99:
 962 049b 63707573 		.ascii	"cpuss_interrupts_cm4_cti_1_IRQn\000"
 962      735F696E 
 962      74657272 
 962      75707473 
 962      5F636D34 
 963              	.LASF58:
 964 04bb 7363625F 		.ascii	"scb_7_interrupt_IRQn\000"
 964      375F696E 
 964      74657272 
 964      7570745F 
 964      4952516E 
 965              	.LASF106:
 966 04d0 74637077 		.ascii	"tcpwm_0_interrupts_6_IRQn\000"
 966      6D5F305F 
 966      696E7465 
 966      72727570 
 966      74735F36 
 967              	.LASF165:
 968 04ea 5F5F7569 		.ascii	"__uint32_t\000"
 968      6E743332 
 968      5F7400
 969              	.LASF4:
 970 04f5 42757346 		.ascii	"BusFault_IRQn\000"
 970      61756C74 
 970      5F495251 
 970      6E00
 971              	.LASF52:
 972 0503 7363625F 		.ascii	"scb_1_interrupt_IRQn\000"
 972      315F696E 
 972      74657272 
 972      7570745F 
 972      4952516E 
 973              	.LASF146:
 974 0518 7564625F 		.ascii	"udb_interrupts_14_IRQn\000"
 974      696E7465 
 974      72727570 
 974      74735F31 
 974      345F4952 
 975              	.LASF33:
 976 052f 70617373 		.ascii	"pass_interrupt_ctbs_IRQn\000"
 976      5F696E74 
 976      65727275 
 976      70745F63 
 976      7462735F 
 977              	.LASF53:
 978 0548 7363625F 		.ascii	"scb_2_interrupt_IRQn\000"
ARM GAS  C:\Users\codyg\AppData\Local\Temp\cckrtWVb.s 			page 22


 978      325F696E 
 978      74657272 
 978      7570745F 
 978      4952516E 
 979              	.LASF74:
 980 055d 63707573 		.ascii	"cpuss_interrupts_dw0_14_IRQn\000"
 980      735F696E 
 980      74657272 
 980      75707473 
 980      5F647730 
 981              	.LASF15:
 982 057a 696F7373 		.ascii	"ioss_interrupts_gpio_5_IRQn\000"
 982      5F696E74 
 982      65727275 
 982      7074735F 
 982      6770696F 
 983              	.LASF41:
 984 0596 63707573 		.ascii	"cpuss_interrupts_ipc_6_IRQn\000"
 984      735F696E 
 984      74657272 
 984      75707473 
 984      5F697063 
 985              	.LASF134:
 986 05b2 7564625F 		.ascii	"udb_interrupts_2_IRQn\000"
 986      696E7465 
 986      72727570 
 986      74735F32 
 986      5F495251 
 987              	.LASF23:
 988 05c8 696F7373 		.ascii	"ioss_interrupts_gpio_13_IRQn\000"
 988      5F696E74 
 988      65727275 
 988      7074735F 
 988      6770696F 
 989              	.LASF120:
 990 05e5 74637077 		.ascii	"tcpwm_1_interrupts_12_IRQn\000"
 990      6D5F315F 
 990      696E7465 
 990      72727570 
 990      74735F31 
 991              	.LASF89:
 992 0600 63707573 		.ascii	"cpuss_interrupts_dw1_13_IRQn\000"
 992      735F696E 
 992      74657272 
 992      75707473 
 992      5F647731 
 993              	.LASF166:
 994 061d 6C6F6E67 		.ascii	"long unsigned int\000"
 994      20756E73 
 994      69676E65 
 994      6420696E 
 994      7400
 995              	.LASF30:
 996 062f 73727373 		.ascii	"srss_interrupt_mcwdt_1_IRQn\000"
 996      5F696E74 
 996      65727275 
 996      70745F6D 
ARM GAS  C:\Users\codyg\AppData\Local\Temp\cckrtWVb.s 			page 23


 996      63776474 
 997              	.LASF101:
 998 064b 74637077 		.ascii	"tcpwm_0_interrupts_1_IRQn\000"
 998      6D5F305F 
 998      696E7465 
 998      72727570 
 998      74735F31 
 999              	.LASF154:
 1000 0665 7573625F 		.ascii	"usb_interrupt_med_IRQn\000"
 1000      696E7465 
 1000      72727570 
 1000      745F6D65 
 1000      645F4952 
 1001              	.LASF92:
 1002 067c 63707573 		.ascii	"cpuss_interrupts_fault_0_IRQn\000"
 1002      735F696E 
 1002      74657272 
 1002      75707473 
 1002      5F666175 
 1003              	.LASF6:
 1004 069a 53564361 		.ascii	"SVCall_IRQn\000"
 1004      6C6C5F49 
 1004      52516E00 
 1005              	.LASF161:
 1006 06a6 73686F72 		.ascii	"short unsigned int\000"
 1006      7420756E 
 1006      7369676E 
 1006      65642069 
 1006      6E7400
 1007              	.LASF113:
 1008 06b9 74637077 		.ascii	"tcpwm_1_interrupts_5_IRQn\000"
 1008      6D5F315F 
 1008      696E7465 
 1008      72727570 
 1008      74735F35 
 1009              	.LASF36:
 1010 06d3 63707573 		.ascii	"cpuss_interrupts_ipc_1_IRQn\000"
 1010      735F696E 
 1010      74657272 
 1010      75707473 
 1010      5F697063 
 1011              	.LASF80:
 1012 06ef 63707573 		.ascii	"cpuss_interrupts_dw1_4_IRQn\000"
 1012      735F696E 
 1012      74657272 
 1012      75707473 
 1012      5F647731 
 1013              	.LASF95:
 1014 070b 63707573 		.ascii	"cpuss_interrupt_fm_IRQn\000"
 1014      735F696E 
 1014      74657272 
 1014      7570745F 
 1014      666D5F49 
 1015              	.LASF75:
 1016 0723 63707573 		.ascii	"cpuss_interrupts_dw0_15_IRQn\000"
 1016      735F696E 
 1016      74657272 
ARM GAS  C:\Users\codyg\AppData\Local\Temp\cckrtWVb.s 			page 24


 1016      75707473 
 1016      5F647730 
 1017              	.LASF16:
 1018 0740 696F7373 		.ascii	"ioss_interrupts_gpio_6_IRQn\000"
 1018      5F696E74 
 1018      65727275 
 1018      7074735F 
 1018      6770696F 
 1019              	.LASF135:
 1020 075c 7564625F 		.ascii	"udb_interrupts_3_IRQn\000"
 1020      696E7465 
 1020      72727570 
 1020      74735F33 
 1020      5F495251 
 1021              	.LASF24:
 1022 0772 696F7373 		.ascii	"ioss_interrupts_gpio_14_IRQn\000"
 1022      5F696E74 
 1022      65727275 
 1022      7074735F 
 1022      6770696F 
 1023              	.LASF9:
 1024 078f 53797354 		.ascii	"SysTick_IRQn\000"
 1024      69636B5F 
 1024      4952516E 
 1024      00
 1025              	.LASF90:
 1026 079c 63707573 		.ascii	"cpuss_interrupts_dw1_14_IRQn\000"
 1026      735F696E 
 1026      74657272 
 1026      75707473 
 1026      5F647731 
 1027              	.LASF131:
 1028 07b9 74637077 		.ascii	"tcpwm_1_interrupts_23_IRQn\000"
 1028      6D5F315F 
 1028      696E7465 
 1028      72727570 
 1028      74735F32 
 1029              	.LASF102:
 1030 07d4 74637077 		.ascii	"tcpwm_0_interrupts_2_IRQn\000"
 1030      6D5F305F 
 1030      696E7465 
 1030      72727570 
 1030      74735F32 
 1031              	.LASF121:
 1032 07ee 74637077 		.ascii	"tcpwm_1_interrupts_13_IRQn\000"
 1032      6D5F315F 
 1032      696E7465 
 1032      72727570 
 1032      74735F31 
 1033              	.LASF93:
 1034 0809 63707573 		.ascii	"cpuss_interrupts_fault_1_IRQn\000"
 1034      735F696E 
 1034      74657272 
 1034      75707473 
 1034      5F666175 
 1035              	.LASF172:
 1036 0827 73697A65 		.ascii	"sizetype\000"
ARM GAS  C:\Users\codyg\AppData\Local\Temp\cckrtWVb.s 			page 25


 1036      74797065 
 1036      00
 1037              	.LASF142:
 1038 0830 7564625F 		.ascii	"udb_interrupts_10_IRQn\000"
 1038      696E7465 
 1038      72727570 
 1038      74735F31 
 1038      305F4952 
 1039              	.LASF68:
 1040 0847 63707573 		.ascii	"cpuss_interrupts_dw0_8_IRQn\000"
 1040      735F696E 
 1040      74657272 
 1040      75707473 
 1040      5F647730 
 1041              	.LASF179:
 1042 0863 63795F73 		.ascii	"cy_stc_sysint_t\000"
 1042      74635F73 
 1042      7973696E 
 1042      745F7400 
 1043              	.LASF70:
 1044 0873 63707573 		.ascii	"cpuss_interrupts_dw0_10_IRQn\000"
 1044      735F696E 
 1044      74657272 
 1044      75707473 
 1044      5F647730 
 1045              	.LASF114:
 1046 0890 74637077 		.ascii	"tcpwm_1_interrupts_6_IRQn\000"
 1046      6D5F315F 
 1046      696E7465 
 1046      72727570 
 1046      74735F36 
 1047              	.LASF37:
 1048 08aa 63707573 		.ascii	"cpuss_interrupts_ipc_2_IRQn\000"
 1048      735F696E 
 1048      74657272 
 1048      75707473 
 1048      5F697063 
 1049              	.LASF81:
 1050 08c6 63707573 		.ascii	"cpuss_interrupts_dw1_5_IRQn\000"
 1050      735F696E 
 1050      74657272 
 1050      75707473 
 1050      5F647731 
 1051              	.LASF139:
 1052 08e2 7564625F 		.ascii	"udb_interrupts_7_IRQn\000"
 1052      696E7465 
 1052      72727570 
 1052      74735F37 
 1052      5F495251 
 1053              	.LASF125:
 1054 08f8 74637077 		.ascii	"tcpwm_1_interrupts_17_IRQn\000"
 1054      6D5F315F 
 1054      696E7465 
 1054      72727570 
 1054      74735F31 
 1055              	.LASF55:
 1056 0913 7363625F 		.ascii	"scb_4_interrupt_IRQn\000"
ARM GAS  C:\Users\codyg\AppData\Local\Temp\cckrtWVb.s 			page 26


 1056      345F696E 
 1056      74657272 
 1056      7570745F 
 1056      4952516E 
 1057              	.LASF17:
 1058 0928 696F7373 		.ascii	"ioss_interrupts_gpio_7_IRQn\000"
 1058      5F696E74 
 1058      65727275 
 1058      7074735F 
 1058      6770696F 
 1059              	.LASF73:
 1060 0944 63707573 		.ascii	"cpuss_interrupts_dw0_13_IRQn\000"
 1060      735F696E 
 1060      74657272 
 1060      75707473 
 1060      5F647730 
 1061              	.LASF184:
 1062 0961 474E5520 		.ascii	"GNU C11 5.4.1 20160609 (release) [ARM/embedded-5-br"
 1062      43313120 
 1062      352E342E 
 1062      31203230 
 1062      31363036 
 1063 0994 616E6368 		.ascii	"anch revision 237715] -mcpu=cortex-m4 -mfloat-abi=s"
 1063      20726576 
 1063      6973696F 
 1063      6E203233 
 1063      37373135 
 1064 09c7 6F667466 		.ascii	"oftfp -mfpu=fpv4-sp-d16 -mthumb -g -Og -ffunction-s"
 1064      70202D6D 
 1064      6670753D 
 1064      66707634 
 1064      2D73702D 
 1065 09fa 65637469 		.ascii	"ections -ffat-lto-objects\000"
 1065      6F6E7320 
 1065      2D666661 
 1065      742D6C74 
 1065      6F2D6F62 
 1066              	.LASF91:
 1067 0a14 63707573 		.ascii	"cpuss_interrupts_dw1_15_IRQn\000"
 1067      735F696E 
 1067      74657272 
 1067      75707473 
 1067      5F647731 
 1068              	.LASF153:
 1069 0a31 7573625F 		.ascii	"usb_interrupt_hi_IRQn\000"
 1069      696E7465 
 1069      72727570 
 1069      745F6869 
 1069      5F495251 
 1070              	.LASF175:
 1071 0a47 666C6F61 		.ascii	"float\000"
 1071      7400
 1072              	.LASF63:
 1073 0a4d 63707573 		.ascii	"cpuss_interrupts_dw0_3_IRQn\000"
 1073      735F696E 
 1073      74657272 
 1073      75707473 
ARM GAS  C:\Users\codyg\AppData\Local\Temp\cckrtWVb.s 			page 27


 1073      5F647730 
 1074              	.LASF21:
 1075 0a69 696F7373 		.ascii	"ioss_interrupts_gpio_11_IRQn\000"
 1075      5F696E74 
 1075      65727275 
 1075      7074735F 
 1075      6770696F 
 1076              	.LASF3:
 1077 0a86 4D656D6F 		.ascii	"MemoryManagement_IRQn\000"
 1077      72794D61 
 1077      6E616765 
 1077      6D656E74 
 1077      5F495251 
 1078              	.LASF103:
 1079 0a9c 74637077 		.ascii	"tcpwm_0_interrupts_3_IRQn\000"
 1079      6D5F305F 
 1079      696E7465 
 1079      72727570 
 1079      74735F33 
 1080              	.LASF128:
 1081 0ab6 74637077 		.ascii	"tcpwm_1_interrupts_20_IRQn\000"
 1081      6D5F315F 
 1081      696E7465 
 1081      72727570 
 1081      74735F32 
 1082              	.LASF109:
 1083 0ad1 74637077 		.ascii	"tcpwm_1_interrupts_1_IRQn\000"
 1083      6D5F315F 
 1083      696E7465 
 1083      72727570 
 1083      74735F31 
 1084              	.LASF76:
 1085 0aeb 63707573 		.ascii	"cpuss_interrupts_dw1_0_IRQn\000"
 1085      735F696E 
 1085      74657272 
 1085      75707473 
 1085      5F647731 
 1086              	.LASF143:
 1087 0b07 7564625F 		.ascii	"udb_interrupts_11_IRQn\000"
 1087      696E7465 
 1087      72727570 
 1087      74735F31 
 1087      315F4952 
 1088              	.LASF69:
 1089 0b1e 63707573 		.ascii	"cpuss_interrupts_dw0_9_IRQn\000"
 1089      735F696E 
 1089      74657272 
 1089      75707473 
 1089      5F647730 
 1090              	.LASF170:
 1091 0b3a 696E7433 		.ascii	"int32_t\000"
 1091      325F7400 
 1092              	.LASF160:
 1093 0b42 756E7369 		.ascii	"unsigned char\000"
 1093      676E6564 
 1093      20636861 
 1093      7200
ARM GAS  C:\Users\codyg\AppData\Local\Temp\cckrtWVb.s 			page 28


 1094              	.LASF71:
 1095 0b50 63707573 		.ascii	"cpuss_interrupts_dw0_11_IRQn\000"
 1095      735F696E 
 1095      74657272 
 1095      75707473 
 1095      5F647730 
 1096              	.LASF115:
 1097 0b6d 74637077 		.ascii	"tcpwm_1_interrupts_7_IRQn\000"
 1097      6D5F315F 
 1097      696E7465 
 1097      72727570 
 1097      74735F37 
 1098              	.LASF38:
 1099 0b87 63707573 		.ascii	"cpuss_interrupts_ipc_3_IRQn\000"
 1099      735F696E 
 1099      74657272 
 1099      75707473 
 1099      5F697063 
 1100              	.LASF180:
 1101 0ba3 49544D5F 		.ascii	"ITM_RxBuffer\000"
 1101      52784275 
 1101      66666572 
 1101      00
 1102              	.LASF169:
 1103 0bb0 756E7369 		.ascii	"unsigned int\000"
 1103      676E6564 
 1103      20696E74 
 1103      00
 1104              	.LASF20:
 1105 0bbd 696F7373 		.ascii	"ioss_interrupts_gpio_10_IRQn\000"
 1105      5F696E74 
 1105      65727275 
 1105      7074735F 
 1105      6770696F 
 1106              	.LASF140:
 1107 0bda 7564625F 		.ascii	"udb_interrupts_8_IRQn\000"
 1107      696E7465 
 1107      72727570 
 1107      74735F38 
 1107      5F495251 
 1108              	.LASF157:
 1109 0bf0 756E636F 		.ascii	"unconnected_IRQn\000"
 1109      6E6E6563 
 1109      7465645F 
 1109      4952516E 
 1109      00
 1110              	.LASF158:
 1111 0c01 73686F72 		.ascii	"short int\000"
 1111      7420696E 
 1111      7400
 1112              	.LASF98:
 1113 0c0b 63707573 		.ascii	"cpuss_interrupts_cm4_cti_0_IRQn\000"
 1113      735F696E 
 1113      74657272 
 1113      75707473 
 1113      5F636D34 
 1114              	.LASF126:
ARM GAS  C:\Users\codyg\AppData\Local\Temp\cckrtWVb.s 			page 29


 1115 0c2b 74637077 		.ascii	"tcpwm_1_interrupts_18_IRQn\000"
 1115      6D5F315F 
 1115      696E7465 
 1115      72727570 
 1115      74735F31 
 1116              	.LASF79:
 1117 0c46 63707573 		.ascii	"cpuss_interrupts_dw1_3_IRQn\000"
 1117      735F696E 
 1117      74657272 
 1117      75707473 
 1117      5F647731 
 1118              	.LASF107:
 1119 0c62 74637077 		.ascii	"tcpwm_0_interrupts_7_IRQn\000"
 1119      6D5F305F 
 1119      696E7465 
 1119      72727570 
 1119      74735F37 
 1120              	.LASF87:
 1121 0c7c 63707573 		.ascii	"cpuss_interrupts_dw1_11_IRQn\000"
 1121      735F696E 
 1121      74657272 
 1121      75707473 
 1121      5F647731 
 1122              	.LASF147:
 1123 0c99 7564625F 		.ascii	"udb_interrupts_15_IRQn\000"
 1123      696E7465 
 1123      72727570 
 1123      74735F31 
 1123      355F4952 
 1124              	.LASF162:
 1125 0cb0 4952516E 		.ascii	"IRQn_Type\000"
 1125      5F547970 
 1125      6500
 1126              	.LASF129:
 1127 0cba 74637077 		.ascii	"tcpwm_1_interrupts_21_IRQn\000"
 1127      6D5F315F 
 1127      696E7465 
 1127      72727570 
 1127      74735F32 
 1128              	.LASF171:
 1129 0cd5 75696E74 		.ascii	"uint32_t\000"
 1129      33325F74 
 1129      00
 1130              	.LASF110:
 1131 0cde 74637077 		.ascii	"tcpwm_1_interrupts_2_IRQn\000"
 1131      6D5F315F 
 1131      696E7465 
 1131      72727570 
 1131      74735F32 
 1132              	.LASF5:
 1133 0cf8 55736167 		.ascii	"UsageFault_IRQn\000"
 1133      65466175 
 1133      6C745F49 
 1133      52516E00 
 1134              	.LASF42:
 1135 0d08 63707573 		.ascii	"cpuss_interrupts_ipc_7_IRQn\000"
 1135      735F696E 
ARM GAS  C:\Users\codyg\AppData\Local\Temp\cckrtWVb.s 			page 30


 1135      74657272 
 1135      75707473 
 1135      5F697063 
 1136              	.LASF77:
 1137 0d24 63707573 		.ascii	"cpuss_interrupts_dw1_1_IRQn\000"
 1137      735F696E 
 1137      74657272 
 1137      75707473 
 1137      5F647731 
 1138              	.LASF49:
 1139 0d40 63707573 		.ascii	"cpuss_interrupts_ipc_14_IRQn\000"
 1139      735F696E 
 1139      74657272 
 1139      75707473 
 1139      5F697063 
 1140              	.LASF150:
 1141 0d5d 61756469 		.ascii	"audioss_interrupt_pdm_IRQn\000"
 1141      6F73735F 
 1141      696E7465 
 1141      72727570 
 1141      745F7064 
 1142              	.LASF173:
 1143 0d78 6C6F6E67 		.ascii	"long double\000"
 1143      20646F75 
 1143      626C6500 
 1144              	.LASF183:
 1145 0d84 4144435F 		.ascii	"ADC_IRQ_cfg\000"
 1145      4952515F 
 1145      63666700 
 1146              	.LASF174:
 1147 0d90 63686172 		.ascii	"char\000"
 1147      00
 1148              	.LASF185:
 1149 0d95 47656E65 		.ascii	"Generated_Source\\PSoC6\\cyfitter_sysint_cfg.c\000"
 1149      72617465 
 1149      645F536F 
 1149      75726365 
 1149      5C50536F 
 1150              	.LASF72:
 1151 0dc2 63707573 		.ascii	"cpuss_interrupts_dw0_12_IRQn\000"
 1151      735F696E 
 1151      74657272 
 1151      75707473 
 1151      5F647730 
 1152              	.LASF13:
 1153 0ddf 696F7373 		.ascii	"ioss_interrupts_gpio_3_IRQn\000"
 1153      5F696E74 
 1153      65727275 
 1153      7074735F 
 1153      6770696F 
 1154              	.LASF148:
 1155 0dfb 70617373 		.ascii	"pass_interrupt_sar_IRQn\000"
 1155      5F696E74 
 1155      65727275 
 1155      70745F73 
 1155      61725F49 
 1156              	.LASF8:
ARM GAS  C:\Users\codyg\AppData\Local\Temp\cckrtWVb.s 			page 31


 1157 0e13 50656E64 		.ascii	"PendSV_IRQn\000"
 1157      53565F49 
 1157      52516E00 
 1158              	.LASF54:
 1159 0e1f 7363625F 		.ascii	"scb_3_interrupt_IRQn\000"
 1159      335F696E 
 1159      74657272 
 1159      7570745F 
 1159      4952516E 
 1160              	.LASF141:
 1161 0e34 7564625F 		.ascii	"udb_interrupts_9_IRQn\000"
 1161      696E7465 
 1161      72727570 
 1161      74735F39 
 1161      5F495251 
 1162              	.LASF1:
 1163 0e4a 4E6F6E4D 		.ascii	"NonMaskableInt_IRQn\000"
 1163      61736B61 
 1163      626C6549 
 1163      6E745F49 
 1163      52516E00 
 1164              	.LASF163:
 1165 0e5e 5F5F696E 		.ascii	"__int32_t\000"
 1165      7433325F 
 1165      7400
 1166              	.LASF127:
 1167 0e68 74637077 		.ascii	"tcpwm_1_interrupts_19_IRQn\000"
 1167      6D5F315F 
 1167      696E7465 
 1167      72727570 
 1167      74735F31 
 1168              	.LASF57:
 1169 0e83 7363625F 		.ascii	"scb_6_interrupt_IRQn\000"
 1169      365F696E 
 1169      74657272 
 1169      7570745F 
 1169      4952516E 
 1170              	.LASF11:
 1171 0e98 696F7373 		.ascii	"ioss_interrupts_gpio_1_IRQn\000"
 1171      5F696E74 
 1171      65727275 
 1171      7074735F 
 1171      6770696F 
 1172              	.LASF2:
 1173 0eb4 48617264 		.ascii	"HardFault_IRQn\000"
 1173      4661756C 
 1173      745F4952 
 1173      516E00
 1174              	.LASF65:
 1175 0ec3 63707573 		.ascii	"cpuss_interrupts_dw0_5_IRQn\000"
 1175      735F696E 
 1175      74657272 
 1175      75707473 
 1175      5F647730 
 1176              	.LASF7:
 1177 0edf 44656275 		.ascii	"DebugMonitor_IRQn\000"
 1177      674D6F6E 
ARM GAS  C:\Users\codyg\AppData\Local\Temp\cckrtWVb.s 			page 32


 1177      69746F72 
 1177      5F495251 
 1177      6E00
 1178              	.LASF59:
 1179 0ef1 6373645F 		.ascii	"csd_interrupt_IRQn\000"
 1179      696E7465 
 1179      72727570 
 1179      745F4952 
 1179      516E00
 1180              	.LASF35:
 1181 0f04 63707573 		.ascii	"cpuss_interrupts_ipc_0_IRQn\000"
 1181      735F696E 
 1181      74657272 
 1181      75707473 
 1181      5F697063 
 1182              	.LASF130:
 1183 0f20 74637077 		.ascii	"tcpwm_1_interrupts_22_IRQn\000"
 1183      6D5F315F 
 1183      696E7465 
 1183      72727570 
 1183      74735F32 
 1184              	.LASF111:
 1185 0f3b 74637077 		.ascii	"tcpwm_1_interrupts_3_IRQn\000"
 1185      6D5F315F 
 1185      696E7465 
 1185      72727570 
 1185      74735F33 
 1186              	.LASF43:
 1187 0f55 63707573 		.ascii	"cpuss_interrupts_ipc_8_IRQn\000"
 1187      735F696E 
 1187      74657272 
 1187      75707473 
 1187      5F697063 
 1188              	.LASF78:
 1189 0f71 63707573 		.ascii	"cpuss_interrupts_dw1_2_IRQn\000"
 1189      735F696E 
 1189      74657272 
 1189      75707473 
 1189      5F647731 
 1190              	.LASF50:
 1191 0f8d 63707573 		.ascii	"cpuss_interrupts_ipc_15_IRQn\000"
 1191      735F696E 
 1191      74657272 
 1191      75707473 
 1191      5F697063 
 1192              	.LASF136:
 1193 0faa 7564625F 		.ascii	"udb_interrupts_4_IRQn\000"
 1193      696E7465 
 1193      72727570 
 1193      74735F34 
 1193      5F495251 
 1194              	.LASF122:
 1195 0fc0 74637077 		.ascii	"tcpwm_1_interrupts_14_IRQn\000"
 1195      6D5F315F 
 1195      696E7465 
 1195      72727570 
 1195      74735F31 
ARM GAS  C:\Users\codyg\AppData\Local\Temp\cckrtWVb.s 			page 33


 1196              	.LASF14:
 1197 0fdb 696F7373 		.ascii	"ioss_interrupts_gpio_4_IRQn\000"
 1197      5F696E74 
 1197      65727275 
 1197      7074735F 
 1197      6770696F 
 1198              	.LASF152:
 1199 0ff7 736D6966 		.ascii	"smif_interrupt_IRQn\000"
 1199      5F696E74 
 1199      65727275 
 1199      70745F49 
 1199      52516E00 
 1200              	.LASF22:
 1201 100b 696F7373 		.ascii	"ioss_interrupts_gpio_12_IRQn\000"
 1201      5F696E74 
 1201      65727275 
 1201      7074735F 
 1201      6770696F 
 1202              	.LASF151:
 1203 1028 70726F66 		.ascii	"profile_interrupt_IRQn\000"
 1203      696C655F 
 1203      696E7465 
 1203      72727570 
 1203      745F4952 
 1204              	.LASF88:
 1205 103f 63707573 		.ascii	"cpuss_interrupts_dw1_12_IRQn\000"
 1205      735F696E 
 1205      74657272 
 1205      75707473 
 1205      5F647731 
 1206              	.LASF60:
 1207 105c 63707573 		.ascii	"cpuss_interrupts_dw0_0_IRQn\000"
 1207      735F696E 
 1207      74657272 
 1207      75707473 
 1207      5F647730 
 1208              	.LASF26:
 1209 1078 696F7373 		.ascii	"ioss_interrupt_vdd_IRQn\000"
 1209      5F696E74 
 1209      65727275 
 1209      70745F76 
 1209      64645F49 
 1210              	.LASF100:
 1211 1090 74637077 		.ascii	"tcpwm_0_interrupts_0_IRQn\000"
 1211      6D5F305F 
 1211      696E7465 
 1211      72727570 
 1211      74735F30 
 1212              	.LASF86:
 1213 10aa 63707573 		.ascii	"cpuss_interrupts_dw1_10_IRQn\000"
 1213      735F696E 
 1213      74657272 
 1213      75707473 
 1213      5F647731 
 1214              	.LASF31:
 1215 10c7 73727373 		.ascii	"srss_interrupt_backup_IRQn\000"
 1215      5F696E74 
ARM GAS  C:\Users\codyg\AppData\Local\Temp\cckrtWVb.s 			page 34


 1215      65727275 
 1215      70745F62 
 1215      61636B75 
 1216              	.LASF45:
 1217 10e2 63707573 		.ascii	"cpuss_interrupts_ipc_10_IRQn\000"
 1217      735F696E 
 1217      74657272 
 1217      75707473 
 1217      5F697063 
 1218              	.LASF82:
 1219 10ff 63707573 		.ascii	"cpuss_interrupts_dw1_6_IRQn\000"
 1219      735F696E 
 1219      74657272 
 1219      75707473 
 1219      5F647731 
 1220              	.LASF67:
 1221 111b 63707573 		.ascii	"cpuss_interrupts_dw0_7_IRQn\000"
 1221      735F696E 
 1221      74657272 
 1221      75707473 
 1221      5F647730 
 1222              	.LASF178:
 1223 1137 696E7472 		.ascii	"intrPriority\000"
 1223      5072696F 
 1223      72697479 
 1223      00
 1224              	.LASF112:
 1225 1144 74637077 		.ascii	"tcpwm_1_interrupts_4_IRQn\000"
 1225      6D5F315F 
 1225      696E7465 
 1225      72727570 
 1225      74735F34 
 1226              	.LASF96:
 1227 115e 63707573 		.ascii	"cpuss_interrupts_cm0_cti_0_IRQn\000"
 1227      735F696E 
 1227      74657272 
 1227      75707473 
 1227      5F636D30 
 1228              	.LASF18:
 1229 117e 696F7373 		.ascii	"ioss_interrupts_gpio_8_IRQn\000"
 1229      5F696E74 
 1229      65727275 
 1229      7074735F 
 1229      6770696F 
 1230              	.LASF44:
 1231 119a 63707573 		.ascii	"cpuss_interrupts_ipc_9_IRQn\000"
 1231      735F696E 
 1231      74657272 
 1231      75707473 
 1231      5F697063 
 1232              	.LASF186:
 1233 11b6 433A5C55 		.ascii	"C:\\Users\\codyg\\git\\psoc6-realtime-processing\\B"
 1233      73657273 
 1233      5C636F64 
 1233      79675C67 
 1233      69745C70 
 1234 11e4 4C455F52 		.ascii	"LE_RTC_IMU.cydsn\\CE218138_BLE_Thermometer_RTOS01.c"
ARM GAS  C:\Users\codyg\AppData\Local\Temp\cckrtWVb.s 			page 35


 1234      54435F49 
 1234      4D552E63 
 1234      7964736E 
 1234      5C434532 
 1235 1216 7964736E 		.ascii	"ydsn\000"
 1235      00
 1236              	.LASF137:
 1237 121b 7564625F 		.ascii	"udb_interrupts_5_IRQn\000"
 1237      696E7465 
 1237      72727570 
 1237      74735F35 
 1237      5F495251 
 1238              	.LASF48:
 1239 1231 63707573 		.ascii	"cpuss_interrupts_ipc_13_IRQn\000"
 1239      735F696E 
 1239      74657272 
 1239      75707473 
 1239      5F697063 
 1240              		.ident	"GCC: (GNU Tools for ARM Embedded Processors) 5.4.1 20160609 (release) [ARM/embedded-5-bran
