ARM GAS  C:\Users\codyg\AppData\Local\Temp\ccWuaT85.s 			page 1


   1              		.syntax unified
   2              		.cpu cortex-m4
   3              		.eabi_attribute 27, 1
   4              		.fpu fpv4-sp-d16
   5              		.eabi_attribute 20, 1
   6              		.eabi_attribute 21, 1
   7              		.eabi_attribute 23, 3
   8              		.eabi_attribute 24, 1
   9              		.eabi_attribute 25, 1
  10              		.eabi_attribute 26, 1
  11              		.eabi_attribute 30, 1
  12              		.eabi_attribute 34, 1
  13              		.eabi_attribute 18, 4
  14              		.thumb
  15              		.syntax unified
  16              		.file	"uart_debug.c"
  17              		.text
  18              	.Ltext0:
  19              		.cfi_sections	.debug_frame
  20              	.Letext0:
  21              		.file 1 "c:\\program files (x86)\\cypress\\psoc creator\\4.2\\psoc creator\\import\\gnu\\arm\\5.4.
  22              		.file 2 "c:\\program files (x86)\\cypress\\psoc creator\\4.2\\psoc creator\\import\\gnu\\arm\\5.4.
  23              		.file 3 "Generated_Source\\PSoC6\\pdl\\drivers/peripheral/scb/cy_scb_spi.h"
  24              		.file 4 "Generated_Source\\PSoC6\\pdl\\drivers/peripheral/sar/cy_sar.h"
  25              		.file 5 "Generated_Source\\PSoC6\\pdl\\middleware/ble/cy_ble_stack_host_main.h"
  26              		.file 6 "Generated_Source\\PSoC6\\pdl\\middleware/ble/cy_ble_gap.h"
  27              		.file 7 "Generated_Source\\PSoC6/ADC.h"
  28              		.file 8 "Generated_Source\\PSoC6\\pdl\\cmsis/include/core_cm4.h"
  29              		.file 9 "Generated_Source\\PSoC6/CY_EINK_SPIM.h"
  30              		.section	.debug_info,"",%progbits
  31              	.Ldebug_info0:
  32 0000 2F040000 		.4byte	0x42f
  33 0004 0400     		.2byte	0x4
  34 0006 00000000 		.4byte	.Ldebug_abbrev0
  35 000a 04       		.byte	0x4
  36 000b 01       		.uleb128 0x1
  37 000c FE000000 		.4byte	.LASF83
  38 0010 0C       		.byte	0xc
  39 0011 1B040000 		.4byte	.LASF84
  40 0015 FB040000 		.4byte	.LASF85
  41 0019 00000000 		.4byte	.Ldebug_line0
  42 001d 02       		.uleb128 0x2
  43 001e 02       		.byte	0x2
  44 001f 05       		.byte	0x5
  45 0020 74000000 		.4byte	.LASF0
  46 0024 02       		.uleb128 0x2
  47 0025 01       		.byte	0x1
  48 0026 06       		.byte	0x6
  49 0027 28040000 		.4byte	.LASF1
  50 002b 03       		.uleb128 0x3
  51 002c 73030000 		.4byte	.LASF4
  52 0030 01       		.byte	0x1
  53 0031 1D       		.byte	0x1d
  54 0032 36000000 		.4byte	0x36
  55 0036 02       		.uleb128 0x2
  56 0037 01       		.byte	0x1
  57 0038 08       		.byte	0x8
ARM GAS  C:\Users\codyg\AppData\Local\Temp\ccWuaT85.s 			page 2


  58 0039 D8030000 		.4byte	.LASF2
  59 003d 02       		.uleb128 0x2
  60 003e 02       		.byte	0x2
  61 003f 07       		.byte	0x7
  62 0040 7E040000 		.4byte	.LASF3
  63 0044 03       		.uleb128 0x3
  64 0045 C0050000 		.4byte	.LASF5
  65 0049 01       		.byte	0x1
  66 004a 3F       		.byte	0x3f
  67 004b 4F000000 		.4byte	0x4f
  68 004f 02       		.uleb128 0x2
  69 0050 04       		.byte	0x4
  70 0051 05       		.byte	0x5
  71 0052 52060000 		.4byte	.LASF6
  72 0056 03       		.uleb128 0x3
  73 0057 CA010000 		.4byte	.LASF7
  74 005b 01       		.byte	0x1
  75 005c 41       		.byte	0x41
  76 005d 61000000 		.4byte	0x61
  77 0061 02       		.uleb128 0x2
  78 0062 04       		.byte	0x4
  79 0063 07       		.byte	0x7
  80 0064 90050000 		.4byte	.LASF8
  81 0068 02       		.uleb128 0x2
  82 0069 08       		.byte	0x8
  83 006a 05       		.byte	0x5
  84 006b 01030000 		.4byte	.LASF9
  85 006f 02       		.uleb128 0x2
  86 0070 08       		.byte	0x8
  87 0071 07       		.byte	0x7
  88 0072 34040000 		.4byte	.LASF10
  89 0076 04       		.uleb128 0x4
  90 0077 04       		.byte	0x4
  91 0078 05       		.byte	0x5
  92 0079 696E7400 		.ascii	"int\000"
  93 007d 02       		.uleb128 0x2
  94 007e 04       		.byte	0x4
  95 007f 07       		.byte	0x7
  96 0080 54040000 		.4byte	.LASF11
  97 0084 03       		.uleb128 0x3
  98 0085 66020000 		.4byte	.LASF12
  99 0089 02       		.byte	0x2
 100 008a 18       		.byte	0x18
 101 008b 2B000000 		.4byte	0x2b
 102 008f 03       		.uleb128 0x3
 103 0090 D2040000 		.4byte	.LASF13
 104 0094 02       		.byte	0x2
 105 0095 2C       		.byte	0x2c
 106 0096 44000000 		.4byte	0x44
 107 009a 03       		.uleb128 0x3
 108 009b 4B040000 		.4byte	.LASF14
 109 009f 02       		.byte	0x2
 110 00a0 30       		.byte	0x30
 111 00a1 56000000 		.4byte	0x56
 112 00a5 02       		.uleb128 0x2
 113 00a6 04       		.byte	0x4
 114 00a7 07       		.byte	0x7
ARM GAS  C:\Users\codyg\AppData\Local\Temp\ccWuaT85.s 			page 3


 115 00a8 7E000000 		.4byte	.LASF15
 116 00ac 05       		.uleb128 0x5
 117 00ad 9A000000 		.4byte	0x9a
 118 00b1 02       		.uleb128 0x2
 119 00b2 08       		.byte	0x8
 120 00b3 04       		.byte	0x4
 121 00b4 A1030000 		.4byte	.LASF16
 122 00b8 02       		.uleb128 0x2
 123 00b9 01       		.byte	0x1
 124 00ba 08       		.byte	0x8
 125 00bb A2040000 		.4byte	.LASF17
 126 00bf 02       		.uleb128 0x2
 127 00c0 04       		.byte	0x4
 128 00c1 04       		.byte	0x4
 129 00c2 DD020000 		.4byte	.LASF18
 130 00c6 02       		.uleb128 0x2
 131 00c7 08       		.byte	0x8
 132 00c8 04       		.byte	0x4
 133 00c9 A2050000 		.4byte	.LASF19
 134 00cd 06       		.uleb128 0x6
 135 00ce 04       		.byte	0x4
 136 00cf 02       		.uleb128 0x2
 137 00d0 01       		.byte	0x1
 138 00d1 02       		.byte	0x2
 139 00d2 E9040000 		.4byte	.LASF20
 140 00d6 07       		.uleb128 0x7
 141 00d7 04       		.byte	0x4
 142 00d8 DC000000 		.4byte	0xdc
 143 00dc 08       		.uleb128 0x8
 144 00dd E7000000 		.4byte	0xe7
 145 00e1 09       		.uleb128 0x9
 146 00e2 9A000000 		.4byte	0x9a
 147 00e6 00       		.byte	0
 148 00e7 0A       		.uleb128 0xa
 149 00e8 89020000 		.4byte	.LASF21
 150 00ec 03       		.byte	0x3
 151 00ed BF01     		.2byte	0x1bf
 152 00ef D6000000 		.4byte	0xd6
 153 00f3 0B       		.uleb128 0xb
 154 00f4 A9050000 		.4byte	.LASF86
 155 00f8 24       		.byte	0x24
 156 00f9 03       		.byte	0x3
 157 00fa 4102     		.2byte	0x241
 158 00fc 76010000 		.4byte	0x176
 159 0100 0C       		.uleb128 0xc
 160 0101 77040000 		.4byte	.LASF22
 161 0105 03       		.byte	0x3
 162 0106 4402     		.2byte	0x244
 163 0108 AC000000 		.4byte	0xac
 164 010c 00       		.byte	0
 165 010d 0C       		.uleb128 0xc
 166 010e 91040000 		.4byte	.LASF23
 167 0112 03       		.byte	0x3
 168 0113 4602     		.2byte	0x246
 169 0115 CD000000 		.4byte	0xcd
 170 0119 04       		.byte	0x4
 171 011a 0C       		.uleb128 0xc
ARM GAS  C:\Users\codyg\AppData\Local\Temp\ccWuaT85.s 			page 4


 172 011b 54000000 		.4byte	.LASF24
 173 011f 03       		.byte	0x3
 174 0120 4702     		.2byte	0x247
 175 0122 9A000000 		.4byte	0x9a
 176 0126 08       		.byte	0x8
 177 0127 0C       		.uleb128 0xc
 178 0128 53020000 		.4byte	.LASF25
 179 012c 03       		.byte	0x3
 180 012d 4802     		.2byte	0x248
 181 012f AC000000 		.4byte	0xac
 182 0133 0C       		.byte	0xc
 183 0134 0C       		.uleb128 0xc
 184 0135 E3020000 		.4byte	.LASF26
 185 0139 03       		.byte	0x3
 186 013a 4A02     		.2byte	0x24a
 187 013c CD000000 		.4byte	0xcd
 188 0140 10       		.byte	0x10
 189 0141 0C       		.uleb128 0xc
 190 0142 53030000 		.4byte	.LASF27
 191 0146 03       		.byte	0x3
 192 0147 4B02     		.2byte	0x24b
 193 0149 9A000000 		.4byte	0x9a
 194 014d 14       		.byte	0x14
 195 014e 0C       		.uleb128 0xc
 196 014f 6A030000 		.4byte	.LASF28
 197 0153 03       		.byte	0x3
 198 0154 4C02     		.2byte	0x24c
 199 0156 AC000000 		.4byte	0xac
 200 015a 18       		.byte	0x18
 201 015b 0C       		.uleb128 0xc
 202 015c B1040000 		.4byte	.LASF29
 203 0160 03       		.byte	0x3
 204 0161 5202     		.2byte	0x252
 205 0163 E7000000 		.4byte	0xe7
 206 0167 1C       		.byte	0x1c
 207 0168 0C       		.uleb128 0xc
 208 0169 4B030000 		.4byte	.LASF30
 209 016d 03       		.byte	0x3
 210 016e 5502     		.2byte	0x255
 211 0170 9A000000 		.4byte	0x9a
 212 0174 20       		.byte	0x20
 213 0175 00       		.byte	0
 214 0176 0A       		.uleb128 0xa
 215 0177 DA000000 		.4byte	.LASF31
 216 017b 03       		.byte	0x3
 217 017c 5802     		.2byte	0x258
 218 017e F3000000 		.4byte	0xf3
 219 0182 0D       		.uleb128 0xd
 220 0183 01       		.byte	0x1
 221 0184 36000000 		.4byte	0x36
 222 0188 04       		.byte	0x4
 223 0189 0504     		.2byte	0x405
 224 018b A8010000 		.4byte	0x1a8
 225 018f 0E       		.uleb128 0xe
 226 0190 E9020000 		.4byte	.LASF32
 227 0194 00       		.byte	0
 228 0195 0E       		.uleb128 0xe
ARM GAS  C:\Users\codyg\AppData\Local\Temp\ccWuaT85.s 			page 5


 229 0196 CA050000 		.4byte	.LASF33
 230 019a 01       		.byte	0x1
 231 019b 0E       		.uleb128 0xe
 232 019c BA040000 		.4byte	.LASF34
 233 01a0 02       		.byte	0x2
 234 01a1 0E       		.uleb128 0xe
 235 01a2 12000000 		.4byte	.LASF35
 236 01a6 03       		.byte	0x3
 237 01a7 00       		.byte	0
 238 01a8 0A       		.uleb128 0xa
 239 01a9 D5010000 		.4byte	.LASF36
 240 01ad 04       		.byte	0x4
 241 01ae 0A04     		.2byte	0x40a
 242 01b0 82010000 		.4byte	0x182
 243 01b4 0F       		.uleb128 0xf
 244 01b5 78       		.byte	0x78
 245 01b6 04       		.byte	0x4
 246 01b7 F404     		.2byte	0x4f4
 247 01b9 81020000 		.4byte	0x281
 248 01bd 0C       		.uleb128 0xc
 249 01be 85060000 		.4byte	.LASF37
 250 01c2 04       		.byte	0x4
 251 01c3 F604     		.2byte	0x4f6
 252 01c5 9A000000 		.4byte	0x9a
 253 01c9 00       		.byte	0
 254 01ca 0C       		.uleb128 0xc
 255 01cb 93000000 		.4byte	.LASF38
 256 01cf 04       		.byte	0x4
 257 01d0 F704     		.2byte	0x4f7
 258 01d2 9A000000 		.4byte	0x9a
 259 01d6 04       		.byte	0x4
 260 01d7 0C       		.uleb128 0xc
 261 01d8 5D030000 		.4byte	.LASF39
 262 01dc 04       		.byte	0x4
 263 01dd F804     		.2byte	0x4f8
 264 01df 9A000000 		.4byte	0x9a
 265 01e3 08       		.byte	0x8
 266 01e4 0C       		.uleb128 0xc
 267 01e5 2C060000 		.4byte	.LASF40
 268 01e9 04       		.byte	0x4
 269 01ea F904     		.2byte	0x4f9
 270 01ec 9A000000 		.4byte	0x9a
 271 01f0 0C       		.byte	0xc
 272 01f1 0C       		.uleb128 0xc
 273 01f2 F3000000 		.4byte	.LASF41
 274 01f6 04       		.byte	0x4
 275 01f7 FA04     		.2byte	0x4fa
 276 01f9 9A000000 		.4byte	0x9a
 277 01fd 10       		.byte	0x10
 278 01fe 0C       		.uleb128 0xc
 279 01ff 5C020000 		.4byte	.LASF42
 280 0203 04       		.byte	0x4
 281 0204 FB04     		.2byte	0x4fb
 282 0206 A8010000 		.4byte	0x1a8
 283 020a 14       		.byte	0x14
 284 020b 0C       		.uleb128 0xc
 285 020c 02060000 		.4byte	.LASF43
ARM GAS  C:\Users\codyg\AppData\Local\Temp\ccWuaT85.s 			page 6


 286 0210 04       		.byte	0x4
 287 0211 FC04     		.2byte	0x4fc
 288 0213 9A000000 		.4byte	0x9a
 289 0217 18       		.byte	0x18
 290 0218 0C       		.uleb128 0xc
 291 0219 E3050000 		.4byte	.LASF44
 292 021d 04       		.byte	0x4
 293 021e FD04     		.2byte	0x4fd
 294 0220 81020000 		.4byte	0x281
 295 0224 1C       		.byte	0x1c
 296 0225 0C       		.uleb128 0xc
 297 0226 8A060000 		.4byte	.LASF45
 298 022a 04       		.byte	0x4
 299 022b FE04     		.2byte	0x4fe
 300 022d 9A000000 		.4byte	0x9a
 301 0231 5C       		.byte	0x5c
 302 0232 0C       		.uleb128 0xc
 303 0233 87000000 		.4byte	.LASF46
 304 0237 04       		.byte	0x4
 305 0238 FF04     		.2byte	0x4ff
 306 023a 9A000000 		.4byte	0x9a
 307 023e 60       		.byte	0x60
 308 023f 0C       		.uleb128 0xc
 309 0240 93060000 		.4byte	.LASF47
 310 0244 04       		.byte	0x4
 311 0245 0005     		.2byte	0x500
 312 0247 9A000000 		.4byte	0x9a
 313 024b 64       		.byte	0x64
 314 024c 0C       		.uleb128 0xc
 315 024d A7040000 		.4byte	.LASF48
 316 0251 04       		.byte	0x4
 317 0252 0105     		.2byte	0x501
 318 0254 9A000000 		.4byte	0x9a
 319 0258 68       		.byte	0x68
 320 0259 0C       		.uleb128 0xc
 321 025a 61040000 		.4byte	.LASF49
 322 025e 04       		.byte	0x4
 323 025f 0205     		.2byte	0x502
 324 0261 9A000000 		.4byte	0x9a
 325 0265 6C       		.byte	0x6c
 326 0266 0C       		.uleb128 0xc
 327 0267 CF020000 		.4byte	.LASF50
 328 026b 04       		.byte	0x4
 329 026c 0305     		.2byte	0x503
 330 026e CF000000 		.4byte	0xcf
 331 0272 70       		.byte	0x70
 332 0273 0C       		.uleb128 0xc
 333 0274 09060000 		.4byte	.LASF51
 334 0278 04       		.byte	0x4
 335 0279 0405     		.2byte	0x504
 336 027b 9A000000 		.4byte	0x9a
 337 027f 74       		.byte	0x74
 338 0280 00       		.byte	0
 339 0281 10       		.uleb128 0x10
 340 0282 9A000000 		.4byte	0x9a
 341 0286 91020000 		.4byte	0x291
 342 028a 11       		.uleb128 0x11
ARM GAS  C:\Users\codyg\AppData\Local\Temp\ccWuaT85.s 			page 7


 343 028b A5000000 		.4byte	0xa5
 344 028f 0F       		.byte	0xf
 345 0290 00       		.byte	0
 346 0291 0A       		.uleb128 0xa
 347 0292 EE050000 		.4byte	.LASF52
 348 0296 04       		.byte	0x4
 349 0297 0505     		.2byte	0x505
 350 0299 B4010000 		.4byte	0x1b4
 351 029d 0F       		.uleb128 0xf
 352 029e 02       		.byte	0x2
 353 029f 05       		.byte	0x5
 354 02a0 5B01     		.2byte	0x15b
 355 02a2 C1020000 		.4byte	0x2c1
 356 02a6 0C       		.uleb128 0xc
 357 02a7 C6020000 		.4byte	.LASF53
 358 02ab 05       		.byte	0x5
 359 02ac 6501     		.2byte	0x165
 360 02ae 84000000 		.4byte	0x84
 361 02b2 00       		.byte	0
 362 02b3 0C       		.uleb128 0xc
 363 02b4 71040000 		.4byte	.LASF54
 364 02b8 05       		.byte	0x5
 365 02b9 6901     		.2byte	0x169
 366 02bb 84000000 		.4byte	0x84
 367 02bf 01       		.byte	0x1
 368 02c0 00       		.byte	0
 369 02c1 0A       		.uleb128 0xa
 370 02c2 39060000 		.4byte	.LASF55
 371 02c6 05       		.byte	0x5
 372 02c7 6B01     		.2byte	0x16b
 373 02c9 9D020000 		.4byte	0x29d
 374 02cd 12       		.uleb128 0x12
 375 02ce 01       		.byte	0x1
 376 02cf 36000000 		.4byte	0x36
 377 02d3 06       		.byte	0x6
 378 02d4 7E       		.byte	0x7e
 379 02d5 F2020000 		.4byte	0x2f2
 380 02d9 0E       		.uleb128 0xe
 381 02da B1010000 		.4byte	.LASF56
 382 02de 00       		.byte	0
 383 02df 0E       		.uleb128 0xe
 384 02e0 71050000 		.4byte	.LASF57
 385 02e4 01       		.byte	0x1
 386 02e5 0E       		.uleb128 0xe
 387 02e6 68060000 		.4byte	.LASF58
 388 02ea 02       		.byte	0x2
 389 02eb 0E       		.uleb128 0xe
 390 02ec E6030000 		.4byte	.LASF59
 391 02f0 03       		.byte	0x3
 392 02f1 00       		.byte	0
 393 02f2 03       		.uleb128 0x3
 394 02f3 5E000000 		.4byte	.LASF60
 395 02f7 06       		.byte	0x6
 396 02f8 83       		.byte	0x83
 397 02f9 CD020000 		.4byte	0x2cd
 398 02fd 12       		.uleb128 0x12
 399 02fe 01       		.byte	0x1
ARM GAS  C:\Users\codyg\AppData\Local\Temp\ccWuaT85.s 			page 8


 400 02ff 36000000 		.4byte	0x36
 401 0303 06       		.byte	0x6
 402 0304 87       		.byte	0x87
 403 0305 3A030000 		.4byte	0x33a
 404 0309 0E       		.uleb128 0xe
 405 030a A7020000 		.4byte	.LASF61
 406 030e 00       		.byte	0
 407 030f 0E       		.uleb128 0xe
 408 0310 F8010000 		.4byte	.LASF62
 409 0314 01       		.byte	0x1
 410 0315 0E       		.uleb128 0xe
 411 0316 38000000 		.4byte	.LASF63
 412 031a 02       		.byte	0x2
 413 031b 0E       		.uleb128 0xe
 414 031c B0000000 		.4byte	.LASF64
 415 0320 03       		.byte	0x3
 416 0321 0E       		.uleb128 0xe
 417 0322 21030000 		.4byte	.LASF65
 418 0326 04       		.byte	0x4
 419 0327 0E       		.uleb128 0xe
 420 0328 29020000 		.4byte	.LASF66
 421 032c 05       		.byte	0x5
 422 032d 0E       		.uleb128 0xe
 423 032e AD030000 		.4byte	.LASF67
 424 0332 06       		.byte	0x6
 425 0333 0E       		.uleb128 0xe
 426 0334 7D030000 		.4byte	.LASF68
 427 0338 07       		.byte	0x7
 428 0339 00       		.byte	0
 429 033a 03       		.uleb128 0x3
 430 033b 15060000 		.4byte	.LASF69
 431 033f 06       		.byte	0x6
 432 0340 90       		.byte	0x90
 433 0341 FD020000 		.4byte	0x2fd
 434 0345 13       		.uleb128 0x13
 435 0346 14       		.byte	0x14
 436 0347 07       		.byte	0x7
 437 0348 3B       		.byte	0x3b
 438 0349 8A030000 		.4byte	0x38a
 439 034d 14       		.uleb128 0x14
 440 034e A1060000 		.4byte	.LASF70
 441 0352 07       		.byte	0x7
 442 0353 3D       		.byte	0x3d
 443 0354 9A000000 		.4byte	0x9a
 444 0358 00       		.byte	0
 445 0359 14       		.uleb128 0x14
 446 035a 2C000000 		.4byte	.LASF71
 447 035e 07       		.byte	0x7
 448 035f 3E       		.byte	0x3e
 449 0360 9A000000 		.4byte	0x9a
 450 0364 04       		.byte	0x4
 451 0365 14       		.uleb128 0x14
 452 0366 EF040000 		.4byte	.LASF72
 453 036a 07       		.byte	0x7
 454 036b 3F       		.byte	0x3f
 455 036c 8A030000 		.4byte	0x38a
 456 0370 08       		.byte	0x8
ARM GAS  C:\Users\codyg\AppData\Local\Temp\ccWuaT85.s 			page 9


 457 0371 14       		.uleb128 0x14
 458 0372 97040000 		.4byte	.LASF73
 459 0376 07       		.byte	0x7
 460 0377 40       		.byte	0x40
 461 0378 9A000000 		.4byte	0x9a
 462 037c 0C       		.byte	0xc
 463 037d 14       		.uleb128 0x14
 464 037e 7E020000 		.4byte	.LASF74
 465 0382 07       		.byte	0x7
 466 0383 45       		.byte	0x45
 467 0384 9A000000 		.4byte	0x9a
 468 0388 10       		.byte	0x10
 469 0389 00       		.byte	0
 470 038a 07       		.uleb128 0x7
 471 038b 04       		.byte	0x4
 472 038c 90030000 		.4byte	0x390
 473 0390 15       		.uleb128 0x15
 474 0391 91020000 		.4byte	0x291
 475 0395 03       		.uleb128 0x3
 476 0396 9E000000 		.4byte	.LASF75
 477 039a 07       		.byte	0x7
 478 039b 48       		.byte	0x48
 479 039c 45030000 		.4byte	0x345
 480 03a0 16       		.uleb128 0x16
 481 03a1 5B060000 		.4byte	.LASF76
 482 03a5 08       		.byte	0x8
 483 03a6 EA07     		.2byte	0x7ea
 484 03a8 AC030000 		.4byte	0x3ac
 485 03ac 05       		.uleb128 0x5
 486 03ad 8F000000 		.4byte	0x8f
 487 03b1 16       		.uleb128 0x16
 488 03b2 6E020000 		.4byte	.LASF77
 489 03b6 06       		.byte	0x6
 490 03b7 2202     		.2byte	0x222
 491 03b9 F2020000 		.4byte	0x2f2
 492 03bd 10       		.uleb128 0x10
 493 03be C1020000 		.4byte	0x2c1
 494 03c2 CD030000 		.4byte	0x3cd
 495 03c6 11       		.uleb128 0x11
 496 03c7 A5000000 		.4byte	0xa5
 497 03cb 00       		.byte	0
 498 03cc 00       		.byte	0
 499 03cd 16       		.uleb128 0x16
 500 03ce 0F030000 		.4byte	.LASF78
 501 03d2 06       		.byte	0x6
 502 03d3 2C02     		.2byte	0x22c
 503 03d5 BD030000 		.4byte	0x3bd
 504 03d9 10       		.uleb128 0x10
 505 03da 3A030000 		.4byte	0x33a
 506 03de E9030000 		.4byte	0x3e9
 507 03e2 11       		.uleb128 0x11
 508 03e3 A5000000 		.4byte	0xa5
 509 03e7 00       		.byte	0
 510 03e8 00       		.byte	0
 511 03e9 16       		.uleb128 0x16
 512 03ea 60050000 		.4byte	.LASF79
 513 03ee 06       		.byte	0x6
ARM GAS  C:\Users\codyg\AppData\Local\Temp\ccWuaT85.s 			page 10


 514 03ef 2D02     		.2byte	0x22d
 515 03f1 D9030000 		.4byte	0x3d9
 516 03f5 17       		.uleb128 0x17
 517 03f6 06040000 		.4byte	.LASF80
 518 03fa 09       		.byte	0x9
 519 03fb 5E       		.byte	0x5e
 520 03fc 76010000 		.4byte	0x176
 521 0400 16       		.uleb128 0x16
 522 0401 00000000 		.4byte	.LASF81
 523 0405 07       		.byte	0x7
 524 0406 6001     		.2byte	0x160
 525 0408 9A000000 		.4byte	0x9a
 526 040c 10       		.uleb128 0x10
 527 040d 1C040000 		.4byte	0x41c
 528 0411 1C040000 		.4byte	0x41c
 529 0415 11       		.uleb128 0x11
 530 0416 A5000000 		.4byte	0xa5
 531 041a 00       		.byte	0
 532 041b 00       		.byte	0
 533 041c 15       		.uleb128 0x15
 534 041d 95030000 		.4byte	0x395
 535 0421 16       		.uleb128 0x16
 536 0422 DA040000 		.4byte	.LASF82
 537 0426 07       		.byte	0x7
 538 0427 6401     		.2byte	0x164
 539 0429 2D040000 		.4byte	0x42d
 540 042d 15       		.uleb128 0x15
 541 042e 0C040000 		.4byte	0x40c
 542 0432 00       		.byte	0
 543              		.section	.debug_abbrev,"",%progbits
 544              	.Ldebug_abbrev0:
 545 0000 01       		.uleb128 0x1
 546 0001 11       		.uleb128 0x11
 547 0002 01       		.byte	0x1
 548 0003 25       		.uleb128 0x25
 549 0004 0E       		.uleb128 0xe
 550 0005 13       		.uleb128 0x13
 551 0006 0B       		.uleb128 0xb
 552 0007 03       		.uleb128 0x3
 553 0008 0E       		.uleb128 0xe
 554 0009 1B       		.uleb128 0x1b
 555 000a 0E       		.uleb128 0xe
 556 000b 10       		.uleb128 0x10
 557 000c 17       		.uleb128 0x17
 558 000d 00       		.byte	0
 559 000e 00       		.byte	0
 560 000f 02       		.uleb128 0x2
 561 0010 24       		.uleb128 0x24
 562 0011 00       		.byte	0
 563 0012 0B       		.uleb128 0xb
 564 0013 0B       		.uleb128 0xb
 565 0014 3E       		.uleb128 0x3e
 566 0015 0B       		.uleb128 0xb
 567 0016 03       		.uleb128 0x3
 568 0017 0E       		.uleb128 0xe
 569 0018 00       		.byte	0
 570 0019 00       		.byte	0
ARM GAS  C:\Users\codyg\AppData\Local\Temp\ccWuaT85.s 			page 11


 571 001a 03       		.uleb128 0x3
 572 001b 16       		.uleb128 0x16
 573 001c 00       		.byte	0
 574 001d 03       		.uleb128 0x3
 575 001e 0E       		.uleb128 0xe
 576 001f 3A       		.uleb128 0x3a
 577 0020 0B       		.uleb128 0xb
 578 0021 3B       		.uleb128 0x3b
 579 0022 0B       		.uleb128 0xb
 580 0023 49       		.uleb128 0x49
 581 0024 13       		.uleb128 0x13
 582 0025 00       		.byte	0
 583 0026 00       		.byte	0
 584 0027 04       		.uleb128 0x4
 585 0028 24       		.uleb128 0x24
 586 0029 00       		.byte	0
 587 002a 0B       		.uleb128 0xb
 588 002b 0B       		.uleb128 0xb
 589 002c 3E       		.uleb128 0x3e
 590 002d 0B       		.uleb128 0xb
 591 002e 03       		.uleb128 0x3
 592 002f 08       		.uleb128 0x8
 593 0030 00       		.byte	0
 594 0031 00       		.byte	0
 595 0032 05       		.uleb128 0x5
 596 0033 35       		.uleb128 0x35
 597 0034 00       		.byte	0
 598 0035 49       		.uleb128 0x49
 599 0036 13       		.uleb128 0x13
 600 0037 00       		.byte	0
 601 0038 00       		.byte	0
 602 0039 06       		.uleb128 0x6
 603 003a 0F       		.uleb128 0xf
 604 003b 00       		.byte	0
 605 003c 0B       		.uleb128 0xb
 606 003d 0B       		.uleb128 0xb
 607 003e 00       		.byte	0
 608 003f 00       		.byte	0
 609 0040 07       		.uleb128 0x7
 610 0041 0F       		.uleb128 0xf
 611 0042 00       		.byte	0
 612 0043 0B       		.uleb128 0xb
 613 0044 0B       		.uleb128 0xb
 614 0045 49       		.uleb128 0x49
 615 0046 13       		.uleb128 0x13
 616 0047 00       		.byte	0
 617 0048 00       		.byte	0
 618 0049 08       		.uleb128 0x8
 619 004a 15       		.uleb128 0x15
 620 004b 01       		.byte	0x1
 621 004c 27       		.uleb128 0x27
 622 004d 19       		.uleb128 0x19
 623 004e 01       		.uleb128 0x1
 624 004f 13       		.uleb128 0x13
 625 0050 00       		.byte	0
 626 0051 00       		.byte	0
 627 0052 09       		.uleb128 0x9
ARM GAS  C:\Users\codyg\AppData\Local\Temp\ccWuaT85.s 			page 12


 628 0053 05       		.uleb128 0x5
 629 0054 00       		.byte	0
 630 0055 49       		.uleb128 0x49
 631 0056 13       		.uleb128 0x13
 632 0057 00       		.byte	0
 633 0058 00       		.byte	0
 634 0059 0A       		.uleb128 0xa
 635 005a 16       		.uleb128 0x16
 636 005b 00       		.byte	0
 637 005c 03       		.uleb128 0x3
 638 005d 0E       		.uleb128 0xe
 639 005e 3A       		.uleb128 0x3a
 640 005f 0B       		.uleb128 0xb
 641 0060 3B       		.uleb128 0x3b
 642 0061 05       		.uleb128 0x5
 643 0062 49       		.uleb128 0x49
 644 0063 13       		.uleb128 0x13
 645 0064 00       		.byte	0
 646 0065 00       		.byte	0
 647 0066 0B       		.uleb128 0xb
 648 0067 13       		.uleb128 0x13
 649 0068 01       		.byte	0x1
 650 0069 03       		.uleb128 0x3
 651 006a 0E       		.uleb128 0xe
 652 006b 0B       		.uleb128 0xb
 653 006c 0B       		.uleb128 0xb
 654 006d 3A       		.uleb128 0x3a
 655 006e 0B       		.uleb128 0xb
 656 006f 3B       		.uleb128 0x3b
 657 0070 05       		.uleb128 0x5
 658 0071 01       		.uleb128 0x1
 659 0072 13       		.uleb128 0x13
 660 0073 00       		.byte	0
 661 0074 00       		.byte	0
 662 0075 0C       		.uleb128 0xc
 663 0076 0D       		.uleb128 0xd
 664 0077 00       		.byte	0
 665 0078 03       		.uleb128 0x3
 666 0079 0E       		.uleb128 0xe
 667 007a 3A       		.uleb128 0x3a
 668 007b 0B       		.uleb128 0xb
 669 007c 3B       		.uleb128 0x3b
 670 007d 05       		.uleb128 0x5
 671 007e 49       		.uleb128 0x49
 672 007f 13       		.uleb128 0x13
 673 0080 38       		.uleb128 0x38
 674 0081 0B       		.uleb128 0xb
 675 0082 00       		.byte	0
 676 0083 00       		.byte	0
 677 0084 0D       		.uleb128 0xd
 678 0085 04       		.uleb128 0x4
 679 0086 01       		.byte	0x1
 680 0087 0B       		.uleb128 0xb
 681 0088 0B       		.uleb128 0xb
 682 0089 49       		.uleb128 0x49
 683 008a 13       		.uleb128 0x13
 684 008b 3A       		.uleb128 0x3a
ARM GAS  C:\Users\codyg\AppData\Local\Temp\ccWuaT85.s 			page 13


 685 008c 0B       		.uleb128 0xb
 686 008d 3B       		.uleb128 0x3b
 687 008e 05       		.uleb128 0x5
 688 008f 01       		.uleb128 0x1
 689 0090 13       		.uleb128 0x13
 690 0091 00       		.byte	0
 691 0092 00       		.byte	0
 692 0093 0E       		.uleb128 0xe
 693 0094 28       		.uleb128 0x28
 694 0095 00       		.byte	0
 695 0096 03       		.uleb128 0x3
 696 0097 0E       		.uleb128 0xe
 697 0098 1C       		.uleb128 0x1c
 698 0099 0B       		.uleb128 0xb
 699 009a 00       		.byte	0
 700 009b 00       		.byte	0
 701 009c 0F       		.uleb128 0xf
 702 009d 13       		.uleb128 0x13
 703 009e 01       		.byte	0x1
 704 009f 0B       		.uleb128 0xb
 705 00a0 0B       		.uleb128 0xb
 706 00a1 3A       		.uleb128 0x3a
 707 00a2 0B       		.uleb128 0xb
 708 00a3 3B       		.uleb128 0x3b
 709 00a4 05       		.uleb128 0x5
 710 00a5 01       		.uleb128 0x1
 711 00a6 13       		.uleb128 0x13
 712 00a7 00       		.byte	0
 713 00a8 00       		.byte	0
 714 00a9 10       		.uleb128 0x10
 715 00aa 01       		.uleb128 0x1
 716 00ab 01       		.byte	0x1
 717 00ac 49       		.uleb128 0x49
 718 00ad 13       		.uleb128 0x13
 719 00ae 01       		.uleb128 0x1
 720 00af 13       		.uleb128 0x13
 721 00b0 00       		.byte	0
 722 00b1 00       		.byte	0
 723 00b2 11       		.uleb128 0x11
 724 00b3 21       		.uleb128 0x21
 725 00b4 00       		.byte	0
 726 00b5 49       		.uleb128 0x49
 727 00b6 13       		.uleb128 0x13
 728 00b7 2F       		.uleb128 0x2f
 729 00b8 0B       		.uleb128 0xb
 730 00b9 00       		.byte	0
 731 00ba 00       		.byte	0
 732 00bb 12       		.uleb128 0x12
 733 00bc 04       		.uleb128 0x4
 734 00bd 01       		.byte	0x1
 735 00be 0B       		.uleb128 0xb
 736 00bf 0B       		.uleb128 0xb
 737 00c0 49       		.uleb128 0x49
 738 00c1 13       		.uleb128 0x13
 739 00c2 3A       		.uleb128 0x3a
 740 00c3 0B       		.uleb128 0xb
 741 00c4 3B       		.uleb128 0x3b
ARM GAS  C:\Users\codyg\AppData\Local\Temp\ccWuaT85.s 			page 14


 742 00c5 0B       		.uleb128 0xb
 743 00c6 01       		.uleb128 0x1
 744 00c7 13       		.uleb128 0x13
 745 00c8 00       		.byte	0
 746 00c9 00       		.byte	0
 747 00ca 13       		.uleb128 0x13
 748 00cb 13       		.uleb128 0x13
 749 00cc 01       		.byte	0x1
 750 00cd 0B       		.uleb128 0xb
 751 00ce 0B       		.uleb128 0xb
 752 00cf 3A       		.uleb128 0x3a
 753 00d0 0B       		.uleb128 0xb
 754 00d1 3B       		.uleb128 0x3b
 755 00d2 0B       		.uleb128 0xb
 756 00d3 01       		.uleb128 0x1
 757 00d4 13       		.uleb128 0x13
 758 00d5 00       		.byte	0
 759 00d6 00       		.byte	0
 760 00d7 14       		.uleb128 0x14
 761 00d8 0D       		.uleb128 0xd
 762 00d9 00       		.byte	0
 763 00da 03       		.uleb128 0x3
 764 00db 0E       		.uleb128 0xe
 765 00dc 3A       		.uleb128 0x3a
 766 00dd 0B       		.uleb128 0xb
 767 00de 3B       		.uleb128 0x3b
 768 00df 0B       		.uleb128 0xb
 769 00e0 49       		.uleb128 0x49
 770 00e1 13       		.uleb128 0x13
 771 00e2 38       		.uleb128 0x38
 772 00e3 0B       		.uleb128 0xb
 773 00e4 00       		.byte	0
 774 00e5 00       		.byte	0
 775 00e6 15       		.uleb128 0x15
 776 00e7 26       		.uleb128 0x26
 777 00e8 00       		.byte	0
 778 00e9 49       		.uleb128 0x49
 779 00ea 13       		.uleb128 0x13
 780 00eb 00       		.byte	0
 781 00ec 00       		.byte	0
 782 00ed 16       		.uleb128 0x16
 783 00ee 34       		.uleb128 0x34
 784 00ef 00       		.byte	0
 785 00f0 03       		.uleb128 0x3
 786 00f1 0E       		.uleb128 0xe
 787 00f2 3A       		.uleb128 0x3a
 788 00f3 0B       		.uleb128 0xb
 789 00f4 3B       		.uleb128 0x3b
 790 00f5 05       		.uleb128 0x5
 791 00f6 49       		.uleb128 0x49
 792 00f7 13       		.uleb128 0x13
 793 00f8 3F       		.uleb128 0x3f
 794 00f9 19       		.uleb128 0x19
 795 00fa 3C       		.uleb128 0x3c
 796 00fb 19       		.uleb128 0x19
 797 00fc 00       		.byte	0
 798 00fd 00       		.byte	0
ARM GAS  C:\Users\codyg\AppData\Local\Temp\ccWuaT85.s 			page 15


 799 00fe 17       		.uleb128 0x17
 800 00ff 34       		.uleb128 0x34
 801 0100 00       		.byte	0
 802 0101 03       		.uleb128 0x3
 803 0102 0E       		.uleb128 0xe
 804 0103 3A       		.uleb128 0x3a
 805 0104 0B       		.uleb128 0xb
 806 0105 3B       		.uleb128 0x3b
 807 0106 0B       		.uleb128 0xb
 808 0107 49       		.uleb128 0x49
 809 0108 13       		.uleb128 0x13
 810 0109 3F       		.uleb128 0x3f
 811 010a 19       		.uleb128 0x19
 812 010b 3C       		.uleb128 0x3c
 813 010c 19       		.uleb128 0x19
 814 010d 00       		.byte	0
 815 010e 00       		.byte	0
 816 010f 00       		.byte	0
 817              		.section	.debug_aranges,"",%progbits
 818 0000 14000000 		.4byte	0x14
 819 0004 0200     		.2byte	0x2
 820 0006 00000000 		.4byte	.Ldebug_info0
 821 000a 04       		.byte	0x4
 822 000b 00       		.byte	0
 823 000c 0000     		.2byte	0
 824 000e 0000     		.2byte	0
 825 0010 00000000 		.4byte	0
 826 0014 00000000 		.4byte	0
 827              		.section	.debug_line,"",%progbits
 828              	.Ldebug_line0:
 829 0000 55020000 		.section	.debug_str,"MS",%progbits,1
 829      02004F02 
 829      00000201 
 829      FB0E0D00 
 829      01010101 
 830              	.LASF81:
 831 0000 4144435F 		.ascii	"ADC_currentConfig\000"
 831      63757272 
 831      656E7443 
 831      6F6E6669 
 831      6700
 832              	.LASF35:
 833 0012 43595F53 		.ascii	"CY_SAR_RANGE_COND_OUTSIDE\000"
 833      41525F52 
 833      414E4745 
 833      5F434F4E 
 833      445F4F55 
 834              	.LASF71:
 835 002c 6E756D43 		.ascii	"numChannels\000"
 835      68616E6E 
 835      656C7300 
 836              	.LASF63:
 837 0038 43595F42 		.ascii	"CY_BLE_CONN_STATE_CONNECTED\000"
 837      4C455F43 
 837      4F4E4E5F 
 837      53544154 
 837      455F434F 
ARM GAS  C:\Users\codyg\AppData\Local\Temp\ccWuaT85.s 			page 16


 838              	.LASF24:
 839 0054 72784275 		.ascii	"rxBufSize\000"
 839      6653697A 
 839      6500
 840              	.LASF60:
 841 005e 63795F65 		.ascii	"cy_en_ble_adv_state_t\000"
 841      6E5F626C 
 841      655F6164 
 841      765F7374 
 841      6174655F 
 842              	.LASF0:
 843 0074 73686F72 		.ascii	"short int\000"
 843      7420696E 
 843      7400
 844              	.LASF15:
 845 007e 73697A65 		.ascii	"sizetype\000"
 845      74797065 
 845      00
 846              	.LASF46:
 847 0087 73617449 		.ascii	"satIntrMask\000"
 847      6E74724D 
 847      61736B00 
 848              	.LASF38:
 849 0093 73616D70 		.ascii	"sampleCtrl\000"
 849      6C654374 
 849      726C00
 850              	.LASF75:
 851 009e 4144435F 		.ascii	"ADC_CONFIG_STRUCT\000"
 851      434F4E46 
 851      49475F53 
 851      54525543 
 851      5400
 852              	.LASF64:
 853 00b0 43595F42 		.ascii	"CY_BLE_CONN_STATE_CLIENT_SRVC_DISCOVERING\000"
 853      4C455F43 
 853      4F4E4E5F 
 853      53544154 
 853      455F434C 
 854              	.LASF31:
 855 00da 63795F73 		.ascii	"cy_stc_scb_spi_context_t\000"
 855      74635F73 
 855      63625F73 
 855      70695F63 
 855      6F6E7465 
 856              	.LASF41:
 857 00f3 72616E67 		.ascii	"rangeThres\000"
 857      65546872 
 857      657300
 858              	.LASF83:
 859 00fe 474E5520 		.ascii	"GNU C11 5.4.1 20160609 (release) [ARM/embedded-5-br"
 859      43313120 
 859      352E342E 
 859      31203230 
 859      31363036 
 860 0131 616E6368 		.ascii	"anch revision 237715] -mcpu=cortex-m4 -mfloat-abi=s"
 860      20726576 
 860      6973696F 
ARM GAS  C:\Users\codyg\AppData\Local\Temp\ccWuaT85.s 			page 17


 860      6E203233 
 860      37373135 
 861 0164 6F667466 		.ascii	"oftfp -mfpu=fpv4-sp-d16 -mthumb -g -Og -ffunction-s"
 861      70202D6D 
 861      6670753D 
 861      66707634 
 861      2D73702D 
 862 0197 65637469 		.ascii	"ections -ffat-lto-objects\000"
 862      6F6E7320 
 862      2D666661 
 862      742D6C74 
 862      6F2D6F62 
 863              	.LASF56:
 864 01b1 43595F42 		.ascii	"CY_BLE_ADV_STATE_STOPPED\000"
 864      4C455F41 
 864      44565F53 
 864      54415445 
 864      5F53544F 
 865              	.LASF7:
 866 01ca 5F5F7569 		.ascii	"__uint32_t\000"
 866      6E743332 
 866      5F7400
 867              	.LASF36:
 868 01d5 63795F65 		.ascii	"cy_en_sar_range_detect_condition_t\000"
 868      6E5F7361 
 868      725F7261 
 868      6E67655F 
 868      64657465 
 869              	.LASF62:
 870 01f8 43595F42 		.ascii	"CY_BLE_CONN_STATE_CLIENT_DISCONNECTED_DISCOVERED\000"
 870      4C455F43 
 870      4F4E4E5F 
 870      53544154 
 870      455F434C 
 871              	.LASF66:
 872 0229 43595F42 		.ascii	"CY_BLE_CONN_STATE_CLIENT_CHAR_DISCOVERING\000"
 872      4C455F43 
 872      4F4E4E5F 
 872      53544154 
 872      455F434C 
 873              	.LASF25:
 874 0253 72784275 		.ascii	"rxBufIdx\000"
 874      66496478 
 874      00
 875              	.LASF42:
 876 025c 72616E67 		.ascii	"rangeCond\000"
 876      65436F6E 
 876      6400
 877              	.LASF12:
 878 0266 75696E74 		.ascii	"uint8_t\000"
 878      385F7400 
 879              	.LASF77:
 880 026e 63795F62 		.ascii	"cy_ble_advState\000"
 880      6C655F61 
 880      64765374 
 880      61746500 
 881              	.LASF74:
ARM GAS  C:\Users\codyg\AppData\Local\Temp\ccWuaT85.s 			page 18


 882 027e 636C6B44 		.ascii	"clkDivider\000"
 882      69766964 
 882      657200
 883              	.LASF21:
 884 0289 63795F63 		.ascii	"cy_cb_scb_spi_handle_events_t\000"
 884      625F7363 
 884      625F7370 
 884      695F6861 
 884      6E646C65 
 885              	.LASF61:
 886 02a7 43595F42 		.ascii	"CY_BLE_CONN_STATE_DISCONNECTED\000"
 886      4C455F43 
 886      4F4E4E5F 
 886      53544154 
 886      455F4449 
 887              	.LASF53:
 888 02c6 62644861 		.ascii	"bdHandle\000"
 888      6E646C65 
 888      00
 889              	.LASF50:
 890 02cf 636F6E66 		.ascii	"configRouting\000"
 890      6967526F 
 890      7574696E 
 890      6700
 891              	.LASF18:
 892 02dd 666C6F61 		.ascii	"float\000"
 892      7400
 893              	.LASF26:
 894 02e3 74784275 		.ascii	"txBuf\000"
 894      6600
 895              	.LASF32:
 896 02e9 43595F53 		.ascii	"CY_SAR_RANGE_COND_BELOW\000"
 896      41525F52 
 896      414E4745 
 896      5F434F4E 
 896      445F4245 
 897              	.LASF9:
 898 0301 6C6F6E67 		.ascii	"long long int\000"
 898      206C6F6E 
 898      6720696E 
 898      7400
 899              	.LASF78:
 900 030f 63795F62 		.ascii	"cy_ble_connHandle\000"
 900      6C655F63 
 900      6F6E6E48 
 900      616E646C 
 900      6500
 901              	.LASF65:
 902 0321 43595F42 		.ascii	"CY_BLE_CONN_STATE_CLIENT_INCL_DISCOVERING\000"
 902      4C455F43 
 902      4F4E4E5F 
 902      53544154 
 902      455F434C 
 903              	.LASF30:
 904 034b 696E6974 		.ascii	"initKey\000"
 904      4B657900 
 905              	.LASF27:
ARM GAS  C:\Users\codyg\AppData\Local\Temp\ccWuaT85.s 			page 19


 906 0353 74784275 		.ascii	"txBufSize\000"
 906      6653697A 
 906      6500
 907              	.LASF39:
 908 035d 73616D70 		.ascii	"sampleTime01\000"
 908      6C655469 
 908      6D653031 
 908      00
 909              	.LASF28:
 910 036a 74784275 		.ascii	"txBufIdx\000"
 910      66496478 
 910      00
 911              	.LASF4:
 912 0373 5F5F7569 		.ascii	"__uint8_t\000"
 912      6E74385F 
 912      7400
 913              	.LASF68:
 914 037d 43595F42 		.ascii	"CY_BLE_CONN_STATE_CLIENT_DISCOVERED\000"
 914      4C455F43 
 914      4F4E4E5F 
 914      53544154 
 914      455F434C 
 915              	.LASF16:
 916 03a1 6C6F6E67 		.ascii	"long double\000"
 916      20646F75 
 916      626C6500 
 917              	.LASF67:
 918 03ad 43595F42 		.ascii	"CY_BLE_CONN_STATE_CLIENT_DESCR_DISCOVERING\000"
 918      4C455F43 
 918      4F4E4E5F 
 918      53544154 
 918      455F434C 
 919              	.LASF2:
 920 03d8 756E7369 		.ascii	"unsigned char\000"
 920      676E6564 
 920      20636861 
 920      7200
 921              	.LASF59:
 922 03e6 43595F42 		.ascii	"CY_BLE_ADV_STATE_STOP_INITIATED\000"
 922      4C455F41 
 922      44565F53 
 922      54415445 
 922      5F53544F 
 923              	.LASF80:
 924 0406 43595F45 		.ascii	"CY_EINK_SPIM_context\000"
 924      494E4B5F 
 924      5350494D 
 924      5F636F6E 
 924      74657874 
 925              	.LASF84:
 926 041b 75617274 		.ascii	"uart_debug.c\000"
 926      5F646562 
 926      75672E63 
 926      00
 927              	.LASF1:
 928 0428 7369676E 		.ascii	"signed char\000"
 928      65642063 
ARM GAS  C:\Users\codyg\AppData\Local\Temp\ccWuaT85.s 			page 20


 928      68617200 
 929              	.LASF10:
 930 0434 6C6F6E67 		.ascii	"long long unsigned int\000"
 930      206C6F6E 
 930      6720756E 
 930      7369676E 
 930      65642069 
 931              	.LASF14:
 932 044b 75696E74 		.ascii	"uint32_t\000"
 932      33325F74 
 932      00
 933              	.LASF11:
 934 0454 756E7369 		.ascii	"unsigned int\000"
 934      676E6564 
 934      20696E74 
 934      00
 935              	.LASF49:
 936 0461 6D757853 		.ascii	"muxSwitchSqCtrl\000"
 936      77697463 
 936      68537143 
 936      74726C00 
 937              	.LASF54:
 938 0471 61747449 		.ascii	"attId\000"
 938      6400
 939              	.LASF22:
 940 0477 73746174 		.ascii	"status\000"
 940      757300
 941              	.LASF3:
 942 047e 73686F72 		.ascii	"short unsigned int\000"
 942      7420756E 
 942      7369676E 
 942      65642069 
 942      6E7400
 943              	.LASF23:
 944 0491 72784275 		.ascii	"rxBuf\000"
 944      6600
 945              	.LASF73:
 946 0497 6D697363 		.ascii	"miscConfig\000"
 946      436F6E66 
 946      696700
 947              	.LASF17:
 948 04a2 63686172 		.ascii	"char\000"
 948      00
 949              	.LASF48:
 950 04a7 6D757853 		.ascii	"muxSwitch\000"
 950      77697463 
 950      6800
 951              	.LASF29:
 952 04b1 63624576 		.ascii	"cbEvents\000"
 952      656E7473 
 952      00
 953              	.LASF34:
 954 04ba 43595F53 		.ascii	"CY_SAR_RANGE_COND_ABOVE\000"
 954      41525F52 
 954      414E4745 
 954      5F434F4E 
 954      445F4142 
ARM GAS  C:\Users\codyg\AppData\Local\Temp\ccWuaT85.s 			page 21


 955              	.LASF13:
 956 04d2 696E7433 		.ascii	"int32_t\000"
 956      325F7400 
 957              	.LASF82:
 958 04da 4144435F 		.ascii	"ADC_allConfigs\000"
 958      616C6C43 
 958      6F6E6669 
 958      677300
 959              	.LASF20:
 960 04e9 5F426F6F 		.ascii	"_Bool\000"
 960      6C00
 961              	.LASF72:
 962 04ef 6877436F 		.ascii	"hwConfigStc\000"
 962      6E666967 
 962      53746300 
 963              	.LASF85:
 964 04fb 433A5C55 		.ascii	"C:\\Users\\codyg\\git\\psoc6-realtime-processing\\B"
 964      73657273 
 964      5C636F64 
 964      79675C67 
 964      69745C70 
 965 0529 4C455F52 		.ascii	"LE_RTC_IMU.cydsn\\CE218138_BLE_Thermometer_RTOS01.c"
 965      54435F49 
 965      4D552E63 
 965      7964736E 
 965      5C434532 
 966 055b 7964736E 		.ascii	"ydsn\000"
 966      00
 967              	.LASF79:
 968 0560 63795F62 		.ascii	"cy_ble_connState\000"
 968      6C655F63 
 968      6F6E6E53 
 968      74617465 
 968      00
 969              	.LASF57:
 970 0571 43595F42 		.ascii	"CY_BLE_ADV_STATE_ADV_INITIATED\000"
 970      4C455F41 
 970      44565F53 
 970      54415445 
 970      5F414456 
 971              	.LASF8:
 972 0590 6C6F6E67 		.ascii	"long unsigned int\000"
 972      20756E73 
 972      69676E65 
 972      6420696E 
 972      7400
 973              	.LASF19:
 974 05a2 646F7562 		.ascii	"double\000"
 974      6C6500
 975              	.LASF86:
 976 05a9 63795F73 		.ascii	"cy_stc_scb_spi_context\000"
 976      74635F73 
 976      63625F73 
 976      70695F63 
 976      6F6E7465 
 977              	.LASF5:
 978 05c0 5F5F696E 		.ascii	"__int32_t\000"
ARM GAS  C:\Users\codyg\AppData\Local\Temp\ccWuaT85.s 			page 22


 978      7433325F 
 978      7400
 979              	.LASF33:
 980 05ca 43595F53 		.ascii	"CY_SAR_RANGE_COND_INSIDE\000"
 980      41525F52 
 980      414E4745 
 980      5F434F4E 
 980      445F494E 
 981              	.LASF44:
 982 05e3 6368616E 		.ascii	"chanConfig\000"
 982      436F6E66 
 982      696700
 983              	.LASF52:
 984 05ee 63795F73 		.ascii	"cy_stc_sar_config_t\000"
 984      74635F73 
 984      61725F63 
 984      6F6E6669 
 984      675F7400 
 985              	.LASF43:
 986 0602 6368616E 		.ascii	"chanEn\000"
 986      456E00
 987              	.LASF51:
 988 0609 76726566 		.ascii	"vrefMvValue\000"
 988      4D765661 
 988      6C756500 
 989              	.LASF69:
 990 0615 63795F65 		.ascii	"cy_en_ble_conn_state_t\000"
 990      6E5F626C 
 990      655F636F 
 990      6E6E5F73 
 990      74617465 
 991              	.LASF40:
 992 062c 73616D70 		.ascii	"sampleTime23\000"
 992      6C655469 
 992      6D653233 
 992      00
 993              	.LASF55:
 994 0639 63795F73 		.ascii	"cy_stc_ble_conn_handle_t\000"
 994      74635F62 
 994      6C655F63 
 994      6F6E6E5F 
 994      68616E64 
 995              	.LASF6:
 996 0652 6C6F6E67 		.ascii	"long int\000"
 996      20696E74 
 996      00
 997              	.LASF76:
 998 065b 49544D5F 		.ascii	"ITM_RxBuffer\000"
 998      52784275 
 998      66666572 
 998      00
 999              	.LASF58:
 1000 0668 43595F42 		.ascii	"CY_BLE_ADV_STATE_ADVERTISING\000"
 1000      4C455F41 
 1000      44565F53 
 1000      54415445 
 1000      5F414456 
ARM GAS  C:\Users\codyg\AppData\Local\Temp\ccWuaT85.s 			page 23


 1001              	.LASF37:
 1002 0685 6374726C 		.ascii	"ctrl\000"
 1002      00
 1003              	.LASF45:
 1004 068a 696E7472 		.ascii	"intrMask\000"
 1004      4D61736B 
 1004      00
 1005              	.LASF47:
 1006 0693 72616E67 		.ascii	"rangeIntrMask\000"
 1006      65496E74 
 1006      724D6173 
 1006      6B00
 1007              	.LASF70:
 1008 06a1 6368616E 		.ascii	"channelBase\000"
 1008      6E656C42 
 1008      61736500 
 1009              		.ident	"GCC: (GNU Tools for ARM Embedded Processors) 5.4.1 20160609 (release) [ARM/embedded-5-bran
