ARM GAS  C:\Users\codyg\AppData\Local\Temp\ccYO1Qrl.s 			page 1


   1              		.syntax unified
   2              		.cpu cortex-m4
   3              		.eabi_attribute 27, 1
   4              		.fpu fpv4-sp-d16
   5              		.eabi_attribute 20, 1
   6              		.eabi_attribute 21, 1
   7              		.eabi_attribute 23, 3
   8              		.eabi_attribute 24, 1
   9              		.eabi_attribute 25, 1
  10              		.eabi_attribute 26, 1
  11              		.eabi_attribute 30, 1
  12              		.eabi_attribute 34, 1
  13              		.eabi_attribute 18, 4
  14              		.thumb
  15              		.syntax unified
  16              		.file	"cyfitter_sysint_cfg.c"
  17              		.text
  18              	.Ltext0:
  19              		.cfi_sections	.debug_frame
  20              		.global	SysInt_ImuDataReadyINT_cfg
  21              		.global	SysInt_1ms_cfg
  22              		.global	UART_1_SCB_IRQ_cfg
  23              		.global	I2C_1_SCB_IRQ_cfg
  24              		.global	RTC_RTC_IRQ_cfg
  25              		.section	.rodata
  26              		.align	2
  27              		.type	SysInt_ImuDataReadyINT_cfg, %object
  28              		.size	SysInt_ImuDataReadyINT_cfg, 8
  29              	SysInt_ImuDataReadyINT_cfg:
  30 0000 7A00     		.short	122
  31 0002 0000     		.space	2
  32 0004 07000000 		.word	7
  33              		.type	SysInt_1ms_cfg, %object
  34              		.size	SysInt_1ms_cfg, 8
  35              	SysInt_1ms_cfg:
  36 0008 5A00     		.short	90
  37 000a 0000     		.space	2
  38 000c 07000000 		.word	7
  39              		.type	UART_1_SCB_IRQ_cfg, %object
  40              		.size	UART_1_SCB_IRQ_cfg, 8
  41              	UART_1_SCB_IRQ_cfg:
  42 0010 2E00     		.short	46
  43 0012 0000     		.space	2
  44 0014 07000000 		.word	7
  45              		.type	I2C_1_SCB_IRQ_cfg, %object
  46              		.size	I2C_1_SCB_IRQ_cfg, 8
  47              	I2C_1_SCB_IRQ_cfg:
  48 0018 2C00     		.short	44
  49 001a 0000     		.space	2
  50 001c 07000000 		.word	7
  51              		.type	RTC_RTC_IRQ_cfg, %object
  52              		.size	RTC_RTC_IRQ_cfg, 8
  53              	RTC_RTC_IRQ_cfg:
  54 0020 1500     		.short	21
  55 0022 0000     		.space	2
  56 0024 07000000 		.word	7
  57              		.text
ARM GAS  C:\Users\codyg\AppData\Local\Temp\ccYO1Qrl.s 			page 2


  58              	.Letext0:
  59              		.file 1 "Generated_Source\\PSoC6\\pdl\\devices/psoc6/psoc63/include/cy8c6347bzi_bld53.h"
  60              		.file 2 "c:\\program files (x86)\\cypress\\psoc creator\\4.2\\psoc creator\\import\\gnu\\arm\\5.4.
  61              		.file 3 "c:\\program files (x86)\\cypress\\psoc creator\\4.2\\psoc creator\\import\\gnu\\arm\\5.4.
  62              		.file 4 "Generated_Source\\PSoC6\\pdl\\drivers/peripheral/sysint/cy_sysint.h"
  63              		.file 5 "Generated_Source\\PSoC6\\pdl\\cmsis/include/core_cm4.h"
  64              		.file 6 "Generated_Source\\PSoC6\\cyfitter_sysint_cfg.c"
  65              		.section	.debug_info,"",%progbits
  66              	.Ldebug_info0:
  67 0000 12050000 		.4byte	0x512
  68 0004 0400     		.2byte	0x4
  69 0006 00000000 		.4byte	.Ldebug_abbrev0
  70 000a 04       		.byte	0x4
  71 000b 01       		.uleb128 0x1
  72 000c 79090000 		.4byte	.LASF186
  73 0010 0C       		.byte	0xc
  74 0011 B30D0000 		.4byte	.LASF187
  75 0015 71110000 		.4byte	.LASF188
  76 0019 00000000 		.4byte	.Ldebug_line0
  77 001d 02       		.uleb128 0x2
  78 001e 02       		.byte	0x2
  79 001f DE030000 		.4byte	0x3de
  80 0023 01       		.byte	0x1
  81 0024 24       		.byte	0x24
  82 0025 DE030000 		.4byte	0x3de
  83 0029 03       		.uleb128 0x3
  84 002a 4D020000 		.4byte	.LASF0
  85 002e 71       		.sleb128 -15
  86 002f 03       		.uleb128 0x3
  87 0030 680E0000 		.4byte	.LASF1
  88 0034 72       		.sleb128 -14
  89 0035 03       		.uleb128 0x3
  90 0036 E10E0000 		.4byte	.LASF2
  91 003a 73       		.sleb128 -13
  92 003b 03       		.uleb128 0x3
  93 003c 9E0A0000 		.4byte	.LASF3
  94 0040 74       		.sleb128 -12
  95 0041 03       		.uleb128 0x3
  96 0042 00050000 		.4byte	.LASF4
  97 0046 75       		.sleb128 -11
  98 0047 03       		.uleb128 0x3
  99 0048 100D0000 		.4byte	.LASF5
 100 004c 76       		.sleb128 -10
 101 004d 03       		.uleb128 0x3
 102 004e C0060000 		.4byte	.LASF6
 103 0052 7B       		.sleb128 -5
 104 0053 03       		.uleb128 0x3
 105 0054 0C0F0000 		.4byte	.LASF7
 106 0058 7C       		.sleb128 -4
 107 0059 03       		.uleb128 0x3
 108 005a 310E0000 		.4byte	.LASF8
 109 005e 7E       		.sleb128 -2
 110 005f 03       		.uleb128 0x3
 111 0060 B5070000 		.4byte	.LASF9
 112 0064 7F       		.sleb128 -1
 113 0065 04       		.uleb128 0x4
 114 0066 C6010000 		.4byte	.LASF10
ARM GAS  C:\Users\codyg\AppData\Local\Temp\ccYO1Qrl.s 			page 3


 115 006a 00       		.byte	0
 116 006b 04       		.uleb128 0x4
 117 006c C50E0000 		.4byte	.LASF11
 118 0070 01       		.byte	0x1
 119 0071 04       		.uleb128 0x4
 120 0072 1B000000 		.4byte	.LASF12
 121 0076 02       		.byte	0x2
 122 0077 04       		.uleb128 0x4
 123 0078 FD0D0000 		.4byte	.LASF13
 124 007c 03       		.byte	0x3
 125 007d 04       		.uleb128 0x4
 126 007e 08100000 		.4byte	.LASF14
 127 0082 04       		.byte	0x4
 128 0083 04       		.uleb128 0x4
 129 0084 85050000 		.4byte	.LASF15
 130 0088 05       		.byte	0x5
 131 0089 04       		.uleb128 0x4
 132 008a 66070000 		.4byte	.LASF16
 133 008e 06       		.byte	0x6
 134 008f 04       		.uleb128 0x4
 135 0090 40090000 		.4byte	.LASF17
 136 0094 07       		.byte	0x7
 137 0095 04       		.uleb128 0x4
 138 0096 EA110000 		.4byte	.LASF18
 139 009a 08       		.byte	0x8
 140 009b 04       		.uleb128 0x4
 141 009c 02020000 		.4byte	.LASF19
 142 00a0 09       		.byte	0x9
 143 00a1 04       		.uleb128 0x4
 144 00a2 D50B0000 		.4byte	.LASF20
 145 00a6 0A       		.byte	0xa
 146 00a7 04       		.uleb128 0x4
 147 00a8 810A0000 		.4byte	.LASF21
 148 00ac 0B       		.byte	0xb
 149 00ad 04       		.uleb128 0x4
 150 00ae 38100000 		.4byte	.LASF22
 151 00b2 0C       		.byte	0xc
 152 00b3 04       		.uleb128 0x4
 153 00b4 D3050000 		.4byte	.LASF23
 154 00b8 0D       		.byte	0xd
 155 00b9 04       		.uleb128 0x4
 156 00ba 98070000 		.4byte	.LASF24
 157 00be 0E       		.byte	0xe
 158 00bf 04       		.uleb128 0x4
 159 00c0 33040000 		.4byte	.LASF25
 160 00c4 0F       		.byte	0xf
 161 00c5 04       		.uleb128 0x4
 162 00c6 A5100000 		.4byte	.LASF26
 163 00ca 10       		.byte	0x10
 164 00cb 04       		.uleb128 0x4
 165 00cc 30030000 		.4byte	.LASF27
 166 00d0 11       		.byte	0x11
 167 00d1 04       		.uleb128 0x4
 168 00d2 7A000000 		.4byte	.LASF28
 169 00d6 12       		.byte	0x12
 170 00d7 04       		.uleb128 0x4
 171 00d8 4C040000 		.4byte	.LASF29
ARM GAS  C:\Users\codyg\AppData\Local\Temp\ccYO1Qrl.s 			page 4


 172 00dc 13       		.byte	0x13
 173 00dd 04       		.uleb128 0x4
 174 00de 55060000 		.4byte	.LASF30
 175 00e2 14       		.byte	0x14
 176 00e3 04       		.uleb128 0x4
 177 00e4 F4100000 		.4byte	.LASF31
 178 00e8 15       		.byte	0x15
 179 00e9 04       		.uleb128 0x4
 180 00ea 66000000 		.4byte	.LASF32
 181 00ee 16       		.byte	0x16
 182 00ef 04       		.uleb128 0x4
 183 00f0 3A050000 		.4byte	.LASF33
 184 00f4 17       		.byte	0x17
 185 00f5 04       		.uleb128 0x4
 186 00f6 C2000000 		.4byte	.LASF34
 187 00fa 18       		.byte	0x18
 188 00fb 04       		.uleb128 0x4
 189 00fc 310F0000 		.4byte	.LASF35
 190 0100 19       		.byte	0x19
 191 0101 04       		.uleb128 0x4
 192 0102 F9060000 		.4byte	.LASF36
 193 0106 1A       		.byte	0x1a
 194 0107 04       		.uleb128 0x4
 195 0108 C2080000 		.4byte	.LASF37
 196 010c 1B       		.byte	0x1b
 197 010d 04       		.uleb128 0x4
 198 010e 9F0B0000 		.4byte	.LASF38
 199 0112 1C       		.byte	0x1c
 200 0113 04       		.uleb128 0x4
 201 0114 1C010000 		.4byte	.LASF39
 202 0118 1D       		.byte	0x1d
 203 0119 04       		.uleb128 0x4
 204 011a 83030000 		.4byte	.LASF40
 205 011e 1E       		.byte	0x1e
 206 011f 04       		.uleb128 0x4
 207 0120 A1050000 		.4byte	.LASF41
 208 0124 1F       		.byte	0x1f
 209 0125 04       		.uleb128 0x4
 210 0126 320D0000 		.4byte	.LASF42
 211 012a 20       		.byte	0x20
 212 012b 04       		.uleb128 0x4
 213 012c 820F0000 		.4byte	.LASF43
 214 0130 21       		.byte	0x21
 215 0131 04       		.uleb128 0x4
 216 0132 06120000 		.4byte	.LASF44
 217 0136 22       		.byte	0x22
 218 0137 04       		.uleb128 0x4
 219 0138 0F110000 		.4byte	.LASF45
 220 013c 23       		.byte	0x23
 221 013d 04       		.uleb128 0x4
 222 013e 38010000 		.4byte	.LASF46
 223 0142 24       		.byte	0x24
 224 0143 04       		.uleb128 0x4
 225 0144 BB030000 		.4byte	.LASF47
 226 0148 25       		.byte	0x25
 227 0149 04       		.uleb128 0x4
 228 014a 38120000 		.4byte	.LASF48
ARM GAS  C:\Users\codyg\AppData\Local\Temp\ccYO1Qrl.s 			page 5


 229 014e 26       		.byte	0x26
 230 014f 04       		.uleb128 0x4
 231 0150 6A0D0000 		.4byte	.LASF49
 232 0154 27       		.byte	0x27
 233 0155 04       		.uleb128 0x4
 234 0156 BA0F0000 		.4byte	.LASF50
 235 015a 28       		.byte	0x28
 236 015b 04       		.uleb128 0x4
 237 015c ED000000 		.4byte	.LASF51
 238 0160 29       		.byte	0x29
 239 0161 04       		.uleb128 0x4
 240 0162 0E050000 		.4byte	.LASF52
 241 0166 2A       		.byte	0x2a
 242 0167 04       		.uleb128 0x4
 243 0168 53050000 		.4byte	.LASF53
 244 016c 2B       		.byte	0x2b
 245 016d 04       		.uleb128 0x4
 246 016e 3D0E0000 		.4byte	.LASF54
 247 0172 2C       		.byte	0x2c
 248 0173 04       		.uleb128 0x4
 249 0174 2B090000 		.4byte	.LASF55
 250 0178 2D       		.byte	0x2d
 251 0179 04       		.uleb128 0x4
 252 017a 37000000 		.4byte	.LASF56
 253 017e 2E       		.byte	0x2e
 254 017f 04       		.uleb128 0x4
 255 0180 A10E0000 		.4byte	.LASF57
 256 0184 2F       		.byte	0x2f
 257 0185 04       		.uleb128 0x4
 258 0186 C6040000 		.4byte	.LASF58
 259 018a 30       		.byte	0x30
 260 018b 04       		.uleb128 0x4
 261 018c 1E0F0000 		.4byte	.LASF59
 262 0190 31       		.byte	0x31
 263 0191 04       		.uleb128 0x4
 264 0192 89100000 		.4byte	.LASF60
 265 0196 32       		.byte	0x32
 266 0197 04       		.uleb128 0x4
 267 0198 8F000000 		.4byte	.LASF61
 268 019c 33       		.byte	0x33
 269 019d 04       		.uleb128 0x4
 270 019e FD020000 		.4byte	.LASF62
 271 01a2 34       		.byte	0x34
 272 01a3 04       		.uleb128 0x4
 273 01a4 650A0000 		.4byte	.LASF63
 274 01a8 35       		.byte	0x35
 275 01a9 04       		.uleb128 0x4
 276 01aa 17040000 		.4byte	.LASF64
 277 01ae 36       		.byte	0x36
 278 01af 04       		.uleb128 0x4
 279 01b0 F00E0000 		.4byte	.LASF65
 280 01b4 37       		.byte	0x37
 281 01b5 04       		.uleb128 0x4
 282 01b6 8A040000 		.4byte	.LASF66
 283 01ba 38       		.byte	0x38
 284 01bb 04       		.uleb128 0x4
 285 01bc 48110000 		.4byte	.LASF67
ARM GAS  C:\Users\codyg\AppData\Local\Temp\ccYO1Qrl.s 			page 6


 286 01c0 39       		.byte	0x39
 287 01c1 04       		.uleb128 0x4
 288 01c2 5F080000 		.4byte	.LASF68
 289 01c6 3A       		.byte	0x3a
 290 01c7 04       		.uleb128 0x4
 291 01c8 360B0000 		.4byte	.LASF69
 292 01cc 3B       		.byte	0x3b
 293 01cd 04       		.uleb128 0x4
 294 01ce 8B080000 		.4byte	.LASF70
 295 01d2 3C       		.byte	0x3c
 296 01d3 04       		.uleb128 0x4
 297 01d4 680B0000 		.4byte	.LASF71
 298 01d8 3D       		.byte	0x3d
 299 01d9 04       		.uleb128 0x4
 300 01da E00D0000 		.4byte	.LASF72
 301 01de 3E       		.byte	0x3e
 302 01df 04       		.uleb128 0x4
 303 01e0 5C090000 		.4byte	.LASF73
 304 01e4 3F       		.byte	0x3f
 305 01e5 04       		.uleb128 0x4
 306 01e6 68050000 		.4byte	.LASF74
 307 01ea 40       		.byte	0x40
 308 01eb 04       		.uleb128 0x4
 309 01ec 49070000 		.4byte	.LASF75
 310 01f0 41       		.byte	0x41
 311 01f1 04       		.uleb128 0x4
 312 01f2 030B0000 		.4byte	.LASF76
 313 01f6 42       		.byte	0x42
 314 01f7 04       		.uleb128 0x4
 315 01f8 4E0D0000 		.4byte	.LASF77
 316 01fc 43       		.byte	0x43
 317 01fd 04       		.uleb128 0x4
 318 01fe 9E0F0000 		.4byte	.LASF78
 319 0202 44       		.byte	0x44
 320 0203 04       		.uleb128 0x4
 321 0204 5E0C0000 		.4byte	.LASF79
 322 0208 45       		.byte	0x45
 323 0209 04       		.uleb128 0x4
 324 020a 15070000 		.4byte	.LASF80
 325 020e 46       		.byte	0x46
 326 020f 04       		.uleb128 0x4
 327 0210 DE080000 		.4byte	.LASF81
 328 0214 47       		.byte	0x47
 329 0215 04       		.uleb128 0x4
 330 0216 2C110000 		.4byte	.LASF82
 331 021a 48       		.byte	0x48
 332 021b 04       		.uleb128 0x4
 333 021c 9F030000 		.4byte	.LASF83
 334 0220 49       		.byte	0x49
 335 0221 04       		.uleb128 0x4
 336 0222 D8030000 		.4byte	.LASF84
 337 0226 4A       		.byte	0x4a
 338 0227 04       		.uleb128 0x4
 339 0228 E1020000 		.4byte	.LASF85
 340 022c 4B       		.byte	0x4b
 341 022d 04       		.uleb128 0x4
 342 022e D7100000 		.4byte	.LASF86
ARM GAS  C:\Users\codyg\AppData\Local\Temp\ccYO1Qrl.s 			page 7


 343 0232 4C       		.byte	0x4c
 344 0233 04       		.uleb128 0x4
 345 0234 940C0000 		.4byte	.LASF87
 346 0238 4D       		.byte	0x4d
 347 0239 04       		.uleb128 0x4
 348 023a 6C100000 		.4byte	.LASF88
 349 023e 4E       		.byte	0x4e
 350 023f 04       		.uleb128 0x4
 351 0240 26060000 		.4byte	.LASF89
 352 0244 4F       		.byte	0x4f
 353 0245 04       		.uleb128 0x4
 354 0246 C2070000 		.4byte	.LASF90
 355 024a 50       		.byte	0x50
 356 024b 04       		.uleb128 0x4
 357 024c 2C0A0000 		.4byte	.LASF91
 358 0250 51       		.byte	0x51
 359 0251 04       		.uleb128 0x4
 360 0252 A2060000 		.4byte	.LASF92
 361 0256 52       		.byte	0x52
 362 0257 04       		.uleb128 0x4
 363 0258 C3020000 		.4byte	.LASF93
 364 025c 53       		.byte	0x53
 365 025d 04       		.uleb128 0x4
 366 025e 73020000 		.4byte	.LASF94
 367 0262 54       		.byte	0x54
 368 0263 04       		.uleb128 0x4
 369 0264 31070000 		.4byte	.LASF95
 370 0268 55       		.byte	0x55
 371 0269 04       		.uleb128 0x4
 372 026a CA110000 		.4byte	.LASF96
 373 026e 56       		.byte	0x56
 374 026f 04       		.uleb128 0x4
 375 0270 E2010000 		.4byte	.LASF97
 376 0274 57       		.byte	0x57
 377 0275 04       		.uleb128 0x4
 378 0276 230C0000 		.4byte	.LASF98
 379 027a 58       		.byte	0x58
 380 027b 04       		.uleb128 0x4
 381 027c A6040000 		.4byte	.LASF99
 382 0280 59       		.byte	0x59
 383 0281 04       		.uleb128 0x4
 384 0282 BD100000 		.4byte	.LASF100
 385 0286 5A       		.byte	0x5a
 386 0287 04       		.uleb128 0x4
 387 0288 71060000 		.4byte	.LASF101
 388 028c 5B       		.byte	0x5b
 389 028d 04       		.uleb128 0x4
 390 028e FA070000 		.4byte	.LASF102
 391 0292 5C       		.byte	0x5c
 392 0293 04       		.uleb128 0x4
 393 0294 B40A0000 		.4byte	.LASF103
 394 0298 5D       		.byte	0x5d
 395 0299 04       		.uleb128 0x4
 396 029a 4C000000 		.4byte	.LASF104
 397 029e 5E       		.byte	0x5e
 398 029f 04       		.uleb128 0x4
 399 02a0 A9020000 		.4byte	.LASF105
ARM GAS  C:\Users\codyg\AppData\Local\Temp\ccYO1Qrl.s 			page 8


 400 02a4 5F       		.byte	0x5f
 401 02a5 04       		.uleb128 0x4
 402 02a6 DB040000 		.4byte	.LASF106
 403 02aa 60       		.byte	0x60
 404 02ab 04       		.uleb128 0x4
 405 02ac 7A0C0000 		.4byte	.LASF107
 406 02b0 61       		.byte	0x61
 407 02b1 04       		.uleb128 0x4
 408 02b2 46030000 		.4byte	.LASF108
 409 02b6 62       		.byte	0x62
 410 02b7 04       		.uleb128 0x4
 411 02b8 E90A0000 		.4byte	.LASF109
 412 02bc 63       		.byte	0x63
 413 02bd 04       		.uleb128 0x4
 414 02be F60C0000 		.4byte	.LASF110
 415 02c2 64       		.byte	0x64
 416 02c3 04       		.uleb128 0x4
 417 02c4 680F0000 		.4byte	.LASF111
 418 02c8 65       		.byte	0x65
 419 02c9 04       		.uleb128 0x4
 420 02ca B0110000 		.4byte	.LASF112
 421 02ce 66       		.byte	0x66
 422 02cf 04       		.uleb128 0x4
 423 02d0 DF060000 		.4byte	.LASF113
 424 02d4 67       		.byte	0x67
 425 02d5 04       		.uleb128 0x4
 426 02d6 A8080000 		.4byte	.LASF114
 427 02da 68       		.byte	0x68
 428 02db 04       		.uleb128 0x4
 429 02dc 850B0000 		.4byte	.LASF115
 430 02e0 69       		.byte	0x69
 431 02e1 04       		.uleb128 0x4
 432 02e2 02010000 		.4byte	.LASF116
 433 02e6 6A       		.byte	0x6a
 434 02e7 04       		.uleb128 0x4
 435 02e8 69030000 		.4byte	.LASF117
 436 02ec 6B       		.byte	0x6b
 437 02ed 04       		.uleb128 0x4
 438 02ee AB010000 		.4byte	.LASF118
 439 02f2 6C       		.byte	0x6c
 440 02f3 04       		.uleb128 0x4
 441 02f4 FC030000 		.4byte	.LASF119
 442 02f8 6D       		.byte	0x6d
 443 02f9 04       		.uleb128 0x4
 444 02fa 0B060000 		.4byte	.LASF120
 445 02fe 6E       		.byte	0x6e
 446 02ff 04       		.uleb128 0x4
 447 0300 14080000 		.4byte	.LASF121
 448 0304 6F       		.byte	0x6f
 449 0305 04       		.uleb128 0x4
 450 0306 ED0F0000 		.4byte	.LASF122
 451 030a 70       		.byte	0x70
 452 030b 04       		.uleb128 0x4
 453 030c 00000000 		.4byte	.LASF123
 454 0310 71       		.byte	0x71
 455 0311 04       		.uleb128 0x4
 456 0312 58020000 		.4byte	.LASF124
ARM GAS  C:\Users\codyg\AppData\Local\Temp\ccYO1Qrl.s 			page 9


 457 0316 72       		.byte	0x72
 458 0317 04       		.uleb128 0x4
 459 0318 10090000 		.4byte	.LASF125
 460 031c 73       		.byte	0x73
 461 031d 04       		.uleb128 0x4
 462 031e 430C0000 		.4byte	.LASF126
 463 0322 74       		.byte	0x74
 464 0323 04       		.uleb128 0x4
 465 0324 860E0000 		.4byte	.LASF127
 466 0328 75       		.byte	0x75
 467 0329 04       		.uleb128 0x4
 468 032a CE0A0000 		.4byte	.LASF128
 469 032e 76       		.byte	0x76
 470 032f 04       		.uleb128 0x4
 471 0330 D20C0000 		.4byte	.LASF129
 472 0334 77       		.byte	0x77
 473 0335 04       		.uleb128 0x4
 474 0336 4D0F0000 		.4byte	.LASF130
 475 033a 78       		.byte	0x78
 476 033b 04       		.uleb128 0x4
 477 033c DF070000 		.4byte	.LASF131
 478 0340 79       		.byte	0x79
 479 0341 04       		.uleb128 0x4
 480 0342 55010000 		.4byte	.LASF132
 481 0346 7A       		.byte	0x7a
 482 0347 04       		.uleb128 0x4
 483 0348 D7000000 		.4byte	.LASF133
 484 034c 7B       		.byte	0x7b
 485 034d 04       		.uleb128 0x4
 486 034e BD050000 		.4byte	.LASF134
 487 0352 7C       		.byte	0x7c
 488 0353 04       		.uleb128 0x4
 489 0354 82070000 		.4byte	.LASF135
 490 0358 7D       		.byte	0x7d
 491 0359 04       		.uleb128 0x4
 492 035a D70F0000 		.4byte	.LASF136
 493 035e 7E       		.byte	0x7e
 494 035f 04       		.uleb128 0x4
 495 0360 22120000 		.4byte	.LASF137
 496 0364 7F       		.byte	0x7f
 497 0365 04       		.uleb128 0x4
 498 0366 37020000 		.4byte	.LASF138
 499 036a 80       		.byte	0x80
 500 036b 04       		.uleb128 0x4
 501 036c FA080000 		.4byte	.LASF139
 502 0370 81       		.byte	0x81
 503 0371 04       		.uleb128 0x4
 504 0372 F20B0000 		.4byte	.LASF140
 505 0376 82       		.byte	0x82
 506 0377 04       		.uleb128 0x4
 507 0378 520E0000 		.4byte	.LASF141
 508 037c 83       		.byte	0x83
 509 037d 04       		.uleb128 0x4
 510 037e 48080000 		.4byte	.LASF142
 511 0382 84       		.byte	0x84
 512 0383 04       		.uleb128 0x4
 513 0384 1F0B0000 		.4byte	.LASF143
ARM GAS  C:\Users\codyg\AppData\Local\Temp\ccYO1Qrl.s 			page 10


 514 0388 85       		.byte	0x85
 515 0389 04       		.uleb128 0x4
 516 038a AB000000 		.4byte	.LASF144
 517 038e 86       		.byte	0x86
 518 038f 04       		.uleb128 0x4
 519 0390 19030000 		.4byte	.LASF145
 520 0394 87       		.byte	0x87
 521 0395 04       		.uleb128 0x4
 522 0396 23050000 		.4byte	.LASF146
 523 039a 88       		.byte	0x88
 524 039b 04       		.uleb128 0x4
 525 039c B10C0000 		.4byte	.LASF147
 526 03a0 89       		.byte	0x89
 527 03a1 04       		.uleb128 0x4
 528 03a2 190E0000 		.4byte	.LASF148
 529 03a6 8A       		.byte	0x8a
 530 03a7 04       		.uleb128 0x4
 531 03a8 6F040000 		.4byte	.LASF149
 532 03ac 8B       		.byte	0x8b
 533 03ad 04       		.uleb128 0x4
 534 03ae 870D0000 		.4byte	.LASF150
 535 03b2 8C       		.byte	0x8c
 536 03b3 04       		.uleb128 0x4
 537 03b4 55100000 		.4byte	.LASF151
 538 03b8 8D       		.byte	0x8d
 539 03b9 04       		.uleb128 0x4
 540 03ba 24100000 		.4byte	.LASF152
 541 03be 8E       		.byte	0x8e
 542 03bf 04       		.uleb128 0x4
 543 03c0 490A0000 		.4byte	.LASF153
 544 03c4 8F       		.byte	0x8f
 545 03c5 04       		.uleb128 0x4
 546 03c6 8B060000 		.4byte	.LASF154
 547 03ca 90       		.byte	0x90
 548 03cb 04       		.uleb128 0x4
 549 03cc 95010000 		.4byte	.LASF155
 550 03d0 91       		.byte	0x91
 551 03d1 04       		.uleb128 0x4
 552 03d2 1E020000 		.4byte	.LASF156
 553 03d6 92       		.byte	0x92
 554 03d7 04       		.uleb128 0x4
 555 03d8 080C0000 		.4byte	.LASF157
 556 03dc F0       		.byte	0xf0
 557 03dd 00       		.byte	0
 558 03de 05       		.uleb128 0x5
 559 03df 02       		.byte	0x2
 560 03e0 05       		.byte	0x5
 561 03e1 190C0000 		.4byte	.LASF158
 562 03e5 06       		.uleb128 0x6
 563 03e6 C80C0000 		.4byte	.LASF162
 564 03ea 01       		.byte	0x1
 565 03eb F4       		.byte	0xf4
 566 03ec 1D000000 		.4byte	0x1d
 567 03f0 05       		.uleb128 0x5
 568 03f1 01       		.byte	0x1
 569 03f2 06       		.byte	0x6
 570 03f3 9D020000 		.4byte	.LASF159
ARM GAS  C:\Users\codyg\AppData\Local\Temp\ccYO1Qrl.s 			page 11


 571 03f7 05       		.uleb128 0x5
 572 03f8 01       		.byte	0x1
 573 03f9 08       		.byte	0x8
 574 03fa 5A0B0000 		.4byte	.LASF160
 575 03fe 05       		.uleb128 0x5
 576 03ff 02       		.byte	0x2
 577 0400 07       		.byte	0x7
 578 0401 CC060000 		.4byte	.LASF161
 579 0405 06       		.uleb128 0x6
 580 0406 7C0E0000 		.4byte	.LASF163
 581 040a 02       		.byte	0x2
 582 040b 3F       		.byte	0x3f
 583 040c 10040000 		.4byte	0x410
 584 0410 05       		.uleb128 0x5
 585 0411 04       		.byte	0x4
 586 0412 05       		.byte	0x5
 587 0413 60030000 		.4byte	.LASF164
 588 0417 06       		.uleb128 0x6
 589 0418 F5040000 		.4byte	.LASF165
 590 041c 02       		.byte	0x2
 591 041d 41       		.byte	0x41
 592 041e 22040000 		.4byte	0x422
 593 0422 05       		.uleb128 0x5
 594 0423 04       		.byte	0x4
 595 0424 07       		.byte	0x7
 596 0425 43060000 		.4byte	.LASF166
 597 0429 05       		.uleb128 0x5
 598 042a 08       		.byte	0x8
 599 042b 05       		.byte	0x5
 600 042c 8F020000 		.4byte	.LASF167
 601 0430 05       		.uleb128 0x5
 602 0431 08       		.byte	0x8
 603 0432 07       		.byte	0x7
 604 0433 7E010000 		.4byte	.LASF168
 605 0437 07       		.uleb128 0x7
 606 0438 04       		.byte	0x4
 607 0439 05       		.byte	0x5
 608 043a 696E7400 		.ascii	"int\000"
 609 043e 05       		.uleb128 0x5
 610 043f 04       		.byte	0x4
 611 0440 07       		.byte	0x7
 612 0441 C80B0000 		.4byte	.LASF169
 613 0445 06       		.uleb128 0x6
 614 0446 520B0000 		.4byte	.LASF170
 615 044a 03       		.byte	0x3
 616 044b 2C       		.byte	0x2c
 617 044c 05040000 		.4byte	0x405
 618 0450 06       		.uleb128 0x6
 619 0451 ED0C0000 		.4byte	.LASF171
 620 0455 03       		.byte	0x3
 621 0456 30       		.byte	0x30
 622 0457 17040000 		.4byte	0x417
 623 045b 05       		.uleb128 0x5
 624 045c 04       		.byte	0x4
 625 045d 07       		.byte	0x7
 626 045e 3F080000 		.4byte	.LASF172
 627 0462 05       		.uleb128 0x5
ARM GAS  C:\Users\codyg\AppData\Local\Temp\ccYO1Qrl.s 			page 12


 628 0463 08       		.byte	0x8
 629 0464 04       		.byte	0x4
 630 0465 A20D0000 		.4byte	.LASF173
 631 0469 05       		.uleb128 0x5
 632 046a 01       		.byte	0x1
 633 046b 08       		.byte	0x8
 634 046c AE0D0000 		.4byte	.LASF174
 635 0470 05       		.uleb128 0x5
 636 0471 04       		.byte	0x4
 637 0472 04       		.byte	0x4
 638 0473 5F0A0000 		.4byte	.LASF175
 639 0477 05       		.uleb128 0x5
 640 0478 08       		.byte	0x8
 641 0479 04       		.byte	0x4
 642 047a 68040000 		.4byte	.LASF176
 643 047e 08       		.uleb128 0x8
 644 047f 08       		.byte	0x8
 645 0480 04       		.byte	0x4
 646 0481 EB       		.byte	0xeb
 647 0482 9F040000 		.4byte	0x49f
 648 0486 09       		.uleb128 0x9
 649 0487 F4030000 		.4byte	.LASF177
 650 048b 04       		.byte	0x4
 651 048c EC       		.byte	0xec
 652 048d E5030000 		.4byte	0x3e5
 653 0491 00       		.byte	0
 654 0492 09       		.uleb128 0x9
 655 0493 64110000 		.4byte	.LASF178
 656 0497 04       		.byte	0x4
 657 0498 F0       		.byte	0xf0
 658 0499 50040000 		.4byte	0x450
 659 049d 04       		.byte	0x4
 660 049e 00       		.byte	0
 661 049f 06       		.uleb128 0x6
 662 04a0 7B080000 		.4byte	.LASF179
 663 04a4 04       		.byte	0x4
 664 04a5 F1       		.byte	0xf1
 665 04a6 7E040000 		.4byte	0x47e
 666 04aa 0A       		.uleb128 0xa
 667 04ab BB0B0000 		.4byte	.LASF180
 668 04af 05       		.byte	0x5
 669 04b0 EA07     		.2byte	0x7ea
 670 04b2 B6040000 		.4byte	0x4b6
 671 04b6 0B       		.uleb128 0xb
 672 04b7 45040000 		.4byte	0x445
 673 04bb 0C       		.uleb128 0xc
 674 04bc 2F080000 		.4byte	.LASF181
 675 04c0 06       		.byte	0x6
 676 04c1 18       		.byte	0x18
 677 04c2 CC040000 		.4byte	0x4cc
 678 04c6 05       		.uleb128 0x5
 679 04c7 03       		.byte	0x3
 680 04c8 00000000 		.4byte	RTC_RTC_IRQ_cfg
 681 04cc 0D       		.uleb128 0xd
 682 04cd 9F040000 		.4byte	0x49f
 683 04d1 0C       		.uleb128 0xc
 684 04d2 200D0000 		.4byte	.LASF182
ARM GAS  C:\Users\codyg\AppData\Local\Temp\ccYO1Qrl.s 			page 13


 685 04d6 06       		.byte	0x6
 686 04d7 1E       		.byte	0x1e
 687 04d8 CC040000 		.4byte	0x4cc
 688 04dc 05       		.uleb128 0x5
 689 04dd 03       		.byte	0x3
 690 04de 00000000 		.4byte	I2C_1_SCB_IRQ_cfg
 691 04e2 0C       		.uleb128 0xc
 692 04e3 6B010000 		.4byte	.LASF183
 693 04e7 06       		.byte	0x6
 694 04e8 24       		.byte	0x24
 695 04e9 CC040000 		.4byte	0x4cc
 696 04ed 05       		.uleb128 0x5
 697 04ee 03       		.byte	0x3
 698 04ef 00000000 		.4byte	UART_1_SCB_IRQ_cfg
 699 04f3 0C       		.uleb128 0xc
 700 04f4 B60E0000 		.4byte	.LASF184
 701 04f8 06       		.byte	0x6
 702 04f9 2A       		.byte	0x2a
 703 04fa CC040000 		.4byte	0x4cc
 704 04fe 05       		.uleb128 0x5
 705 04ff 03       		.byte	0x3
 706 0500 00000000 		.4byte	SysInt_1ms_cfg
 707 0504 0C       		.uleb128 0xc
 708 0505 F0050000 		.4byte	.LASF185
 709 0509 06       		.byte	0x6
 710 050a 30       		.byte	0x30
 711 050b CC040000 		.4byte	0x4cc
 712 050f 05       		.uleb128 0x5
 713 0510 03       		.byte	0x3
 714 0511 00000000 		.4byte	SysInt_ImuDataReadyINT_cfg
 715 0515 00       		.byte	0
 716              		.section	.debug_abbrev,"",%progbits
 717              	.Ldebug_abbrev0:
 718 0000 01       		.uleb128 0x1
 719 0001 11       		.uleb128 0x11
 720 0002 01       		.byte	0x1
 721 0003 25       		.uleb128 0x25
 722 0004 0E       		.uleb128 0xe
 723 0005 13       		.uleb128 0x13
 724 0006 0B       		.uleb128 0xb
 725 0007 03       		.uleb128 0x3
 726 0008 0E       		.uleb128 0xe
 727 0009 1B       		.uleb128 0x1b
 728 000a 0E       		.uleb128 0xe
 729 000b 10       		.uleb128 0x10
 730 000c 17       		.uleb128 0x17
 731 000d 00       		.byte	0
 732 000e 00       		.byte	0
 733 000f 02       		.uleb128 0x2
 734 0010 04       		.uleb128 0x4
 735 0011 01       		.byte	0x1
 736 0012 0B       		.uleb128 0xb
 737 0013 0B       		.uleb128 0xb
 738 0014 49       		.uleb128 0x49
 739 0015 13       		.uleb128 0x13
 740 0016 3A       		.uleb128 0x3a
 741 0017 0B       		.uleb128 0xb
ARM GAS  C:\Users\codyg\AppData\Local\Temp\ccYO1Qrl.s 			page 14


 742 0018 3B       		.uleb128 0x3b
 743 0019 0B       		.uleb128 0xb
 744 001a 01       		.uleb128 0x1
 745 001b 13       		.uleb128 0x13
 746 001c 00       		.byte	0
 747 001d 00       		.byte	0
 748 001e 03       		.uleb128 0x3
 749 001f 28       		.uleb128 0x28
 750 0020 00       		.byte	0
 751 0021 03       		.uleb128 0x3
 752 0022 0E       		.uleb128 0xe
 753 0023 1C       		.uleb128 0x1c
 754 0024 0D       		.uleb128 0xd
 755 0025 00       		.byte	0
 756 0026 00       		.byte	0
 757 0027 04       		.uleb128 0x4
 758 0028 28       		.uleb128 0x28
 759 0029 00       		.byte	0
 760 002a 03       		.uleb128 0x3
 761 002b 0E       		.uleb128 0xe
 762 002c 1C       		.uleb128 0x1c
 763 002d 0B       		.uleb128 0xb
 764 002e 00       		.byte	0
 765 002f 00       		.byte	0
 766 0030 05       		.uleb128 0x5
 767 0031 24       		.uleb128 0x24
 768 0032 00       		.byte	0
 769 0033 0B       		.uleb128 0xb
 770 0034 0B       		.uleb128 0xb
 771 0035 3E       		.uleb128 0x3e
 772 0036 0B       		.uleb128 0xb
 773 0037 03       		.uleb128 0x3
 774 0038 0E       		.uleb128 0xe
 775 0039 00       		.byte	0
 776 003a 00       		.byte	0
 777 003b 06       		.uleb128 0x6
 778 003c 16       		.uleb128 0x16
 779 003d 00       		.byte	0
 780 003e 03       		.uleb128 0x3
 781 003f 0E       		.uleb128 0xe
 782 0040 3A       		.uleb128 0x3a
 783 0041 0B       		.uleb128 0xb
 784 0042 3B       		.uleb128 0x3b
 785 0043 0B       		.uleb128 0xb
 786 0044 49       		.uleb128 0x49
 787 0045 13       		.uleb128 0x13
 788 0046 00       		.byte	0
 789 0047 00       		.byte	0
 790 0048 07       		.uleb128 0x7
 791 0049 24       		.uleb128 0x24
 792 004a 00       		.byte	0
 793 004b 0B       		.uleb128 0xb
 794 004c 0B       		.uleb128 0xb
 795 004d 3E       		.uleb128 0x3e
 796 004e 0B       		.uleb128 0xb
 797 004f 03       		.uleb128 0x3
 798 0050 08       		.uleb128 0x8
ARM GAS  C:\Users\codyg\AppData\Local\Temp\ccYO1Qrl.s 			page 15


 799 0051 00       		.byte	0
 800 0052 00       		.byte	0
 801 0053 08       		.uleb128 0x8
 802 0054 13       		.uleb128 0x13
 803 0055 01       		.byte	0x1
 804 0056 0B       		.uleb128 0xb
 805 0057 0B       		.uleb128 0xb
 806 0058 3A       		.uleb128 0x3a
 807 0059 0B       		.uleb128 0xb
 808 005a 3B       		.uleb128 0x3b
 809 005b 0B       		.uleb128 0xb
 810 005c 01       		.uleb128 0x1
 811 005d 13       		.uleb128 0x13
 812 005e 00       		.byte	0
 813 005f 00       		.byte	0
 814 0060 09       		.uleb128 0x9
 815 0061 0D       		.uleb128 0xd
 816 0062 00       		.byte	0
 817 0063 03       		.uleb128 0x3
 818 0064 0E       		.uleb128 0xe
 819 0065 3A       		.uleb128 0x3a
 820 0066 0B       		.uleb128 0xb
 821 0067 3B       		.uleb128 0x3b
 822 0068 0B       		.uleb128 0xb
 823 0069 49       		.uleb128 0x49
 824 006a 13       		.uleb128 0x13
 825 006b 38       		.uleb128 0x38
 826 006c 0B       		.uleb128 0xb
 827 006d 00       		.byte	0
 828 006e 00       		.byte	0
 829 006f 0A       		.uleb128 0xa
 830 0070 34       		.uleb128 0x34
 831 0071 00       		.byte	0
 832 0072 03       		.uleb128 0x3
 833 0073 0E       		.uleb128 0xe
 834 0074 3A       		.uleb128 0x3a
 835 0075 0B       		.uleb128 0xb
 836 0076 3B       		.uleb128 0x3b
 837 0077 05       		.uleb128 0x5
 838 0078 49       		.uleb128 0x49
 839 0079 13       		.uleb128 0x13
 840 007a 3F       		.uleb128 0x3f
 841 007b 19       		.uleb128 0x19
 842 007c 3C       		.uleb128 0x3c
 843 007d 19       		.uleb128 0x19
 844 007e 00       		.byte	0
 845 007f 00       		.byte	0
 846 0080 0B       		.uleb128 0xb
 847 0081 35       		.uleb128 0x35
 848 0082 00       		.byte	0
 849 0083 49       		.uleb128 0x49
 850 0084 13       		.uleb128 0x13
 851 0085 00       		.byte	0
 852 0086 00       		.byte	0
 853 0087 0C       		.uleb128 0xc
 854 0088 34       		.uleb128 0x34
 855 0089 00       		.byte	0
ARM GAS  C:\Users\codyg\AppData\Local\Temp\ccYO1Qrl.s 			page 16


 856 008a 03       		.uleb128 0x3
 857 008b 0E       		.uleb128 0xe
 858 008c 3A       		.uleb128 0x3a
 859 008d 0B       		.uleb128 0xb
 860 008e 3B       		.uleb128 0x3b
 861 008f 0B       		.uleb128 0xb
 862 0090 49       		.uleb128 0x49
 863 0091 13       		.uleb128 0x13
 864 0092 3F       		.uleb128 0x3f
 865 0093 19       		.uleb128 0x19
 866 0094 02       		.uleb128 0x2
 867 0095 18       		.uleb128 0x18
 868 0096 00       		.byte	0
 869 0097 00       		.byte	0
 870 0098 0D       		.uleb128 0xd
 871 0099 26       		.uleb128 0x26
 872 009a 00       		.byte	0
 873 009b 49       		.uleb128 0x49
 874 009c 13       		.uleb128 0x13
 875 009d 00       		.byte	0
 876 009e 00       		.byte	0
 877 009f 00       		.byte	0
 878              		.section	.debug_aranges,"",%progbits
 879 0000 14000000 		.4byte	0x14
 880 0004 0200     		.2byte	0x2
 881 0006 00000000 		.4byte	.Ldebug_info0
 882 000a 04       		.byte	0x4
 883 000b 00       		.byte	0
 884 000c 0000     		.2byte	0
 885 000e 0000     		.2byte	0
 886 0010 00000000 		.4byte	0
 887 0014 00000000 		.4byte	0
 888              		.section	.debug_line,"",%progbits
 889              	.Ldebug_line0:
 890 0000 10020000 		.section	.debug_str,"MS",%progbits,1
 890      02000A02 
 890      00000201 
 890      FB0E0D00 
 890      01010101 
 891              	.LASF123:
 892 0000 74637077 		.ascii	"tcpwm_1_interrupts_15_IRQn\000"
 892      6D5F315F 
 892      696E7465 
 892      72727570 
 892      74735F31 
 893              	.LASF12:
 894 001b 696F7373 		.ascii	"ioss_interrupts_gpio_2_IRQn\000"
 894      5F696E74 
 894      65727275 
 894      7074735F 
 894      6770696F 
 895              	.LASF56:
 896 0037 7363625F 		.ascii	"scb_5_interrupt_IRQn\000"
 896      355F696E 
 896      74657272 
 896      7570745F 
 896      4952516E 
ARM GAS  C:\Users\codyg\AppData\Local\Temp\ccYO1Qrl.s 			page 17


 897              	.LASF104:
 898 004c 74637077 		.ascii	"tcpwm_0_interrupts_4_IRQn\000"
 898      6D5F305F 
 898      696E7465 
 898      72727570 
 898      74735F34 
 899              	.LASF32:
 900 0066 73727373 		.ascii	"srss_interrupt_IRQn\000"
 900      5F696E74 
 900      65727275 
 900      70745F49 
 900      52516E00 
 901              	.LASF28:
 902 007a 7363625F 		.ascii	"scb_8_interrupt_IRQn\000"
 902      385F696E 
 902      74657272 
 902      7570745F 
 902      4952516E 
 903              	.LASF61:
 904 008f 63707573 		.ascii	"cpuss_interrupts_dw0_1_IRQn\000"
 904      735F696E 
 904      74657272 
 904      75707473 
 904      5F647730 
 905              	.LASF144:
 906 00ab 7564625F 		.ascii	"udb_interrupts_12_IRQn\000"
 906      696E7465 
 906      72727570 
 906      74735F31 
 906      325F4952 
 907              	.LASF34:
 908 00c2 626C6573 		.ascii	"bless_interrupt_IRQn\000"
 908      735F696E 
 908      74657272 
 908      7570745F 
 908      4952516E 
 909              	.LASF133:
 910 00d7 7564625F 		.ascii	"udb_interrupts_1_IRQn\000"
 910      696E7465 
 910      72727570 
 910      74735F31 
 910      5F495251 
 911              	.LASF51:
 912 00ed 7363625F 		.ascii	"scb_0_interrupt_IRQn\000"
 912      305F696E 
 912      74657272 
 912      7570745F 
 912      4952516E 
 913              	.LASF116:
 914 0102 74637077 		.ascii	"tcpwm_1_interrupts_8_IRQn\000"
 914      6D5F315F 
 914      696E7465 
 914      72727570 
 914      74735F38 
 915              	.LASF39:
 916 011c 63707573 		.ascii	"cpuss_interrupts_ipc_4_IRQn\000"
 916      735F696E 
ARM GAS  C:\Users\codyg\AppData\Local\Temp\ccYO1Qrl.s 			page 18


 916      74657272 
 916      75707473 
 916      5F697063 
 917              	.LASF46:
 918 0138 63707573 		.ascii	"cpuss_interrupts_ipc_11_IRQn\000"
 918      735F696E 
 918      74657272 
 918      75707473 
 918      5F697063 
 919              	.LASF132:
 920 0155 7564625F 		.ascii	"udb_interrupts_0_IRQn\000"
 920      696E7465 
 920      72727570 
 920      74735F30 
 920      5F495251 
 921              	.LASF183:
 922 016b 55415254 		.ascii	"UART_1_SCB_IRQ_cfg\000"
 922      5F315F53 
 922      43425F49 
 922      52515F63 
 922      666700
 923              	.LASF168:
 924 017e 6C6F6E67 		.ascii	"long long unsigned int\000"
 924      206C6F6E 
 924      6720756E 
 924      7369676E 
 924      65642069 
 925              	.LASF155:
 926 0195 7573625F 		.ascii	"usb_interrupt_lo_IRQn\000"
 926      696E7465 
 926      72727570 
 926      745F6C6F 
 926      5F495251 
 927              	.LASF118:
 928 01ab 74637077 		.ascii	"tcpwm_1_interrupts_10_IRQn\000"
 928      6D5F315F 
 928      696E7465 
 928      72727570 
 928      74735F31 
 929              	.LASF10:
 930 01c6 696F7373 		.ascii	"ioss_interrupts_gpio_0_IRQn\000"
 930      5F696E74 
 930      65727275 
 930      7074735F 
 930      6770696F 
 931              	.LASF97:
 932 01e2 63707573 		.ascii	"cpuss_interrupts_cm0_cti_1_IRQn\000"
 932      735F696E 
 932      74657272 
 932      75707473 
 932      5F636D30 
 933              	.LASF19:
 934 0202 696F7373 		.ascii	"ioss_interrupts_gpio_9_IRQn\000"
 934      5F696E74 
 934      65727275 
 934      7074735F 
 934      6770696F 
ARM GAS  C:\Users\codyg\AppData\Local\Temp\ccYO1Qrl.s 			page 19


 935              	.LASF156:
 936 021e 70617373 		.ascii	"pass_interrupt_dacs_IRQn\000"
 936      5F696E74 
 936      65727275 
 936      70745F64 
 936      6163735F 
 937              	.LASF138:
 938 0237 7564625F 		.ascii	"udb_interrupts_6_IRQn\000"
 938      696E7465 
 938      72727570 
 938      74735F36 
 938      5F495251 
 939              	.LASF0:
 940 024d 52657365 		.ascii	"Reset_IRQn\000"
 940      745F4952 
 940      516E00
 941              	.LASF124:
 942 0258 74637077 		.ascii	"tcpwm_1_interrupts_16_IRQn\000"
 942      6D5F315F 
 942      696E7465 
 942      72727570 
 942      74735F31 
 943              	.LASF94:
 944 0273 63707573 		.ascii	"cpuss_interrupt_crypto_IRQn\000"
 944      735F696E 
 944      74657272 
 944      7570745F 
 944      63727970 
 945              	.LASF167:
 946 028f 6C6F6E67 		.ascii	"long long int\000"
 946      206C6F6E 
 946      6720696E 
 946      7400
 947              	.LASF159:
 948 029d 7369676E 		.ascii	"signed char\000"
 948      65642063 
 948      68617200 
 949              	.LASF105:
 950 02a9 74637077 		.ascii	"tcpwm_0_interrupts_5_IRQn\000"
 950      6D5F305F 
 950      696E7465 
 950      72727570 
 950      74735F35 
 951              	.LASF93:
 952 02c3 63707573 		.ascii	"cpuss_interrupts_fault_1_IRQn\000"
 952      735F696E 
 952      74657272 
 952      75707473 
 952      5F666175 
 953              	.LASF85:
 954 02e1 63707573 		.ascii	"cpuss_interrupts_dw1_9_IRQn\000"
 954      735F696E 
 954      74657272 
 954      75707473 
 954      5F647731 
 955              	.LASF62:
 956 02fd 63707573 		.ascii	"cpuss_interrupts_dw0_2_IRQn\000"
ARM GAS  C:\Users\codyg\AppData\Local\Temp\ccYO1Qrl.s 			page 20


 956      735F696E 
 956      74657272 
 956      75707473 
 956      5F647730 
 957              	.LASF145:
 958 0319 7564625F 		.ascii	"udb_interrupts_13_IRQn\000"
 958      696E7465 
 958      72727570 
 958      74735F31 
 958      335F4952 
 959              	.LASF27:
 960 0330 6C70636F 		.ascii	"lpcomp_interrupt_IRQn\000"
 960      6D705F69 
 960      6E746572 
 960      72757074 
 960      5F495251 
 961              	.LASF108:
 962 0346 74637077 		.ascii	"tcpwm_1_interrupts_0_IRQn\000"
 962      6D5F315F 
 962      696E7465 
 962      72727570 
 962      74735F30 
 963              	.LASF164:
 964 0360 6C6F6E67 		.ascii	"long int\000"
 964      20696E74 
 964      00
 965              	.LASF117:
 966 0369 74637077 		.ascii	"tcpwm_1_interrupts_9_IRQn\000"
 966      6D5F315F 
 966      696E7465 
 966      72727570 
 966      74735F39 
 967              	.LASF40:
 968 0383 63707573 		.ascii	"cpuss_interrupts_ipc_5_IRQn\000"
 968      735F696E 
 968      74657272 
 968      75707473 
 968      5F697063 
 969              	.LASF83:
 970 039f 63707573 		.ascii	"cpuss_interrupts_dw1_7_IRQn\000"
 970      735F696E 
 970      74657272 
 970      75707473 
 970      5F647731 
 971              	.LASF47:
 972 03bb 63707573 		.ascii	"cpuss_interrupts_ipc_12_IRQn\000"
 972      735F696E 
 972      74657272 
 972      75707473 
 972      5F697063 
 973              	.LASF84:
 974 03d8 63707573 		.ascii	"cpuss_interrupts_dw1_8_IRQn\000"
 974      735F696E 
 974      74657272 
 974      75707473 
 974      5F647731 
 975              	.LASF177:
ARM GAS  C:\Users\codyg\AppData\Local\Temp\ccYO1Qrl.s 			page 21


 976 03f4 696E7472 		.ascii	"intrSrc\000"
 976      53726300 
 977              	.LASF119:
 978 03fc 74637077 		.ascii	"tcpwm_1_interrupts_11_IRQn\000"
 978      6D5F315F 
 978      696E7465 
 978      72727570 
 978      74735F31 
 979              	.LASF64:
 980 0417 63707573 		.ascii	"cpuss_interrupts_dw0_4_IRQn\000"
 980      735F696E 
 980      74657272 
 980      75707473 
 980      5F647730 
 981              	.LASF25:
 982 0433 696F7373 		.ascii	"ioss_interrupt_gpio_IRQn\000"
 982      5F696E74 
 982      65727275 
 982      70745F67 
 982      70696F5F 
 983              	.LASF29:
 984 044c 73727373 		.ascii	"srss_interrupt_mcwdt_0_IRQn\000"
 984      5F696E74 
 984      65727275 
 984      70745F6D 
 984      63776474 
 985              	.LASF176:
 986 0468 646F7562 		.ascii	"double\000"
 986      6C6500
 987              	.LASF149:
 988 046f 61756469 		.ascii	"audioss_interrupt_i2s_IRQn\000"
 988      6F73735F 
 988      696E7465 
 988      72727570 
 988      745F6932 
 989              	.LASF66:
 990 048a 63707573 		.ascii	"cpuss_interrupts_dw0_6_IRQn\000"
 990      735F696E 
 990      74657272 
 990      75707473 
 990      5F647730 
 991              	.LASF99:
 992 04a6 63707573 		.ascii	"cpuss_interrupts_cm4_cti_1_IRQn\000"
 992      735F696E 
 992      74657272 
 992      75707473 
 992      5F636D34 
 993              	.LASF58:
 994 04c6 7363625F 		.ascii	"scb_7_interrupt_IRQn\000"
 994      375F696E 
 994      74657272 
 994      7570745F 
 994      4952516E 
 995              	.LASF106:
 996 04db 74637077 		.ascii	"tcpwm_0_interrupts_6_IRQn\000"
 996      6D5F305F 
 996      696E7465 
ARM GAS  C:\Users\codyg\AppData\Local\Temp\ccYO1Qrl.s 			page 22


 996      72727570 
 996      74735F36 
 997              	.LASF165:
 998 04f5 5F5F7569 		.ascii	"__uint32_t\000"
 998      6E743332 
 998      5F7400
 999              	.LASF4:
 1000 0500 42757346 		.ascii	"BusFault_IRQn\000"
 1000      61756C74 
 1000      5F495251 
 1000      6E00
 1001              	.LASF52:
 1002 050e 7363625F 		.ascii	"scb_1_interrupt_IRQn\000"
 1002      315F696E 
 1002      74657272 
 1002      7570745F 
 1002      4952516E 
 1003              	.LASF146:
 1004 0523 7564625F 		.ascii	"udb_interrupts_14_IRQn\000"
 1004      696E7465 
 1004      72727570 
 1004      74735F31 
 1004      345F4952 
 1005              	.LASF33:
 1006 053a 70617373 		.ascii	"pass_interrupt_ctbs_IRQn\000"
 1006      5F696E74 
 1006      65727275 
 1006      70745F63 
 1006      7462735F 
 1007              	.LASF53:
 1008 0553 7363625F 		.ascii	"scb_2_interrupt_IRQn\000"
 1008      325F696E 
 1008      74657272 
 1008      7570745F 
 1008      4952516E 
 1009              	.LASF74:
 1010 0568 63707573 		.ascii	"cpuss_interrupts_dw0_14_IRQn\000"
 1010      735F696E 
 1010      74657272 
 1010      75707473 
 1010      5F647730 
 1011              	.LASF15:
 1012 0585 696F7373 		.ascii	"ioss_interrupts_gpio_5_IRQn\000"
 1012      5F696E74 
 1012      65727275 
 1012      7074735F 
 1012      6770696F 
 1013              	.LASF41:
 1014 05a1 63707573 		.ascii	"cpuss_interrupts_ipc_6_IRQn\000"
 1014      735F696E 
 1014      74657272 
 1014      75707473 
 1014      5F697063 
 1015              	.LASF134:
 1016 05bd 7564625F 		.ascii	"udb_interrupts_2_IRQn\000"
 1016      696E7465 
 1016      72727570 
ARM GAS  C:\Users\codyg\AppData\Local\Temp\ccYO1Qrl.s 			page 23


 1016      74735F32 
 1016      5F495251 
 1017              	.LASF23:
 1018 05d3 696F7373 		.ascii	"ioss_interrupts_gpio_13_IRQn\000"
 1018      5F696E74 
 1018      65727275 
 1018      7074735F 
 1018      6770696F 
 1019              	.LASF185:
 1020 05f0 53797349 		.ascii	"SysInt_ImuDataReadyINT_cfg\000"
 1020      6E745F49 
 1020      6D754461 
 1020      74615265 
 1020      61647949 
 1021              	.LASF120:
 1022 060b 74637077 		.ascii	"tcpwm_1_interrupts_12_IRQn\000"
 1022      6D5F315F 
 1022      696E7465 
 1022      72727570 
 1022      74735F31 
 1023              	.LASF89:
 1024 0626 63707573 		.ascii	"cpuss_interrupts_dw1_13_IRQn\000"
 1024      735F696E 
 1024      74657272 
 1024      75707473 
 1024      5F647731 
 1025              	.LASF166:
 1026 0643 6C6F6E67 		.ascii	"long unsigned int\000"
 1026      20756E73 
 1026      69676E65 
 1026      6420696E 
 1026      7400
 1027              	.LASF30:
 1028 0655 73727373 		.ascii	"srss_interrupt_mcwdt_1_IRQn\000"
 1028      5F696E74 
 1028      65727275 
 1028      70745F6D 
 1028      63776474 
 1029              	.LASF101:
 1030 0671 74637077 		.ascii	"tcpwm_0_interrupts_1_IRQn\000"
 1030      6D5F305F 
 1030      696E7465 
 1030      72727570 
 1030      74735F31 
 1031              	.LASF154:
 1032 068b 7573625F 		.ascii	"usb_interrupt_med_IRQn\000"
 1032      696E7465 
 1032      72727570 
 1032      745F6D65 
 1032      645F4952 
 1033              	.LASF92:
 1034 06a2 63707573 		.ascii	"cpuss_interrupts_fault_0_IRQn\000"
 1034      735F696E 
 1034      74657272 
 1034      75707473 
 1034      5F666175 
 1035              	.LASF6:
ARM GAS  C:\Users\codyg\AppData\Local\Temp\ccYO1Qrl.s 			page 24


 1036 06c0 53564361 		.ascii	"SVCall_IRQn\000"
 1036      6C6C5F49 
 1036      52516E00 
 1037              	.LASF161:
 1038 06cc 73686F72 		.ascii	"short unsigned int\000"
 1038      7420756E 
 1038      7369676E 
 1038      65642069 
 1038      6E7400
 1039              	.LASF113:
 1040 06df 74637077 		.ascii	"tcpwm_1_interrupts_5_IRQn\000"
 1040      6D5F315F 
 1040      696E7465 
 1040      72727570 
 1040      74735F35 
 1041              	.LASF36:
 1042 06f9 63707573 		.ascii	"cpuss_interrupts_ipc_1_IRQn\000"
 1042      735F696E 
 1042      74657272 
 1042      75707473 
 1042      5F697063 
 1043              	.LASF80:
 1044 0715 63707573 		.ascii	"cpuss_interrupts_dw1_4_IRQn\000"
 1044      735F696E 
 1044      74657272 
 1044      75707473 
 1044      5F647731 
 1045              	.LASF95:
 1046 0731 63707573 		.ascii	"cpuss_interrupt_fm_IRQn\000"
 1046      735F696E 
 1046      74657272 
 1046      7570745F 
 1046      666D5F49 
 1047              	.LASF75:
 1048 0749 63707573 		.ascii	"cpuss_interrupts_dw0_15_IRQn\000"
 1048      735F696E 
 1048      74657272 
 1048      75707473 
 1048      5F647730 
 1049              	.LASF16:
 1050 0766 696F7373 		.ascii	"ioss_interrupts_gpio_6_IRQn\000"
 1050      5F696E74 
 1050      65727275 
 1050      7074735F 
 1050      6770696F 
 1051              	.LASF135:
 1052 0782 7564625F 		.ascii	"udb_interrupts_3_IRQn\000"
 1052      696E7465 
 1052      72727570 
 1052      74735F33 
 1052      5F495251 
 1053              	.LASF24:
 1054 0798 696F7373 		.ascii	"ioss_interrupts_gpio_14_IRQn\000"
 1054      5F696E74 
 1054      65727275 
 1054      7074735F 
 1054      6770696F 
ARM GAS  C:\Users\codyg\AppData\Local\Temp\ccYO1Qrl.s 			page 25


 1055              	.LASF9:
 1056 07b5 53797354 		.ascii	"SysTick_IRQn\000"
 1056      69636B5F 
 1056      4952516E 
 1056      00
 1057              	.LASF90:
 1058 07c2 63707573 		.ascii	"cpuss_interrupts_dw1_14_IRQn\000"
 1058      735F696E 
 1058      74657272 
 1058      75707473 
 1058      5F647731 
 1059              	.LASF131:
 1060 07df 74637077 		.ascii	"tcpwm_1_interrupts_23_IRQn\000"
 1060      6D5F315F 
 1060      696E7465 
 1060      72727570 
 1060      74735F32 
 1061              	.LASF102:
 1062 07fa 74637077 		.ascii	"tcpwm_0_interrupts_2_IRQn\000"
 1062      6D5F305F 
 1062      696E7465 
 1062      72727570 
 1062      74735F32 
 1063              	.LASF121:
 1064 0814 74637077 		.ascii	"tcpwm_1_interrupts_13_IRQn\000"
 1064      6D5F315F 
 1064      696E7465 
 1064      72727570 
 1064      74735F31 
 1065              	.LASF181:
 1066 082f 5254435F 		.ascii	"RTC_RTC_IRQ_cfg\000"
 1066      5254435F 
 1066      4952515F 
 1066      63666700 
 1067              	.LASF172:
 1068 083f 73697A65 		.ascii	"sizetype\000"
 1068      74797065 
 1068      00
 1069              	.LASF142:
 1070 0848 7564625F 		.ascii	"udb_interrupts_10_IRQn\000"
 1070      696E7465 
 1070      72727570 
 1070      74735F31 
 1070      305F4952 
 1071              	.LASF68:
 1072 085f 63707573 		.ascii	"cpuss_interrupts_dw0_8_IRQn\000"
 1072      735F696E 
 1072      74657272 
 1072      75707473 
 1072      5F647730 
 1073              	.LASF179:
 1074 087b 63795F73 		.ascii	"cy_stc_sysint_t\000"
 1074      74635F73 
 1074      7973696E 
 1074      745F7400 
 1075              	.LASF70:
 1076 088b 63707573 		.ascii	"cpuss_interrupts_dw0_10_IRQn\000"
ARM GAS  C:\Users\codyg\AppData\Local\Temp\ccYO1Qrl.s 			page 26


 1076      735F696E 
 1076      74657272 
 1076      75707473 
 1076      5F647730 
 1077              	.LASF114:
 1078 08a8 74637077 		.ascii	"tcpwm_1_interrupts_6_IRQn\000"
 1078      6D5F315F 
 1078      696E7465 
 1078      72727570 
 1078      74735F36 
 1079              	.LASF37:
 1080 08c2 63707573 		.ascii	"cpuss_interrupts_ipc_2_IRQn\000"
 1080      735F696E 
 1080      74657272 
 1080      75707473 
 1080      5F697063 
 1081              	.LASF81:
 1082 08de 63707573 		.ascii	"cpuss_interrupts_dw1_5_IRQn\000"
 1082      735F696E 
 1082      74657272 
 1082      75707473 
 1082      5F647731 
 1083              	.LASF139:
 1084 08fa 7564625F 		.ascii	"udb_interrupts_7_IRQn\000"
 1084      696E7465 
 1084      72727570 
 1084      74735F37 
 1084      5F495251 
 1085              	.LASF125:
 1086 0910 74637077 		.ascii	"tcpwm_1_interrupts_17_IRQn\000"
 1086      6D5F315F 
 1086      696E7465 
 1086      72727570 
 1086      74735F31 
 1087              	.LASF55:
 1088 092b 7363625F 		.ascii	"scb_4_interrupt_IRQn\000"
 1088      345F696E 
 1088      74657272 
 1088      7570745F 
 1088      4952516E 
 1089              	.LASF17:
 1090 0940 696F7373 		.ascii	"ioss_interrupts_gpio_7_IRQn\000"
 1090      5F696E74 
 1090      65727275 
 1090      7074735F 
 1090      6770696F 
 1091              	.LASF73:
 1092 095c 63707573 		.ascii	"cpuss_interrupts_dw0_13_IRQn\000"
 1092      735F696E 
 1092      74657272 
 1092      75707473 
 1092      5F647730 
 1093              	.LASF186:
 1094 0979 474E5520 		.ascii	"GNU C11 5.4.1 20160609 (release) [ARM/embedded-5-br"
 1094      43313120 
 1094      352E342E 
 1094      31203230 
ARM GAS  C:\Users\codyg\AppData\Local\Temp\ccYO1Qrl.s 			page 27


 1094      31363036 
 1095 09ac 616E6368 		.ascii	"anch revision 237715] -mcpu=cortex-m4 -mfloat-abi=s"
 1095      20726576 
 1095      6973696F 
 1095      6E203233 
 1095      37373135 
 1096 09df 6F667466 		.ascii	"oftfp -mfpu=fpv4-sp-d16 -mthumb -g -Og -ffunction-s"
 1096      70202D6D 
 1096      6670753D 
 1096      66707634 
 1096      2D73702D 
 1097 0a12 65637469 		.ascii	"ections -ffat-lto-objects\000"
 1097      6F6E7320 
 1097      2D666661 
 1097      742D6C74 
 1097      6F2D6F62 
 1098              	.LASF91:
 1099 0a2c 63707573 		.ascii	"cpuss_interrupts_dw1_15_IRQn\000"
 1099      735F696E 
 1099      74657272 
 1099      75707473 
 1099      5F647731 
 1100              	.LASF153:
 1101 0a49 7573625F 		.ascii	"usb_interrupt_hi_IRQn\000"
 1101      696E7465 
 1101      72727570 
 1101      745F6869 
 1101      5F495251 
 1102              	.LASF175:
 1103 0a5f 666C6F61 		.ascii	"float\000"
 1103      7400
 1104              	.LASF63:
 1105 0a65 63707573 		.ascii	"cpuss_interrupts_dw0_3_IRQn\000"
 1105      735F696E 
 1105      74657272 
 1105      75707473 
 1105      5F647730 
 1106              	.LASF21:
 1107 0a81 696F7373 		.ascii	"ioss_interrupts_gpio_11_IRQn\000"
 1107      5F696E74 
 1107      65727275 
 1107      7074735F 
 1107      6770696F 
 1108              	.LASF3:
 1109 0a9e 4D656D6F 		.ascii	"MemoryManagement_IRQn\000"
 1109      72794D61 
 1109      6E616765 
 1109      6D656E74 
 1109      5F495251 
 1110              	.LASF103:
 1111 0ab4 74637077 		.ascii	"tcpwm_0_interrupts_3_IRQn\000"
 1111      6D5F305F 
 1111      696E7465 
 1111      72727570 
 1111      74735F33 
 1112              	.LASF128:
 1113 0ace 74637077 		.ascii	"tcpwm_1_interrupts_20_IRQn\000"
ARM GAS  C:\Users\codyg\AppData\Local\Temp\ccYO1Qrl.s 			page 28


 1113      6D5F315F 
 1113      696E7465 
 1113      72727570 
 1113      74735F32 
 1114              	.LASF109:
 1115 0ae9 74637077 		.ascii	"tcpwm_1_interrupts_1_IRQn\000"
 1115      6D5F315F 
 1115      696E7465 
 1115      72727570 
 1115      74735F31 
 1116              	.LASF76:
 1117 0b03 63707573 		.ascii	"cpuss_interrupts_dw1_0_IRQn\000"
 1117      735F696E 
 1117      74657272 
 1117      75707473 
 1117      5F647731 
 1118              	.LASF143:
 1119 0b1f 7564625F 		.ascii	"udb_interrupts_11_IRQn\000"
 1119      696E7465 
 1119      72727570 
 1119      74735F31 
 1119      315F4952 
 1120              	.LASF69:
 1121 0b36 63707573 		.ascii	"cpuss_interrupts_dw0_9_IRQn\000"
 1121      735F696E 
 1121      74657272 
 1121      75707473 
 1121      5F647730 
 1122              	.LASF170:
 1123 0b52 696E7433 		.ascii	"int32_t\000"
 1123      325F7400 
 1124              	.LASF160:
 1125 0b5a 756E7369 		.ascii	"unsigned char\000"
 1125      676E6564 
 1125      20636861 
 1125      7200
 1126              	.LASF71:
 1127 0b68 63707573 		.ascii	"cpuss_interrupts_dw0_11_IRQn\000"
 1127      735F696E 
 1127      74657272 
 1127      75707473 
 1127      5F647730 
 1128              	.LASF115:
 1129 0b85 74637077 		.ascii	"tcpwm_1_interrupts_7_IRQn\000"
 1129      6D5F315F 
 1129      696E7465 
 1129      72727570 
 1129      74735F37 
 1130              	.LASF38:
 1131 0b9f 63707573 		.ascii	"cpuss_interrupts_ipc_3_IRQn\000"
 1131      735F696E 
 1131      74657272 
 1131      75707473 
 1131      5F697063 
 1132              	.LASF180:
 1133 0bbb 49544D5F 		.ascii	"ITM_RxBuffer\000"
 1133      52784275 
ARM GAS  C:\Users\codyg\AppData\Local\Temp\ccYO1Qrl.s 			page 29


 1133      66666572 
 1133      00
 1134              	.LASF169:
 1135 0bc8 756E7369 		.ascii	"unsigned int\000"
 1135      676E6564 
 1135      20696E74 
 1135      00
 1136              	.LASF20:
 1137 0bd5 696F7373 		.ascii	"ioss_interrupts_gpio_10_IRQn\000"
 1137      5F696E74 
 1137      65727275 
 1137      7074735F 
 1137      6770696F 
 1138              	.LASF140:
 1139 0bf2 7564625F 		.ascii	"udb_interrupts_8_IRQn\000"
 1139      696E7465 
 1139      72727570 
 1139      74735F38 
 1139      5F495251 
 1140              	.LASF157:
 1141 0c08 756E636F 		.ascii	"unconnected_IRQn\000"
 1141      6E6E6563 
 1141      7465645F 
 1141      4952516E 
 1141      00
 1142              	.LASF158:
 1143 0c19 73686F72 		.ascii	"short int\000"
 1143      7420696E 
 1143      7400
 1144              	.LASF98:
 1145 0c23 63707573 		.ascii	"cpuss_interrupts_cm4_cti_0_IRQn\000"
 1145      735F696E 
 1145      74657272 
 1145      75707473 
 1145      5F636D34 
 1146              	.LASF126:
 1147 0c43 74637077 		.ascii	"tcpwm_1_interrupts_18_IRQn\000"
 1147      6D5F315F 
 1147      696E7465 
 1147      72727570 
 1147      74735F31 
 1148              	.LASF79:
 1149 0c5e 63707573 		.ascii	"cpuss_interrupts_dw1_3_IRQn\000"
 1149      735F696E 
 1149      74657272 
 1149      75707473 
 1149      5F647731 
 1150              	.LASF107:
 1151 0c7a 74637077 		.ascii	"tcpwm_0_interrupts_7_IRQn\000"
 1151      6D5F305F 
 1151      696E7465 
 1151      72727570 
 1151      74735F37 
 1152              	.LASF87:
 1153 0c94 63707573 		.ascii	"cpuss_interrupts_dw1_11_IRQn\000"
 1153      735F696E 
 1153      74657272 
ARM GAS  C:\Users\codyg\AppData\Local\Temp\ccYO1Qrl.s 			page 30


 1153      75707473 
 1153      5F647731 
 1154              	.LASF147:
 1155 0cb1 7564625F 		.ascii	"udb_interrupts_15_IRQn\000"
 1155      696E7465 
 1155      72727570 
 1155      74735F31 
 1155      355F4952 
 1156              	.LASF162:
 1157 0cc8 4952516E 		.ascii	"IRQn_Type\000"
 1157      5F547970 
 1157      6500
 1158              	.LASF129:
 1159 0cd2 74637077 		.ascii	"tcpwm_1_interrupts_21_IRQn\000"
 1159      6D5F315F 
 1159      696E7465 
 1159      72727570 
 1159      74735F32 
 1160              	.LASF171:
 1161 0ced 75696E74 		.ascii	"uint32_t\000"
 1161      33325F74 
 1161      00
 1162              	.LASF110:
 1163 0cf6 74637077 		.ascii	"tcpwm_1_interrupts_2_IRQn\000"
 1163      6D5F315F 
 1163      696E7465 
 1163      72727570 
 1163      74735F32 
 1164              	.LASF5:
 1165 0d10 55736167 		.ascii	"UsageFault_IRQn\000"
 1165      65466175 
 1165      6C745F49 
 1165      52516E00 
 1166              	.LASF182:
 1167 0d20 4932435F 		.ascii	"I2C_1_SCB_IRQ_cfg\000"
 1167      315F5343 
 1167      425F4952 
 1167      515F6366 
 1167      6700
 1168              	.LASF42:
 1169 0d32 63707573 		.ascii	"cpuss_interrupts_ipc_7_IRQn\000"
 1169      735F696E 
 1169      74657272 
 1169      75707473 
 1169      5F697063 
 1170              	.LASF77:
 1171 0d4e 63707573 		.ascii	"cpuss_interrupts_dw1_1_IRQn\000"
 1171      735F696E 
 1171      74657272 
 1171      75707473 
 1171      5F647731 
 1172              	.LASF49:
 1173 0d6a 63707573 		.ascii	"cpuss_interrupts_ipc_14_IRQn\000"
 1173      735F696E 
 1173      74657272 
 1173      75707473 
 1173      5F697063 
ARM GAS  C:\Users\codyg\AppData\Local\Temp\ccYO1Qrl.s 			page 31


 1174              	.LASF150:
 1175 0d87 61756469 		.ascii	"audioss_interrupt_pdm_IRQn\000"
 1175      6F73735F 
 1175      696E7465 
 1175      72727570 
 1175      745F7064 
 1176              	.LASF173:
 1177 0da2 6C6F6E67 		.ascii	"long double\000"
 1177      20646F75 
 1177      626C6500 
 1178              	.LASF174:
 1179 0dae 63686172 		.ascii	"char\000"
 1179      00
 1180              	.LASF187:
 1181 0db3 47656E65 		.ascii	"Generated_Source\\PSoC6\\cyfitter_sysint_cfg.c\000"
 1181      72617465 
 1181      645F536F 
 1181      75726365 
 1181      5C50536F 
 1182              	.LASF72:
 1183 0de0 63707573 		.ascii	"cpuss_interrupts_dw0_12_IRQn\000"
 1183      735F696E 
 1183      74657272 
 1183      75707473 
 1183      5F647730 
 1184              	.LASF13:
 1185 0dfd 696F7373 		.ascii	"ioss_interrupts_gpio_3_IRQn\000"
 1185      5F696E74 
 1185      65727275 
 1185      7074735F 
 1185      6770696F 
 1186              	.LASF148:
 1187 0e19 70617373 		.ascii	"pass_interrupt_sar_IRQn\000"
 1187      5F696E74 
 1187      65727275 
 1187      70745F73 
 1187      61725F49 
 1188              	.LASF8:
 1189 0e31 50656E64 		.ascii	"PendSV_IRQn\000"
 1189      53565F49 
 1189      52516E00 
 1190              	.LASF54:
 1191 0e3d 7363625F 		.ascii	"scb_3_interrupt_IRQn\000"
 1191      335F696E 
 1191      74657272 
 1191      7570745F 
 1191      4952516E 
 1192              	.LASF141:
 1193 0e52 7564625F 		.ascii	"udb_interrupts_9_IRQn\000"
 1193      696E7465 
 1193      72727570 
 1193      74735F39 
 1193      5F495251 
 1194              	.LASF1:
 1195 0e68 4E6F6E4D 		.ascii	"NonMaskableInt_IRQn\000"
 1195      61736B61 
 1195      626C6549 
ARM GAS  C:\Users\codyg\AppData\Local\Temp\ccYO1Qrl.s 			page 32


 1195      6E745F49 
 1195      52516E00 
 1196              	.LASF163:
 1197 0e7c 5F5F696E 		.ascii	"__int32_t\000"
 1197      7433325F 
 1197      7400
 1198              	.LASF127:
 1199 0e86 74637077 		.ascii	"tcpwm_1_interrupts_19_IRQn\000"
 1199      6D5F315F 
 1199      696E7465 
 1199      72727570 
 1199      74735F31 
 1200              	.LASF57:
 1201 0ea1 7363625F 		.ascii	"scb_6_interrupt_IRQn\000"
 1201      365F696E 
 1201      74657272 
 1201      7570745F 
 1201      4952516E 
 1202              	.LASF184:
 1203 0eb6 53797349 		.ascii	"SysInt_1ms_cfg\000"
 1203      6E745F31 
 1203      6D735F63 
 1203      666700
 1204              	.LASF11:
 1205 0ec5 696F7373 		.ascii	"ioss_interrupts_gpio_1_IRQn\000"
 1205      5F696E74 
 1205      65727275 
 1205      7074735F 
 1205      6770696F 
 1206              	.LASF2:
 1207 0ee1 48617264 		.ascii	"HardFault_IRQn\000"
 1207      4661756C 
 1207      745F4952 
 1207      516E00
 1208              	.LASF65:
 1209 0ef0 63707573 		.ascii	"cpuss_interrupts_dw0_5_IRQn\000"
 1209      735F696E 
 1209      74657272 
 1209      75707473 
 1209      5F647730 
 1210              	.LASF7:
 1211 0f0c 44656275 		.ascii	"DebugMonitor_IRQn\000"
 1211      674D6F6E 
 1211      69746F72 
 1211      5F495251 
 1211      6E00
 1212              	.LASF59:
 1213 0f1e 6373645F 		.ascii	"csd_interrupt_IRQn\000"
 1213      696E7465 
 1213      72727570 
 1213      745F4952 
 1213      516E00
 1214              	.LASF35:
 1215 0f31 63707573 		.ascii	"cpuss_interrupts_ipc_0_IRQn\000"
 1215      735F696E 
 1215      74657272 
 1215      75707473 
ARM GAS  C:\Users\codyg\AppData\Local\Temp\ccYO1Qrl.s 			page 33


 1215      5F697063 
 1216              	.LASF130:
 1217 0f4d 74637077 		.ascii	"tcpwm_1_interrupts_22_IRQn\000"
 1217      6D5F315F 
 1217      696E7465 
 1217      72727570 
 1217      74735F32 
 1218              	.LASF111:
 1219 0f68 74637077 		.ascii	"tcpwm_1_interrupts_3_IRQn\000"
 1219      6D5F315F 
 1219      696E7465 
 1219      72727570 
 1219      74735F33 
 1220              	.LASF43:
 1221 0f82 63707573 		.ascii	"cpuss_interrupts_ipc_8_IRQn\000"
 1221      735F696E 
 1221      74657272 
 1221      75707473 
 1221      5F697063 
 1222              	.LASF78:
 1223 0f9e 63707573 		.ascii	"cpuss_interrupts_dw1_2_IRQn\000"
 1223      735F696E 
 1223      74657272 
 1223      75707473 
 1223      5F647731 
 1224              	.LASF50:
 1225 0fba 63707573 		.ascii	"cpuss_interrupts_ipc_15_IRQn\000"
 1225      735F696E 
 1225      74657272 
 1225      75707473 
 1225      5F697063 
 1226              	.LASF136:
 1227 0fd7 7564625F 		.ascii	"udb_interrupts_4_IRQn\000"
 1227      696E7465 
 1227      72727570 
 1227      74735F34 
 1227      5F495251 
 1228              	.LASF122:
 1229 0fed 74637077 		.ascii	"tcpwm_1_interrupts_14_IRQn\000"
 1229      6D5F315F 
 1229      696E7465 
 1229      72727570 
 1229      74735F31 
 1230              	.LASF14:
 1231 1008 696F7373 		.ascii	"ioss_interrupts_gpio_4_IRQn\000"
 1231      5F696E74 
 1231      65727275 
 1231      7074735F 
 1231      6770696F 
 1232              	.LASF152:
 1233 1024 736D6966 		.ascii	"smif_interrupt_IRQn\000"
 1233      5F696E74 
 1233      65727275 
 1233      70745F49 
 1233      52516E00 
 1234              	.LASF22:
 1235 1038 696F7373 		.ascii	"ioss_interrupts_gpio_12_IRQn\000"
ARM GAS  C:\Users\codyg\AppData\Local\Temp\ccYO1Qrl.s 			page 34


 1235      5F696E74 
 1235      65727275 
 1235      7074735F 
 1235      6770696F 
 1236              	.LASF151:
 1237 1055 70726F66 		.ascii	"profile_interrupt_IRQn\000"
 1237      696C655F 
 1237      696E7465 
 1237      72727570 
 1237      745F4952 
 1238              	.LASF88:
 1239 106c 63707573 		.ascii	"cpuss_interrupts_dw1_12_IRQn\000"
 1239      735F696E 
 1239      74657272 
 1239      75707473 
 1239      5F647731 
 1240              	.LASF60:
 1241 1089 63707573 		.ascii	"cpuss_interrupts_dw0_0_IRQn\000"
 1241      735F696E 
 1241      74657272 
 1241      75707473 
 1241      5F647730 
 1242              	.LASF26:
 1243 10a5 696F7373 		.ascii	"ioss_interrupt_vdd_IRQn\000"
 1243      5F696E74 
 1243      65727275 
 1243      70745F76 
 1243      64645F49 
 1244              	.LASF100:
 1245 10bd 74637077 		.ascii	"tcpwm_0_interrupts_0_IRQn\000"
 1245      6D5F305F 
 1245      696E7465 
 1245      72727570 
 1245      74735F30 
 1246              	.LASF86:
 1247 10d7 63707573 		.ascii	"cpuss_interrupts_dw1_10_IRQn\000"
 1247      735F696E 
 1247      74657272 
 1247      75707473 
 1247      5F647731 
 1248              	.LASF31:
 1249 10f4 73727373 		.ascii	"srss_interrupt_backup_IRQn\000"
 1249      5F696E74 
 1249      65727275 
 1249      70745F62 
 1249      61636B75 
 1250              	.LASF45:
 1251 110f 63707573 		.ascii	"cpuss_interrupts_ipc_10_IRQn\000"
 1251      735F696E 
 1251      74657272 
 1251      75707473 
 1251      5F697063 
 1252              	.LASF82:
 1253 112c 63707573 		.ascii	"cpuss_interrupts_dw1_6_IRQn\000"
 1253      735F696E 
 1253      74657272 
 1253      75707473 
ARM GAS  C:\Users\codyg\AppData\Local\Temp\ccYO1Qrl.s 			page 35


 1253      5F647731 
 1254              	.LASF67:
 1255 1148 63707573 		.ascii	"cpuss_interrupts_dw0_7_IRQn\000"
 1255      735F696E 
 1255      74657272 
 1255      75707473 
 1255      5F647730 
 1256              	.LASF178:
 1257 1164 696E7472 		.ascii	"intrPriority\000"
 1257      5072696F 
 1257      72697479 
 1257      00
 1258              	.LASF188:
 1259 1171 433A5C55 		.ascii	"C:\\Users\\codyg\\git\\psoc6-realtime-processing\\B"
 1259      73657273 
 1259      5C636F64 
 1259      79675C67 
 1259      69745C70 
 1260 119f 4C455F52 		.ascii	"LE_RTC_IMU.cydsn\000"
 1260      54435F49 
 1260      4D552E63 
 1260      7964736E 
 1260      00
 1261              	.LASF112:
 1262 11b0 74637077 		.ascii	"tcpwm_1_interrupts_4_IRQn\000"
 1262      6D5F315F 
 1262      696E7465 
 1262      72727570 
 1262      74735F34 
 1263              	.LASF96:
 1264 11ca 63707573 		.ascii	"cpuss_interrupts_cm0_cti_0_IRQn\000"
 1264      735F696E 
 1264      74657272 
 1264      75707473 
 1264      5F636D30 
 1265              	.LASF18:
 1266 11ea 696F7373 		.ascii	"ioss_interrupts_gpio_8_IRQn\000"
 1266      5F696E74 
 1266      65727275 
 1266      7074735F 
 1266      6770696F 
 1267              	.LASF44:
 1268 1206 63707573 		.ascii	"cpuss_interrupts_ipc_9_IRQn\000"
 1268      735F696E 
 1268      74657272 
 1268      75707473 
 1268      5F697063 
 1269              	.LASF137:
 1270 1222 7564625F 		.ascii	"udb_interrupts_5_IRQn\000"
 1270      696E7465 
 1270      72727570 
 1270      74735F35 
 1270      5F495251 
 1271              	.LASF48:
 1272 1238 63707573 		.ascii	"cpuss_interrupts_ipc_13_IRQn\000"
 1272      735F696E 
 1272      74657272 
ARM GAS  C:\Users\codyg\AppData\Local\Temp\ccYO1Qrl.s 			page 36


 1272      75707473 
 1272      5F697063 
 1273              		.ident	"GCC: (GNU Tools for ARM Embedded Processors) 5.4.1 20160609 (release) [ARM/embedded-5-bran
