ARM GAS  C:\Users\codyg\AppData\Local\Temp\ccZoQTam.s 			page 1


   1              		.syntax unified
   2              		.cpu cortex-m4
   3              		.eabi_attribute 27, 1
   4              		.fpu fpv4-sp-d16
   5              		.eabi_attribute 20, 1
   6              		.eabi_attribute 21, 1
   7              		.eabi_attribute 23, 3
   8              		.eabi_attribute 24, 1
   9              		.eabi_attribute 25, 1
  10              		.eabi_attribute 26, 1
  11              		.eabi_attribute 30, 1
  12              		.eabi_attribute 34, 1
  13              		.eabi_attribute 18, 4
  14              		.thumb
  15              		.syntax unified
  16              		.file	"BLE_hts_config.c"
  17              		.text
  18              	.Ltext0:
  19              		.cfi_sections	.debug_frame
  20              		.global	cy_ble_htsConfig
  21              		.section	.rodata
  22              		.align	2
  23              		.type	cy_ble_htss, %object
  24              		.size	cy_ble_htss, 26
  25              	cy_ble_htss:
  26 0000 0C00     		.short	12
  27 0002 0E00     		.short	14
  28 0004 0F00     		.short	15
  29 0006 0000     		.short	0
  30 0008 1100     		.short	17
  31 000a 0000     		.short	0
  32 000c 0000     		.short	0
  33 000e 1300     		.short	19
  34 0010 1400     		.short	20
  35 0012 0000     		.short	0
  36 0014 1600     		.short	22
  37 0016 1700     		.short	23
  38 0018 1800     		.short	24
  39              		.data
  40              		.align	2
  41              		.type	cy_ble_htsConfig, %object
  42              		.size	cy_ble_htsConfig, 8
  43              	cy_ble_htsConfig:
  44 0000 00000000 		.word	cy_ble_htss
  45 0004 00000000 		.word	0
  46              		.text
  47              	.Letext0:
  48              		.file 1 "c:\\program files (x86)\\cypress\\psoc creator\\4.2\\psoc creator\\import\\gnu\\arm\\5.4.
  49              		.file 2 "c:\\program files (x86)\\cypress\\psoc creator\\4.2\\psoc creator\\import\\gnu\\arm\\5.4.
  50              		.file 3 "Generated_Source\\PSoC6\\pdl\\middleware/ble/cy_ble_stack_host_main.h"
  51              		.file 4 "Generated_Source\\PSoC6\\pdl\\middleware/ble/cy_ble_stack_gatt.h"
  52              		.file 5 "Generated_Source\\PSoC6\\pdl\\middleware/ble/cy_ble_gap.h"
  53              		.file 6 "Generated_Source\\PSoC6\\pdl\\middleware/ble/cy_ble.h"
  54              		.file 7 "Generated_Source\\PSoC6\\pdl\\middleware/ble/cy_ble_hts.h"
  55              		.file 8 "Generated_Source\\PSoC6\\pdl\\cmsis/include/core_cm4.h"
  56              		.file 9 "Generated_Source\\PSoC6\\BLE_hts_config.c"
  57              		.section	.debug_info,"",%progbits
ARM GAS  C:\Users\codyg\AppData\Local\Temp\ccZoQTam.s 			page 2


  58              	.Ldebug_info0:
  59 0000 29030000 		.4byte	0x329
  60 0004 0400     		.2byte	0x4
  61 0006 00000000 		.4byte	.Ldebug_abbrev0
  62 000a 04       		.byte	0x4
  63 000b 01       		.uleb128 0x1
  64 000c 1B010000 		.4byte	.LASF64
  65 0010 0C       		.byte	0xc
  66 0011 D9010000 		.4byte	.LASF65
  67 0015 00000000 		.4byte	.LASF66
  68 0019 00000000 		.4byte	.Ldebug_line0
  69 001d 02       		.uleb128 0x2
  70 001e 04       		.byte	0x4
  71 001f 05       		.byte	0x5
  72 0020 696E7400 		.ascii	"int\000"
  73 0024 03       		.uleb128 0x3
  74 0025 04       		.byte	0x4
  75 0026 07       		.byte	0x7
  76 0027 C4030000 		.4byte	.LASF0
  77 002b 03       		.uleb128 0x3
  78 002c 08       		.byte	0x8
  79 002d 05       		.byte	0x5
  80 002e 5E020000 		.4byte	.LASF1
  81 0032 03       		.uleb128 0x3
  82 0033 08       		.byte	0x8
  83 0034 04       		.byte	0x4
  84 0035 33030000 		.4byte	.LASF2
  85 0039 03       		.uleb128 0x3
  86 003a 01       		.byte	0x1
  87 003b 06       		.byte	0x6
  88 003c 98030000 		.4byte	.LASF3
  89 0040 04       		.uleb128 0x4
  90 0041 F7020000 		.4byte	.LASF6
  91 0045 01       		.byte	0x1
  92 0046 1D       		.byte	0x1d
  93 0047 4B000000 		.4byte	0x4b
  94 004b 03       		.uleb128 0x3
  95 004c 01       		.byte	0x1
  96 004d 08       		.byte	0x8
  97 004e 6A030000 		.4byte	.LASF4
  98 0052 03       		.uleb128 0x3
  99 0053 02       		.byte	0x2
 100 0054 05       		.byte	0x5
 101 0055 B8000000 		.4byte	.LASF5
 102 0059 04       		.uleb128 0x4
 103 005a 01020000 		.4byte	.LASF7
 104 005e 01       		.byte	0x1
 105 005f 2B       		.byte	0x2b
 106 0060 64000000 		.4byte	0x64
 107 0064 03       		.uleb128 0x3
 108 0065 02       		.byte	0x2
 109 0066 07       		.byte	0x7
 110 0067 EB030000 		.4byte	.LASF8
 111 006b 04       		.uleb128 0x4
 112 006c FE040000 		.4byte	.LASF9
 113 0070 01       		.byte	0x1
 114 0071 3F       		.byte	0x3f
ARM GAS  C:\Users\codyg\AppData\Local\Temp\ccZoQTam.s 			page 3


 115 0072 76000000 		.4byte	0x76
 116 0076 03       		.uleb128 0x3
 117 0077 04       		.byte	0x4
 118 0078 05       		.byte	0x5
 119 0079 AD020000 		.4byte	.LASF10
 120 007d 04       		.uleb128 0x4
 121 007e CE010000 		.4byte	.LASF11
 122 0082 01       		.byte	0x1
 123 0083 41       		.byte	0x41
 124 0084 88000000 		.4byte	0x88
 125 0088 03       		.uleb128 0x3
 126 0089 04       		.byte	0x4
 127 008a 07       		.byte	0x7
 128 008b 99040000 		.4byte	.LASF12
 129 008f 03       		.uleb128 0x3
 130 0090 08       		.byte	0x8
 131 0091 07       		.byte	0x7
 132 0092 A4030000 		.4byte	.LASF13
 133 0096 03       		.uleb128 0x3
 134 0097 04       		.byte	0x4
 135 0098 07       		.byte	0x7
 136 0099 C2000000 		.4byte	.LASF14
 137 009d 05       		.uleb128 0x5
 138 009e 04       		.byte	0x4
 139 009f 03       		.uleb128 0x3
 140 00a0 01       		.byte	0x1
 141 00a1 08       		.byte	0x8
 142 00a2 1B040000 		.4byte	.LASF15
 143 00a6 04       		.uleb128 0x4
 144 00a7 18020000 		.4byte	.LASF16
 145 00ab 02       		.byte	0x2
 146 00ac 18       		.byte	0x18
 147 00ad 40000000 		.4byte	0x40
 148 00b1 04       		.uleb128 0x4
 149 00b2 D1030000 		.4byte	.LASF17
 150 00b6 02       		.byte	0x2
 151 00b7 24       		.byte	0x24
 152 00b8 59000000 		.4byte	0x59
 153 00bc 04       		.uleb128 0x4
 154 00bd 20040000 		.4byte	.LASF18
 155 00c1 02       		.byte	0x2
 156 00c2 2C       		.byte	0x2c
 157 00c3 6B000000 		.4byte	0x6b
 158 00c7 04       		.uleb128 0x4
 159 00c8 BB030000 		.4byte	.LASF19
 160 00cc 02       		.byte	0x2
 161 00cd 30       		.byte	0x30
 162 00ce 7D000000 		.4byte	0x7d
 163 00d2 03       		.uleb128 0x3
 164 00d3 04       		.byte	0x4
 165 00d4 04       		.byte	0x4
 166 00d5 58020000 		.4byte	.LASF20
 167 00d9 03       		.uleb128 0x3
 168 00da 08       		.byte	0x8
 169 00db 04       		.byte	0x4
 170 00dc AB040000 		.4byte	.LASF21
 171 00e0 06       		.uleb128 0x6
ARM GAS  C:\Users\codyg\AppData\Local\Temp\ccZoQTam.s 			page 4


 172 00e1 02       		.byte	0x2
 173 00e2 03       		.byte	0x3
 174 00e3 5B01     		.2byte	0x15b
 175 00e5 04010000 		.4byte	0x104
 176 00e9 07       		.uleb128 0x7
 177 00ea 4F020000 		.4byte	.LASF22
 178 00ee 03       		.byte	0x3
 179 00ef 6501     		.2byte	0x165
 180 00f1 A6000000 		.4byte	0xa6
 181 00f5 00       		.byte	0
 182 00f6 07       		.uleb128 0x7
 183 00f7 DA030000 		.4byte	.LASF23
 184 00fb 03       		.byte	0x3
 185 00fc 6901     		.2byte	0x169
 186 00fe A6000000 		.4byte	0xa6
 187 0102 01       		.byte	0x1
 188 0103 00       		.byte	0
 189 0104 08       		.uleb128 0x8
 190 0105 72050000 		.4byte	.LASF24
 191 0109 03       		.byte	0x3
 192 010a 6B01     		.2byte	0x16b
 193 010c E0000000 		.4byte	0xe0
 194 0110 08       		.uleb128 0x8
 195 0111 FE030000 		.4byte	.LASF25
 196 0115 04       		.byte	0x4
 197 0116 7F01     		.2byte	0x17f
 198 0118 B1000000 		.4byte	0xb1
 199 011c 09       		.uleb128 0x9
 200 011d 01       		.byte	0x1
 201 011e 4B000000 		.4byte	0x4b
 202 0122 05       		.byte	0x5
 203 0123 7E       		.byte	0x7e
 204 0124 41010000 		.4byte	0x141
 205 0128 0A       		.uleb128 0xa
 206 0129 08050000 		.4byte	.LASF26
 207 012d 00       		.byte	0
 208 012e 0A       		.uleb128 0xa
 209 012f 6E040000 		.4byte	.LASF27
 210 0133 01       		.byte	0x1
 211 0134 0A       		.uleb128 0xa
 212 0135 AD050000 		.4byte	.LASF28
 213 0139 02       		.byte	0x2
 214 013a 0A       		.uleb128 0xa
 215 013b 78030000 		.4byte	.LASF29
 216 013f 03       		.byte	0x3
 217 0140 00       		.byte	0
 218 0141 04       		.uleb128 0x4
 219 0142 A2000000 		.4byte	.LASF30
 220 0146 05       		.byte	0x5
 221 0147 83       		.byte	0x83
 222 0148 1C010000 		.4byte	0x11c
 223 014c 09       		.uleb128 0x9
 224 014d 01       		.byte	0x1
 225 014e 4B000000 		.4byte	0x4b
 226 0152 05       		.byte	0x5
 227 0153 87       		.byte	0x87
 228 0154 89010000 		.4byte	0x189
ARM GAS  C:\Users\codyg\AppData\Local\Temp\ccZoQTam.s 			page 5


 229 0158 0A       		.uleb128 0xa
 230 0159 30020000 		.4byte	.LASF31
 231 015d 00       		.byte	0
 232 015e 0A       		.uleb128 0xa
 233 015f B2040000 		.4byte	.LASF32
 234 0163 01       		.byte	0x1
 235 0164 0A       		.uleb128 0xa
 236 0165 79000000 		.4byte	.LASF33
 237 0169 02       		.byte	0x2
 238 016a 0A       		.uleb128 0xa
 239 016b CB000000 		.4byte	.LASF34
 240 016f 03       		.byte	0x3
 241 0170 0A       		.uleb128 0xa
 242 0171 83020000 		.4byte	.LASF35
 243 0175 04       		.byte	0x4
 244 0176 0A       		.uleb128 0xa
 245 0177 B6020000 		.4byte	.LASF36
 246 017b 05       		.byte	0x5
 247 017c 0A       		.uleb128 0xa
 248 017d 3F030000 		.4byte	.LASF37
 249 0181 06       		.byte	0x6
 250 0182 0A       		.uleb128 0xa
 251 0183 01030000 		.4byte	.LASF38
 252 0187 07       		.byte	0x7
 253 0188 00       		.byte	0
 254 0189 04       		.uleb128 0x4
 255 018a 5B050000 		.4byte	.LASF39
 256 018e 05       		.byte	0x5
 257 018f 90       		.byte	0x90
 258 0190 4C010000 		.4byte	0x14c
 259 0194 04       		.uleb128 0x4
 260 0195 49050000 		.4byte	.LASF40
 261 0199 06       		.byte	0x6
 262 019a 40       		.byte	0x40
 263 019b 9F010000 		.4byte	0x19f
 264 019f 0B       		.uleb128 0xb
 265 01a0 04       		.byte	0x4
 266 01a1 A5010000 		.4byte	0x1a5
 267 01a5 0C       		.uleb128 0xc
 268 01a6 B5010000 		.4byte	0x1b5
 269 01aa 0D       		.uleb128 0xd
 270 01ab C7000000 		.4byte	0xc7
 271 01af 0D       		.uleb128 0xd
 272 01b0 9D000000 		.4byte	0x9d
 273 01b4 00       		.byte	0
 274 01b5 03       		.uleb128 0x3
 275 01b6 01       		.byte	0x1
 276 01b7 02       		.byte	0x2
 277 01b8 40040000 		.4byte	.LASF41
 278 01bc 09       		.uleb128 0x9
 279 01bd 01       		.byte	0x1
 280 01be 4B000000 		.4byte	0x4b
 281 01c2 07       		.byte	0x7
 282 01c3 28       		.byte	0x28
 283 01c4 E7010000 		.4byte	0x1e7
 284 01c8 0A       		.uleb128 0xa
 285 01c9 52000000 		.4byte	.LASF42
ARM GAS  C:\Users\codyg\AppData\Local\Temp\ccZoQTam.s 			page 6


 286 01cd 00       		.byte	0
 287 01ce 0A       		.uleb128 0xa
 288 01cf 98050000 		.4byte	.LASF43
 289 01d3 01       		.byte	0x1
 290 01d4 0A       		.uleb128 0xa
 291 01d5 32050000 		.4byte	.LASF44
 292 01d9 02       		.byte	0x2
 293 01da 0A       		.uleb128 0xa
 294 01db CA050000 		.4byte	.LASF45
 295 01df 03       		.byte	0x3
 296 01e0 0A       		.uleb128 0xa
 297 01e1 05010000 		.4byte	.LASF46
 298 01e5 04       		.byte	0x4
 299 01e6 00       		.byte	0
 300 01e7 09       		.uleb128 0x9
 301 01e8 01       		.byte	0x1
 302 01e9 4B000000 		.4byte	0x4b
 303 01ed 07       		.byte	0x7
 304 01ee 32       		.byte	0x32
 305 01ef 06020000 		.4byte	0x206
 306 01f3 0A       		.uleb128 0xa
 307 01f4 F5000000 		.4byte	.LASF47
 308 01f8 00       		.byte	0
 309 01f9 0A       		.uleb128 0xa
 310 01fa 6A000000 		.4byte	.LASF48
 311 01fe 01       		.byte	0x1
 312 01ff 0A       		.uleb128 0xa
 313 0200 46040000 		.4byte	.LASF49
 314 0204 02       		.byte	0x2
 315 0205 00       		.byte	0
 316 0206 0E       		.uleb128 0xe
 317 0207 06       		.byte	0x6
 318 0208 07       		.byte	0x7
 319 0209 39       		.byte	0x39
 320 020a 27020000 		.4byte	0x227
 321 020e 0F       		.uleb128 0xf
 322 020f E0030000 		.4byte	.LASF50
 323 0213 07       		.byte	0x7
 324 0214 3B       		.byte	0x3b
 325 0215 10010000 		.4byte	0x110
 326 0219 00       		.byte	0
 327 021a 0F       		.uleb128 0xf
 328 021b 8D040000 		.4byte	.LASF51
 329 021f 07       		.byte	0x7
 330 0220 3C       		.byte	0x3c
 331 0221 27020000 		.4byte	0x227
 332 0225 02       		.byte	0x2
 333 0226 00       		.byte	0
 334 0227 10       		.uleb128 0x10
 335 0228 10010000 		.4byte	0x110
 336 022c 37020000 		.4byte	0x237
 337 0230 11       		.uleb128 0x11
 338 0231 96000000 		.4byte	0x96
 339 0235 01       		.byte	0x1
 340 0236 00       		.byte	0
 341 0237 04       		.uleb128 0x4
 342 0238 E0020000 		.4byte	.LASF52
ARM GAS  C:\Users\codyg\AppData\Local\Temp\ccZoQTam.s 			page 7


 343 023c 07       		.byte	0x7
 344 023d 3D       		.byte	0x3d
 345 023e 06020000 		.4byte	0x206
 346 0242 0E       		.uleb128 0xe
 347 0243 1A       		.byte	0x1a
 348 0244 07       		.byte	0x7
 349 0245 40       		.byte	0x40
 350 0246 63020000 		.4byte	0x263
 351 024a 0F       		.uleb128 0xf
 352 024b 25030000 		.4byte	.LASF53
 353 024f 07       		.byte	0x7
 354 0250 43       		.byte	0x43
 355 0251 10010000 		.4byte	0x110
 356 0255 00       		.byte	0
 357 0256 0F       		.uleb128 0xf
 358 0257 F5040000 		.4byte	.LASF54
 359 025b 07       		.byte	0x7
 360 025c 46       		.byte	0x46
 361 025d 63020000 		.4byte	0x263
 362 0261 02       		.byte	0x2
 363 0262 00       		.byte	0
 364 0263 10       		.uleb128 0x10
 365 0264 37020000 		.4byte	0x237
 366 0268 73020000 		.4byte	0x273
 367 026c 11       		.uleb128 0x11
 368 026d 96000000 		.4byte	0x96
 369 0271 03       		.byte	0x3
 370 0272 00       		.byte	0
 371 0273 04       		.uleb128 0x4
 372 0274 E3040000 		.4byte	.LASF55
 373 0278 07       		.byte	0x7
 374 0279 47       		.byte	0x47
 375 027a 42020000 		.4byte	0x242
 376 027e 0E       		.uleb128 0xe
 377 027f 08       		.byte	0x8
 378 0280 07       		.byte	0x7
 379 0281 82       		.byte	0x82
 380 0282 9F020000 		.4byte	0x29f
 381 0286 0F       		.uleb128 0xf
 382 0287 7E020000 		.4byte	.LASF56
 383 028b 07       		.byte	0x7
 384 028c 85       		.byte	0x85
 385 028d 9F020000 		.4byte	0x29f
 386 0291 00       		.byte	0
 387 0292 0F       		.uleb128 0xf
 388 0293 95000000 		.4byte	.LASF57
 389 0297 07       		.byte	0x7
 390 0298 88       		.byte	0x88
 391 0299 94010000 		.4byte	0x194
 392 029d 04       		.byte	0x4
 393 029e 00       		.byte	0
 394 029f 0B       		.uleb128 0xb
 395 02a0 04       		.byte	0x4
 396 02a1 A5020000 		.4byte	0x2a5
 397 02a5 12       		.uleb128 0x12
 398 02a6 73020000 		.4byte	0x273
 399 02aa 04       		.uleb128 0x4
ARM GAS  C:\Users\codyg\AppData\Local\Temp\ccZoQTam.s 			page 8


 400 02ab 28040000 		.4byte	.LASF58
 401 02af 07       		.byte	0x7
 402 02b0 89       		.byte	0x89
 403 02b1 7E020000 		.4byte	0x27e
 404 02b5 13       		.uleb128 0x13
 405 02b6 0C020000 		.4byte	.LASF67
 406 02ba 09       		.byte	0x9
 407 02bb 17       		.byte	0x17
 408 02bc A5020000 		.4byte	0x2a5
 409 02c0 05       		.uleb128 0x5
 410 02c1 03       		.byte	0x3
 411 02c2 00000000 		.4byte	cy_ble_htss
 412 02c6 14       		.uleb128 0x14
 413 02c7 8B050000 		.4byte	.LASF59
 414 02cb 08       		.byte	0x8
 415 02cc EA07     		.2byte	0x7ea
 416 02ce D2020000 		.4byte	0x2d2
 417 02d2 15       		.uleb128 0x15
 418 02d3 BC000000 		.4byte	0xbc
 419 02d7 14       		.uleb128 0x14
 420 02d8 20020000 		.4byte	.LASF60
 421 02dc 05       		.byte	0x5
 422 02dd 2202     		.2byte	0x222
 423 02df 41010000 		.4byte	0x141
 424 02e3 10       		.uleb128 0x10
 425 02e4 04010000 		.4byte	0x104
 426 02e8 F3020000 		.4byte	0x2f3
 427 02ec 11       		.uleb128 0x11
 428 02ed 96000000 		.4byte	0x96
 429 02f1 00       		.byte	0
 430 02f2 00       		.byte	0
 431 02f3 14       		.uleb128 0x14
 432 02f4 6C020000 		.4byte	.LASF61
 433 02f8 05       		.byte	0x5
 434 02f9 2C02     		.2byte	0x22c
 435 02fb E3020000 		.4byte	0x2e3
 436 02ff 10       		.uleb128 0x10
 437 0300 89010000 		.4byte	0x189
 438 0304 0F030000 		.4byte	0x30f
 439 0308 11       		.uleb128 0x11
 440 0309 96000000 		.4byte	0x96
 441 030d 00       		.byte	0
 442 030e 00       		.byte	0
 443 030f 14       		.uleb128 0x14
 444 0310 5D040000 		.4byte	.LASF62
 445 0314 05       		.byte	0x5
 446 0315 2D02     		.2byte	0x22d
 447 0317 FF020000 		.4byte	0x2ff
 448 031b 16       		.uleb128 0x16
 449 031c 21050000 		.4byte	.LASF63
 450 0320 09       		.byte	0x9
 451 0321 51       		.byte	0x51
 452 0322 AA020000 		.4byte	0x2aa
 453 0326 05       		.uleb128 0x5
 454 0327 03       		.byte	0x3
 455 0328 00000000 		.4byte	cy_ble_htsConfig
 456 032c 00       		.byte	0
ARM GAS  C:\Users\codyg\AppData\Local\Temp\ccZoQTam.s 			page 9


 457              		.section	.debug_abbrev,"",%progbits
 458              	.Ldebug_abbrev0:
 459 0000 01       		.uleb128 0x1
 460 0001 11       		.uleb128 0x11
 461 0002 01       		.byte	0x1
 462 0003 25       		.uleb128 0x25
 463 0004 0E       		.uleb128 0xe
 464 0005 13       		.uleb128 0x13
 465 0006 0B       		.uleb128 0xb
 466 0007 03       		.uleb128 0x3
 467 0008 0E       		.uleb128 0xe
 468 0009 1B       		.uleb128 0x1b
 469 000a 0E       		.uleb128 0xe
 470 000b 10       		.uleb128 0x10
 471 000c 17       		.uleb128 0x17
 472 000d 00       		.byte	0
 473 000e 00       		.byte	0
 474 000f 02       		.uleb128 0x2
 475 0010 24       		.uleb128 0x24
 476 0011 00       		.byte	0
 477 0012 0B       		.uleb128 0xb
 478 0013 0B       		.uleb128 0xb
 479 0014 3E       		.uleb128 0x3e
 480 0015 0B       		.uleb128 0xb
 481 0016 03       		.uleb128 0x3
 482 0017 08       		.uleb128 0x8
 483 0018 00       		.byte	0
 484 0019 00       		.byte	0
 485 001a 03       		.uleb128 0x3
 486 001b 24       		.uleb128 0x24
 487 001c 00       		.byte	0
 488 001d 0B       		.uleb128 0xb
 489 001e 0B       		.uleb128 0xb
 490 001f 3E       		.uleb128 0x3e
 491 0020 0B       		.uleb128 0xb
 492 0021 03       		.uleb128 0x3
 493 0022 0E       		.uleb128 0xe
 494 0023 00       		.byte	0
 495 0024 00       		.byte	0
 496 0025 04       		.uleb128 0x4
 497 0026 16       		.uleb128 0x16
 498 0027 00       		.byte	0
 499 0028 03       		.uleb128 0x3
 500 0029 0E       		.uleb128 0xe
 501 002a 3A       		.uleb128 0x3a
 502 002b 0B       		.uleb128 0xb
 503 002c 3B       		.uleb128 0x3b
 504 002d 0B       		.uleb128 0xb
 505 002e 49       		.uleb128 0x49
 506 002f 13       		.uleb128 0x13
 507 0030 00       		.byte	0
 508 0031 00       		.byte	0
 509 0032 05       		.uleb128 0x5
 510 0033 0F       		.uleb128 0xf
 511 0034 00       		.byte	0
 512 0035 0B       		.uleb128 0xb
 513 0036 0B       		.uleb128 0xb
ARM GAS  C:\Users\codyg\AppData\Local\Temp\ccZoQTam.s 			page 10


 514 0037 00       		.byte	0
 515 0038 00       		.byte	0
 516 0039 06       		.uleb128 0x6
 517 003a 13       		.uleb128 0x13
 518 003b 01       		.byte	0x1
 519 003c 0B       		.uleb128 0xb
 520 003d 0B       		.uleb128 0xb
 521 003e 3A       		.uleb128 0x3a
 522 003f 0B       		.uleb128 0xb
 523 0040 3B       		.uleb128 0x3b
 524 0041 05       		.uleb128 0x5
 525 0042 01       		.uleb128 0x1
 526 0043 13       		.uleb128 0x13
 527 0044 00       		.byte	0
 528 0045 00       		.byte	0
 529 0046 07       		.uleb128 0x7
 530 0047 0D       		.uleb128 0xd
 531 0048 00       		.byte	0
 532 0049 03       		.uleb128 0x3
 533 004a 0E       		.uleb128 0xe
 534 004b 3A       		.uleb128 0x3a
 535 004c 0B       		.uleb128 0xb
 536 004d 3B       		.uleb128 0x3b
 537 004e 05       		.uleb128 0x5
 538 004f 49       		.uleb128 0x49
 539 0050 13       		.uleb128 0x13
 540 0051 38       		.uleb128 0x38
 541 0052 0B       		.uleb128 0xb
 542 0053 00       		.byte	0
 543 0054 00       		.byte	0
 544 0055 08       		.uleb128 0x8
 545 0056 16       		.uleb128 0x16
 546 0057 00       		.byte	0
 547 0058 03       		.uleb128 0x3
 548 0059 0E       		.uleb128 0xe
 549 005a 3A       		.uleb128 0x3a
 550 005b 0B       		.uleb128 0xb
 551 005c 3B       		.uleb128 0x3b
 552 005d 05       		.uleb128 0x5
 553 005e 49       		.uleb128 0x49
 554 005f 13       		.uleb128 0x13
 555 0060 00       		.byte	0
 556 0061 00       		.byte	0
 557 0062 09       		.uleb128 0x9
 558 0063 04       		.uleb128 0x4
 559 0064 01       		.byte	0x1
 560 0065 0B       		.uleb128 0xb
 561 0066 0B       		.uleb128 0xb
 562 0067 49       		.uleb128 0x49
 563 0068 13       		.uleb128 0x13
 564 0069 3A       		.uleb128 0x3a
 565 006a 0B       		.uleb128 0xb
 566 006b 3B       		.uleb128 0x3b
 567 006c 0B       		.uleb128 0xb
 568 006d 01       		.uleb128 0x1
 569 006e 13       		.uleb128 0x13
 570 006f 00       		.byte	0
ARM GAS  C:\Users\codyg\AppData\Local\Temp\ccZoQTam.s 			page 11


 571 0070 00       		.byte	0
 572 0071 0A       		.uleb128 0xa
 573 0072 28       		.uleb128 0x28
 574 0073 00       		.byte	0
 575 0074 03       		.uleb128 0x3
 576 0075 0E       		.uleb128 0xe
 577 0076 1C       		.uleb128 0x1c
 578 0077 0B       		.uleb128 0xb
 579 0078 00       		.byte	0
 580 0079 00       		.byte	0
 581 007a 0B       		.uleb128 0xb
 582 007b 0F       		.uleb128 0xf
 583 007c 00       		.byte	0
 584 007d 0B       		.uleb128 0xb
 585 007e 0B       		.uleb128 0xb
 586 007f 49       		.uleb128 0x49
 587 0080 13       		.uleb128 0x13
 588 0081 00       		.byte	0
 589 0082 00       		.byte	0
 590 0083 0C       		.uleb128 0xc
 591 0084 15       		.uleb128 0x15
 592 0085 01       		.byte	0x1
 593 0086 27       		.uleb128 0x27
 594 0087 19       		.uleb128 0x19
 595 0088 01       		.uleb128 0x1
 596 0089 13       		.uleb128 0x13
 597 008a 00       		.byte	0
 598 008b 00       		.byte	0
 599 008c 0D       		.uleb128 0xd
 600 008d 05       		.uleb128 0x5
 601 008e 00       		.byte	0
 602 008f 49       		.uleb128 0x49
 603 0090 13       		.uleb128 0x13
 604 0091 00       		.byte	0
 605 0092 00       		.byte	0
 606 0093 0E       		.uleb128 0xe
 607 0094 13       		.uleb128 0x13
 608 0095 01       		.byte	0x1
 609 0096 0B       		.uleb128 0xb
 610 0097 0B       		.uleb128 0xb
 611 0098 3A       		.uleb128 0x3a
 612 0099 0B       		.uleb128 0xb
 613 009a 3B       		.uleb128 0x3b
 614 009b 0B       		.uleb128 0xb
 615 009c 01       		.uleb128 0x1
 616 009d 13       		.uleb128 0x13
 617 009e 00       		.byte	0
 618 009f 00       		.byte	0
 619 00a0 0F       		.uleb128 0xf
 620 00a1 0D       		.uleb128 0xd
 621 00a2 00       		.byte	0
 622 00a3 03       		.uleb128 0x3
 623 00a4 0E       		.uleb128 0xe
 624 00a5 3A       		.uleb128 0x3a
 625 00a6 0B       		.uleb128 0xb
 626 00a7 3B       		.uleb128 0x3b
 627 00a8 0B       		.uleb128 0xb
ARM GAS  C:\Users\codyg\AppData\Local\Temp\ccZoQTam.s 			page 12


 628 00a9 49       		.uleb128 0x49
 629 00aa 13       		.uleb128 0x13
 630 00ab 38       		.uleb128 0x38
 631 00ac 0B       		.uleb128 0xb
 632 00ad 00       		.byte	0
 633 00ae 00       		.byte	0
 634 00af 10       		.uleb128 0x10
 635 00b0 01       		.uleb128 0x1
 636 00b1 01       		.byte	0x1
 637 00b2 49       		.uleb128 0x49
 638 00b3 13       		.uleb128 0x13
 639 00b4 01       		.uleb128 0x1
 640 00b5 13       		.uleb128 0x13
 641 00b6 00       		.byte	0
 642 00b7 00       		.byte	0
 643 00b8 11       		.uleb128 0x11
 644 00b9 21       		.uleb128 0x21
 645 00ba 00       		.byte	0
 646 00bb 49       		.uleb128 0x49
 647 00bc 13       		.uleb128 0x13
 648 00bd 2F       		.uleb128 0x2f
 649 00be 0B       		.uleb128 0xb
 650 00bf 00       		.byte	0
 651 00c0 00       		.byte	0
 652 00c1 12       		.uleb128 0x12
 653 00c2 26       		.uleb128 0x26
 654 00c3 00       		.byte	0
 655 00c4 49       		.uleb128 0x49
 656 00c5 13       		.uleb128 0x13
 657 00c6 00       		.byte	0
 658 00c7 00       		.byte	0
 659 00c8 13       		.uleb128 0x13
 660 00c9 34       		.uleb128 0x34
 661 00ca 00       		.byte	0
 662 00cb 03       		.uleb128 0x3
 663 00cc 0E       		.uleb128 0xe
 664 00cd 3A       		.uleb128 0x3a
 665 00ce 0B       		.uleb128 0xb
 666 00cf 3B       		.uleb128 0x3b
 667 00d0 0B       		.uleb128 0xb
 668 00d1 49       		.uleb128 0x49
 669 00d2 13       		.uleb128 0x13
 670 00d3 02       		.uleb128 0x2
 671 00d4 18       		.uleb128 0x18
 672 00d5 00       		.byte	0
 673 00d6 00       		.byte	0
 674 00d7 14       		.uleb128 0x14
 675 00d8 34       		.uleb128 0x34
 676 00d9 00       		.byte	0
 677 00da 03       		.uleb128 0x3
 678 00db 0E       		.uleb128 0xe
 679 00dc 3A       		.uleb128 0x3a
 680 00dd 0B       		.uleb128 0xb
 681 00de 3B       		.uleb128 0x3b
 682 00df 05       		.uleb128 0x5
 683 00e0 49       		.uleb128 0x49
 684 00e1 13       		.uleb128 0x13
ARM GAS  C:\Users\codyg\AppData\Local\Temp\ccZoQTam.s 			page 13


 685 00e2 3F       		.uleb128 0x3f
 686 00e3 19       		.uleb128 0x19
 687 00e4 3C       		.uleb128 0x3c
 688 00e5 19       		.uleb128 0x19
 689 00e6 00       		.byte	0
 690 00e7 00       		.byte	0
 691 00e8 15       		.uleb128 0x15
 692 00e9 35       		.uleb128 0x35
 693 00ea 00       		.byte	0
 694 00eb 49       		.uleb128 0x49
 695 00ec 13       		.uleb128 0x13
 696 00ed 00       		.byte	0
 697 00ee 00       		.byte	0
 698 00ef 16       		.uleb128 0x16
 699 00f0 34       		.uleb128 0x34
 700 00f1 00       		.byte	0
 701 00f2 03       		.uleb128 0x3
 702 00f3 0E       		.uleb128 0xe
 703 00f4 3A       		.uleb128 0x3a
 704 00f5 0B       		.uleb128 0xb
 705 00f6 3B       		.uleb128 0x3b
 706 00f7 0B       		.uleb128 0xb
 707 00f8 49       		.uleb128 0x49
 708 00f9 13       		.uleb128 0x13
 709 00fa 3F       		.uleb128 0x3f
 710 00fb 19       		.uleb128 0x19
 711 00fc 02       		.uleb128 0x2
 712 00fd 18       		.uleb128 0x18
 713 00fe 00       		.byte	0
 714 00ff 00       		.byte	0
 715 0100 00       		.byte	0
 716              		.section	.debug_aranges,"",%progbits
 717 0000 14000000 		.4byte	0x14
 718 0004 0200     		.2byte	0x2
 719 0006 00000000 		.4byte	.Ldebug_info0
 720 000a 04       		.byte	0x4
 721 000b 00       		.byte	0
 722 000c 0000     		.2byte	0
 723 000e 0000     		.2byte	0
 724 0010 00000000 		.4byte	0
 725 0014 00000000 		.4byte	0
 726              		.section	.debug_line,"",%progbits
 727              	.Ldebug_line0:
 728 0000 01020000 		.section	.debug_str,"MS",%progbits,1
 728      0200FB01 
 728      00000201 
 728      FB0E0D00 
 728      01010101 
 729              	.LASF66:
 730 0000 433A5C55 		.ascii	"C:\\Users\\codyg\\git\\psoc6-realtime-processing\\B"
 730      73657273 
 730      5C636F64 
 730      79675C67 
 730      69745C70 
 731 002e 4C455F52 		.ascii	"LE_RTC_IMU.cydsn\\RestEaze_BLE.cydsn\000"
 731      54435F49 
 731      4D552E63 
ARM GAS  C:\Users\codyg\AppData\Local\Temp\ccZoQTam.s 			page 14


 731      7964736E 
 731      5C526573 
 732              	.LASF42:
 733 0052 43595F42 		.ascii	"CY_BLE_HTS_TEMP_MEASURE\000"
 733      4C455F48 
 733      54535F54 
 733      454D505F 
 733      4D454153 
 734              	.LASF48:
 735 006a 43595F42 		.ascii	"CY_BLE_HTS_VRD\000"
 735      4C455F48 
 735      54535F56 
 735      524400
 736              	.LASF33:
 737 0079 43595F42 		.ascii	"CY_BLE_CONN_STATE_CONNECTED\000"
 737      4C455F43 
 737      4F4E4E5F 
 737      53544154 
 737      455F434F 
 738              	.LASF57:
 739 0095 63616C6C 		.ascii	"callbackFunc\000"
 739      6261636B 
 739      46756E63 
 739      00
 740              	.LASF30:
 741 00a2 63795F65 		.ascii	"cy_en_ble_adv_state_t\000"
 741      6E5F626C 
 741      655F6164 
 741      765F7374 
 741      6174655F 
 742              	.LASF5:
 743 00b8 73686F72 		.ascii	"short int\000"
 743      7420696E 
 743      7400
 744              	.LASF14:
 745 00c2 73697A65 		.ascii	"sizetype\000"
 745      74797065 
 745      00
 746              	.LASF34:
 747 00cb 43595F42 		.ascii	"CY_BLE_CONN_STATE_CLIENT_SRVC_DISCOVERING\000"
 747      4C455F43 
 747      4F4E4E5F 
 747      53544154 
 747      455F434C 
 748              	.LASF47:
 749 00f5 43595F42 		.ascii	"CY_BLE_HTS_CCCD\000"
 749      4C455F48 
 749      54535F43 
 749      43434400 
 750              	.LASF46:
 751 0105 43595F42 		.ascii	"CY_BLE_HTS_CHAR_COUNT\000"
 751      4C455F48 
 751      54535F43 
 751      4841525F 
 751      434F554E 
 752              	.LASF64:
 753 011b 474E5520 		.ascii	"GNU C11 5.4.1 20160609 (release) [ARM/embedded-5-br"
ARM GAS  C:\Users\codyg\AppData\Local\Temp\ccZoQTam.s 			page 15


 753      43313120 
 753      352E342E 
 753      31203230 
 753      31363036 
 754 014e 616E6368 		.ascii	"anch revision 237715] -mcpu=cortex-m4 -mfloat-abi=s"
 754      20726576 
 754      6973696F 
 754      6E203233 
 754      37373135 
 755 0181 6F667466 		.ascii	"oftfp -mfpu=fpv4-sp-d16 -mthumb -g -Og -ffunction-s"
 755      70202D6D 
 755      6670753D 
 755      66707634 
 755      2D73702D 
 756 01b4 65637469 		.ascii	"ections -ffat-lto-objects\000"
 756      6F6E7320 
 756      2D666661 
 756      742D6C74 
 756      6F2D6F62 
 757              	.LASF11:
 758 01ce 5F5F7569 		.ascii	"__uint32_t\000"
 758      6E743332 
 758      5F7400
 759              	.LASF65:
 760 01d9 47656E65 		.ascii	"Generated_Source\\PSoC6\\BLE_hts_config.c\000"
 760      72617465 
 760      645F536F 
 760      75726365 
 760      5C50536F 
 761              	.LASF7:
 762 0201 5F5F7569 		.ascii	"__uint16_t\000"
 762      6E743136 
 762      5F7400
 763              	.LASF67:
 764 020c 63795F62 		.ascii	"cy_ble_htss\000"
 764      6C655F68 
 764      74737300 
 765              	.LASF16:
 766 0218 75696E74 		.ascii	"uint8_t\000"
 766      385F7400 
 767              	.LASF60:
 768 0220 63795F62 		.ascii	"cy_ble_advState\000"
 768      6C655F61 
 768      64765374 
 768      61746500 
 769              	.LASF31:
 770 0230 43595F42 		.ascii	"CY_BLE_CONN_STATE_DISCONNECTED\000"
 770      4C455F43 
 770      4F4E4E5F 
 770      53544154 
 770      455F4449 
 771              	.LASF22:
 772 024f 62644861 		.ascii	"bdHandle\000"
 772      6E646C65 
 772      00
 773              	.LASF20:
 774 0258 666C6F61 		.ascii	"float\000"
ARM GAS  C:\Users\codyg\AppData\Local\Temp\ccZoQTam.s 			page 16


 774      7400
 775              	.LASF1:
 776 025e 6C6F6E67 		.ascii	"long long int\000"
 776      206C6F6E 
 776      6720696E 
 776      7400
 777              	.LASF61:
 778 026c 63795F62 		.ascii	"cy_ble_connHandle\000"
 778      6C655F63 
 778      6F6E6E48 
 778      616E646C 
 778      6500
 779              	.LASF56:
 780 027e 68747373 		.ascii	"htss\000"
 780      00
 781              	.LASF35:
 782 0283 43595F42 		.ascii	"CY_BLE_CONN_STATE_CLIENT_INCL_DISCOVERING\000"
 782      4C455F43 
 782      4F4E4E5F 
 782      53544154 
 782      455F434C 
 783              	.LASF10:
 784 02ad 6C6F6E67 		.ascii	"long int\000"
 784      20696E74 
 784      00
 785              	.LASF36:
 786 02b6 43595F42 		.ascii	"CY_BLE_CONN_STATE_CLIENT_CHAR_DISCOVERING\000"
 786      4C455F43 
 786      4F4E4E5F 
 786      53544154 
 786      455F434C 
 787              	.LASF52:
 788 02e0 63795F73 		.ascii	"cy_stc_ble_htss_char_t\000"
 788      74635F62 
 788      6C655F68 
 788      7473735F 
 788      63686172 
 789              	.LASF6:
 790 02f7 5F5F7569 		.ascii	"__uint8_t\000"
 790      6E74385F 
 790      7400
 791              	.LASF38:
 792 0301 43595F42 		.ascii	"CY_BLE_CONN_STATE_CLIENT_DISCOVERED\000"
 792      4C455F43 
 792      4F4E4E5F 
 792      53544154 
 792      455F434C 
 793              	.LASF53:
 794 0325 73657276 		.ascii	"serviceHandle\000"
 794      69636548 
 794      616E646C 
 794      6500
 795              	.LASF2:
 796 0333 6C6F6E67 		.ascii	"long double\000"
 796      20646F75 
 796      626C6500 
 797              	.LASF37:
ARM GAS  C:\Users\codyg\AppData\Local\Temp\ccZoQTam.s 			page 17


 798 033f 43595F42 		.ascii	"CY_BLE_CONN_STATE_CLIENT_DESCR_DISCOVERING\000"
 798      4C455F43 
 798      4F4E4E5F 
 798      53544154 
 798      455F434C 
 799              	.LASF4:
 800 036a 756E7369 		.ascii	"unsigned char\000"
 800      676E6564 
 800      20636861 
 800      7200
 801              	.LASF29:
 802 0378 43595F42 		.ascii	"CY_BLE_ADV_STATE_STOP_INITIATED\000"
 802      4C455F41 
 802      44565F53 
 802      54415445 
 802      5F53544F 
 803              	.LASF3:
 804 0398 7369676E 		.ascii	"signed char\000"
 804      65642063 
 804      68617200 
 805              	.LASF13:
 806 03a4 6C6F6E67 		.ascii	"long long unsigned int\000"
 806      206C6F6E 
 806      6720756E 
 806      7369676E 
 806      65642069 
 807              	.LASF19:
 808 03bb 75696E74 		.ascii	"uint32_t\000"
 808      33325F74 
 808      00
 809              	.LASF0:
 810 03c4 756E7369 		.ascii	"unsigned int\000"
 810      676E6564 
 810      20696E74 
 810      00
 811              	.LASF17:
 812 03d1 75696E74 		.ascii	"uint16_t\000"
 812      31365F74 
 812      00
 813              	.LASF23:
 814 03da 61747449 		.ascii	"attId\000"
 814      6400
 815              	.LASF50:
 816 03e0 63686172 		.ascii	"charHandle\000"
 816      48616E64 
 816      6C6500
 817              	.LASF8:
 818 03eb 73686F72 		.ascii	"short unsigned int\000"
 818      7420756E 
 818      7369676E 
 818      65642069 
 818      6E7400
 819              	.LASF25:
 820 03fe 63795F62 		.ascii	"cy_ble_gatt_db_attr_handle_t\000"
 820      6C655F67 
 820      6174745F 
 820      64625F61 
ARM GAS  C:\Users\codyg\AppData\Local\Temp\ccZoQTam.s 			page 18


 820      7474725F 
 821              	.LASF15:
 822 041b 63686172 		.ascii	"char\000"
 822      00
 823              	.LASF18:
 824 0420 696E7433 		.ascii	"int32_t\000"
 824      325F7400 
 825              	.LASF58:
 826 0428 63795F73 		.ascii	"cy_stc_ble_hts_config_t\000"
 826      74635F62 
 826      6C655F68 
 826      74735F63 
 826      6F6E6669 
 827              	.LASF41:
 828 0440 5F426F6F 		.ascii	"_Bool\000"
 828      6C00
 829              	.LASF49:
 830 0446 43595F42 		.ascii	"CY_BLE_HTS_DESCR_COUNT\000"
 830      4C455F48 
 830      54535F44 
 830      45534352 
 830      5F434F55 
 831              	.LASF62:
 832 045d 63795F62 		.ascii	"cy_ble_connState\000"
 832      6C655F63 
 832      6F6E6E53 
 832      74617465 
 832      00
 833              	.LASF27:
 834 046e 43595F42 		.ascii	"CY_BLE_ADV_STATE_ADV_INITIATED\000"
 834      4C455F41 
 834      44565F53 
 834      54415445 
 834      5F414456 
 835              	.LASF51:
 836 048d 64657363 		.ascii	"descrHandle\000"
 836      7248616E 
 836      646C6500 
 837              	.LASF12:
 838 0499 6C6F6E67 		.ascii	"long unsigned int\000"
 838      20756E73 
 838      69676E65 
 838      6420696E 
 838      7400
 839              	.LASF21:
 840 04ab 646F7562 		.ascii	"double\000"
 840      6C6500
 841              	.LASF32:
 842 04b2 43595F42 		.ascii	"CY_BLE_CONN_STATE_CLIENT_DISCONNECTED_DISCOVERED\000"
 842      4C455F43 
 842      4F4E4E5F 
 842      53544154 
 842      455F434C 
 843              	.LASF55:
 844 04e3 63795F73 		.ascii	"cy_stc_ble_htss_t\000"
 844      74635F62 
 844      6C655F68 
ARM GAS  C:\Users\codyg\AppData\Local\Temp\ccZoQTam.s 			page 19


 844      7473735F 
 844      7400
 845              	.LASF54:
 846 04f5 63686172 		.ascii	"charInfo\000"
 846      496E666F 
 846      00
 847              	.LASF9:
 848 04fe 5F5F696E 		.ascii	"__int32_t\000"
 848      7433325F 
 848      7400
 849              	.LASF26:
 850 0508 43595F42 		.ascii	"CY_BLE_ADV_STATE_STOPPED\000"
 850      4C455F41 
 850      44565F53 
 850      54415445 
 850      5F53544F 
 851              	.LASF63:
 852 0521 63795F62 		.ascii	"cy_ble_htsConfig\000"
 852      6C655F68 
 852      7473436F 
 852      6E666967 
 852      00
 853              	.LASF44:
 854 0532 43595F42 		.ascii	"CY_BLE_HTS_INTERM_TEMP\000"
 854      4C455F48 
 854      54535F49 
 854      4E544552 
 854      4D5F5445 
 855              	.LASF40:
 856 0549 63795F62 		.ascii	"cy_ble_callback_t\000"
 856      6C655F63 
 856      616C6C62 
 856      61636B5F 
 856      7400
 857              	.LASF39:
 858 055b 63795F65 		.ascii	"cy_en_ble_conn_state_t\000"
 858      6E5F626C 
 858      655F636F 
 858      6E6E5F73 
 858      74617465 
 859              	.LASF24:
 860 0572 63795F73 		.ascii	"cy_stc_ble_conn_handle_t\000"
 860      74635F62 
 860      6C655F63 
 860      6F6E6E5F 
 860      68616E64 
 861              	.LASF59:
 862 058b 49544D5F 		.ascii	"ITM_RxBuffer\000"
 862      52784275 
 862      66666572 
 862      00
 863              	.LASF43:
 864 0598 43595F42 		.ascii	"CY_BLE_HTS_TEMP_TYPE\000"
 864      4C455F48 
 864      54535F54 
 864      454D505F 
 864      54595045 
ARM GAS  C:\Users\codyg\AppData\Local\Temp\ccZoQTam.s 			page 20


 865              	.LASF28:
 866 05ad 43595F42 		.ascii	"CY_BLE_ADV_STATE_ADVERTISING\000"
 866      4C455F41 
 866      44565F53 
 866      54415445 
 866      5F414456 
 867              	.LASF45:
 868 05ca 43595F42 		.ascii	"CY_BLE_HTS_MEASURE_INTERVAL\000"
 868      4C455F48 
 868      54535F4D 
 868      45415355 
 868      52455F49 
 869              		.ident	"GCC: (GNU Tools for ARM Embedded Processors) 5.4.1 20160609 (release) [ARM/embedded-5-bran
