ARM GAS  C:\Users\codyg\AppData\Local\Temp\ccRDC7Pm.s 			page 1


   1              		.syntax unified
   2              		.cpu cortex-m4
   3              		.eabi_attribute 27, 1
   4              		.fpu fpv4-sp-d16
   5              		.eabi_attribute 20, 1
   6              		.eabi_attribute 21, 1
   7              		.eabi_attribute 23, 3
   8              		.eabi_attribute 24, 1
   9              		.eabi_attribute 25, 1
  10              		.eabi_attribute 26, 1
  11              		.eabi_attribute 30, 1
  12              		.eabi_attribute 34, 1
  13              		.eabi_attribute 18, 4
  14              		.thumb
  15              		.syntax unified
  16              		.file	"BLE_dis_config.c"
  17              		.text
  18              	.Ltext0:
  19              		.cfi_sections	.debug_frame
  20              		.global	cy_ble_disConfig
  21              		.section	.rodata
  22              		.align	2
  23              		.type	cy_ble_diss, %object
  24              		.size	cy_ble_diss, 20
  25              	cy_ble_diss:
  26 0000 1900     		.short	25
  27 0002 1B00     		.short	27
  28 0004 1D00     		.short	29
  29 0006 1F00     		.short	31
  30 0008 2100     		.short	33
  31 000a 2300     		.short	35
  32 000c 2500     		.short	37
  33 000e 2700     		.short	39
  34 0010 2900     		.short	41
  35 0012 2B00     		.short	43
  36              		.data
  37              		.align	2
  38              		.type	cy_ble_disConfig, %object
  39              		.size	cy_ble_disConfig, 8
  40              	cy_ble_disConfig:
  41 0000 00000000 		.word	cy_ble_diss
  42 0004 00000000 		.word	0
  43              		.text
  44              	.Letext0:
  45              		.file 1 "c:\\program files (x86)\\cypress\\psoc creator\\4.2\\psoc creator\\import\\gnu\\arm\\5.4.
  46              		.file 2 "c:\\program files (x86)\\cypress\\psoc creator\\4.2\\psoc creator\\import\\gnu\\arm\\5.4.
  47              		.file 3 "Generated_Source\\PSoC6\\pdl\\middleware/ble/cy_ble_stack_host_main.h"
  48              		.file 4 "Generated_Source\\PSoC6\\pdl\\middleware/ble/cy_ble_stack_gatt.h"
  49              		.file 5 "Generated_Source\\PSoC6\\pdl\\middleware/ble/cy_ble_gap.h"
  50              		.file 6 "Generated_Source\\PSoC6\\pdl\\middleware/ble/cy_ble.h"
  51              		.file 7 "Generated_Source\\PSoC6\\pdl\\middleware/ble/cy_ble_dis.h"
  52              		.file 8 "Generated_Source\\PSoC6\\pdl\\cmsis/include/core_cm4.h"
  53              		.file 9 "Generated_Source\\PSoC6\\BLE_dis_config.c"
  54              		.section	.debug_info,"",%progbits
  55              	.Ldebug_info0:
  56 0000 EC020000 		.4byte	0x2ec
  57 0004 0400     		.2byte	0x4
ARM GAS  C:\Users\codyg\AppData\Local\Temp\ccRDC7Pm.s 			page 2


  58 0006 00000000 		.4byte	.Ldebug_abbrev0
  59 000a 04       		.byte	0x4
  60 000b 01       		.uleb128 0x1
  61 000c 47010000 		.4byte	.LASF63
  62 0010 0C       		.byte	0xc
  63 0011 D4000000 		.4byte	.LASF64
  64 0015 00000000 		.4byte	.LASF65
  65 0019 00000000 		.4byte	.Ldebug_line0
  66 001d 02       		.uleb128 0x2
  67 001e 04       		.byte	0x4
  68 001f 05       		.byte	0x5
  69 0020 696E7400 		.ascii	"int\000"
  70 0024 03       		.uleb128 0x3
  71 0025 04       		.byte	0x4
  72 0026 07       		.byte	0x7
  73 0027 34040000 		.4byte	.LASF0
  74 002b 03       		.uleb128 0x3
  75 002c 08       		.byte	0x8
  76 002d 05       		.byte	0x5
  77 002e B3020000 		.4byte	.LASF1
  78 0032 03       		.uleb128 0x3
  79 0033 08       		.byte	0x8
  80 0034 04       		.byte	0x4
  81 0035 69030000 		.4byte	.LASF2
  82 0039 03       		.uleb128 0x3
  83 003a 01       		.byte	0x1
  84 003b 06       		.byte	0x6
  85 003c 9B000000 		.4byte	.LASF3
  86 0040 04       		.uleb128 0x4
  87 0041 06030000 		.4byte	.LASF6
  88 0045 01       		.byte	0x1
  89 0046 1D       		.byte	0x1d
  90 0047 4B000000 		.4byte	0x4b
  91 004b 03       		.uleb128 0x3
  92 004c 01       		.byte	0x1
  93 004d 08       		.byte	0x8
  94 004e 42030000 		.4byte	.LASF4
  95 0052 03       		.uleb128 0x3
  96 0053 02       		.byte	0x2
  97 0054 05       		.byte	0x5
  98 0055 CA000000 		.4byte	.LASF5
  99 0059 04       		.uleb128 0x4
 100 005a 05020000 		.4byte	.LASF7
 101 005e 01       		.byte	0x1
 102 005f 2B       		.byte	0x2b
 103 0060 64000000 		.4byte	0x64
 104 0064 03       		.uleb128 0x3
 105 0065 02       		.byte	0x2
 106 0066 07       		.byte	0x7
 107 0067 60040000 		.4byte	.LASF8
 108 006b 04       		.uleb128 0x4
 109 006c 41050000 		.4byte	.LASF9
 110 0070 01       		.byte	0x1
 111 0071 3F       		.byte	0x3f
 112 0072 76000000 		.4byte	0x76
 113 0076 03       		.uleb128 0x3
 114 0077 04       		.byte	0x4
ARM GAS  C:\Users\codyg\AppData\Local\Temp\ccRDC7Pm.s 			page 3


 115 0078 05       		.byte	0x5
 116 0079 FD020000 		.4byte	.LASF10
 117 007d 04       		.uleb128 0x4
 118 007e FA010000 		.4byte	.LASF11
 119 0082 01       		.byte	0x1
 120 0083 41       		.byte	0x41
 121 0084 88000000 		.4byte	0x88
 122 0088 03       		.uleb128 0x3
 123 0089 04       		.byte	0x4
 124 008a 07       		.byte	0x7
 125 008b DF040000 		.4byte	.LASF12
 126 008f 03       		.uleb128 0x3
 127 0090 08       		.byte	0x8
 128 0091 07       		.byte	0x7
 129 0092 14040000 		.4byte	.LASF13
 130 0096 03       		.uleb128 0x3
 131 0097 04       		.byte	0x4
 132 0098 07       		.byte	0x7
 133 0099 FC000000 		.4byte	.LASF14
 134 009d 05       		.uleb128 0x5
 135 009e 04       		.byte	0x4
 136 009f 03       		.uleb128 0x3
 137 00a0 01       		.byte	0x1
 138 00a1 08       		.byte	0x8
 139 00a2 9C040000 		.4byte	.LASF15
 140 00a6 04       		.uleb128 0x4
 141 00a7 3A020000 		.4byte	.LASF16
 142 00ab 02       		.byte	0x2
 143 00ac 18       		.byte	0x18
 144 00ad 40000000 		.4byte	0x40
 145 00b1 04       		.uleb128 0x4
 146 00b2 41040000 		.4byte	.LASF17
 147 00b6 02       		.byte	0x2
 148 00b7 24       		.byte	0x24
 149 00b8 59000000 		.4byte	0x59
 150 00bc 04       		.uleb128 0x4
 151 00bd A1040000 		.4byte	.LASF18
 152 00c1 02       		.byte	0x2
 153 00c2 2C       		.byte	0x2c
 154 00c3 6B000000 		.4byte	0x6b
 155 00c7 04       		.uleb128 0x4
 156 00c8 2B040000 		.4byte	.LASF19
 157 00cc 02       		.byte	0x2
 158 00cd 30       		.byte	0x30
 159 00ce 7D000000 		.4byte	0x7d
 160 00d2 03       		.uleb128 0x3
 161 00d3 04       		.byte	0x4
 162 00d4 04       		.byte	0x4
 163 00d5 AD020000 		.4byte	.LASF20
 164 00d9 03       		.uleb128 0x3
 165 00da 08       		.byte	0x8
 166 00db 04       		.byte	0x4
 167 00dc F1040000 		.4byte	.LASF21
 168 00e0 06       		.uleb128 0x6
 169 00e1 02       		.byte	0x2
 170 00e2 03       		.byte	0x3
 171 00e3 5B01     		.2byte	0x15b
ARM GAS  C:\Users\codyg\AppData\Local\Temp\ccRDC7Pm.s 			page 4


 172 00e5 04010000 		.4byte	0x104
 173 00e9 07       		.uleb128 0x7
 174 00ea A4020000 		.4byte	.LASF22
 175 00ee 03       		.byte	0x3
 176 00ef 6501     		.2byte	0x165
 177 00f1 A6000000 		.4byte	0xa6
 178 00f5 00       		.byte	0
 179 00f6 07       		.uleb128 0x7
 180 00f7 4A040000 		.4byte	.LASF23
 181 00fb 03       		.byte	0x3
 182 00fc 6901     		.2byte	0x169
 183 00fe A6000000 		.4byte	0xa6
 184 0102 01       		.byte	0x1
 185 0103 00       		.byte	0
 186 0104 08       		.uleb128 0x8
 187 0105 A6050000 		.4byte	.LASF24
 188 0109 03       		.byte	0x3
 189 010a 6B01     		.2byte	0x16b
 190 010c E0000000 		.4byte	0xe0
 191 0110 08       		.uleb128 0x8
 192 0111 7F040000 		.4byte	.LASF25
 193 0115 04       		.byte	0x4
 194 0116 7F01     		.2byte	0x17f
 195 0118 B1000000 		.4byte	0xb1
 196 011c 09       		.uleb128 0x9
 197 011d 01       		.byte	0x1
 198 011e 4B000000 		.4byte	0x4b
 199 0122 05       		.byte	0x5
 200 0123 7E       		.byte	0x7e
 201 0124 41010000 		.4byte	0x141
 202 0128 0A       		.uleb128 0xa
 203 0129 4B050000 		.4byte	.LASF26
 204 012d 00       		.byte	0
 205 012e 0A       		.uleb128 0xa
 206 012f C0040000 		.4byte	.LASF27
 207 0133 01       		.byte	0x1
 208 0134 0A       		.uleb128 0xa
 209 0135 DD050000 		.4byte	.LASF28
 210 0139 02       		.byte	0x2
 211 013a 0A       		.uleb128 0xa
 212 013b C4030000 		.4byte	.LASF29
 213 013f 03       		.byte	0x3
 214 0140 00       		.byte	0
 215 0141 04       		.uleb128 0x4
 216 0142 B4000000 		.4byte	.LASF30
 217 0146 05       		.byte	0x5
 218 0147 83       		.byte	0x83
 219 0148 1C010000 		.4byte	0x11c
 220 014c 09       		.uleb128 0x9
 221 014d 01       		.byte	0x1
 222 014e 4B000000 		.4byte	0x4b
 223 0152 05       		.byte	0x5
 224 0153 87       		.byte	0x87
 225 0154 89010000 		.4byte	0x189
 226 0158 0A       		.uleb128 0xa
 227 0159 6F020000 		.4byte	.LASF31
 228 015d 00       		.byte	0
ARM GAS  C:\Users\codyg\AppData\Local\Temp\ccRDC7Pm.s 			page 5


 229 015e 0A       		.uleb128 0xa
 230 015f F8040000 		.4byte	.LASF32
 231 0163 01       		.byte	0x1
 232 0164 0A       		.uleb128 0xa
 233 0165 7F000000 		.4byte	.LASF33
 234 0169 02       		.byte	0x2
 235 016a 0A       		.uleb128 0xa
 236 016b 1D010000 		.4byte	.LASF34
 237 016f 03       		.byte	0x3
 238 0170 0A       		.uleb128 0xa
 239 0171 D3020000 		.4byte	.LASF35
 240 0175 04       		.byte	0x4
 241 0176 0A       		.uleb128 0xa
 242 0177 10020000 		.4byte	.LASF36
 243 017b 05       		.byte	0x5
 244 017c 0A       		.uleb128 0xa
 245 017d 87030000 		.4byte	.LASF37
 246 0181 06       		.byte	0x6
 247 0182 0A       		.uleb128 0xa
 248 0183 10030000 		.4byte	.LASF38
 249 0187 07       		.byte	0x7
 250 0188 00       		.byte	0
 251 0189 04       		.uleb128 0x4
 252 018a 8F050000 		.4byte	.LASF39
 253 018e 05       		.byte	0x5
 254 018f 90       		.byte	0x90
 255 0190 4C010000 		.4byte	0x14c
 256 0194 04       		.uleb128 0x4
 257 0195 7D050000 		.4byte	.LASF40
 258 0199 06       		.byte	0x6
 259 019a 40       		.byte	0x40
 260 019b 9F010000 		.4byte	0x19f
 261 019f 0B       		.uleb128 0xb
 262 01a0 04       		.byte	0x4
 263 01a1 A5010000 		.4byte	0x1a5
 264 01a5 0C       		.uleb128 0xc
 265 01a6 B5010000 		.4byte	0x1b5
 266 01aa 0D       		.uleb128 0xd
 267 01ab C7000000 		.4byte	0xc7
 268 01af 0D       		.uleb128 0xd
 269 01b0 9D000000 		.4byte	0x9d
 270 01b4 00       		.byte	0
 271 01b5 03       		.uleb128 0x3
 272 01b6 01       		.byte	0x1
 273 01b7 02       		.byte	0x2
 274 01b8 A9040000 		.4byte	.LASF41
 275 01bc 09       		.uleb128 0x9
 276 01bd 01       		.byte	0x1
 277 01be 4B000000 		.4byte	0x4b
 278 01c2 07       		.byte	0x7
 279 01c3 29       		.byte	0x29
 280 01c4 05020000 		.4byte	0x205
 281 01c8 0A       		.uleb128 0xa
 282 01c9 52020000 		.4byte	.LASF42
 283 01cd 00       		.byte	0
 284 01ce 0A       		.uleb128 0xa
 285 01cf 67000000 		.4byte	.LASF43
ARM GAS  C:\Users\codyg\AppData\Local\Temp\ccRDC7Pm.s 			page 6


 286 01d3 01       		.byte	0x1
 287 01d4 0A       		.uleb128 0xa
 288 01d5 50030000 		.4byte	.LASF44
 289 01d9 02       		.byte	0x2
 290 01da 0A       		.uleb128 0xa
 291 01db FC030000 		.4byte	.LASF45
 292 01df 03       		.byte	0x3
 293 01e0 0A       		.uleb128 0xa
 294 01e1 E4030000 		.4byte	.LASF46
 295 01e5 04       		.byte	0x4
 296 01e6 0A       		.uleb128 0xa
 297 01e7 29050000 		.4byte	.LASF47
 298 01eb 05       		.byte	0x5
 299 01ec 0A       		.uleb128 0xa
 300 01ed 52000000 		.4byte	.LASF48
 301 01f1 06       		.byte	0x6
 302 01f2 0A       		.uleb128 0xa
 303 01f3 64050000 		.4byte	.LASF49
 304 01f7 07       		.byte	0x7
 305 01f8 0A       		.uleb128 0xa
 306 01f9 B2030000 		.4byte	.LASF50
 307 01fd 08       		.byte	0x8
 308 01fe 0A       		.uleb128 0xa
 309 01ff 8E020000 		.4byte	.LASF51
 310 0203 09       		.byte	0x9
 311 0204 00       		.byte	0
 312 0205 0E       		.uleb128 0xe
 313 0206 14       		.byte	0x14
 314 0207 07       		.byte	0x7
 315 0208 37       		.byte	0x37
 316 0209 26020000 		.4byte	0x226
 317 020d 0F       		.uleb128 0xf
 318 020e 34030000 		.4byte	.LASF52
 319 0212 07       		.byte	0x7
 320 0213 3A       		.byte	0x3a
 321 0214 10010000 		.4byte	0x110
 322 0218 00       		.byte	0
 323 0219 0F       		.uleb128 0xf
 324 021a 55040000 		.4byte	.LASF53
 325 021e 07       		.byte	0x7
 326 021f 3D       		.byte	0x3d
 327 0220 26020000 		.4byte	0x226
 328 0224 02       		.byte	0x2
 329 0225 00       		.byte	0
 330 0226 10       		.uleb128 0x10
 331 0227 10010000 		.4byte	0x110
 332 022b 36020000 		.4byte	0x236
 333 022f 11       		.uleb128 0x11
 334 0230 96000000 		.4byte	0x96
 335 0234 08       		.byte	0x8
 336 0235 00       		.byte	0
 337 0236 04       		.uleb128 0x4
 338 0237 75030000 		.4byte	.LASF54
 339 023b 07       		.byte	0x7
 340 023c 3E       		.byte	0x3e
 341 023d 05020000 		.4byte	0x205
 342 0241 0E       		.uleb128 0xe
ARM GAS  C:\Users\codyg\AppData\Local\Temp\ccRDC7Pm.s 			page 7


 343 0242 08       		.byte	0x8
 344 0243 07       		.byte	0x7
 345 0244 50       		.byte	0x50
 346 0245 62020000 		.4byte	0x262
 347 0249 0F       		.uleb128 0xf
 348 024a 50040000 		.4byte	.LASF55
 349 024e 07       		.byte	0x7
 350 024f 53       		.byte	0x53
 351 0250 62020000 		.4byte	0x262
 352 0254 00       		.byte	0
 353 0255 0F       		.uleb128 0xf
 354 0256 A7000000 		.4byte	.LASF56
 355 025a 07       		.byte	0x7
 356 025b 56       		.byte	0x56
 357 025c 94010000 		.4byte	0x194
 358 0260 04       		.byte	0x4
 359 0261 00       		.byte	0
 360 0262 0B       		.uleb128 0xb
 361 0263 04       		.byte	0x4
 362 0264 68020000 		.4byte	0x268
 363 0268 12       		.uleb128 0x12
 364 0269 36020000 		.4byte	0x236
 365 026d 04       		.uleb128 0x4
 366 026e 05010000 		.4byte	.LASF57
 367 0272 07       		.byte	0x7
 368 0273 57       		.byte	0x57
 369 0274 41020000 		.4byte	0x241
 370 0278 13       		.uleb128 0x13
 371 0279 73040000 		.4byte	.LASF66
 372 027d 09       		.byte	0x9
 373 027e 17       		.byte	0x17
 374 027f 68020000 		.4byte	0x268
 375 0283 05       		.uleb128 0x5
 376 0284 03       		.byte	0x3
 377 0285 00000000 		.4byte	cy_ble_diss
 378 0289 14       		.uleb128 0x14
 379 028a BF050000 		.4byte	.LASF58
 380 028e 08       		.byte	0x8
 381 028f EA07     		.2byte	0x7ea
 382 0291 95020000 		.4byte	0x295
 383 0295 15       		.uleb128 0x15
 384 0296 BC000000 		.4byte	0xbc
 385 029a 14       		.uleb128 0x14
 386 029b 42020000 		.4byte	.LASF59
 387 029f 05       		.byte	0x5
 388 02a0 2202     		.2byte	0x222
 389 02a2 41010000 		.4byte	0x141
 390 02a6 10       		.uleb128 0x10
 391 02a7 04010000 		.4byte	0x104
 392 02ab B6020000 		.4byte	0x2b6
 393 02af 11       		.uleb128 0x11
 394 02b0 96000000 		.4byte	0x96
 395 02b4 00       		.byte	0
 396 02b5 00       		.byte	0
 397 02b6 14       		.uleb128 0x14
 398 02b7 C1020000 		.4byte	.LASF60
 399 02bb 05       		.byte	0x5
ARM GAS  C:\Users\codyg\AppData\Local\Temp\ccRDC7Pm.s 			page 8


 400 02bc 2C02     		.2byte	0x22c
 401 02be A6020000 		.4byte	0x2a6
 402 02c2 10       		.uleb128 0x10
 403 02c3 89010000 		.4byte	0x189
 404 02c7 D2020000 		.4byte	0x2d2
 405 02cb 11       		.uleb128 0x11
 406 02cc 96000000 		.4byte	0x96
 407 02d0 00       		.byte	0
 408 02d1 00       		.byte	0
 409 02d2 14       		.uleb128 0x14
 410 02d3 AF040000 		.4byte	.LASF61
 411 02d7 05       		.byte	0x5
 412 02d8 2D02     		.2byte	0x22d
 413 02da C2020000 		.4byte	0x2c2
 414 02de 16       		.uleb128 0x16
 415 02df CC050000 		.4byte	.LASF62
 416 02e3 09       		.byte	0x9
 417 02e4 2E       		.byte	0x2e
 418 02e5 6D020000 		.4byte	0x26d
 419 02e9 05       		.uleb128 0x5
 420 02ea 03       		.byte	0x3
 421 02eb 00000000 		.4byte	cy_ble_disConfig
 422 02ef 00       		.byte	0
 423              		.section	.debug_abbrev,"",%progbits
 424              	.Ldebug_abbrev0:
 425 0000 01       		.uleb128 0x1
 426 0001 11       		.uleb128 0x11
 427 0002 01       		.byte	0x1
 428 0003 25       		.uleb128 0x25
 429 0004 0E       		.uleb128 0xe
 430 0005 13       		.uleb128 0x13
 431 0006 0B       		.uleb128 0xb
 432 0007 03       		.uleb128 0x3
 433 0008 0E       		.uleb128 0xe
 434 0009 1B       		.uleb128 0x1b
 435 000a 0E       		.uleb128 0xe
 436 000b 10       		.uleb128 0x10
 437 000c 17       		.uleb128 0x17
 438 000d 00       		.byte	0
 439 000e 00       		.byte	0
 440 000f 02       		.uleb128 0x2
 441 0010 24       		.uleb128 0x24
 442 0011 00       		.byte	0
 443 0012 0B       		.uleb128 0xb
 444 0013 0B       		.uleb128 0xb
 445 0014 3E       		.uleb128 0x3e
 446 0015 0B       		.uleb128 0xb
 447 0016 03       		.uleb128 0x3
 448 0017 08       		.uleb128 0x8
 449 0018 00       		.byte	0
 450 0019 00       		.byte	0
 451 001a 03       		.uleb128 0x3
 452 001b 24       		.uleb128 0x24
 453 001c 00       		.byte	0
 454 001d 0B       		.uleb128 0xb
 455 001e 0B       		.uleb128 0xb
 456 001f 3E       		.uleb128 0x3e
ARM GAS  C:\Users\codyg\AppData\Local\Temp\ccRDC7Pm.s 			page 9


 457 0020 0B       		.uleb128 0xb
 458 0021 03       		.uleb128 0x3
 459 0022 0E       		.uleb128 0xe
 460 0023 00       		.byte	0
 461 0024 00       		.byte	0
 462 0025 04       		.uleb128 0x4
 463 0026 16       		.uleb128 0x16
 464 0027 00       		.byte	0
 465 0028 03       		.uleb128 0x3
 466 0029 0E       		.uleb128 0xe
 467 002a 3A       		.uleb128 0x3a
 468 002b 0B       		.uleb128 0xb
 469 002c 3B       		.uleb128 0x3b
 470 002d 0B       		.uleb128 0xb
 471 002e 49       		.uleb128 0x49
 472 002f 13       		.uleb128 0x13
 473 0030 00       		.byte	0
 474 0031 00       		.byte	0
 475 0032 05       		.uleb128 0x5
 476 0033 0F       		.uleb128 0xf
 477 0034 00       		.byte	0
 478 0035 0B       		.uleb128 0xb
 479 0036 0B       		.uleb128 0xb
 480 0037 00       		.byte	0
 481 0038 00       		.byte	0
 482 0039 06       		.uleb128 0x6
 483 003a 13       		.uleb128 0x13
 484 003b 01       		.byte	0x1
 485 003c 0B       		.uleb128 0xb
 486 003d 0B       		.uleb128 0xb
 487 003e 3A       		.uleb128 0x3a
 488 003f 0B       		.uleb128 0xb
 489 0040 3B       		.uleb128 0x3b
 490 0041 05       		.uleb128 0x5
 491 0042 01       		.uleb128 0x1
 492 0043 13       		.uleb128 0x13
 493 0044 00       		.byte	0
 494 0045 00       		.byte	0
 495 0046 07       		.uleb128 0x7
 496 0047 0D       		.uleb128 0xd
 497 0048 00       		.byte	0
 498 0049 03       		.uleb128 0x3
 499 004a 0E       		.uleb128 0xe
 500 004b 3A       		.uleb128 0x3a
 501 004c 0B       		.uleb128 0xb
 502 004d 3B       		.uleb128 0x3b
 503 004e 05       		.uleb128 0x5
 504 004f 49       		.uleb128 0x49
 505 0050 13       		.uleb128 0x13
 506 0051 38       		.uleb128 0x38
 507 0052 0B       		.uleb128 0xb
 508 0053 00       		.byte	0
 509 0054 00       		.byte	0
 510 0055 08       		.uleb128 0x8
 511 0056 16       		.uleb128 0x16
 512 0057 00       		.byte	0
 513 0058 03       		.uleb128 0x3
ARM GAS  C:\Users\codyg\AppData\Local\Temp\ccRDC7Pm.s 			page 10


 514 0059 0E       		.uleb128 0xe
 515 005a 3A       		.uleb128 0x3a
 516 005b 0B       		.uleb128 0xb
 517 005c 3B       		.uleb128 0x3b
 518 005d 05       		.uleb128 0x5
 519 005e 49       		.uleb128 0x49
 520 005f 13       		.uleb128 0x13
 521 0060 00       		.byte	0
 522 0061 00       		.byte	0
 523 0062 09       		.uleb128 0x9
 524 0063 04       		.uleb128 0x4
 525 0064 01       		.byte	0x1
 526 0065 0B       		.uleb128 0xb
 527 0066 0B       		.uleb128 0xb
 528 0067 49       		.uleb128 0x49
 529 0068 13       		.uleb128 0x13
 530 0069 3A       		.uleb128 0x3a
 531 006a 0B       		.uleb128 0xb
 532 006b 3B       		.uleb128 0x3b
 533 006c 0B       		.uleb128 0xb
 534 006d 01       		.uleb128 0x1
 535 006e 13       		.uleb128 0x13
 536 006f 00       		.byte	0
 537 0070 00       		.byte	0
 538 0071 0A       		.uleb128 0xa
 539 0072 28       		.uleb128 0x28
 540 0073 00       		.byte	0
 541 0074 03       		.uleb128 0x3
 542 0075 0E       		.uleb128 0xe
 543 0076 1C       		.uleb128 0x1c
 544 0077 0B       		.uleb128 0xb
 545 0078 00       		.byte	0
 546 0079 00       		.byte	0
 547 007a 0B       		.uleb128 0xb
 548 007b 0F       		.uleb128 0xf
 549 007c 00       		.byte	0
 550 007d 0B       		.uleb128 0xb
 551 007e 0B       		.uleb128 0xb
 552 007f 49       		.uleb128 0x49
 553 0080 13       		.uleb128 0x13
 554 0081 00       		.byte	0
 555 0082 00       		.byte	0
 556 0083 0C       		.uleb128 0xc
 557 0084 15       		.uleb128 0x15
 558 0085 01       		.byte	0x1
 559 0086 27       		.uleb128 0x27
 560 0087 19       		.uleb128 0x19
 561 0088 01       		.uleb128 0x1
 562 0089 13       		.uleb128 0x13
 563 008a 00       		.byte	0
 564 008b 00       		.byte	0
 565 008c 0D       		.uleb128 0xd
 566 008d 05       		.uleb128 0x5
 567 008e 00       		.byte	0
 568 008f 49       		.uleb128 0x49
 569 0090 13       		.uleb128 0x13
 570 0091 00       		.byte	0
ARM GAS  C:\Users\codyg\AppData\Local\Temp\ccRDC7Pm.s 			page 11


 571 0092 00       		.byte	0
 572 0093 0E       		.uleb128 0xe
 573 0094 13       		.uleb128 0x13
 574 0095 01       		.byte	0x1
 575 0096 0B       		.uleb128 0xb
 576 0097 0B       		.uleb128 0xb
 577 0098 3A       		.uleb128 0x3a
 578 0099 0B       		.uleb128 0xb
 579 009a 3B       		.uleb128 0x3b
 580 009b 0B       		.uleb128 0xb
 581 009c 01       		.uleb128 0x1
 582 009d 13       		.uleb128 0x13
 583 009e 00       		.byte	0
 584 009f 00       		.byte	0
 585 00a0 0F       		.uleb128 0xf
 586 00a1 0D       		.uleb128 0xd
 587 00a2 00       		.byte	0
 588 00a3 03       		.uleb128 0x3
 589 00a4 0E       		.uleb128 0xe
 590 00a5 3A       		.uleb128 0x3a
 591 00a6 0B       		.uleb128 0xb
 592 00a7 3B       		.uleb128 0x3b
 593 00a8 0B       		.uleb128 0xb
 594 00a9 49       		.uleb128 0x49
 595 00aa 13       		.uleb128 0x13
 596 00ab 38       		.uleb128 0x38
 597 00ac 0B       		.uleb128 0xb
 598 00ad 00       		.byte	0
 599 00ae 00       		.byte	0
 600 00af 10       		.uleb128 0x10
 601 00b0 01       		.uleb128 0x1
 602 00b1 01       		.byte	0x1
 603 00b2 49       		.uleb128 0x49
 604 00b3 13       		.uleb128 0x13
 605 00b4 01       		.uleb128 0x1
 606 00b5 13       		.uleb128 0x13
 607 00b6 00       		.byte	0
 608 00b7 00       		.byte	0
 609 00b8 11       		.uleb128 0x11
 610 00b9 21       		.uleb128 0x21
 611 00ba 00       		.byte	0
 612 00bb 49       		.uleb128 0x49
 613 00bc 13       		.uleb128 0x13
 614 00bd 2F       		.uleb128 0x2f
 615 00be 0B       		.uleb128 0xb
 616 00bf 00       		.byte	0
 617 00c0 00       		.byte	0
 618 00c1 12       		.uleb128 0x12
 619 00c2 26       		.uleb128 0x26
 620 00c3 00       		.byte	0
 621 00c4 49       		.uleb128 0x49
 622 00c5 13       		.uleb128 0x13
 623 00c6 00       		.byte	0
 624 00c7 00       		.byte	0
 625 00c8 13       		.uleb128 0x13
 626 00c9 34       		.uleb128 0x34
 627 00ca 00       		.byte	0
ARM GAS  C:\Users\codyg\AppData\Local\Temp\ccRDC7Pm.s 			page 12


 628 00cb 03       		.uleb128 0x3
 629 00cc 0E       		.uleb128 0xe
 630 00cd 3A       		.uleb128 0x3a
 631 00ce 0B       		.uleb128 0xb
 632 00cf 3B       		.uleb128 0x3b
 633 00d0 0B       		.uleb128 0xb
 634 00d1 49       		.uleb128 0x49
 635 00d2 13       		.uleb128 0x13
 636 00d3 02       		.uleb128 0x2
 637 00d4 18       		.uleb128 0x18
 638 00d5 00       		.byte	0
 639 00d6 00       		.byte	0
 640 00d7 14       		.uleb128 0x14
 641 00d8 34       		.uleb128 0x34
 642 00d9 00       		.byte	0
 643 00da 03       		.uleb128 0x3
 644 00db 0E       		.uleb128 0xe
 645 00dc 3A       		.uleb128 0x3a
 646 00dd 0B       		.uleb128 0xb
 647 00de 3B       		.uleb128 0x3b
 648 00df 05       		.uleb128 0x5
 649 00e0 49       		.uleb128 0x49
 650 00e1 13       		.uleb128 0x13
 651 00e2 3F       		.uleb128 0x3f
 652 00e3 19       		.uleb128 0x19
 653 00e4 3C       		.uleb128 0x3c
 654 00e5 19       		.uleb128 0x19
 655 00e6 00       		.byte	0
 656 00e7 00       		.byte	0
 657 00e8 15       		.uleb128 0x15
 658 00e9 35       		.uleb128 0x35
 659 00ea 00       		.byte	0
 660 00eb 49       		.uleb128 0x49
 661 00ec 13       		.uleb128 0x13
 662 00ed 00       		.byte	0
 663 00ee 00       		.byte	0
 664 00ef 16       		.uleb128 0x16
 665 00f0 34       		.uleb128 0x34
 666 00f1 00       		.byte	0
 667 00f2 03       		.uleb128 0x3
 668 00f3 0E       		.uleb128 0xe
 669 00f4 3A       		.uleb128 0x3a
 670 00f5 0B       		.uleb128 0xb
 671 00f6 3B       		.uleb128 0x3b
 672 00f7 0B       		.uleb128 0xb
 673 00f8 49       		.uleb128 0x49
 674 00f9 13       		.uleb128 0x13
 675 00fa 3F       		.uleb128 0x3f
 676 00fb 19       		.uleb128 0x19
 677 00fc 02       		.uleb128 0x2
 678 00fd 18       		.uleb128 0x18
 679 00fe 00       		.byte	0
 680 00ff 00       		.byte	0
 681 0100 00       		.byte	0
 682              		.section	.debug_aranges,"",%progbits
 683 0000 14000000 		.4byte	0x14
 684 0004 0200     		.2byte	0x2
ARM GAS  C:\Users\codyg\AppData\Local\Temp\ccRDC7Pm.s 			page 13


 685 0006 00000000 		.4byte	.Ldebug_info0
 686 000a 04       		.byte	0x4
 687 000b 00       		.byte	0
 688 000c 0000     		.2byte	0
 689 000e 0000     		.2byte	0
 690 0010 00000000 		.4byte	0
 691 0014 00000000 		.4byte	0
 692              		.section	.debug_line,"",%progbits
 693              	.Ldebug_line0:
 694 0000 01020000 		.section	.debug_str,"MS",%progbits,1
 694      0200FB01 
 694      00000201 
 694      FB0E0D00 
 694      01010101 
 695              	.LASF65:
 696 0000 433A5C55 		.ascii	"C:\\Users\\codyg\\git\\psoc6-realtime-processing\\B"
 696      73657273 
 696      5C636F64 
 696      79675C67 
 696      69745C70 
 697 002e 4C455F52 		.ascii	"LE_RTC_IMU.cydsn\\RestEaze_BLE.cydsn\000"
 697      54435F49 
 697      4D552E63 
 697      7964736E 
 697      5C526573 
 698              	.LASF48:
 699 0052 43595F42 		.ascii	"CY_BLE_DIS_SYSTEM_ID\000"
 699      4C455F44 
 699      49535F53 
 699      59535445 
 699      4D5F4944 
 700              	.LASF43:
 701 0067 43595F42 		.ascii	"CY_BLE_DIS_MODEL_NUMBER\000"
 701      4C455F44 
 701      49535F4D 
 701      4F44454C 
 701      5F4E554D 
 702              	.LASF33:
 703 007f 43595F42 		.ascii	"CY_BLE_CONN_STATE_CONNECTED\000"
 703      4C455F43 
 703      4F4E4E5F 
 703      53544154 
 703      455F434F 
 704              	.LASF3:
 705 009b 7369676E 		.ascii	"signed char\000"
 705      65642063 
 705      68617200 
 706              	.LASF56:
 707 00a7 63616C6C 		.ascii	"callbackFunc\000"
 707      6261636B 
 707      46756E63 
 707      00
 708              	.LASF30:
 709 00b4 63795F65 		.ascii	"cy_en_ble_adv_state_t\000"
 709      6E5F626C 
 709      655F6164 
 709      765F7374 
ARM GAS  C:\Users\codyg\AppData\Local\Temp\ccRDC7Pm.s 			page 14


 709      6174655F 
 710              	.LASF5:
 711 00ca 73686F72 		.ascii	"short int\000"
 711      7420696E 
 711      7400
 712              	.LASF64:
 713 00d4 47656E65 		.ascii	"Generated_Source\\PSoC6\\BLE_dis_config.c\000"
 713      72617465 
 713      645F536F 
 713      75726365 
 713      5C50536F 
 714              	.LASF14:
 715 00fc 73697A65 		.ascii	"sizetype\000"
 715      74797065 
 715      00
 716              	.LASF57:
 717 0105 63795F73 		.ascii	"cy_stc_ble_dis_config_t\000"
 717      74635F62 
 717      6C655F64 
 717      69735F63 
 717      6F6E6669 
 718              	.LASF34:
 719 011d 43595F42 		.ascii	"CY_BLE_CONN_STATE_CLIENT_SRVC_DISCOVERING\000"
 719      4C455F43 
 719      4F4E4E5F 
 719      53544154 
 719      455F434C 
 720              	.LASF63:
 721 0147 474E5520 		.ascii	"GNU C11 5.4.1 20160609 (release) [ARM/embedded-5-br"
 721      43313120 
 721      352E342E 
 721      31203230 
 721      31363036 
 722 017a 616E6368 		.ascii	"anch revision 237715] -mcpu=cortex-m4 -mfloat-abi=s"
 722      20726576 
 722      6973696F 
 722      6E203233 
 722      37373135 
 723 01ad 6F667466 		.ascii	"oftfp -mfpu=fpv4-sp-d16 -mthumb -g -Og -ffunction-s"
 723      70202D6D 
 723      6670753D 
 723      66707634 
 723      2D73702D 
 724 01e0 65637469 		.ascii	"ections -ffat-lto-objects\000"
 724      6F6E7320 
 724      2D666661 
 724      742D6C74 
 724      6F2D6F62 
 725              	.LASF11:
 726 01fa 5F5F7569 		.ascii	"__uint32_t\000"
 726      6E743332 
 726      5F7400
 727              	.LASF7:
 728 0205 5F5F7569 		.ascii	"__uint16_t\000"
 728      6E743136 
 728      5F7400
 729              	.LASF36:
ARM GAS  C:\Users\codyg\AppData\Local\Temp\ccRDC7Pm.s 			page 15


 730 0210 43595F42 		.ascii	"CY_BLE_CONN_STATE_CLIENT_CHAR_DISCOVERING\000"
 730      4C455F43 
 730      4F4E4E5F 
 730      53544154 
 730      455F434C 
 731              	.LASF16:
 732 023a 75696E74 		.ascii	"uint8_t\000"
 732      385F7400 
 733              	.LASF59:
 734 0242 63795F62 		.ascii	"cy_ble_advState\000"
 734      6C655F61 
 734      64765374 
 734      61746500 
 735              	.LASF42:
 736 0252 43595F42 		.ascii	"CY_BLE_DIS_MANUFACTURER_NAME\000"
 736      4C455F44 
 736      49535F4D 
 736      414E5546 
 736      41435455 
 737              	.LASF31:
 738 026f 43595F42 		.ascii	"CY_BLE_CONN_STATE_DISCONNECTED\000"
 738      4C455F43 
 738      4F4E4E5F 
 738      53544154 
 738      455F4449 
 739              	.LASF51:
 740 028e 43595F42 		.ascii	"CY_BLE_DIS_CHAR_COUNT\000"
 740      4C455F44 
 740      49535F43 
 740      4841525F 
 740      434F554E 
 741              	.LASF22:
 742 02a4 62644861 		.ascii	"bdHandle\000"
 742      6E646C65 
 742      00
 743              	.LASF20:
 744 02ad 666C6F61 		.ascii	"float\000"
 744      7400
 745              	.LASF1:
 746 02b3 6C6F6E67 		.ascii	"long long int\000"
 746      206C6F6E 
 746      6720696E 
 746      7400
 747              	.LASF60:
 748 02c1 63795F62 		.ascii	"cy_ble_connHandle\000"
 748      6C655F63 
 748      6F6E6E48 
 748      616E646C 
 748      6500
 749              	.LASF35:
 750 02d3 43595F42 		.ascii	"CY_BLE_CONN_STATE_CLIENT_INCL_DISCOVERING\000"
 750      4C455F43 
 750      4F4E4E5F 
 750      53544154 
 750      455F434C 
 751              	.LASF10:
 752 02fd 6C6F6E67 		.ascii	"long int\000"
ARM GAS  C:\Users\codyg\AppData\Local\Temp\ccRDC7Pm.s 			page 16


 752      20696E74 
 752      00
 753              	.LASF6:
 754 0306 5F5F7569 		.ascii	"__uint8_t\000"
 754      6E74385F 
 754      7400
 755              	.LASF38:
 756 0310 43595F42 		.ascii	"CY_BLE_CONN_STATE_CLIENT_DISCOVERED\000"
 756      4C455F43 
 756      4F4E4E5F 
 756      53544154 
 756      455F434C 
 757              	.LASF52:
 758 0334 73657276 		.ascii	"serviceHandle\000"
 758      69636548 
 758      616E646C 
 758      6500
 759              	.LASF4:
 760 0342 756E7369 		.ascii	"unsigned char\000"
 760      676E6564 
 760      20636861 
 760      7200
 761              	.LASF44:
 762 0350 43595F42 		.ascii	"CY_BLE_DIS_SERIAL_NUMBER\000"
 762      4C455F44 
 762      49535F53 
 762      45524941 
 762      4C5F4E55 
 763              	.LASF2:
 764 0369 6C6F6E67 		.ascii	"long double\000"
 764      20646F75 
 764      626C6500 
 765              	.LASF54:
 766 0375 63795F73 		.ascii	"cy_stc_ble_diss_t\000"
 766      74635F62 
 766      6C655F64 
 766      6973735F 
 766      7400
 767              	.LASF37:
 768 0387 43595F42 		.ascii	"CY_BLE_CONN_STATE_CLIENT_DESCR_DISCOVERING\000"
 768      4C455F43 
 768      4F4E4E5F 
 768      53544154 
 768      455F434C 
 769              	.LASF50:
 770 03b2 43595F42 		.ascii	"CY_BLE_DIS_PNP_ID\000"
 770      4C455F44 
 770      49535F50 
 770      4E505F49 
 770      4400
 771              	.LASF29:
 772 03c4 43595F42 		.ascii	"CY_BLE_ADV_STATE_STOP_INITIATED\000"
 772      4C455F41 
 772      44565F53 
 772      54415445 
 772      5F53544F 
 773              	.LASF46:
ARM GAS  C:\Users\codyg\AppData\Local\Temp\ccRDC7Pm.s 			page 17


 774 03e4 43595F42 		.ascii	"CY_BLE_DIS_FIRMWARE_REV\000"
 774      4C455F44 
 774      49535F46 
 774      49524D57 
 774      4152455F 
 775              	.LASF45:
 776 03fc 43595F42 		.ascii	"CY_BLE_DIS_HARDWARE_REV\000"
 776      4C455F44 
 776      49535F48 
 776      41524457 
 776      4152455F 
 777              	.LASF13:
 778 0414 6C6F6E67 		.ascii	"long long unsigned int\000"
 778      206C6F6E 
 778      6720756E 
 778      7369676E 
 778      65642069 
 779              	.LASF19:
 780 042b 75696E74 		.ascii	"uint32_t\000"
 780      33325F74 
 780      00
 781              	.LASF0:
 782 0434 756E7369 		.ascii	"unsigned int\000"
 782      676E6564 
 782      20696E74 
 782      00
 783              	.LASF17:
 784 0441 75696E74 		.ascii	"uint16_t\000"
 784      31365F74 
 784      00
 785              	.LASF23:
 786 044a 61747449 		.ascii	"attId\000"
 786      6400
 787              	.LASF55:
 788 0450 64697373 		.ascii	"diss\000"
 788      00
 789              	.LASF53:
 790 0455 63686172 		.ascii	"charHandle\000"
 790      48616E64 
 790      6C6500
 791              	.LASF8:
 792 0460 73686F72 		.ascii	"short unsigned int\000"
 792      7420756E 
 792      7369676E 
 792      65642069 
 792      6E7400
 793              	.LASF66:
 794 0473 63795F62 		.ascii	"cy_ble_diss\000"
 794      6C655F64 
 794      69737300 
 795              	.LASF25:
 796 047f 63795F62 		.ascii	"cy_ble_gatt_db_attr_handle_t\000"
 796      6C655F67 
 796      6174745F 
 796      64625F61 
 796      7474725F 
 797              	.LASF15:
ARM GAS  C:\Users\codyg\AppData\Local\Temp\ccRDC7Pm.s 			page 18


 798 049c 63686172 		.ascii	"char\000"
 798      00
 799              	.LASF18:
 800 04a1 696E7433 		.ascii	"int32_t\000"
 800      325F7400 
 801              	.LASF41:
 802 04a9 5F426F6F 		.ascii	"_Bool\000"
 802      6C00
 803              	.LASF61:
 804 04af 63795F62 		.ascii	"cy_ble_connState\000"
 804      6C655F63 
 804      6F6E6E53 
 804      74617465 
 804      00
 805              	.LASF27:
 806 04c0 43595F42 		.ascii	"CY_BLE_ADV_STATE_ADV_INITIATED\000"
 806      4C455F41 
 806      44565F53 
 806      54415445 
 806      5F414456 
 807              	.LASF12:
 808 04df 6C6F6E67 		.ascii	"long unsigned int\000"
 808      20756E73 
 808      69676E65 
 808      6420696E 
 808      7400
 809              	.LASF21:
 810 04f1 646F7562 		.ascii	"double\000"
 810      6C6500
 811              	.LASF32:
 812 04f8 43595F42 		.ascii	"CY_BLE_CONN_STATE_CLIENT_DISCONNECTED_DISCOVERED\000"
 812      4C455F43 
 812      4F4E4E5F 
 812      53544154 
 812      455F434C 
 813              	.LASF47:
 814 0529 43595F42 		.ascii	"CY_BLE_DIS_SOFTWARE_REV\000"
 814      4C455F44 
 814      49535F53 
 814      4F465457 
 814      4152455F 
 815              	.LASF9:
 816 0541 5F5F696E 		.ascii	"__int32_t\000"
 816      7433325F 
 816      7400
 817              	.LASF26:
 818 054b 43595F42 		.ascii	"CY_BLE_ADV_STATE_STOPPED\000"
 818      4C455F41 
 818      44565F53 
 818      54415445 
 818      5F53544F 
 819              	.LASF49:
 820 0564 43595F42 		.ascii	"CY_BLE_DIS_REG_CERT_DATA\000"
 820      4C455F44 
 820      49535F52 
 820      45475F43 
 820      4552545F 
ARM GAS  C:\Users\codyg\AppData\Local\Temp\ccRDC7Pm.s 			page 19


 821              	.LASF40:
 822 057d 63795F62 		.ascii	"cy_ble_callback_t\000"
 822      6C655F63 
 822      616C6C62 
 822      61636B5F 
 822      7400
 823              	.LASF39:
 824 058f 63795F65 		.ascii	"cy_en_ble_conn_state_t\000"
 824      6E5F626C 
 824      655F636F 
 824      6E6E5F73 
 824      74617465 
 825              	.LASF24:
 826 05a6 63795F73 		.ascii	"cy_stc_ble_conn_handle_t\000"
 826      74635F62 
 826      6C655F63 
 826      6F6E6E5F 
 826      68616E64 
 827              	.LASF58:
 828 05bf 49544D5F 		.ascii	"ITM_RxBuffer\000"
 828      52784275 
 828      66666572 
 828      00
 829              	.LASF62:
 830 05cc 63795F62 		.ascii	"cy_ble_disConfig\000"
 830      6C655F64 
 830      6973436F 
 830      6E666967 
 830      00
 831              	.LASF28:
 832 05dd 43595F42 		.ascii	"CY_BLE_ADV_STATE_ADVERTISING\000"
 832      4C455F41 
 832      44565F53 
 832      54415445 
 832      5F414456 
 833              		.ident	"GCC: (GNU Tools for ARM Embedded Processors) 5.4.1 20160609 (release) [ARM/embedded-5-bran
