ARM GAS  C:\Users\codyg\AppData\Local\Temp\ccORl30n.s 			page 1


   1              		.syntax unified
   2              		.cpu cortex-m4
   3              		.eabi_attribute 27, 1
   4              		.fpu fpv4-sp-d16
   5              		.eabi_attribute 20, 1
   6              		.eabi_attribute 21, 1
   7              		.eabi_attribute 23, 3
   8              		.eabi_attribute 24, 1
   9              		.eabi_attribute 25, 1
  10              		.eabi_attribute 26, 1
  11              		.eabi_attribute 30, 1
  12              		.eabi_attribute 34, 1
  13              		.eabi_attribute 18, 4
  14              		.thumb
  15              		.syntax unified
  16              		.file	"cy_ble_aios.c"
  17              		.text
  18              	.Ltext0:
  19              		.cfi_sections	.debug_frame
  20              	.Letext0:
  21              		.file 1 "c:\\program files (x86)\\cypress\\psoc creator\\4.2\\psoc creator\\import\\gnu\\arm\\5.4.
  22              		.file 2 "c:\\program files (x86)\\cypress\\psoc creator\\4.2\\psoc creator\\import\\gnu\\arm\\5.4.
  23              		.file 3 "Generated_Source\\PSoC6\\pdl\\middleware\\ble\\cy_ble_stack_host_main.h"
  24              		.file 4 "Generated_Source\\PSoC6\\pdl\\middleware\\ble\\cy_ble_gap.h"
  25              		.file 5 "Generated_Source\\PSoC6\\pdl\\cmsis/include/core_cm4.h"
  26              		.section	.debug_info,"",%progbits
  27              	.Ldebug_info0:
  28 0000 B3010000 		.4byte	0x1b3
  29 0004 0400     		.2byte	0x4
  30 0006 00000000 		.4byte	.Ldebug_abbrev0
  31 000a 04       		.byte	0x4
  32 000b 01       		.uleb128 0x1
  33 000c 60020000 		.4byte	.LASF40
  34 0010 0C       		.byte	0xc
  35 0011 97010000 		.4byte	.LASF41
  36 0015 38030000 		.4byte	.LASF42
  37 0019 00000000 		.4byte	.Ldebug_line0
  38 001d 02       		.uleb128 0x2
  39 001e 04       		.byte	0x4
  40 001f 05       		.byte	0x5
  41 0020 696E7400 		.ascii	"int\000"
  42 0024 03       		.uleb128 0x3
  43 0025 04       		.byte	0x4
  44 0026 07       		.byte	0x7
  45 0027 CF010000 		.4byte	.LASF0
  46 002b 03       		.uleb128 0x3
  47 002c 08       		.byte	0x8
  48 002d 05       		.byte	0x5
  49 002e 2A030000 		.4byte	.LASF1
  50 0032 03       		.uleb128 0x3
  51 0033 08       		.byte	0x8
  52 0034 04       		.byte	0x4
  53 0035 0F040000 		.4byte	.LASF2
  54 0039 03       		.uleb128 0x3
  55 003a 01       		.byte	0x1
  56 003b 06       		.byte	0x6
  57 003c 1B040000 		.4byte	.LASF3
ARM GAS  C:\Users\codyg\AppData\Local\Temp\ccORl30n.s 			page 2


  58 0040 04       		.uleb128 0x4
  59 0041 00000000 		.4byte	.LASF7
  60 0045 01       		.byte	0x1
  61 0046 1D       		.byte	0x1d
  62 0047 4B000000 		.4byte	0x4b
  63 004b 03       		.uleb128 0x3
  64 004c 01       		.byte	0x1
  65 004d 08       		.byte	0x8
  66 004e FA000000 		.4byte	.LASF4
  67 0052 03       		.uleb128 0x3
  68 0053 02       		.byte	0x2
  69 0054 05       		.byte	0x5
  70 0055 A9030000 		.4byte	.LASF5
  71 0059 03       		.uleb128 0x3
  72 005a 02       		.byte	0x2
  73 005b 07       		.byte	0x7
  74 005c 1A010000 		.4byte	.LASF6
  75 0060 04       		.uleb128 0x4
  76 0061 70000000 		.4byte	.LASF8
  77 0065 01       		.byte	0x1
  78 0066 3F       		.byte	0x3f
  79 0067 6B000000 		.4byte	0x6b
  80 006b 03       		.uleb128 0x3
  81 006c 04       		.byte	0x4
  82 006d 05       		.byte	0x5
  83 006e 01040000 		.4byte	.LASF9
  84 0072 03       		.uleb128 0x3
  85 0073 04       		.byte	0x4
  86 0074 07       		.byte	0x7
  87 0075 08010000 		.4byte	.LASF10
  88 0079 03       		.uleb128 0x3
  89 007a 08       		.byte	0x8
  90 007b 07       		.byte	0x7
  91 007c 00020000 		.4byte	.LASF11
  92 0080 03       		.uleb128 0x3
  93 0081 04       		.byte	0x4
  94 0082 07       		.byte	0x7
  95 0083 21030000 		.4byte	.LASF12
  96 0087 03       		.uleb128 0x3
  97 0088 01       		.byte	0x1
  98 0089 08       		.byte	0x8
  99 008a 0A040000 		.4byte	.LASF13
 100 008e 04       		.uleb128 0x4
 101 008f 8C000000 		.4byte	.LASF14
 102 0093 02       		.byte	0x2
 103 0094 18       		.byte	0x18
 104 0095 40000000 		.4byte	0x40
 105 0099 04       		.uleb128 0x4
 106 009a 13030000 		.4byte	.LASF15
 107 009e 02       		.byte	0x2
 108 009f 2C       		.byte	0x2c
 109 00a0 60000000 		.4byte	0x60
 110 00a4 03       		.uleb128 0x3
 111 00a5 04       		.byte	0x4
 112 00a6 04       		.byte	0x4
 113 00a7 D4000000 		.4byte	.LASF16
 114 00ab 03       		.uleb128 0x3
ARM GAS  C:\Users\codyg\AppData\Local\Temp\ccORl30n.s 			page 3


 115 00ac 08       		.byte	0x8
 116 00ad 04       		.byte	0x4
 117 00ae 90010000 		.4byte	.LASF17
 118 00b2 05       		.uleb128 0x5
 119 00b3 02       		.byte	0x2
 120 00b4 03       		.byte	0x3
 121 00b5 5B01     		.2byte	0x15b
 122 00b7 D6000000 		.4byte	0xd6
 123 00bb 06       		.uleb128 0x6
 124 00bc 23000000 		.4byte	.LASF18
 125 00c0 03       		.byte	0x3
 126 00c1 6501     		.2byte	0x165
 127 00c3 8E000000 		.4byte	0x8e
 128 00c7 00       		.byte	0
 129 00c8 06       		.uleb128 0x6
 130 00c9 1B030000 		.4byte	.LASF19
 131 00cd 03       		.byte	0x3
 132 00ce 6901     		.2byte	0x169
 133 00d0 8E000000 		.4byte	0x8e
 134 00d4 01       		.byte	0x1
 135 00d5 00       		.byte	0
 136 00d6 07       		.uleb128 0x7
 137 00d7 57000000 		.4byte	.LASF20
 138 00db 03       		.byte	0x3
 139 00dc 6B01     		.2byte	0x16b
 140 00de B2000000 		.4byte	0xb2
 141 00e2 08       		.uleb128 0x8
 142 00e3 01       		.byte	0x1
 143 00e4 4B000000 		.4byte	0x4b
 144 00e8 04       		.byte	0x4
 145 00e9 7E       		.byte	0x7e
 146 00ea 07010000 		.4byte	0x107
 147 00ee 09       		.uleb128 0x9
 148 00ef 0A000000 		.4byte	.LASF21
 149 00f3 00       		.byte	0
 150 00f4 09       		.uleb128 0x9
 151 00f5 41020000 		.4byte	.LASF22
 152 00f9 01       		.byte	0x1
 153 00fa 09       		.uleb128 0x9
 154 00fb B3030000 		.4byte	.LASF23
 155 00ff 02       		.byte	0x2
 156 0100 09       		.uleb128 0x9
 157 0101 DA000000 		.4byte	.LASF24
 158 0105 03       		.byte	0x3
 159 0106 00       		.byte	0
 160 0107 04       		.uleb128 0x4
 161 0108 BE000000 		.4byte	.LASF25
 162 010c 04       		.byte	0x4
 163 010d 83       		.byte	0x83
 164 010e E2000000 		.4byte	0xe2
 165 0112 08       		.uleb128 0x8
 166 0113 01       		.byte	0x1
 167 0114 4B000000 		.4byte	0x4b
 168 0118 04       		.byte	0x4
 169 0119 87       		.byte	0x87
 170 011a 4F010000 		.4byte	0x14f
 171 011e 09       		.uleb128 0x9
ARM GAS  C:\Users\codyg\AppData\Local\Temp\ccORl30n.s 			page 4


 172 011f 8A030000 		.4byte	.LASF26
 173 0123 00       		.byte	0
 174 0124 09       		.uleb128 0x9
 175 0125 D0030000 		.4byte	.LASF27
 176 0129 01       		.byte	0x1
 177 012a 09       		.uleb128 0x9
 178 012b 74010000 		.4byte	.LASF28
 179 012f 02       		.byte	0x2
 180 0130 09       		.uleb128 0x9
 181 0131 94000000 		.4byte	.LASF29
 182 0135 03       		.byte	0x3
 183 0136 09       		.uleb128 0x9
 184 0137 17020000 		.4byte	.LASF30
 185 013b 04       		.byte	0x4
 186 013c 09       		.uleb128 0x9
 187 013d 2D010000 		.4byte	.LASF31
 188 0141 05       		.byte	0x5
 189 0142 09       		.uleb128 0x9
 190 0143 2C000000 		.4byte	.LASF32
 191 0147 06       		.byte	0x6
 192 0148 09       		.uleb128 0x9
 193 0149 DC010000 		.4byte	.LASF33
 194 014d 07       		.byte	0x7
 195 014e 00       		.byte	0
 196 014f 04       		.uleb128 0x4
 197 0150 3E040000 		.4byte	.LASF34
 198 0154 04       		.byte	0x4
 199 0155 90       		.byte	0x90
 200 0156 12010000 		.4byte	0x112
 201 015a 03       		.uleb128 0x3
 202 015b 01       		.byte	0x1
 203 015c 02       		.byte	0x2
 204 015d 27040000 		.4byte	.LASF35
 205 0161 0A       		.uleb128 0xa
 206 0162 57010000 		.4byte	.LASF36
 207 0166 05       		.byte	0x5
 208 0167 EA07     		.2byte	0x7ea
 209 0169 6D010000 		.4byte	0x16d
 210 016d 0B       		.uleb128 0xb
 211 016e 99000000 		.4byte	0x99
 212 0172 0A       		.uleb128 0xa
 213 0173 64010000 		.4byte	.LASF37
 214 0177 04       		.byte	0x4
 215 0178 2202     		.2byte	0x222
 216 017a 07010000 		.4byte	0x107
 217 017e 0C       		.uleb128 0xc
 218 017f D6000000 		.4byte	0xd6
 219 0183 8E010000 		.4byte	0x18e
 220 0187 0D       		.uleb128 0xd
 221 0188 80000000 		.4byte	0x80
 222 018c 00       		.byte	0
 223 018d 00       		.byte	0
 224 018e 0A       		.uleb128 0xa
 225 018f 7A000000 		.4byte	.LASF38
 226 0193 04       		.byte	0x4
 227 0194 2C02     		.2byte	0x22c
 228 0196 7E010000 		.4byte	0x17e
ARM GAS  C:\Users\codyg\AppData\Local\Temp\ccORl30n.s 			page 5


 229 019a 0C       		.uleb128 0xc
 230 019b 4F010000 		.4byte	0x14f
 231 019f AA010000 		.4byte	0x1aa
 232 01a3 0D       		.uleb128 0xd
 233 01a4 80000000 		.4byte	0x80
 234 01a8 00       		.byte	0
 235 01a9 00       		.byte	0
 236 01aa 0A       		.uleb128 0xa
 237 01ab 2D040000 		.4byte	.LASF39
 238 01af 04       		.byte	0x4
 239 01b0 2D02     		.2byte	0x22d
 240 01b2 9A010000 		.4byte	0x19a
 241 01b6 00       		.byte	0
 242              		.section	.debug_abbrev,"",%progbits
 243              	.Ldebug_abbrev0:
 244 0000 01       		.uleb128 0x1
 245 0001 11       		.uleb128 0x11
 246 0002 01       		.byte	0x1
 247 0003 25       		.uleb128 0x25
 248 0004 0E       		.uleb128 0xe
 249 0005 13       		.uleb128 0x13
 250 0006 0B       		.uleb128 0xb
 251 0007 03       		.uleb128 0x3
 252 0008 0E       		.uleb128 0xe
 253 0009 1B       		.uleb128 0x1b
 254 000a 0E       		.uleb128 0xe
 255 000b 10       		.uleb128 0x10
 256 000c 17       		.uleb128 0x17
 257 000d 00       		.byte	0
 258 000e 00       		.byte	0
 259 000f 02       		.uleb128 0x2
 260 0010 24       		.uleb128 0x24
 261 0011 00       		.byte	0
 262 0012 0B       		.uleb128 0xb
 263 0013 0B       		.uleb128 0xb
 264 0014 3E       		.uleb128 0x3e
 265 0015 0B       		.uleb128 0xb
 266 0016 03       		.uleb128 0x3
 267 0017 08       		.uleb128 0x8
 268 0018 00       		.byte	0
 269 0019 00       		.byte	0
 270 001a 03       		.uleb128 0x3
 271 001b 24       		.uleb128 0x24
 272 001c 00       		.byte	0
 273 001d 0B       		.uleb128 0xb
 274 001e 0B       		.uleb128 0xb
 275 001f 3E       		.uleb128 0x3e
 276 0020 0B       		.uleb128 0xb
 277 0021 03       		.uleb128 0x3
 278 0022 0E       		.uleb128 0xe
 279 0023 00       		.byte	0
 280 0024 00       		.byte	0
 281 0025 04       		.uleb128 0x4
 282 0026 16       		.uleb128 0x16
 283 0027 00       		.byte	0
 284 0028 03       		.uleb128 0x3
 285 0029 0E       		.uleb128 0xe
ARM GAS  C:\Users\codyg\AppData\Local\Temp\ccORl30n.s 			page 6


 286 002a 3A       		.uleb128 0x3a
 287 002b 0B       		.uleb128 0xb
 288 002c 3B       		.uleb128 0x3b
 289 002d 0B       		.uleb128 0xb
 290 002e 49       		.uleb128 0x49
 291 002f 13       		.uleb128 0x13
 292 0030 00       		.byte	0
 293 0031 00       		.byte	0
 294 0032 05       		.uleb128 0x5
 295 0033 13       		.uleb128 0x13
 296 0034 01       		.byte	0x1
 297 0035 0B       		.uleb128 0xb
 298 0036 0B       		.uleb128 0xb
 299 0037 3A       		.uleb128 0x3a
 300 0038 0B       		.uleb128 0xb
 301 0039 3B       		.uleb128 0x3b
 302 003a 05       		.uleb128 0x5
 303 003b 01       		.uleb128 0x1
 304 003c 13       		.uleb128 0x13
 305 003d 00       		.byte	0
 306 003e 00       		.byte	0
 307 003f 06       		.uleb128 0x6
 308 0040 0D       		.uleb128 0xd
 309 0041 00       		.byte	0
 310 0042 03       		.uleb128 0x3
 311 0043 0E       		.uleb128 0xe
 312 0044 3A       		.uleb128 0x3a
 313 0045 0B       		.uleb128 0xb
 314 0046 3B       		.uleb128 0x3b
 315 0047 05       		.uleb128 0x5
 316 0048 49       		.uleb128 0x49
 317 0049 13       		.uleb128 0x13
 318 004a 38       		.uleb128 0x38
 319 004b 0B       		.uleb128 0xb
 320 004c 00       		.byte	0
 321 004d 00       		.byte	0
 322 004e 07       		.uleb128 0x7
 323 004f 16       		.uleb128 0x16
 324 0050 00       		.byte	0
 325 0051 03       		.uleb128 0x3
 326 0052 0E       		.uleb128 0xe
 327 0053 3A       		.uleb128 0x3a
 328 0054 0B       		.uleb128 0xb
 329 0055 3B       		.uleb128 0x3b
 330 0056 05       		.uleb128 0x5
 331 0057 49       		.uleb128 0x49
 332 0058 13       		.uleb128 0x13
 333 0059 00       		.byte	0
 334 005a 00       		.byte	0
 335 005b 08       		.uleb128 0x8
 336 005c 04       		.uleb128 0x4
 337 005d 01       		.byte	0x1
 338 005e 0B       		.uleb128 0xb
 339 005f 0B       		.uleb128 0xb
 340 0060 49       		.uleb128 0x49
 341 0061 13       		.uleb128 0x13
 342 0062 3A       		.uleb128 0x3a
ARM GAS  C:\Users\codyg\AppData\Local\Temp\ccORl30n.s 			page 7


 343 0063 0B       		.uleb128 0xb
 344 0064 3B       		.uleb128 0x3b
 345 0065 0B       		.uleb128 0xb
 346 0066 01       		.uleb128 0x1
 347 0067 13       		.uleb128 0x13
 348 0068 00       		.byte	0
 349 0069 00       		.byte	0
 350 006a 09       		.uleb128 0x9
 351 006b 28       		.uleb128 0x28
 352 006c 00       		.byte	0
 353 006d 03       		.uleb128 0x3
 354 006e 0E       		.uleb128 0xe
 355 006f 1C       		.uleb128 0x1c
 356 0070 0B       		.uleb128 0xb
 357 0071 00       		.byte	0
 358 0072 00       		.byte	0
 359 0073 0A       		.uleb128 0xa
 360 0074 34       		.uleb128 0x34
 361 0075 00       		.byte	0
 362 0076 03       		.uleb128 0x3
 363 0077 0E       		.uleb128 0xe
 364 0078 3A       		.uleb128 0x3a
 365 0079 0B       		.uleb128 0xb
 366 007a 3B       		.uleb128 0x3b
 367 007b 05       		.uleb128 0x5
 368 007c 49       		.uleb128 0x49
 369 007d 13       		.uleb128 0x13
 370 007e 3F       		.uleb128 0x3f
 371 007f 19       		.uleb128 0x19
 372 0080 3C       		.uleb128 0x3c
 373 0081 19       		.uleb128 0x19
 374 0082 00       		.byte	0
 375 0083 00       		.byte	0
 376 0084 0B       		.uleb128 0xb
 377 0085 35       		.uleb128 0x35
 378 0086 00       		.byte	0
 379 0087 49       		.uleb128 0x49
 380 0088 13       		.uleb128 0x13
 381 0089 00       		.byte	0
 382 008a 00       		.byte	0
 383 008b 0C       		.uleb128 0xc
 384 008c 01       		.uleb128 0x1
 385 008d 01       		.byte	0x1
 386 008e 49       		.uleb128 0x49
 387 008f 13       		.uleb128 0x13
 388 0090 01       		.uleb128 0x1
 389 0091 13       		.uleb128 0x13
 390 0092 00       		.byte	0
 391 0093 00       		.byte	0
 392 0094 0D       		.uleb128 0xd
 393 0095 21       		.uleb128 0x21
 394 0096 00       		.byte	0
 395 0097 49       		.uleb128 0x49
 396 0098 13       		.uleb128 0x13
 397 0099 2F       		.uleb128 0x2f
 398 009a 0B       		.uleb128 0xb
 399 009b 00       		.byte	0
ARM GAS  C:\Users\codyg\AppData\Local\Temp\ccORl30n.s 			page 8


 400 009c 00       		.byte	0
 401 009d 00       		.byte	0
 402              		.section	.debug_aranges,"",%progbits
 403 0000 14000000 		.4byte	0x14
 404 0004 0200     		.2byte	0x2
 405 0006 00000000 		.4byte	.Ldebug_info0
 406 000a 04       		.byte	0x4
 407 000b 00       		.byte	0
 408 000c 0000     		.2byte	0
 409 000e 0000     		.2byte	0
 410 0010 00000000 		.4byte	0
 411 0014 00000000 		.4byte	0
 412              		.section	.debug_line,"",%progbits
 413              	.Ldebug_line0:
 414 0000 A3010000 		.section	.debug_str,"MS",%progbits,1
 414      02009D01 
 414      00000201 
 414      FB0E0D00 
 414      01010101 
 415              	.LASF7:
 416 0000 5F5F7569 		.ascii	"__uint8_t\000"
 416      6E74385F 
 416      7400
 417              	.LASF21:
 418 000a 43595F42 		.ascii	"CY_BLE_ADV_STATE_STOPPED\000"
 418      4C455F41 
 418      44565F53 
 418      54415445 
 418      5F53544F 
 419              	.LASF18:
 420 0023 62644861 		.ascii	"bdHandle\000"
 420      6E646C65 
 420      00
 421              	.LASF32:
 422 002c 43595F42 		.ascii	"CY_BLE_CONN_STATE_CLIENT_DESCR_DISCOVERING\000"
 422      4C455F43 
 422      4F4E4E5F 
 422      53544154 
 422      455F434C 
 423              	.LASF20:
 424 0057 63795F73 		.ascii	"cy_stc_ble_conn_handle_t\000"
 424      74635F62 
 424      6C655F63 
 424      6F6E6E5F 
 424      68616E64 
 425              	.LASF8:
 426 0070 5F5F696E 		.ascii	"__int32_t\000"
 426      7433325F 
 426      7400
 427              	.LASF38:
 428 007a 63795F62 		.ascii	"cy_ble_connHandle\000"
 428      6C655F63 
 428      6F6E6E48 
 428      616E646C 
 428      6500
 429              	.LASF14:
 430 008c 75696E74 		.ascii	"uint8_t\000"
ARM GAS  C:\Users\codyg\AppData\Local\Temp\ccORl30n.s 			page 9


 430      385F7400 
 431              	.LASF29:
 432 0094 43595F42 		.ascii	"CY_BLE_CONN_STATE_CLIENT_SRVC_DISCOVERING\000"
 432      4C455F43 
 432      4F4E4E5F 
 432      53544154 
 432      455F434C 
 433              	.LASF25:
 434 00be 63795F65 		.ascii	"cy_en_ble_adv_state_t\000"
 434      6E5F626C 
 434      655F6164 
 434      765F7374 
 434      6174655F 
 435              	.LASF16:
 436 00d4 666C6F61 		.ascii	"float\000"
 436      7400
 437              	.LASF24:
 438 00da 43595F42 		.ascii	"CY_BLE_ADV_STATE_STOP_INITIATED\000"
 438      4C455F41 
 438      44565F53 
 438      54415445 
 438      5F53544F 
 439              	.LASF4:
 440 00fa 756E7369 		.ascii	"unsigned char\000"
 440      676E6564 
 440      20636861 
 440      7200
 441              	.LASF10:
 442 0108 6C6F6E67 		.ascii	"long unsigned int\000"
 442      20756E73 
 442      69676E65 
 442      6420696E 
 442      7400
 443              	.LASF6:
 444 011a 73686F72 		.ascii	"short unsigned int\000"
 444      7420756E 
 444      7369676E 
 444      65642069 
 444      6E7400
 445              	.LASF31:
 446 012d 43595F42 		.ascii	"CY_BLE_CONN_STATE_CLIENT_CHAR_DISCOVERING\000"
 446      4C455F43 
 446      4F4E4E5F 
 446      53544154 
 446      455F434C 
 447              	.LASF36:
 448 0157 49544D5F 		.ascii	"ITM_RxBuffer\000"
 448      52784275 
 448      66666572 
 448      00
 449              	.LASF37:
 450 0164 63795F62 		.ascii	"cy_ble_advState\000"
 450      6C655F61 
 450      64765374 
 450      61746500 
 451              	.LASF28:
 452 0174 43595F42 		.ascii	"CY_BLE_CONN_STATE_CONNECTED\000"
ARM GAS  C:\Users\codyg\AppData\Local\Temp\ccORl30n.s 			page 10


 452      4C455F43 
 452      4F4E4E5F 
 452      53544154 
 452      455F434F 
 453              	.LASF17:
 454 0190 646F7562 		.ascii	"double\000"
 454      6C6500
 455              	.LASF41:
 456 0197 47656E65 		.ascii	"Generated_Source\\PSoC6\\pdl\\middleware\\ble\\cy_b"
 456      72617465 
 456      645F536F 
 456      75726365 
 456      5C50536F 
 457 01c5 6C655F61 		.ascii	"le_aios.c\000"
 457      696F732E 
 457      6300
 458              	.LASF0:
 459 01cf 756E7369 		.ascii	"unsigned int\000"
 459      676E6564 
 459      20696E74 
 459      00
 460              	.LASF33:
 461 01dc 43595F42 		.ascii	"CY_BLE_CONN_STATE_CLIENT_DISCOVERED\000"
 461      4C455F43 
 461      4F4E4E5F 
 461      53544154 
 461      455F434C 
 462              	.LASF11:
 463 0200 6C6F6E67 		.ascii	"long long unsigned int\000"
 463      206C6F6E 
 463      6720756E 
 463      7369676E 
 463      65642069 
 464              	.LASF30:
 465 0217 43595F42 		.ascii	"CY_BLE_CONN_STATE_CLIENT_INCL_DISCOVERING\000"
 465      4C455F43 
 465      4F4E4E5F 
 465      53544154 
 465      455F434C 
 466              	.LASF22:
 467 0241 43595F42 		.ascii	"CY_BLE_ADV_STATE_ADV_INITIATED\000"
 467      4C455F41 
 467      44565F53 
 467      54415445 
 467      5F414456 
 468              	.LASF40:
 469 0260 474E5520 		.ascii	"GNU C11 5.4.1 20160609 (release) [ARM/embedded-5-br"
 469      43313120 
 469      352E342E 
 469      31203230 
 469      31363036 
 470 0293 616E6368 		.ascii	"anch revision 237715] -mcpu=cortex-m4 -mfloat-abi=s"
 470      20726576 
 470      6973696F 
 470      6E203233 
 470      37373135 
 471 02c6 6F667466 		.ascii	"oftfp -mfpu=fpv4-sp-d16 -mthumb -g -Og -ffunction-s"
ARM GAS  C:\Users\codyg\AppData\Local\Temp\ccORl30n.s 			page 11


 471      70202D6D 
 471      6670753D 
 471      66707634 
 471      2D73702D 
 472 02f9 65637469 		.ascii	"ections -ffat-lto-objects\000"
 472      6F6E7320 
 472      2D666661 
 472      742D6C74 
 472      6F2D6F62 
 473              	.LASF15:
 474 0313 696E7433 		.ascii	"int32_t\000"
 474      325F7400 
 475              	.LASF19:
 476 031b 61747449 		.ascii	"attId\000"
 476      6400
 477              	.LASF12:
 478 0321 73697A65 		.ascii	"sizetype\000"
 478      74797065 
 478      00
 479              	.LASF1:
 480 032a 6C6F6E67 		.ascii	"long long int\000"
 480      206C6F6E 
 480      6720696E 
 480      7400
 481              	.LASF42:
 482 0338 433A5C55 		.ascii	"C:\\Users\\codyg\\git\\psoc6-realtime-processing\\B"
 482      73657273 
 482      5C636F64 
 482      79675C67 
 482      69745C70 
 483 0366 4C455F52 		.ascii	"LE_RTC_IMU.cydsn\\RestEaze_BLE.cydsn\000"
 483      54435F49 
 483      4D552E63 
 483      7964736E 
 483      5C526573 
 484              	.LASF26:
 485 038a 43595F42 		.ascii	"CY_BLE_CONN_STATE_DISCONNECTED\000"
 485      4C455F43 
 485      4F4E4E5F 
 485      53544154 
 485      455F4449 
 486              	.LASF5:
 487 03a9 73686F72 		.ascii	"short int\000"
 487      7420696E 
 487      7400
 488              	.LASF23:
 489 03b3 43595F42 		.ascii	"CY_BLE_ADV_STATE_ADVERTISING\000"
 489      4C455F41 
 489      44565F53 
 489      54415445 
 489      5F414456 
 490              	.LASF27:
 491 03d0 43595F42 		.ascii	"CY_BLE_CONN_STATE_CLIENT_DISCONNECTED_DISCOVERED\000"
 491      4C455F43 
 491      4F4E4E5F 
 491      53544154 
 491      455F434C 
ARM GAS  C:\Users\codyg\AppData\Local\Temp\ccORl30n.s 			page 12


 492              	.LASF9:
 493 0401 6C6F6E67 		.ascii	"long int\000"
 493      20696E74 
 493      00
 494              	.LASF13:
 495 040a 63686172 		.ascii	"char\000"
 495      00
 496              	.LASF2:
 497 040f 6C6F6E67 		.ascii	"long double\000"
 497      20646F75 
 497      626C6500 
 498              	.LASF3:
 499 041b 7369676E 		.ascii	"signed char\000"
 499      65642063 
 499      68617200 
 500              	.LASF35:
 501 0427 5F426F6F 		.ascii	"_Bool\000"
 501      6C00
 502              	.LASF39:
 503 042d 63795F62 		.ascii	"cy_ble_connState\000"
 503      6C655F63 
 503      6F6E6E53 
 503      74617465 
 503      00
 504              	.LASF34:
 505 043e 63795F65 		.ascii	"cy_en_ble_conn_state_t\000"
 505      6E5F626C 
 505      655F636F 
 505      6E6E5F73 
 505      74617465 
 506              		.ident	"GCC: (GNU Tools for ARM Embedded Processors) 5.4.1 20160609 (release) [ARM/embedded-5-bran
