ARM GAS  C:\Users\codyg\AppData\Local\Temp\ccuf7AHI.s 			page 1


   1              		.syntax unified
   2              		.cpu cortex-m4
   3              		.eabi_attribute 27, 1
   4              		.fpu fpv4-sp-d16
   5              		.eabi_attribute 20, 1
   6              		.eabi_attribute 21, 1
   7              		.eabi_attribute 23, 3
   8              		.eabi_attribute 24, 1
   9              		.eabi_attribute 25, 1
  10              		.eabi_attribute 26, 1
  11              		.eabi_attribute 30, 1
  12              		.eabi_attribute 34, 1
  13              		.eabi_attribute 18, 4
  14              		.thumb
  15              		.syntax unified
  16              		.file	"cyfitter_sysint_cfg.c"
  17              		.text
  18              	.Ltext0:
  19              		.cfi_sections	.debug_frame
  20              		.global	ADC_IRQ_cfg
  21              		.global	SysInt_TimerIMU_INT_cfg
  22              		.global	SysInt_TimerPPG_INT_cfg
  23              		.global	CY_EINK_SPIM_SCB_IRQ_cfg
  24              		.global	DEBUG_UART_SCB_IRQ_cfg
  25              		.global	RTC_RTC_IRQ_cfg
  26              		.global	isr_gpio_cfg
  27              		.section	.rodata
  28              		.align	2
  29              		.type	ADC_IRQ_cfg, %object
  30              		.size	ADC_IRQ_cfg, 8
  31              	ADC_IRQ_cfg:
  32 0000 8A00     		.short	138
  33 0002 0000     		.space	2
  34 0004 07000000 		.word	7
  35              		.type	SysInt_TimerIMU_INT_cfg, %object
  36              		.size	SysInt_TimerIMU_INT_cfg, 8
  37              	SysInt_TimerIMU_INT_cfg:
  38 0008 5C00     		.short	92
  39 000a 0000     		.space	2
  40 000c 07000000 		.word	7
  41              		.type	SysInt_TimerPPG_INT_cfg, %object
  42              		.size	SysInt_TimerPPG_INT_cfg, 8
  43              	SysInt_TimerPPG_INT_cfg:
  44 0010 5B00     		.short	91
  45 0012 0000     		.space	2
  46 0014 07000000 		.word	7
  47              		.type	CY_EINK_SPIM_SCB_IRQ_cfg, %object
  48              		.size	CY_EINK_SPIM_SCB_IRQ_cfg, 8
  49              	CY_EINK_SPIM_SCB_IRQ_cfg:
  50 0018 2F00     		.short	47
  51 001a 0000     		.space	2
  52 001c 07000000 		.word	7
  53              		.type	DEBUG_UART_SCB_IRQ_cfg, %object
  54              		.size	DEBUG_UART_SCB_IRQ_cfg, 8
  55              	DEBUG_UART_SCB_IRQ_cfg:
  56 0020 2E00     		.short	46
  57 0022 0000     		.space	2
ARM GAS  C:\Users\codyg\AppData\Local\Temp\ccuf7AHI.s 			page 2


  58 0024 07000000 		.word	7
  59              		.type	RTC_RTC_IRQ_cfg, %object
  60              		.size	RTC_RTC_IRQ_cfg, 8
  61              	RTC_RTC_IRQ_cfg:
  62 0028 1500     		.short	21
  63 002a 0000     		.space	2
  64 002c 07000000 		.word	7
  65              		.type	isr_gpio_cfg, %object
  66              		.size	isr_gpio_cfg, 8
  67              	isr_gpio_cfg:
  68 0030 0000     		.short	0
  69 0032 0000     		.space	2
  70 0034 06000000 		.word	6
  71              		.text
  72              	.Letext0:
  73              		.file 1 "Generated_Source\\PSoC6\\pdl\\devices/psoc6/psoc63/include/cy8c6347bzi_bld53.h"
  74              		.file 2 "c:\\program files (x86)\\cypress\\psoc creator\\4.2\\psoc creator\\import\\gnu\\arm\\5.4.
  75              		.file 3 "c:\\program files (x86)\\cypress\\psoc creator\\4.2\\psoc creator\\import\\gnu\\arm\\5.4.
  76              		.file 4 "Generated_Source\\PSoC6\\pdl\\drivers/peripheral/sysint/cy_sysint.h"
  77              		.file 5 "Generated_Source\\PSoC6\\pdl\\cmsis/include/core_cm4.h"
  78              		.file 6 "Generated_Source\\PSoC6\\cyfitter_sysint_cfg.c"
  79              		.section	.debug_info,"",%progbits
  80              	.Ldebug_info0:
  81 0000 34050000 		.4byte	0x534
  82 0004 0400     		.2byte	0x4
  83 0006 00000000 		.4byte	.Ldebug_abbrev0
  84 000a 04       		.byte	0x4
  85 000b 01       		.uleb128 0x1
  86 000c A0090000 		.4byte	.LASF188
  87 0010 0C       		.byte	0xc
  88 0011 210E0000 		.4byte	.LASF189
  89 0015 530A0000 		.4byte	.LASF190
  90 0019 00000000 		.4byte	.Ldebug_line0
  91 001d 02       		.uleb128 0x2
  92 001e 02       		.byte	0x2
  93 001f DE030000 		.4byte	0x3de
  94 0023 01       		.byte	0x1
  95 0024 24       		.byte	0x24
  96 0025 DE030000 		.4byte	0x3de
  97 0029 03       		.uleb128 0x3
  98 002a 47020000 		.4byte	.LASF0
  99 002e 71       		.sleb128 -15
 100 002f 03       		.uleb128 0x3
 101 0030 D60E0000 		.4byte	.LASF1
 102 0034 72       		.sleb128 -14
 103 0035 03       		.uleb128 0x3
 104 0036 5D0F0000 		.4byte	.LASF2
 105 003a 73       		.sleb128 -13
 106 003b 03       		.uleb128 0x3
 107 003c FA0A0000 		.4byte	.LASF3
 108 0040 74       		.sleb128 -12
 109 0041 03       		.uleb128 0x3
 110 0042 2A050000 		.4byte	.LASF4
 111 0046 75       		.sleb128 -11
 112 0047 03       		.uleb128 0x3
 113 0048 840D0000 		.4byte	.LASF5
 114 004c 76       		.sleb128 -10
ARM GAS  C:\Users\codyg\AppData\Local\Temp\ccuf7AHI.s 			page 3


 115 004d 03       		.uleb128 0x3
 116 004e E7060000 		.4byte	.LASF6
 117 0052 7B       		.sleb128 -5
 118 0053 03       		.uleb128 0x3
 119 0054 880F0000 		.4byte	.LASF7
 120 0058 7C       		.sleb128 -4
 121 0059 03       		.uleb128 0x3
 122 005a 9F0E0000 		.4byte	.LASF8
 123 005e 7E       		.sleb128 -2
 124 005f 03       		.uleb128 0x3
 125 0060 DC070000 		.4byte	.LASF9
 126 0064 7F       		.sleb128 -1
 127 0065 04       		.uleb128 0x4
 128 0066 C0010000 		.4byte	.LASF10
 129 006a 00       		.byte	0
 130 006b 04       		.uleb128 0x4
 131 006c 410F0000 		.4byte	.LASF11
 132 0070 01       		.byte	0x1
 133 0071 04       		.uleb128 0x4
 134 0072 28000000 		.4byte	.LASF12
 135 0076 02       		.byte	0x2
 136 0077 04       		.uleb128 0x4
 137 0078 6B0E0000 		.4byte	.LASF13
 138 007c 03       		.byte	0x3
 139 007d 04       		.uleb128 0x4
 140 007e 84100000 		.4byte	.LASF14
 141 0082 04       		.byte	0x4
 142 0083 04       		.uleb128 0x4
 143 0084 AF050000 		.4byte	.LASF15
 144 0088 05       		.byte	0x5
 145 0089 04       		.uleb128 0x4
 146 008a 8D070000 		.4byte	.LASF16
 147 008e 06       		.byte	0x6
 148 008f 04       		.uleb128 0x4
 149 0090 67090000 		.4byte	.LASF17
 150 0094 07       		.byte	0x7
 151 0095 04       		.uleb128 0x4
 152 0096 27120000 		.4byte	.LASF18
 153 009a 08       		.byte	0x8
 154 009b 04       		.uleb128 0x4
 155 009c FC010000 		.4byte	.LASF19
 156 00a0 09       		.byte	0x9
 157 00a1 04       		.uleb128 0x4
 158 00a2 310C0000 		.4byte	.LASF20
 159 00a6 0A       		.byte	0xa
 160 00a7 04       		.uleb128 0x4
 161 00a8 DD0A0000 		.4byte	.LASF21
 162 00ac 0B       		.byte	0xb
 163 00ad 04       		.uleb128 0x4
 164 00ae B4100000 		.4byte	.LASF22
 165 00b2 0C       		.byte	0xc
 166 00b3 04       		.uleb128 0x4
 167 00b4 FD050000 		.4byte	.LASF23
 168 00b8 0D       		.byte	0xd
 169 00b9 04       		.uleb128 0x4
 170 00ba BF070000 		.4byte	.LASF24
 171 00be 0E       		.byte	0xe
ARM GAS  C:\Users\codyg\AppData\Local\Temp\ccuf7AHI.s 			page 4


 172 00bf 04       		.uleb128 0x4
 173 00c0 42040000 		.4byte	.LASF25
 174 00c4 0F       		.byte	0xf
 175 00c5 04       		.uleb128 0x4
 176 00c6 21110000 		.4byte	.LASF26
 177 00ca 10       		.byte	0x10
 178 00cb 04       		.uleb128 0x4
 179 00cc 3F030000 		.4byte	.LASF27
 180 00d0 11       		.byte	0x11
 181 00d1 04       		.uleb128 0x4
 182 00d2 87000000 		.4byte	.LASF28
 183 00d6 12       		.byte	0x12
 184 00d7 04       		.uleb128 0x4
 185 00d8 76040000 		.4byte	.LASF29
 186 00dc 13       		.byte	0x13
 187 00dd 04       		.uleb128 0x4
 188 00de 7C060000 		.4byte	.LASF30
 189 00e2 14       		.byte	0x14
 190 00e3 04       		.uleb128 0x4
 191 00e4 70110000 		.4byte	.LASF31
 192 00e8 15       		.byte	0x15
 193 00e9 04       		.uleb128 0x4
 194 00ea 73000000 		.4byte	.LASF32
 195 00ee 16       		.byte	0x16
 196 00ef 04       		.uleb128 0x4
 197 00f0 64050000 		.4byte	.LASF33
 198 00f4 17       		.byte	0x17
 199 00f5 04       		.uleb128 0x4
 200 00f6 CF000000 		.4byte	.LASF34
 201 00fa 18       		.byte	0x18
 202 00fb 04       		.uleb128 0x4
 203 00fc AD0F0000 		.4byte	.LASF35
 204 0100 19       		.byte	0x19
 205 0101 04       		.uleb128 0x4
 206 0102 20070000 		.4byte	.LASF36
 207 0106 1A       		.byte	0x1a
 208 0107 04       		.uleb128 0x4
 209 0108 E9080000 		.4byte	.LASF37
 210 010c 1B       		.byte	0x1b
 211 010d 04       		.uleb128 0x4
 212 010e FB0B0000 		.4byte	.LASF38
 213 0112 1C       		.byte	0x1c
 214 0113 04       		.uleb128 0x4
 215 0114 29010000 		.4byte	.LASF39
 216 0118 1D       		.byte	0x1d
 217 0119 04       		.uleb128 0x4
 218 011a 92030000 		.4byte	.LASF40
 219 011e 1E       		.byte	0x1e
 220 011f 04       		.uleb128 0x4
 221 0120 CB050000 		.4byte	.LASF41
 222 0124 1F       		.byte	0x1f
 223 0125 04       		.uleb128 0x4
 224 0126 940D0000 		.4byte	.LASF42
 225 012a 20       		.byte	0x20
 226 012b 04       		.uleb128 0x4
 227 012c FE0F0000 		.4byte	.LASF43
 228 0130 21       		.byte	0x21
ARM GAS  C:\Users\codyg\AppData\Local\Temp\ccuf7AHI.s 			page 5


 229 0131 04       		.uleb128 0x4
 230 0132 43120000 		.4byte	.LASF44
 231 0136 22       		.byte	0x22
 232 0137 04       		.uleb128 0x4
 233 0138 8B110000 		.4byte	.LASF45
 234 013c 23       		.byte	0x23
 235 013d 04       		.uleb128 0x4
 236 013e 45010000 		.4byte	.LASF46
 237 0142 24       		.byte	0x24
 238 0143 04       		.uleb128 0x4
 239 0144 CA030000 		.4byte	.LASF47
 240 0148 25       		.byte	0x25
 241 0149 04       		.uleb128 0x4
 242 014a 75120000 		.4byte	.LASF48
 243 014e 26       		.byte	0x26
 244 014f 04       		.uleb128 0x4
 245 0150 CC0D0000 		.4byte	.LASF49
 246 0154 27       		.byte	0x27
 247 0155 04       		.uleb128 0x4
 248 0156 36100000 		.4byte	.LASF50
 249 015a 28       		.byte	0x28
 250 015b 04       		.uleb128 0x4
 251 015c FA000000 		.4byte	.LASF51
 252 0160 29       		.byte	0x29
 253 0161 04       		.uleb128 0x4
 254 0162 38050000 		.4byte	.LASF52
 255 0166 2A       		.byte	0x2a
 256 0167 04       		.uleb128 0x4
 257 0168 7D050000 		.4byte	.LASF53
 258 016c 2B       		.byte	0x2b
 259 016d 04       		.uleb128 0x4
 260 016e AB0E0000 		.4byte	.LASF54
 261 0172 2C       		.byte	0x2c
 262 0173 04       		.uleb128 0x4
 263 0174 52090000 		.4byte	.LASF55
 264 0178 2D       		.byte	0x2d
 265 0179 04       		.uleb128 0x4
 266 017a 44000000 		.4byte	.LASF56
 267 017e 2E       		.byte	0x2e
 268 017f 04       		.uleb128 0x4
 269 0180 2C0F0000 		.4byte	.LASF57
 270 0184 2F       		.byte	0x2f
 271 0185 04       		.uleb128 0x4
 272 0186 F0040000 		.4byte	.LASF58
 273 018a 30       		.byte	0x30
 274 018b 04       		.uleb128 0x4
 275 018c 9A0F0000 		.4byte	.LASF59
 276 0190 31       		.byte	0x31
 277 0191 04       		.uleb128 0x4
 278 0192 05110000 		.4byte	.LASF60
 279 0196 32       		.byte	0x32
 280 0197 04       		.uleb128 0x4
 281 0198 9C000000 		.4byte	.LASF61
 282 019c 33       		.byte	0x33
 283 019d 04       		.uleb128 0x4
 284 019e 0C030000 		.4byte	.LASF62
 285 01a2 34       		.byte	0x34
ARM GAS  C:\Users\codyg\AppData\Local\Temp\ccuf7AHI.s 			page 6


 286 01a3 04       		.uleb128 0x4
 287 01a4 C10A0000 		.4byte	.LASF63
 288 01a8 35       		.byte	0x35
 289 01a9 04       		.uleb128 0x4
 290 01aa 26040000 		.4byte	.LASF64
 291 01ae 36       		.byte	0x36
 292 01af 04       		.uleb128 0x4
 293 01b0 6C0F0000 		.4byte	.LASF65
 294 01b4 37       		.byte	0x37
 295 01b5 04       		.uleb128 0x4
 296 01b6 B4040000 		.4byte	.LASF66
 297 01ba 38       		.byte	0x38
 298 01bb 04       		.uleb128 0x4
 299 01bc C4110000 		.4byte	.LASF67
 300 01c0 39       		.byte	0x39
 301 01c1 04       		.uleb128 0x4
 302 01c2 86080000 		.4byte	.LASF68
 303 01c6 3A       		.byte	0x3a
 304 01c7 04       		.uleb128 0x4
 305 01c8 920B0000 		.4byte	.LASF69
 306 01cc 3B       		.byte	0x3b
 307 01cd 04       		.uleb128 0x4
 308 01ce B2080000 		.4byte	.LASF70
 309 01d2 3C       		.byte	0x3c
 310 01d3 04       		.uleb128 0x4
 311 01d4 C40B0000 		.4byte	.LASF71
 312 01d8 3D       		.byte	0x3d
 313 01d9 04       		.uleb128 0x4
 314 01da 4E0E0000 		.4byte	.LASF72
 315 01de 3E       		.byte	0x3e
 316 01df 04       		.uleb128 0x4
 317 01e0 83090000 		.4byte	.LASF73
 318 01e4 3F       		.byte	0x3f
 319 01e5 04       		.uleb128 0x4
 320 01e6 92050000 		.4byte	.LASF74
 321 01ea 40       		.byte	0x40
 322 01eb 04       		.uleb128 0x4
 323 01ec 70070000 		.4byte	.LASF75
 324 01f0 41       		.byte	0x41
 325 01f1 04       		.uleb128 0x4
 326 01f2 5F0B0000 		.4byte	.LASF76
 327 01f6 42       		.byte	0x42
 328 01f7 04       		.uleb128 0x4
 329 01f8 B00D0000 		.4byte	.LASF77
 330 01fc 43       		.byte	0x43
 331 01fd 04       		.uleb128 0x4
 332 01fe 1A100000 		.4byte	.LASF78
 333 0202 44       		.byte	0x44
 334 0203 04       		.uleb128 0x4
 335 0204 BA0C0000 		.4byte	.LASF79
 336 0208 45       		.byte	0x45
 337 0209 04       		.uleb128 0x4
 338 020a 3C070000 		.4byte	.LASF80
 339 020e 46       		.byte	0x46
 340 020f 04       		.uleb128 0x4
 341 0210 05090000 		.4byte	.LASF81
 342 0214 47       		.byte	0x47
ARM GAS  C:\Users\codyg\AppData\Local\Temp\ccuf7AHI.s 			page 7


 343 0215 04       		.uleb128 0x4
 344 0216 A8110000 		.4byte	.LASF82
 345 021a 48       		.byte	0x48
 346 021b 04       		.uleb128 0x4
 347 021c AE030000 		.4byte	.LASF83
 348 0220 49       		.byte	0x49
 349 0221 04       		.uleb128 0x4
 350 0222 E7030000 		.4byte	.LASF84
 351 0226 4A       		.byte	0x4a
 352 0227 04       		.uleb128 0x4
 353 0228 F0020000 		.4byte	.LASF85
 354 022c 4B       		.byte	0x4b
 355 022d 04       		.uleb128 0x4
 356 022e 53110000 		.4byte	.LASF86
 357 0232 4C       		.byte	0x4c
 358 0233 04       		.uleb128 0x4
 359 0234 080D0000 		.4byte	.LASF87
 360 0238 4D       		.byte	0x4d
 361 0239 04       		.uleb128 0x4
 362 023a E8100000 		.4byte	.LASF88
 363 023e 4E       		.byte	0x4e
 364 023f 04       		.uleb128 0x4
 365 0240 35060000 		.4byte	.LASF89
 366 0244 4F       		.byte	0x4f
 367 0245 04       		.uleb128 0x4
 368 0246 E9070000 		.4byte	.LASF90
 369 024a 50       		.byte	0x50
 370 024b 04       		.uleb128 0x4
 371 024c 0F0F0000 		.4byte	.LASF91
 372 0250 51       		.byte	0x51
 373 0251 04       		.uleb128 0x4
 374 0252 C9060000 		.4byte	.LASF92
 375 0256 52       		.byte	0x52
 376 0257 04       		.uleb128 0x4
 377 0258 D2020000 		.4byte	.LASF93
 378 025c 53       		.byte	0x53
 379 025d 04       		.uleb128 0x4
 380 025e 82020000 		.4byte	.LASF94
 381 0262 54       		.byte	0x54
 382 0263 04       		.uleb128 0x4
 383 0264 58070000 		.4byte	.LASF95
 384 0268 55       		.byte	0x55
 385 0269 04       		.uleb128 0x4
 386 026a 07120000 		.4byte	.LASF96
 387 026e 56       		.byte	0x56
 388 026f 04       		.uleb128 0x4
 389 0270 DC010000 		.4byte	.LASF97
 390 0274 57       		.byte	0x57
 391 0275 04       		.uleb128 0x4
 392 0276 7F0C0000 		.4byte	.LASF98
 393 027a 58       		.byte	0x58
 394 027b 04       		.uleb128 0x4
 395 027c D0040000 		.4byte	.LASF99
 396 0280 59       		.byte	0x59
 397 0281 04       		.uleb128 0x4
 398 0282 39110000 		.4byte	.LASF100
 399 0286 5A       		.byte	0x5a
ARM GAS  C:\Users\codyg\AppData\Local\Temp\ccuf7AHI.s 			page 8


 400 0287 04       		.uleb128 0x4
 401 0288 98060000 		.4byte	.LASF101
 402 028c 5B       		.byte	0x5b
 403 028d 04       		.uleb128 0x4
 404 028e 21080000 		.4byte	.LASF102
 405 0292 5C       		.byte	0x5c
 406 0293 04       		.uleb128 0x4
 407 0294 100B0000 		.4byte	.LASF103
 408 0298 5D       		.byte	0x5d
 409 0299 04       		.uleb128 0x4
 410 029a 59000000 		.4byte	.LASF104
 411 029e 5E       		.byte	0x5e
 412 029f 04       		.uleb128 0x4
 413 02a0 B8020000 		.4byte	.LASF105
 414 02a4 5F       		.byte	0x5f
 415 02a5 04       		.uleb128 0x4
 416 02a6 05050000 		.4byte	.LASF106
 417 02aa 60       		.byte	0x60
 418 02ab 04       		.uleb128 0x4
 419 02ac D60C0000 		.4byte	.LASF107
 420 02b0 61       		.byte	0x61
 421 02b1 04       		.uleb128 0x4
 422 02b2 55030000 		.4byte	.LASF108
 423 02b6 62       		.byte	0x62
 424 02b7 04       		.uleb128 0x4
 425 02b8 450B0000 		.4byte	.LASF109
 426 02bc 63       		.byte	0x63
 427 02bd 04       		.uleb128 0x4
 428 02be 6A0D0000 		.4byte	.LASF110
 429 02c2 64       		.byte	0x64
 430 02c3 04       		.uleb128 0x4
 431 02c4 E40F0000 		.4byte	.LASF111
 432 02c8 65       		.byte	0x65
 433 02c9 04       		.uleb128 0x4
 434 02ca ED110000 		.4byte	.LASF112
 435 02ce 66       		.byte	0x66
 436 02cf 04       		.uleb128 0x4
 437 02d0 06070000 		.4byte	.LASF113
 438 02d4 67       		.byte	0x67
 439 02d5 04       		.uleb128 0x4
 440 02d6 CF080000 		.4byte	.LASF114
 441 02da 68       		.byte	0x68
 442 02db 04       		.uleb128 0x4
 443 02dc E10B0000 		.4byte	.LASF115
 444 02e0 69       		.byte	0x69
 445 02e1 04       		.uleb128 0x4
 446 02e2 0F010000 		.4byte	.LASF116
 447 02e6 6A       		.byte	0x6a
 448 02e7 04       		.uleb128 0x4
 449 02e8 78030000 		.4byte	.LASF117
 450 02ec 6B       		.byte	0x6b
 451 02ed 04       		.uleb128 0x4
 452 02ee A5010000 		.4byte	.LASF118
 453 02f2 6C       		.byte	0x6c
 454 02f3 04       		.uleb128 0x4
 455 02f4 0B040000 		.4byte	.LASF119
 456 02f8 6D       		.byte	0x6d
ARM GAS  C:\Users\codyg\AppData\Local\Temp\ccuf7AHI.s 			page 9


 457 02f9 04       		.uleb128 0x4
 458 02fa 1A060000 		.4byte	.LASF120
 459 02fe 6E       		.byte	0x6e
 460 02ff 04       		.uleb128 0x4
 461 0300 3B080000 		.4byte	.LASF121
 462 0304 6F       		.byte	0x6f
 463 0305 04       		.uleb128 0x4
 464 0306 69100000 		.4byte	.LASF122
 465 030a 70       		.byte	0x70
 466 030b 04       		.uleb128 0x4
 467 030c 0D000000 		.4byte	.LASF123
 468 0310 71       		.byte	0x71
 469 0311 04       		.uleb128 0x4
 470 0312 5B040000 		.4byte	.LASF124
 471 0316 72       		.byte	0x72
 472 0317 04       		.uleb128 0x4
 473 0318 37090000 		.4byte	.LASF125
 474 031c 73       		.byte	0x73
 475 031d 04       		.uleb128 0x4
 476 031e 9F0C0000 		.4byte	.LASF126
 477 0322 74       		.byte	0x74
 478 0323 04       		.uleb128 0x4
 479 0324 F40E0000 		.4byte	.LASF127
 480 0328 75       		.byte	0x75
 481 0329 04       		.uleb128 0x4
 482 032a 2A0B0000 		.4byte	.LASF128
 483 032e 76       		.byte	0x76
 484 032f 04       		.uleb128 0x4
 485 0330 460D0000 		.4byte	.LASF129
 486 0334 77       		.byte	0x77
 487 0335 04       		.uleb128 0x4
 488 0336 C90F0000 		.4byte	.LASF130
 489 033a 78       		.byte	0x78
 490 033b 04       		.uleb128 0x4
 491 033c 06080000 		.4byte	.LASF131
 492 0340 79       		.byte	0x79
 493 0341 04       		.uleb128 0x4
 494 0342 62010000 		.4byte	.LASF132
 495 0346 7A       		.byte	0x7a
 496 0347 04       		.uleb128 0x4
 497 0348 E4000000 		.4byte	.LASF133
 498 034c 7B       		.byte	0x7b
 499 034d 04       		.uleb128 0x4
 500 034e E7050000 		.4byte	.LASF134
 501 0352 7C       		.byte	0x7c
 502 0353 04       		.uleb128 0x4
 503 0354 A9070000 		.4byte	.LASF135
 504 0358 7D       		.byte	0x7d
 505 0359 04       		.uleb128 0x4
 506 035a 53100000 		.4byte	.LASF136
 507 035e 7E       		.byte	0x7e
 508 035f 04       		.uleb128 0x4
 509 0360 5F120000 		.4byte	.LASF137
 510 0364 7F       		.byte	0x7f
 511 0365 04       		.uleb128 0x4
 512 0366 31020000 		.4byte	.LASF138
 513 036a 80       		.byte	0x80
ARM GAS  C:\Users\codyg\AppData\Local\Temp\ccuf7AHI.s 			page 10


 514 036b 04       		.uleb128 0x4
 515 036c 21090000 		.4byte	.LASF139
 516 0370 81       		.byte	0x81
 517 0371 04       		.uleb128 0x4
 518 0372 4E0C0000 		.4byte	.LASF140
 519 0376 82       		.byte	0x82
 520 0377 04       		.uleb128 0x4
 521 0378 C00E0000 		.4byte	.LASF141
 522 037c 83       		.byte	0x83
 523 037d 04       		.uleb128 0x4
 524 037e 6F080000 		.4byte	.LASF142
 525 0382 84       		.byte	0x84
 526 0383 04       		.uleb128 0x4
 527 0384 7B0B0000 		.4byte	.LASF143
 528 0388 85       		.byte	0x85
 529 0389 04       		.uleb128 0x4
 530 038a B8000000 		.4byte	.LASF144
 531 038e 86       		.byte	0x86
 532 038f 04       		.uleb128 0x4
 533 0390 28030000 		.4byte	.LASF145
 534 0394 87       		.byte	0x87
 535 0395 04       		.uleb128 0x4
 536 0396 4D050000 		.4byte	.LASF146
 537 039a 88       		.byte	0x88
 538 039b 04       		.uleb128 0x4
 539 039c 250D0000 		.4byte	.LASF147
 540 03a0 89       		.byte	0x89
 541 03a1 04       		.uleb128 0x4
 542 03a2 870E0000 		.4byte	.LASF148
 543 03a6 8A       		.byte	0x8a
 544 03a7 04       		.uleb128 0x4
 545 03a8 99040000 		.4byte	.LASF149
 546 03ac 8B       		.byte	0x8b
 547 03ad 04       		.uleb128 0x4
 548 03ae E90D0000 		.4byte	.LASF150
 549 03b2 8C       		.byte	0x8c
 550 03b3 04       		.uleb128 0x4
 551 03b4 D1100000 		.4byte	.LASF151
 552 03b8 8D       		.byte	0x8d
 553 03b9 04       		.uleb128 0x4
 554 03ba A0100000 		.4byte	.LASF152
 555 03be 8E       		.byte	0x8e
 556 03bf 04       		.uleb128 0x4
 557 03c0 A50A0000 		.4byte	.LASF153
 558 03c4 8F       		.byte	0x8f
 559 03c5 04       		.uleb128 0x4
 560 03c6 B2060000 		.4byte	.LASF154
 561 03ca 90       		.byte	0x90
 562 03cb 04       		.uleb128 0x4
 563 03cc 8F010000 		.4byte	.LASF155
 564 03d0 91       		.byte	0x91
 565 03d1 04       		.uleb128 0x4
 566 03d2 18020000 		.4byte	.LASF156
 567 03d6 92       		.byte	0x92
 568 03d7 04       		.uleb128 0x4
 569 03d8 640C0000 		.4byte	.LASF157
 570 03dc F0       		.byte	0xf0
ARM GAS  C:\Users\codyg\AppData\Local\Temp\ccuf7AHI.s 			page 11


 571 03dd 00       		.byte	0
 572 03de 05       		.uleb128 0x5
 573 03df 02       		.byte	0x2
 574 03e0 05       		.byte	0x5
 575 03e1 750C0000 		.4byte	.LASF158
 576 03e5 06       		.uleb128 0x6
 577 03e6 3C0D0000 		.4byte	.LASF162
 578 03ea 01       		.byte	0x1
 579 03eb F4       		.byte	0xf4
 580 03ec 1D000000 		.4byte	0x1d
 581 03f0 05       		.uleb128 0x5
 582 03f1 01       		.byte	0x1
 583 03f2 06       		.byte	0x6
 584 03f3 AC020000 		.4byte	.LASF159
 585 03f7 05       		.uleb128 0x5
 586 03f8 01       		.byte	0x1
 587 03f9 08       		.byte	0x8
 588 03fa B60B0000 		.4byte	.LASF160
 589 03fe 05       		.uleb128 0x5
 590 03ff 02       		.byte	0x2
 591 0400 07       		.byte	0x7
 592 0401 F3060000 		.4byte	.LASF161
 593 0405 06       		.uleb128 0x6
 594 0406 EA0E0000 		.4byte	.LASF163
 595 040a 02       		.byte	0x2
 596 040b 3F       		.byte	0x3f
 597 040c 10040000 		.4byte	0x410
 598 0410 05       		.uleb128 0x5
 599 0411 04       		.byte	0x4
 600 0412 05       		.byte	0x5
 601 0413 6F030000 		.4byte	.LASF164
 602 0417 06       		.uleb128 0x6
 603 0418 1F050000 		.4byte	.LASF165
 604 041c 02       		.byte	0x2
 605 041d 41       		.byte	0x41
 606 041e 22040000 		.4byte	0x422
 607 0422 05       		.uleb128 0x5
 608 0423 04       		.byte	0x4
 609 0424 07       		.byte	0x7
 610 0425 6A060000 		.4byte	.LASF166
 611 0429 05       		.uleb128 0x5
 612 042a 08       		.byte	0x8
 613 042b 05       		.byte	0x5
 614 042c 9E020000 		.4byte	.LASF167
 615 0430 05       		.uleb128 0x5
 616 0431 08       		.byte	0x8
 617 0432 07       		.byte	0x7
 618 0433 78010000 		.4byte	.LASF168
 619 0437 07       		.uleb128 0x7
 620 0438 04       		.byte	0x4
 621 0439 05       		.byte	0x5
 622 043a 696E7400 		.ascii	"int\000"
 623 043e 05       		.uleb128 0x5
 624 043f 04       		.byte	0x4
 625 0440 07       		.byte	0x7
 626 0441 240C0000 		.4byte	.LASF169
 627 0445 06       		.uleb128 0x6
ARM GAS  C:\Users\codyg\AppData\Local\Temp\ccuf7AHI.s 			page 12


 628 0446 AE0B0000 		.4byte	.LASF170
 629 044a 03       		.byte	0x3
 630 044b 2C       		.byte	0x2c
 631 044c 05040000 		.4byte	0x405
 632 0450 06       		.uleb128 0x6
 633 0451 610D0000 		.4byte	.LASF171
 634 0455 03       		.byte	0x3
 635 0456 30       		.byte	0x30
 636 0457 17040000 		.4byte	0x417
 637 045b 05       		.uleb128 0x5
 638 045c 04       		.byte	0x4
 639 045d 07       		.byte	0x7
 640 045e 66080000 		.4byte	.LASF172
 641 0462 05       		.uleb128 0x5
 642 0463 08       		.byte	0x8
 643 0464 04       		.byte	0x4
 644 0465 040E0000 		.4byte	.LASF173
 645 0469 05       		.uleb128 0x5
 646 046a 01       		.byte	0x1
 647 046b 08       		.byte	0x8
 648 046c 1C0E0000 		.4byte	.LASF174
 649 0470 05       		.uleb128 0x5
 650 0471 04       		.byte	0x4
 651 0472 04       		.byte	0x4
 652 0473 BB0A0000 		.4byte	.LASF175
 653 0477 05       		.uleb128 0x5
 654 0478 08       		.byte	0x8
 655 0479 04       		.byte	0x4
 656 047a 92040000 		.4byte	.LASF176
 657 047e 08       		.uleb128 0x8
 658 047f 08       		.byte	0x8
 659 0480 04       		.byte	0x4
 660 0481 EB       		.byte	0xeb
 661 0482 9F040000 		.4byte	0x49f
 662 0486 09       		.uleb128 0x9
 663 0487 03040000 		.4byte	.LASF177
 664 048b 04       		.byte	0x4
 665 048c EC       		.byte	0xec
 666 048d E5030000 		.4byte	0x3e5
 667 0491 00       		.byte	0
 668 0492 09       		.uleb128 0x9
 669 0493 E0110000 		.4byte	.LASF178
 670 0497 04       		.byte	0x4
 671 0498 F0       		.byte	0xf0
 672 0499 50040000 		.4byte	0x450
 673 049d 04       		.byte	0x4
 674 049e 00       		.byte	0
 675 049f 06       		.uleb128 0x6
 676 04a0 A2080000 		.4byte	.LASF179
 677 04a4 04       		.byte	0x4
 678 04a5 F1       		.byte	0xf1
 679 04a6 7E040000 		.4byte	0x47e
 680 04aa 0A       		.uleb128 0xa
 681 04ab 170C0000 		.4byte	.LASF180
 682 04af 05       		.byte	0x5
 683 04b0 EA07     		.2byte	0x7ea
 684 04b2 B6040000 		.4byte	0x4b6
ARM GAS  C:\Users\codyg\AppData\Local\Temp\ccuf7AHI.s 			page 13


 685 04b6 0B       		.uleb128 0xb
 686 04b7 45040000 		.4byte	0x445
 687 04bb 0C       		.uleb128 0xc
 688 04bc 00000000 		.4byte	.LASF181
 689 04c0 06       		.byte	0x6
 690 04c1 18       		.byte	0x18
 691 04c2 CC040000 		.4byte	0x4cc
 692 04c6 05       		.uleb128 0x5
 693 04c7 03       		.byte	0x3
 694 04c8 00000000 		.4byte	isr_gpio_cfg
 695 04cc 0D       		.uleb128 0xd
 696 04cd 9F040000 		.4byte	0x49f
 697 04d1 0C       		.uleb128 0xc
 698 04d2 56080000 		.4byte	.LASF182
 699 04d6 06       		.byte	0x6
 700 04d7 1E       		.byte	0x1e
 701 04d8 CC040000 		.4byte	0x4cc
 702 04dc 05       		.uleb128 0x5
 703 04dd 03       		.byte	0x3
 704 04de 00000000 		.4byte	RTC_RTC_IRQ_cfg
 705 04e2 0C       		.uleb128 0xc
 706 04e3 52020000 		.4byte	.LASF183
 707 04e7 06       		.byte	0x6
 708 04e8 24       		.byte	0x24
 709 04e9 CC040000 		.4byte	0x4cc
 710 04ed 05       		.uleb128 0x5
 711 04ee 03       		.byte	0x3
 712 04ef 00000000 		.4byte	DEBUG_UART_SCB_IRQ_cfg
 713 04f3 0C       		.uleb128 0xc
 714 04f4 69020000 		.4byte	.LASF184
 715 04f8 06       		.byte	0x6
 716 04f9 2A       		.byte	0x2a
 717 04fa CC040000 		.4byte	0x4cc
 718 04fe 05       		.uleb128 0x5
 719 04ff 03       		.byte	0x3
 720 0500 00000000 		.4byte	CY_EINK_SPIM_SCB_IRQ_cfg
 721 0504 0C       		.uleb128 0xc
 722 0505 F00C0000 		.4byte	.LASF185
 723 0509 06       		.byte	0x6
 724 050a 30       		.byte	0x30
 725 050b CC040000 		.4byte	0x4cc
 726 050f 05       		.uleb128 0x5
 727 0510 03       		.byte	0x3
 728 0511 00000000 		.4byte	SysInt_TimerPPG_INT_cfg
 729 0515 0C       		.uleb128 0xc
 730 0516 52060000 		.4byte	.LASF186
 731 051a 06       		.byte	0x6
 732 051b 36       		.byte	0x36
 733 051c CC040000 		.4byte	0x4cc
 734 0520 05       		.uleb128 0x5
 735 0521 03       		.byte	0x3
 736 0522 00000000 		.4byte	SysInt_TimerIMU_INT_cfg
 737 0526 0C       		.uleb128 0xc
 738 0527 100E0000 		.4byte	.LASF187
 739 052b 06       		.byte	0x6
 740 052c 3C       		.byte	0x3c
 741 052d CC040000 		.4byte	0x4cc
ARM GAS  C:\Users\codyg\AppData\Local\Temp\ccuf7AHI.s 			page 14


 742 0531 05       		.uleb128 0x5
 743 0532 03       		.byte	0x3
 744 0533 00000000 		.4byte	ADC_IRQ_cfg
 745 0537 00       		.byte	0
 746              		.section	.debug_abbrev,"",%progbits
 747              	.Ldebug_abbrev0:
 748 0000 01       		.uleb128 0x1
 749 0001 11       		.uleb128 0x11
 750 0002 01       		.byte	0x1
 751 0003 25       		.uleb128 0x25
 752 0004 0E       		.uleb128 0xe
 753 0005 13       		.uleb128 0x13
 754 0006 0B       		.uleb128 0xb
 755 0007 03       		.uleb128 0x3
 756 0008 0E       		.uleb128 0xe
 757 0009 1B       		.uleb128 0x1b
 758 000a 0E       		.uleb128 0xe
 759 000b 10       		.uleb128 0x10
 760 000c 17       		.uleb128 0x17
 761 000d 00       		.byte	0
 762 000e 00       		.byte	0
 763 000f 02       		.uleb128 0x2
 764 0010 04       		.uleb128 0x4
 765 0011 01       		.byte	0x1
 766 0012 0B       		.uleb128 0xb
 767 0013 0B       		.uleb128 0xb
 768 0014 49       		.uleb128 0x49
 769 0015 13       		.uleb128 0x13
 770 0016 3A       		.uleb128 0x3a
 771 0017 0B       		.uleb128 0xb
 772 0018 3B       		.uleb128 0x3b
 773 0019 0B       		.uleb128 0xb
 774 001a 01       		.uleb128 0x1
 775 001b 13       		.uleb128 0x13
 776 001c 00       		.byte	0
 777 001d 00       		.byte	0
 778 001e 03       		.uleb128 0x3
 779 001f 28       		.uleb128 0x28
 780 0020 00       		.byte	0
 781 0021 03       		.uleb128 0x3
 782 0022 0E       		.uleb128 0xe
 783 0023 1C       		.uleb128 0x1c
 784 0024 0D       		.uleb128 0xd
 785 0025 00       		.byte	0
 786 0026 00       		.byte	0
 787 0027 04       		.uleb128 0x4
 788 0028 28       		.uleb128 0x28
 789 0029 00       		.byte	0
 790 002a 03       		.uleb128 0x3
 791 002b 0E       		.uleb128 0xe
 792 002c 1C       		.uleb128 0x1c
 793 002d 0B       		.uleb128 0xb
 794 002e 00       		.byte	0
 795 002f 00       		.byte	0
 796 0030 05       		.uleb128 0x5
 797 0031 24       		.uleb128 0x24
 798 0032 00       		.byte	0
ARM GAS  C:\Users\codyg\AppData\Local\Temp\ccuf7AHI.s 			page 15


 799 0033 0B       		.uleb128 0xb
 800 0034 0B       		.uleb128 0xb
 801 0035 3E       		.uleb128 0x3e
 802 0036 0B       		.uleb128 0xb
 803 0037 03       		.uleb128 0x3
 804 0038 0E       		.uleb128 0xe
 805 0039 00       		.byte	0
 806 003a 00       		.byte	0
 807 003b 06       		.uleb128 0x6
 808 003c 16       		.uleb128 0x16
 809 003d 00       		.byte	0
 810 003e 03       		.uleb128 0x3
 811 003f 0E       		.uleb128 0xe
 812 0040 3A       		.uleb128 0x3a
 813 0041 0B       		.uleb128 0xb
 814 0042 3B       		.uleb128 0x3b
 815 0043 0B       		.uleb128 0xb
 816 0044 49       		.uleb128 0x49
 817 0045 13       		.uleb128 0x13
 818 0046 00       		.byte	0
 819 0047 00       		.byte	0
 820 0048 07       		.uleb128 0x7
 821 0049 24       		.uleb128 0x24
 822 004a 00       		.byte	0
 823 004b 0B       		.uleb128 0xb
 824 004c 0B       		.uleb128 0xb
 825 004d 3E       		.uleb128 0x3e
 826 004e 0B       		.uleb128 0xb
 827 004f 03       		.uleb128 0x3
 828 0050 08       		.uleb128 0x8
 829 0051 00       		.byte	0
 830 0052 00       		.byte	0
 831 0053 08       		.uleb128 0x8
 832 0054 13       		.uleb128 0x13
 833 0055 01       		.byte	0x1
 834 0056 0B       		.uleb128 0xb
 835 0057 0B       		.uleb128 0xb
 836 0058 3A       		.uleb128 0x3a
 837 0059 0B       		.uleb128 0xb
 838 005a 3B       		.uleb128 0x3b
 839 005b 0B       		.uleb128 0xb
 840 005c 01       		.uleb128 0x1
 841 005d 13       		.uleb128 0x13
 842 005e 00       		.byte	0
 843 005f 00       		.byte	0
 844 0060 09       		.uleb128 0x9
 845 0061 0D       		.uleb128 0xd
 846 0062 00       		.byte	0
 847 0063 03       		.uleb128 0x3
 848 0064 0E       		.uleb128 0xe
 849 0065 3A       		.uleb128 0x3a
 850 0066 0B       		.uleb128 0xb
 851 0067 3B       		.uleb128 0x3b
 852 0068 0B       		.uleb128 0xb
 853 0069 49       		.uleb128 0x49
 854 006a 13       		.uleb128 0x13
 855 006b 38       		.uleb128 0x38
ARM GAS  C:\Users\codyg\AppData\Local\Temp\ccuf7AHI.s 			page 16


 856 006c 0B       		.uleb128 0xb
 857 006d 00       		.byte	0
 858 006e 00       		.byte	0
 859 006f 0A       		.uleb128 0xa
 860 0070 34       		.uleb128 0x34
 861 0071 00       		.byte	0
 862 0072 03       		.uleb128 0x3
 863 0073 0E       		.uleb128 0xe
 864 0074 3A       		.uleb128 0x3a
 865 0075 0B       		.uleb128 0xb
 866 0076 3B       		.uleb128 0x3b
 867 0077 05       		.uleb128 0x5
 868 0078 49       		.uleb128 0x49
 869 0079 13       		.uleb128 0x13
 870 007a 3F       		.uleb128 0x3f
 871 007b 19       		.uleb128 0x19
 872 007c 3C       		.uleb128 0x3c
 873 007d 19       		.uleb128 0x19
 874 007e 00       		.byte	0
 875 007f 00       		.byte	0
 876 0080 0B       		.uleb128 0xb
 877 0081 35       		.uleb128 0x35
 878 0082 00       		.byte	0
 879 0083 49       		.uleb128 0x49
 880 0084 13       		.uleb128 0x13
 881 0085 00       		.byte	0
 882 0086 00       		.byte	0
 883 0087 0C       		.uleb128 0xc
 884 0088 34       		.uleb128 0x34
 885 0089 00       		.byte	0
 886 008a 03       		.uleb128 0x3
 887 008b 0E       		.uleb128 0xe
 888 008c 3A       		.uleb128 0x3a
 889 008d 0B       		.uleb128 0xb
 890 008e 3B       		.uleb128 0x3b
 891 008f 0B       		.uleb128 0xb
 892 0090 49       		.uleb128 0x49
 893 0091 13       		.uleb128 0x13
 894 0092 3F       		.uleb128 0x3f
 895 0093 19       		.uleb128 0x19
 896 0094 02       		.uleb128 0x2
 897 0095 18       		.uleb128 0x18
 898 0096 00       		.byte	0
 899 0097 00       		.byte	0
 900 0098 0D       		.uleb128 0xd
 901 0099 26       		.uleb128 0x26
 902 009a 00       		.byte	0
 903 009b 49       		.uleb128 0x49
 904 009c 13       		.uleb128 0x13
 905 009d 00       		.byte	0
 906 009e 00       		.byte	0
 907 009f 00       		.byte	0
 908              		.section	.debug_aranges,"",%progbits
 909 0000 14000000 		.4byte	0x14
 910 0004 0200     		.2byte	0x2
 911 0006 00000000 		.4byte	.Ldebug_info0
 912 000a 04       		.byte	0x4
ARM GAS  C:\Users\codyg\AppData\Local\Temp\ccuf7AHI.s 			page 17


 913 000b 00       		.byte	0
 914 000c 0000     		.2byte	0
 915 000e 0000     		.2byte	0
 916 0010 00000000 		.4byte	0
 917 0014 00000000 		.4byte	0
 918              		.section	.debug_line,"",%progbits
 919              	.Ldebug_line0:
 920 0000 10020000 		.section	.debug_str,"MS",%progbits,1
 920      02000A02 
 920      00000201 
 920      FB0E0D00 
 920      01010101 
 921              	.LASF181:
 922 0000 6973725F 		.ascii	"isr_gpio_cfg\000"
 922      6770696F 
 922      5F636667 
 922      00
 923              	.LASF123:
 924 000d 74637077 		.ascii	"tcpwm_1_interrupts_15_IRQn\000"
 924      6D5F315F 
 924      696E7465 
 924      72727570 
 924      74735F31 
 925              	.LASF12:
 926 0028 696F7373 		.ascii	"ioss_interrupts_gpio_2_IRQn\000"
 926      5F696E74 
 926      65727275 
 926      7074735F 
 926      6770696F 
 927              	.LASF56:
 928 0044 7363625F 		.ascii	"scb_5_interrupt_IRQn\000"
 928      355F696E 
 928      74657272 
 928      7570745F 
 928      4952516E 
 929              	.LASF104:
 930 0059 74637077 		.ascii	"tcpwm_0_interrupts_4_IRQn\000"
 930      6D5F305F 
 930      696E7465 
 930      72727570 
 930      74735F34 
 931              	.LASF32:
 932 0073 73727373 		.ascii	"srss_interrupt_IRQn\000"
 932      5F696E74 
 932      65727275 
 932      70745F49 
 932      52516E00 
 933              	.LASF28:
 934 0087 7363625F 		.ascii	"scb_8_interrupt_IRQn\000"
 934      385F696E 
 934      74657272 
 934      7570745F 
 934      4952516E 
 935              	.LASF61:
 936 009c 63707573 		.ascii	"cpuss_interrupts_dw0_1_IRQn\000"
 936      735F696E 
 936      74657272 
ARM GAS  C:\Users\codyg\AppData\Local\Temp\ccuf7AHI.s 			page 18


 936      75707473 
 936      5F647730 
 937              	.LASF144:
 938 00b8 7564625F 		.ascii	"udb_interrupts_12_IRQn\000"
 938      696E7465 
 938      72727570 
 938      74735F31 
 938      325F4952 
 939              	.LASF34:
 940 00cf 626C6573 		.ascii	"bless_interrupt_IRQn\000"
 940      735F696E 
 940      74657272 
 940      7570745F 
 940      4952516E 
 941              	.LASF133:
 942 00e4 7564625F 		.ascii	"udb_interrupts_1_IRQn\000"
 942      696E7465 
 942      72727570 
 942      74735F31 
 942      5F495251 
 943              	.LASF51:
 944 00fa 7363625F 		.ascii	"scb_0_interrupt_IRQn\000"
 944      305F696E 
 944      74657272 
 944      7570745F 
 944      4952516E 
 945              	.LASF116:
 946 010f 74637077 		.ascii	"tcpwm_1_interrupts_8_IRQn\000"
 946      6D5F315F 
 946      696E7465 
 946      72727570 
 946      74735F38 
 947              	.LASF39:
 948 0129 63707573 		.ascii	"cpuss_interrupts_ipc_4_IRQn\000"
 948      735F696E 
 948      74657272 
 948      75707473 
 948      5F697063 
 949              	.LASF46:
 950 0145 63707573 		.ascii	"cpuss_interrupts_ipc_11_IRQn\000"
 950      735F696E 
 950      74657272 
 950      75707473 
 950      5F697063 
 951              	.LASF132:
 952 0162 7564625F 		.ascii	"udb_interrupts_0_IRQn\000"
 952      696E7465 
 952      72727570 
 952      74735F30 
 952      5F495251 
 953              	.LASF168:
 954 0178 6C6F6E67 		.ascii	"long long unsigned int\000"
 954      206C6F6E 
 954      6720756E 
 954      7369676E 
 954      65642069 
 955              	.LASF155:
ARM GAS  C:\Users\codyg\AppData\Local\Temp\ccuf7AHI.s 			page 19


 956 018f 7573625F 		.ascii	"usb_interrupt_lo_IRQn\000"
 956      696E7465 
 956      72727570 
 956      745F6C6F 
 956      5F495251 
 957              	.LASF118:
 958 01a5 74637077 		.ascii	"tcpwm_1_interrupts_10_IRQn\000"
 958      6D5F315F 
 958      696E7465 
 958      72727570 
 958      74735F31 
 959              	.LASF10:
 960 01c0 696F7373 		.ascii	"ioss_interrupts_gpio_0_IRQn\000"
 960      5F696E74 
 960      65727275 
 960      7074735F 
 960      6770696F 
 961              	.LASF97:
 962 01dc 63707573 		.ascii	"cpuss_interrupts_cm0_cti_1_IRQn\000"
 962      735F696E 
 962      74657272 
 962      75707473 
 962      5F636D30 
 963              	.LASF19:
 964 01fc 696F7373 		.ascii	"ioss_interrupts_gpio_9_IRQn\000"
 964      5F696E74 
 964      65727275 
 964      7074735F 
 964      6770696F 
 965              	.LASF156:
 966 0218 70617373 		.ascii	"pass_interrupt_dacs_IRQn\000"
 966      5F696E74 
 966      65727275 
 966      70745F64 
 966      6163735F 
 967              	.LASF138:
 968 0231 7564625F 		.ascii	"udb_interrupts_6_IRQn\000"
 968      696E7465 
 968      72727570 
 968      74735F36 
 968      5F495251 
 969              	.LASF0:
 970 0247 52657365 		.ascii	"Reset_IRQn\000"
 970      745F4952 
 970      516E00
 971              	.LASF183:
 972 0252 44454255 		.ascii	"DEBUG_UART_SCB_IRQ_cfg\000"
 972      475F5541 
 972      52545F53 
 972      43425F49 
 972      52515F63 
 973              	.LASF184:
 974 0269 43595F45 		.ascii	"CY_EINK_SPIM_SCB_IRQ_cfg\000"
 974      494E4B5F 
 974      5350494D 
 974      5F534342 
 974      5F495251 
ARM GAS  C:\Users\codyg\AppData\Local\Temp\ccuf7AHI.s 			page 20


 975              	.LASF94:
 976 0282 63707573 		.ascii	"cpuss_interrupt_crypto_IRQn\000"
 976      735F696E 
 976      74657272 
 976      7570745F 
 976      63727970 
 977              	.LASF167:
 978 029e 6C6F6E67 		.ascii	"long long int\000"
 978      206C6F6E 
 978      6720696E 
 978      7400
 979              	.LASF159:
 980 02ac 7369676E 		.ascii	"signed char\000"
 980      65642063 
 980      68617200 
 981              	.LASF105:
 982 02b8 74637077 		.ascii	"tcpwm_0_interrupts_5_IRQn\000"
 982      6D5F305F 
 982      696E7465 
 982      72727570 
 982      74735F35 
 983              	.LASF93:
 984 02d2 63707573 		.ascii	"cpuss_interrupts_fault_1_IRQn\000"
 984      735F696E 
 984      74657272 
 984      75707473 
 984      5F666175 
 985              	.LASF85:
 986 02f0 63707573 		.ascii	"cpuss_interrupts_dw1_9_IRQn\000"
 986      735F696E 
 986      74657272 
 986      75707473 
 986      5F647731 
 987              	.LASF62:
 988 030c 63707573 		.ascii	"cpuss_interrupts_dw0_2_IRQn\000"
 988      735F696E 
 988      74657272 
 988      75707473 
 988      5F647730 
 989              	.LASF145:
 990 0328 7564625F 		.ascii	"udb_interrupts_13_IRQn\000"
 990      696E7465 
 990      72727570 
 990      74735F31 
 990      335F4952 
 991              	.LASF27:
 992 033f 6C70636F 		.ascii	"lpcomp_interrupt_IRQn\000"
 992      6D705F69 
 992      6E746572 
 992      72757074 
 992      5F495251 
 993              	.LASF108:
 994 0355 74637077 		.ascii	"tcpwm_1_interrupts_0_IRQn\000"
 994      6D5F315F 
 994      696E7465 
 994      72727570 
 994      74735F30 
ARM GAS  C:\Users\codyg\AppData\Local\Temp\ccuf7AHI.s 			page 21


 995              	.LASF164:
 996 036f 6C6F6E67 		.ascii	"long int\000"
 996      20696E74 
 996      00
 997              	.LASF117:
 998 0378 74637077 		.ascii	"tcpwm_1_interrupts_9_IRQn\000"
 998      6D5F315F 
 998      696E7465 
 998      72727570 
 998      74735F39 
 999              	.LASF40:
 1000 0392 63707573 		.ascii	"cpuss_interrupts_ipc_5_IRQn\000"
 1000      735F696E 
 1000      74657272 
 1000      75707473 
 1000      5F697063 
 1001              	.LASF83:
 1002 03ae 63707573 		.ascii	"cpuss_interrupts_dw1_7_IRQn\000"
 1002      735F696E 
 1002      74657272 
 1002      75707473 
 1002      5F647731 
 1003              	.LASF47:
 1004 03ca 63707573 		.ascii	"cpuss_interrupts_ipc_12_IRQn\000"
 1004      735F696E 
 1004      74657272 
 1004      75707473 
 1004      5F697063 
 1005              	.LASF84:
 1006 03e7 63707573 		.ascii	"cpuss_interrupts_dw1_8_IRQn\000"
 1006      735F696E 
 1006      74657272 
 1006      75707473 
 1006      5F647731 
 1007              	.LASF177:
 1008 0403 696E7472 		.ascii	"intrSrc\000"
 1008      53726300 
 1009              	.LASF119:
 1010 040b 74637077 		.ascii	"tcpwm_1_interrupts_11_IRQn\000"
 1010      6D5F315F 
 1010      696E7465 
 1010      72727570 
 1010      74735F31 
 1011              	.LASF64:
 1012 0426 63707573 		.ascii	"cpuss_interrupts_dw0_4_IRQn\000"
 1012      735F696E 
 1012      74657272 
 1012      75707473 
 1012      5F647730 
 1013              	.LASF25:
 1014 0442 696F7373 		.ascii	"ioss_interrupt_gpio_IRQn\000"
 1014      5F696E74 
 1014      65727275 
 1014      70745F67 
 1014      70696F5F 
 1015              	.LASF124:
 1016 045b 74637077 		.ascii	"tcpwm_1_interrupts_16_IRQn\000"
ARM GAS  C:\Users\codyg\AppData\Local\Temp\ccuf7AHI.s 			page 22


 1016      6D5F315F 
 1016      696E7465 
 1016      72727570 
 1016      74735F31 
 1017              	.LASF29:
 1018 0476 73727373 		.ascii	"srss_interrupt_mcwdt_0_IRQn\000"
 1018      5F696E74 
 1018      65727275 
 1018      70745F6D 
 1018      63776474 
 1019              	.LASF176:
 1020 0492 646F7562 		.ascii	"double\000"
 1020      6C6500
 1021              	.LASF149:
 1022 0499 61756469 		.ascii	"audioss_interrupt_i2s_IRQn\000"
 1022      6F73735F 
 1022      696E7465 
 1022      72727570 
 1022      745F6932 
 1023              	.LASF66:
 1024 04b4 63707573 		.ascii	"cpuss_interrupts_dw0_6_IRQn\000"
 1024      735F696E 
 1024      74657272 
 1024      75707473 
 1024      5F647730 
 1025              	.LASF99:
 1026 04d0 63707573 		.ascii	"cpuss_interrupts_cm4_cti_1_IRQn\000"
 1026      735F696E 
 1026      74657272 
 1026      75707473 
 1026      5F636D34 
 1027              	.LASF58:
 1028 04f0 7363625F 		.ascii	"scb_7_interrupt_IRQn\000"
 1028      375F696E 
 1028      74657272 
 1028      7570745F 
 1028      4952516E 
 1029              	.LASF106:
 1030 0505 74637077 		.ascii	"tcpwm_0_interrupts_6_IRQn\000"
 1030      6D5F305F 
 1030      696E7465 
 1030      72727570 
 1030      74735F36 
 1031              	.LASF165:
 1032 051f 5F5F7569 		.ascii	"__uint32_t\000"
 1032      6E743332 
 1032      5F7400
 1033              	.LASF4:
 1034 052a 42757346 		.ascii	"BusFault_IRQn\000"
 1034      61756C74 
 1034      5F495251 
 1034      6E00
 1035              	.LASF52:
 1036 0538 7363625F 		.ascii	"scb_1_interrupt_IRQn\000"
 1036      315F696E 
 1036      74657272 
 1036      7570745F 
ARM GAS  C:\Users\codyg\AppData\Local\Temp\ccuf7AHI.s 			page 23


 1036      4952516E 
 1037              	.LASF146:
 1038 054d 7564625F 		.ascii	"udb_interrupts_14_IRQn\000"
 1038      696E7465 
 1038      72727570 
 1038      74735F31 
 1038      345F4952 
 1039              	.LASF33:
 1040 0564 70617373 		.ascii	"pass_interrupt_ctbs_IRQn\000"
 1040      5F696E74 
 1040      65727275 
 1040      70745F63 
 1040      7462735F 
 1041              	.LASF53:
 1042 057d 7363625F 		.ascii	"scb_2_interrupt_IRQn\000"
 1042      325F696E 
 1042      74657272 
 1042      7570745F 
 1042      4952516E 
 1043              	.LASF74:
 1044 0592 63707573 		.ascii	"cpuss_interrupts_dw0_14_IRQn\000"
 1044      735F696E 
 1044      74657272 
 1044      75707473 
 1044      5F647730 
 1045              	.LASF15:
 1046 05af 696F7373 		.ascii	"ioss_interrupts_gpio_5_IRQn\000"
 1046      5F696E74 
 1046      65727275 
 1046      7074735F 
 1046      6770696F 
 1047              	.LASF41:
 1048 05cb 63707573 		.ascii	"cpuss_interrupts_ipc_6_IRQn\000"
 1048      735F696E 
 1048      74657272 
 1048      75707473 
 1048      5F697063 
 1049              	.LASF134:
 1050 05e7 7564625F 		.ascii	"udb_interrupts_2_IRQn\000"
 1050      696E7465 
 1050      72727570 
 1050      74735F32 
 1050      5F495251 
 1051              	.LASF23:
 1052 05fd 696F7373 		.ascii	"ioss_interrupts_gpio_13_IRQn\000"
 1052      5F696E74 
 1052      65727275 
 1052      7074735F 
 1052      6770696F 
 1053              	.LASF120:
 1054 061a 74637077 		.ascii	"tcpwm_1_interrupts_12_IRQn\000"
 1054      6D5F315F 
 1054      696E7465 
 1054      72727570 
 1054      74735F31 
 1055              	.LASF89:
 1056 0635 63707573 		.ascii	"cpuss_interrupts_dw1_13_IRQn\000"
ARM GAS  C:\Users\codyg\AppData\Local\Temp\ccuf7AHI.s 			page 24


 1056      735F696E 
 1056      74657272 
 1056      75707473 
 1056      5F647731 
 1057              	.LASF186:
 1058 0652 53797349 		.ascii	"SysInt_TimerIMU_INT_cfg\000"
 1058      6E745F54 
 1058      696D6572 
 1058      494D555F 
 1058      494E545F 
 1059              	.LASF166:
 1060 066a 6C6F6E67 		.ascii	"long unsigned int\000"
 1060      20756E73 
 1060      69676E65 
 1060      6420696E 
 1060      7400
 1061              	.LASF30:
 1062 067c 73727373 		.ascii	"srss_interrupt_mcwdt_1_IRQn\000"
 1062      5F696E74 
 1062      65727275 
 1062      70745F6D 
 1062      63776474 
 1063              	.LASF101:
 1064 0698 74637077 		.ascii	"tcpwm_0_interrupts_1_IRQn\000"
 1064      6D5F305F 
 1064      696E7465 
 1064      72727570 
 1064      74735F31 
 1065              	.LASF154:
 1066 06b2 7573625F 		.ascii	"usb_interrupt_med_IRQn\000"
 1066      696E7465 
 1066      72727570 
 1066      745F6D65 
 1066      645F4952 
 1067              	.LASF92:
 1068 06c9 63707573 		.ascii	"cpuss_interrupts_fault_0_IRQn\000"
 1068      735F696E 
 1068      74657272 
 1068      75707473 
 1068      5F666175 
 1069              	.LASF6:
 1070 06e7 53564361 		.ascii	"SVCall_IRQn\000"
 1070      6C6C5F49 
 1070      52516E00 
 1071              	.LASF161:
 1072 06f3 73686F72 		.ascii	"short unsigned int\000"
 1072      7420756E 
 1072      7369676E 
 1072      65642069 
 1072      6E7400
 1073              	.LASF113:
 1074 0706 74637077 		.ascii	"tcpwm_1_interrupts_5_IRQn\000"
 1074      6D5F315F 
 1074      696E7465 
 1074      72727570 
 1074      74735F35 
 1075              	.LASF36:
ARM GAS  C:\Users\codyg\AppData\Local\Temp\ccuf7AHI.s 			page 25


 1076 0720 63707573 		.ascii	"cpuss_interrupts_ipc_1_IRQn\000"
 1076      735F696E 
 1076      74657272 
 1076      75707473 
 1076      5F697063 
 1077              	.LASF80:
 1078 073c 63707573 		.ascii	"cpuss_interrupts_dw1_4_IRQn\000"
 1078      735F696E 
 1078      74657272 
 1078      75707473 
 1078      5F647731 
 1079              	.LASF95:
 1080 0758 63707573 		.ascii	"cpuss_interrupt_fm_IRQn\000"
 1080      735F696E 
 1080      74657272 
 1080      7570745F 
 1080      666D5F49 
 1081              	.LASF75:
 1082 0770 63707573 		.ascii	"cpuss_interrupts_dw0_15_IRQn\000"
 1082      735F696E 
 1082      74657272 
 1082      75707473 
 1082      5F647730 
 1083              	.LASF16:
 1084 078d 696F7373 		.ascii	"ioss_interrupts_gpio_6_IRQn\000"
 1084      5F696E74 
 1084      65727275 
 1084      7074735F 
 1084      6770696F 
 1085              	.LASF135:
 1086 07a9 7564625F 		.ascii	"udb_interrupts_3_IRQn\000"
 1086      696E7465 
 1086      72727570 
 1086      74735F33 
 1086      5F495251 
 1087              	.LASF24:
 1088 07bf 696F7373 		.ascii	"ioss_interrupts_gpio_14_IRQn\000"
 1088      5F696E74 
 1088      65727275 
 1088      7074735F 
 1088      6770696F 
 1089              	.LASF9:
 1090 07dc 53797354 		.ascii	"SysTick_IRQn\000"
 1090      69636B5F 
 1090      4952516E 
 1090      00
 1091              	.LASF90:
 1092 07e9 63707573 		.ascii	"cpuss_interrupts_dw1_14_IRQn\000"
 1092      735F696E 
 1092      74657272 
 1092      75707473 
 1092      5F647731 
 1093              	.LASF131:
 1094 0806 74637077 		.ascii	"tcpwm_1_interrupts_23_IRQn\000"
 1094      6D5F315F 
 1094      696E7465 
 1094      72727570 
ARM GAS  C:\Users\codyg\AppData\Local\Temp\ccuf7AHI.s 			page 26


 1094      74735F32 
 1095              	.LASF102:
 1096 0821 74637077 		.ascii	"tcpwm_0_interrupts_2_IRQn\000"
 1096      6D5F305F 
 1096      696E7465 
 1096      72727570 
 1096      74735F32 
 1097              	.LASF121:
 1098 083b 74637077 		.ascii	"tcpwm_1_interrupts_13_IRQn\000"
 1098      6D5F315F 
 1098      696E7465 
 1098      72727570 
 1098      74735F31 
 1099              	.LASF182:
 1100 0856 5254435F 		.ascii	"RTC_RTC_IRQ_cfg\000"
 1100      5254435F 
 1100      4952515F 
 1100      63666700 
 1101              	.LASF172:
 1102 0866 73697A65 		.ascii	"sizetype\000"
 1102      74797065 
 1102      00
 1103              	.LASF142:
 1104 086f 7564625F 		.ascii	"udb_interrupts_10_IRQn\000"
 1104      696E7465 
 1104      72727570 
 1104      74735F31 
 1104      305F4952 
 1105              	.LASF68:
 1106 0886 63707573 		.ascii	"cpuss_interrupts_dw0_8_IRQn\000"
 1106      735F696E 
 1106      74657272 
 1106      75707473 
 1106      5F647730 
 1107              	.LASF179:
 1108 08a2 63795F73 		.ascii	"cy_stc_sysint_t\000"
 1108      74635F73 
 1108      7973696E 
 1108      745F7400 
 1109              	.LASF70:
 1110 08b2 63707573 		.ascii	"cpuss_interrupts_dw0_10_IRQn\000"
 1110      735F696E 
 1110      74657272 
 1110      75707473 
 1110      5F647730 
 1111              	.LASF114:
 1112 08cf 74637077 		.ascii	"tcpwm_1_interrupts_6_IRQn\000"
 1112      6D5F315F 
 1112      696E7465 
 1112      72727570 
 1112      74735F36 
 1113              	.LASF37:
 1114 08e9 63707573 		.ascii	"cpuss_interrupts_ipc_2_IRQn\000"
 1114      735F696E 
 1114      74657272 
 1114      75707473 
 1114      5F697063 
ARM GAS  C:\Users\codyg\AppData\Local\Temp\ccuf7AHI.s 			page 27


 1115              	.LASF81:
 1116 0905 63707573 		.ascii	"cpuss_interrupts_dw1_5_IRQn\000"
 1116      735F696E 
 1116      74657272 
 1116      75707473 
 1116      5F647731 
 1117              	.LASF139:
 1118 0921 7564625F 		.ascii	"udb_interrupts_7_IRQn\000"
 1118      696E7465 
 1118      72727570 
 1118      74735F37 
 1118      5F495251 
 1119              	.LASF125:
 1120 0937 74637077 		.ascii	"tcpwm_1_interrupts_17_IRQn\000"
 1120      6D5F315F 
 1120      696E7465 
 1120      72727570 
 1120      74735F31 
 1121              	.LASF55:
 1122 0952 7363625F 		.ascii	"scb_4_interrupt_IRQn\000"
 1122      345F696E 
 1122      74657272 
 1122      7570745F 
 1122      4952516E 
 1123              	.LASF17:
 1124 0967 696F7373 		.ascii	"ioss_interrupts_gpio_7_IRQn\000"
 1124      5F696E74 
 1124      65727275 
 1124      7074735F 
 1124      6770696F 
 1125              	.LASF73:
 1126 0983 63707573 		.ascii	"cpuss_interrupts_dw0_13_IRQn\000"
 1126      735F696E 
 1126      74657272 
 1126      75707473 
 1126      5F647730 
 1127              	.LASF188:
 1128 09a0 474E5520 		.ascii	"GNU C11 5.4.1 20160609 (release) [ARM/embedded-5-br"
 1128      43313120 
 1128      352E342E 
 1128      31203230 
 1128      31363036 
 1129 09d3 616E6368 		.ascii	"anch revision 237715] -mcpu=cortex-m4 -mfloat-abi=s"
 1129      20726576 
 1129      6973696F 
 1129      6E203233 
 1129      37373135 
 1130 0a06 6F667466 		.ascii	"oftfp -mfpu=fpv4-sp-d16 -mthumb -g -Og -ffunction-s"
 1130      70202D6D 
 1130      6670753D 
 1130      66707634 
 1130      2D73702D 
 1131 0a39 65637469 		.ascii	"ections -ffat-lto-objects\000"
 1131      6F6E7320 
 1131      2D666661 
 1131      742D6C74 
 1131      6F2D6F62 
ARM GAS  C:\Users\codyg\AppData\Local\Temp\ccuf7AHI.s 			page 28


 1132              	.LASF190:
 1133 0a53 433A5C55 		.ascii	"C:\\Users\\codyg\\git\\psoc6-realtime-processing\\B"
 1133      73657273 
 1133      5C636F64 
 1133      79675C67 
 1133      69745C70 
 1134 0a81 4C455F52 		.ascii	"LE_RTC_IMU.cydsn\\RestEaze_BLE.cydsn\000"
 1134      54435F49 
 1134      4D552E63 
 1134      7964736E 
 1134      5C526573 
 1135              	.LASF153:
 1136 0aa5 7573625F 		.ascii	"usb_interrupt_hi_IRQn\000"
 1136      696E7465 
 1136      72727570 
 1136      745F6869 
 1136      5F495251 
 1137              	.LASF175:
 1138 0abb 666C6F61 		.ascii	"float\000"
 1138      7400
 1139              	.LASF63:
 1140 0ac1 63707573 		.ascii	"cpuss_interrupts_dw0_3_IRQn\000"
 1140      735F696E 
 1140      74657272 
 1140      75707473 
 1140      5F647730 
 1141              	.LASF21:
 1142 0add 696F7373 		.ascii	"ioss_interrupts_gpio_11_IRQn\000"
 1142      5F696E74 
 1142      65727275 
 1142      7074735F 
 1142      6770696F 
 1143              	.LASF3:
 1144 0afa 4D656D6F 		.ascii	"MemoryManagement_IRQn\000"
 1144      72794D61 
 1144      6E616765 
 1144      6D656E74 
 1144      5F495251 
 1145              	.LASF103:
 1146 0b10 74637077 		.ascii	"tcpwm_0_interrupts_3_IRQn\000"
 1146      6D5F305F 
 1146      696E7465 
 1146      72727570 
 1146      74735F33 
 1147              	.LASF128:
 1148 0b2a 74637077 		.ascii	"tcpwm_1_interrupts_20_IRQn\000"
 1148      6D5F315F 
 1148      696E7465 
 1148      72727570 
 1148      74735F32 
 1149              	.LASF109:
 1150 0b45 74637077 		.ascii	"tcpwm_1_interrupts_1_IRQn\000"
 1150      6D5F315F 
 1150      696E7465 
 1150      72727570 
 1150      74735F31 
 1151              	.LASF76:
ARM GAS  C:\Users\codyg\AppData\Local\Temp\ccuf7AHI.s 			page 29


 1152 0b5f 63707573 		.ascii	"cpuss_interrupts_dw1_0_IRQn\000"
 1152      735F696E 
 1152      74657272 
 1152      75707473 
 1152      5F647731 
 1153              	.LASF143:
 1154 0b7b 7564625F 		.ascii	"udb_interrupts_11_IRQn\000"
 1154      696E7465 
 1154      72727570 
 1154      74735F31 
 1154      315F4952 
 1155              	.LASF69:
 1156 0b92 63707573 		.ascii	"cpuss_interrupts_dw0_9_IRQn\000"
 1156      735F696E 
 1156      74657272 
 1156      75707473 
 1156      5F647730 
 1157              	.LASF170:
 1158 0bae 696E7433 		.ascii	"int32_t\000"
 1158      325F7400 
 1159              	.LASF160:
 1160 0bb6 756E7369 		.ascii	"unsigned char\000"
 1160      676E6564 
 1160      20636861 
 1160      7200
 1161              	.LASF71:
 1162 0bc4 63707573 		.ascii	"cpuss_interrupts_dw0_11_IRQn\000"
 1162      735F696E 
 1162      74657272 
 1162      75707473 
 1162      5F647730 
 1163              	.LASF115:
 1164 0be1 74637077 		.ascii	"tcpwm_1_interrupts_7_IRQn\000"
 1164      6D5F315F 
 1164      696E7465 
 1164      72727570 
 1164      74735F37 
 1165              	.LASF38:
 1166 0bfb 63707573 		.ascii	"cpuss_interrupts_ipc_3_IRQn\000"
 1166      735F696E 
 1166      74657272 
 1166      75707473 
 1166      5F697063 
 1167              	.LASF180:
 1168 0c17 49544D5F 		.ascii	"ITM_RxBuffer\000"
 1168      52784275 
 1168      66666572 
 1168      00
 1169              	.LASF169:
 1170 0c24 756E7369 		.ascii	"unsigned int\000"
 1170      676E6564 
 1170      20696E74 
 1170      00
 1171              	.LASF20:
 1172 0c31 696F7373 		.ascii	"ioss_interrupts_gpio_10_IRQn\000"
 1172      5F696E74 
 1172      65727275 
ARM GAS  C:\Users\codyg\AppData\Local\Temp\ccuf7AHI.s 			page 30


 1172      7074735F 
 1172      6770696F 
 1173              	.LASF140:
 1174 0c4e 7564625F 		.ascii	"udb_interrupts_8_IRQn\000"
 1174      696E7465 
 1174      72727570 
 1174      74735F38 
 1174      5F495251 
 1175              	.LASF157:
 1176 0c64 756E636F 		.ascii	"unconnected_IRQn\000"
 1176      6E6E6563 
 1176      7465645F 
 1176      4952516E 
 1176      00
 1177              	.LASF158:
 1178 0c75 73686F72 		.ascii	"short int\000"
 1178      7420696E 
 1178      7400
 1179              	.LASF98:
 1180 0c7f 63707573 		.ascii	"cpuss_interrupts_cm4_cti_0_IRQn\000"
 1180      735F696E 
 1180      74657272 
 1180      75707473 
 1180      5F636D34 
 1181              	.LASF126:
 1182 0c9f 74637077 		.ascii	"tcpwm_1_interrupts_18_IRQn\000"
 1182      6D5F315F 
 1182      696E7465 
 1182      72727570 
 1182      74735F31 
 1183              	.LASF79:
 1184 0cba 63707573 		.ascii	"cpuss_interrupts_dw1_3_IRQn\000"
 1184      735F696E 
 1184      74657272 
 1184      75707473 
 1184      5F647731 
 1185              	.LASF107:
 1186 0cd6 74637077 		.ascii	"tcpwm_0_interrupts_7_IRQn\000"
 1186      6D5F305F 
 1186      696E7465 
 1186      72727570 
 1186      74735F37 
 1187              	.LASF185:
 1188 0cf0 53797349 		.ascii	"SysInt_TimerPPG_INT_cfg\000"
 1188      6E745F54 
 1188      696D6572 
 1188      5050475F 
 1188      494E545F 
 1189              	.LASF87:
 1190 0d08 63707573 		.ascii	"cpuss_interrupts_dw1_11_IRQn\000"
 1190      735F696E 
 1190      74657272 
 1190      75707473 
 1190      5F647731 
 1191              	.LASF147:
 1192 0d25 7564625F 		.ascii	"udb_interrupts_15_IRQn\000"
 1192      696E7465 
ARM GAS  C:\Users\codyg\AppData\Local\Temp\ccuf7AHI.s 			page 31


 1192      72727570 
 1192      74735F31 
 1192      355F4952 
 1193              	.LASF162:
 1194 0d3c 4952516E 		.ascii	"IRQn_Type\000"
 1194      5F547970 
 1194      6500
 1195              	.LASF129:
 1196 0d46 74637077 		.ascii	"tcpwm_1_interrupts_21_IRQn\000"
 1196      6D5F315F 
 1196      696E7465 
 1196      72727570 
 1196      74735F32 
 1197              	.LASF171:
 1198 0d61 75696E74 		.ascii	"uint32_t\000"
 1198      33325F74 
 1198      00
 1199              	.LASF110:
 1200 0d6a 74637077 		.ascii	"tcpwm_1_interrupts_2_IRQn\000"
 1200      6D5F315F 
 1200      696E7465 
 1200      72727570 
 1200      74735F32 
 1201              	.LASF5:
 1202 0d84 55736167 		.ascii	"UsageFault_IRQn\000"
 1202      65466175 
 1202      6C745F49 
 1202      52516E00 
 1203              	.LASF42:
 1204 0d94 63707573 		.ascii	"cpuss_interrupts_ipc_7_IRQn\000"
 1204      735F696E 
 1204      74657272 
 1204      75707473 
 1204      5F697063 
 1205              	.LASF77:
 1206 0db0 63707573 		.ascii	"cpuss_interrupts_dw1_1_IRQn\000"
 1206      735F696E 
 1206      74657272 
 1206      75707473 
 1206      5F647731 
 1207              	.LASF49:
 1208 0dcc 63707573 		.ascii	"cpuss_interrupts_ipc_14_IRQn\000"
 1208      735F696E 
 1208      74657272 
 1208      75707473 
 1208      5F697063 
 1209              	.LASF150:
 1210 0de9 61756469 		.ascii	"audioss_interrupt_pdm_IRQn\000"
 1210      6F73735F 
 1210      696E7465 
 1210      72727570 
 1210      745F7064 
 1211              	.LASF173:
 1212 0e04 6C6F6E67 		.ascii	"long double\000"
 1212      20646F75 
 1212      626C6500 
 1213              	.LASF187:
ARM GAS  C:\Users\codyg\AppData\Local\Temp\ccuf7AHI.s 			page 32


 1214 0e10 4144435F 		.ascii	"ADC_IRQ_cfg\000"
 1214      4952515F 
 1214      63666700 
 1215              	.LASF174:
 1216 0e1c 63686172 		.ascii	"char\000"
 1216      00
 1217              	.LASF189:
 1218 0e21 47656E65 		.ascii	"Generated_Source\\PSoC6\\cyfitter_sysint_cfg.c\000"
 1218      72617465 
 1218      645F536F 
 1218      75726365 
 1218      5C50536F 
 1219              	.LASF72:
 1220 0e4e 63707573 		.ascii	"cpuss_interrupts_dw0_12_IRQn\000"
 1220      735F696E 
 1220      74657272 
 1220      75707473 
 1220      5F647730 
 1221              	.LASF13:
 1222 0e6b 696F7373 		.ascii	"ioss_interrupts_gpio_3_IRQn\000"
 1222      5F696E74 
 1222      65727275 
 1222      7074735F 
 1222      6770696F 
 1223              	.LASF148:
 1224 0e87 70617373 		.ascii	"pass_interrupt_sar_IRQn\000"
 1224      5F696E74 
 1224      65727275 
 1224      70745F73 
 1224      61725F49 
 1225              	.LASF8:
 1226 0e9f 50656E64 		.ascii	"PendSV_IRQn\000"
 1226      53565F49 
 1226      52516E00 
 1227              	.LASF54:
 1228 0eab 7363625F 		.ascii	"scb_3_interrupt_IRQn\000"
 1228      335F696E 
 1228      74657272 
 1228      7570745F 
 1228      4952516E 
 1229              	.LASF141:
 1230 0ec0 7564625F 		.ascii	"udb_interrupts_9_IRQn\000"
 1230      696E7465 
 1230      72727570 
 1230      74735F39 
 1230      5F495251 
 1231              	.LASF1:
 1232 0ed6 4E6F6E4D 		.ascii	"NonMaskableInt_IRQn\000"
 1232      61736B61 
 1232      626C6549 
 1232      6E745F49 
 1232      52516E00 
 1233              	.LASF163:
 1234 0eea 5F5F696E 		.ascii	"__int32_t\000"
 1234      7433325F 
 1234      7400
 1235              	.LASF127:
ARM GAS  C:\Users\codyg\AppData\Local\Temp\ccuf7AHI.s 			page 33


 1236 0ef4 74637077 		.ascii	"tcpwm_1_interrupts_19_IRQn\000"
 1236      6D5F315F 
 1236      696E7465 
 1236      72727570 
 1236      74735F31 
 1237              	.LASF91:
 1238 0f0f 63707573 		.ascii	"cpuss_interrupts_dw1_15_IRQn\000"
 1238      735F696E 
 1238      74657272 
 1238      75707473 
 1238      5F647731 
 1239              	.LASF57:
 1240 0f2c 7363625F 		.ascii	"scb_6_interrupt_IRQn\000"
 1240      365F696E 
 1240      74657272 
 1240      7570745F 
 1240      4952516E 
 1241              	.LASF11:
 1242 0f41 696F7373 		.ascii	"ioss_interrupts_gpio_1_IRQn\000"
 1242      5F696E74 
 1242      65727275 
 1242      7074735F 
 1242      6770696F 
 1243              	.LASF2:
 1244 0f5d 48617264 		.ascii	"HardFault_IRQn\000"
 1244      4661756C 
 1244      745F4952 
 1244      516E00
 1245              	.LASF65:
 1246 0f6c 63707573 		.ascii	"cpuss_interrupts_dw0_5_IRQn\000"
 1246      735F696E 
 1246      74657272 
 1246      75707473 
 1246      5F647730 
 1247              	.LASF7:
 1248 0f88 44656275 		.ascii	"DebugMonitor_IRQn\000"
 1248      674D6F6E 
 1248      69746F72 
 1248      5F495251 
 1248      6E00
 1249              	.LASF59:
 1250 0f9a 6373645F 		.ascii	"csd_interrupt_IRQn\000"
 1250      696E7465 
 1250      72727570 
 1250      745F4952 
 1250      516E00
 1251              	.LASF35:
 1252 0fad 63707573 		.ascii	"cpuss_interrupts_ipc_0_IRQn\000"
 1252      735F696E 
 1252      74657272 
 1252      75707473 
 1252      5F697063 
 1253              	.LASF130:
 1254 0fc9 74637077 		.ascii	"tcpwm_1_interrupts_22_IRQn\000"
 1254      6D5F315F 
 1254      696E7465 
 1254      72727570 
ARM GAS  C:\Users\codyg\AppData\Local\Temp\ccuf7AHI.s 			page 34


 1254      74735F32 
 1255              	.LASF111:
 1256 0fe4 74637077 		.ascii	"tcpwm_1_interrupts_3_IRQn\000"
 1256      6D5F315F 
 1256      696E7465 
 1256      72727570 
 1256      74735F33 
 1257              	.LASF43:
 1258 0ffe 63707573 		.ascii	"cpuss_interrupts_ipc_8_IRQn\000"
 1258      735F696E 
 1258      74657272 
 1258      75707473 
 1258      5F697063 
 1259              	.LASF78:
 1260 101a 63707573 		.ascii	"cpuss_interrupts_dw1_2_IRQn\000"
 1260      735F696E 
 1260      74657272 
 1260      75707473 
 1260      5F647731 
 1261              	.LASF50:
 1262 1036 63707573 		.ascii	"cpuss_interrupts_ipc_15_IRQn\000"
 1262      735F696E 
 1262      74657272 
 1262      75707473 
 1262      5F697063 
 1263              	.LASF136:
 1264 1053 7564625F 		.ascii	"udb_interrupts_4_IRQn\000"
 1264      696E7465 
 1264      72727570 
 1264      74735F34 
 1264      5F495251 
 1265              	.LASF122:
 1266 1069 74637077 		.ascii	"tcpwm_1_interrupts_14_IRQn\000"
 1266      6D5F315F 
 1266      696E7465 
 1266      72727570 
 1266      74735F31 
 1267              	.LASF14:
 1268 1084 696F7373 		.ascii	"ioss_interrupts_gpio_4_IRQn\000"
 1268      5F696E74 
 1268      65727275 
 1268      7074735F 
 1268      6770696F 
 1269              	.LASF152:
 1270 10a0 736D6966 		.ascii	"smif_interrupt_IRQn\000"
 1270      5F696E74 
 1270      65727275 
 1270      70745F49 
 1270      52516E00 
 1271              	.LASF22:
 1272 10b4 696F7373 		.ascii	"ioss_interrupts_gpio_12_IRQn\000"
 1272      5F696E74 
 1272      65727275 
 1272      7074735F 
 1272      6770696F 
 1273              	.LASF151:
 1274 10d1 70726F66 		.ascii	"profile_interrupt_IRQn\000"
ARM GAS  C:\Users\codyg\AppData\Local\Temp\ccuf7AHI.s 			page 35


 1274      696C655F 
 1274      696E7465 
 1274      72727570 
 1274      745F4952 
 1275              	.LASF88:
 1276 10e8 63707573 		.ascii	"cpuss_interrupts_dw1_12_IRQn\000"
 1276      735F696E 
 1276      74657272 
 1276      75707473 
 1276      5F647731 
 1277              	.LASF60:
 1278 1105 63707573 		.ascii	"cpuss_interrupts_dw0_0_IRQn\000"
 1278      735F696E 
 1278      74657272 
 1278      75707473 
 1278      5F647730 
 1279              	.LASF26:
 1280 1121 696F7373 		.ascii	"ioss_interrupt_vdd_IRQn\000"
 1280      5F696E74 
 1280      65727275 
 1280      70745F76 
 1280      64645F49 
 1281              	.LASF100:
 1282 1139 74637077 		.ascii	"tcpwm_0_interrupts_0_IRQn\000"
 1282      6D5F305F 
 1282      696E7465 
 1282      72727570 
 1282      74735F30 
 1283              	.LASF86:
 1284 1153 63707573 		.ascii	"cpuss_interrupts_dw1_10_IRQn\000"
 1284      735F696E 
 1284      74657272 
 1284      75707473 
 1284      5F647731 
 1285              	.LASF31:
 1286 1170 73727373 		.ascii	"srss_interrupt_backup_IRQn\000"
 1286      5F696E74 
 1286      65727275 
 1286      70745F62 
 1286      61636B75 
 1287              	.LASF45:
 1288 118b 63707573 		.ascii	"cpuss_interrupts_ipc_10_IRQn\000"
 1288      735F696E 
 1288      74657272 
 1288      75707473 
 1288      5F697063 
 1289              	.LASF82:
 1290 11a8 63707573 		.ascii	"cpuss_interrupts_dw1_6_IRQn\000"
 1290      735F696E 
 1290      74657272 
 1290      75707473 
 1290      5F647731 
 1291              	.LASF67:
 1292 11c4 63707573 		.ascii	"cpuss_interrupts_dw0_7_IRQn\000"
 1292      735F696E 
 1292      74657272 
 1292      75707473 
ARM GAS  C:\Users\codyg\AppData\Local\Temp\ccuf7AHI.s 			page 36


 1292      5F647730 
 1293              	.LASF178:
 1294 11e0 696E7472 		.ascii	"intrPriority\000"
 1294      5072696F 
 1294      72697479 
 1294      00
 1295              	.LASF112:
 1296 11ed 74637077 		.ascii	"tcpwm_1_interrupts_4_IRQn\000"
 1296      6D5F315F 
 1296      696E7465 
 1296      72727570 
 1296      74735F34 
 1297              	.LASF96:
 1298 1207 63707573 		.ascii	"cpuss_interrupts_cm0_cti_0_IRQn\000"
 1298      735F696E 
 1298      74657272 
 1298      75707473 
 1298      5F636D30 
 1299              	.LASF18:
 1300 1227 696F7373 		.ascii	"ioss_interrupts_gpio_8_IRQn\000"
 1300      5F696E74 
 1300      65727275 
 1300      7074735F 
 1300      6770696F 
 1301              	.LASF44:
 1302 1243 63707573 		.ascii	"cpuss_interrupts_ipc_9_IRQn\000"
 1302      735F696E 
 1302      74657272 
 1302      75707473 
 1302      5F697063 
 1303              	.LASF137:
 1304 125f 7564625F 		.ascii	"udb_interrupts_5_IRQn\000"
 1304      696E7465 
 1304      72727570 
 1304      74735F35 
 1304      5F495251 
 1305              	.LASF48:
 1306 1275 63707573 		.ascii	"cpuss_interrupts_ipc_13_IRQn\000"
 1306      735F696E 
 1306      74657272 
 1306      75707473 
 1306      5F697063 
 1307              		.ident	"GCC: (GNU Tools for ARM Embedded Processors) 5.4.1 20160609 (release) [ARM/embedded-5-bran
