ARM GAS  C:\Users\codyg\AppData\Local\Temp\cc7W76Hq.s 			page 1


   1              		.syntax unified
   2              		.cpu cortex-m4
   3              		.eabi_attribute 27, 1
   4              		.fpu fpv4-sp-d16
   5              		.eabi_attribute 20, 1
   6              		.eabi_attribute 21, 1
   7              		.eabi_attribute 23, 3
   8              		.eabi_attribute 24, 1
   9              		.eabi_attribute 25, 1
  10              		.eabi_attribute 26, 1
  11              		.eabi_attribute 30, 1
  12              		.eabi_attribute 34, 1
  13              		.eabi_attribute 18, 4
  14              		.thumb
  15              		.syntax unified
  16              		.file	"retarget.c"
  17              		.text
  18              	.Ltext0:
  19              		.cfi_sections	.debug_frame
  20              		.syntax unified
  21              		.global _printf_float
  22              		.global _scanf_float
  23              		.thumb
  24              		.syntax unified
  25              		.section	.text._write,"ax",%progbits
  26              		.align	2
  27              		.weak	_write
  28              		.thumb
  29              		.thumb_func
  30              		.type	_write, %function
  31              	_write:
  32              	.LFB714:
  33              		.file 1 "Generated_Source\\PSoC6\\pdl\\utilities\\retarget_io\\retarget.c"
   1:Generated_Source\PSoC6\pdl\utilities\retarget_io/retarget.c **** /***************************************************************************//**
   2:Generated_Source\PSoC6\pdl\utilities\retarget_io/retarget.c **** * \file retarget.c
   3:Generated_Source\PSoC6\pdl\utilities\retarget_io/retarget.c **** * \version 1.10
   4:Generated_Source\PSoC6\pdl\utilities\retarget_io/retarget.c **** *
   5:Generated_Source\PSoC6\pdl\utilities\retarget_io/retarget.c **** * \brief
   6:Generated_Source\PSoC6\pdl\utilities\retarget_io/retarget.c **** * 'Retarget' layer for target-dependent low level function.
   7:Generated_Source\PSoC6\pdl\utilities\retarget_io/retarget.c **** *
   8:Generated_Source\PSoC6\pdl\utilities\retarget_io/retarget.c **** ********************************************************************************
   9:Generated_Source\PSoC6\pdl\utilities\retarget_io/retarget.c **** * \copyright
  10:Generated_Source\PSoC6\pdl\utilities\retarget_io/retarget.c **** * Copyright 2016-2018, Cypress Semiconductor Corporation. All rights reserved.
  11:Generated_Source\PSoC6\pdl\utilities\retarget_io/retarget.c **** * You may use this file only in accordance with the license, terms, conditions,
  12:Generated_Source\PSoC6\pdl\utilities\retarget_io/retarget.c **** * disclaimers, and limitations in the end user license agreement accompanying
  13:Generated_Source\PSoC6\pdl\utilities\retarget_io/retarget.c **** * the software package with which this file was provided.
  14:Generated_Source\PSoC6\pdl\utilities\retarget_io/retarget.c **** *******************************************************************************/
  15:Generated_Source\PSoC6\pdl\utilities\retarget_io/retarget.c **** 
  16:Generated_Source\PSoC6\pdl\utilities\retarget_io/retarget.c **** #include <stdio.h>
  17:Generated_Source\PSoC6\pdl\utilities\retarget_io/retarget.c **** #include "stdio_user.h"
  18:Generated_Source\PSoC6\pdl\utilities\retarget_io/retarget.c **** 
  19:Generated_Source\PSoC6\pdl\utilities\retarget_io/retarget.c **** #if defined(__cplusplus)
  20:Generated_Source\PSoC6\pdl\utilities\retarget_io/retarget.c **** extern "C" {
  21:Generated_Source\PSoC6\pdl\utilities\retarget_io/retarget.c **** #endif
  22:Generated_Source\PSoC6\pdl\utilities\retarget_io/retarget.c **** 
  23:Generated_Source\PSoC6\pdl\utilities\retarget_io/retarget.c **** #ifdef IO_STDOUT_ENABLE
  24:Generated_Source\PSoC6\pdl\utilities\retarget_io/retarget.c **** 
ARM GAS  C:\Users\codyg\AppData\Local\Temp\cc7W76Hq.s 			page 2


  25:Generated_Source\PSoC6\pdl\utilities\retarget_io/retarget.c **** #if defined(__ARMCC_VERSION) /* ARM-MDK */
  26:Generated_Source\PSoC6\pdl\utilities\retarget_io/retarget.c ****     /***************************************************************************
  27:Generated_Source\PSoC6\pdl\utilities\retarget_io/retarget.c ****     * Function Name: fputc
  28:Generated_Source\PSoC6\pdl\utilities\retarget_io/retarget.c ****     ***************************************************************************/
  29:Generated_Source\PSoC6\pdl\utilities\retarget_io/retarget.c ****     __attribute__((weak)) int fputc(int ch, FILE *f)
  30:Generated_Source\PSoC6\pdl\utilities\retarget_io/retarget.c ****     {
  31:Generated_Source\PSoC6\pdl\utilities\retarget_io/retarget.c ****         (void)f;
  32:Generated_Source\PSoC6\pdl\utilities\retarget_io/retarget.c ****     #if (STDOUT_CR_LF != 0)
  33:Generated_Source\PSoC6\pdl\utilities\retarget_io/retarget.c ****         if ((char)ch == '\n')
  34:Generated_Source\PSoC6\pdl\utilities\retarget_io/retarget.c ****         {
  35:Generated_Source\PSoC6\pdl\utilities\retarget_io/retarget.c ****             STDIO_PutChar('\r');
  36:Generated_Source\PSoC6\pdl\utilities\retarget_io/retarget.c ****         }
  37:Generated_Source\PSoC6\pdl\utilities\retarget_io/retarget.c ****     #endif /* STDOUT_CR_LF != 0 */
  38:Generated_Source\PSoC6\pdl\utilities\retarget_io/retarget.c ****         STDIO_PutChar(ch);
  39:Generated_Source\PSoC6\pdl\utilities\retarget_io/retarget.c ****         return (ch);
  40:Generated_Source\PSoC6\pdl\utilities\retarget_io/retarget.c ****     }
  41:Generated_Source\PSoC6\pdl\utilities\retarget_io/retarget.c **** #elif defined (__ICCARM__) /* IAR */
  42:Generated_Source\PSoC6\pdl\utilities\retarget_io/retarget.c ****     #include <yfuns.h>
  43:Generated_Source\PSoC6\pdl\utilities\retarget_io/retarget.c **** 
  44:Generated_Source\PSoC6\pdl\utilities\retarget_io/retarget.c ****     /***************************************************************************
  45:Generated_Source\PSoC6\pdl\utilities\retarget_io/retarget.c ****     * Function Name: __write
  46:Generated_Source\PSoC6\pdl\utilities\retarget_io/retarget.c ****     ***************************************************************************/
  47:Generated_Source\PSoC6\pdl\utilities\retarget_io/retarget.c ****     __weak size_t __write(int handle, const unsigned char * buffer, size_t size)
  48:Generated_Source\PSoC6\pdl\utilities\retarget_io/retarget.c ****     {
  49:Generated_Source\PSoC6\pdl\utilities\retarget_io/retarget.c ****         size_t nChars = 0;
  50:Generated_Source\PSoC6\pdl\utilities\retarget_io/retarget.c ****         /* This template only writes to "standard out", for all other file
  51:Generated_Source\PSoC6\pdl\utilities\retarget_io/retarget.c ****         * handles it returns failure. */
  52:Generated_Source\PSoC6\pdl\utilities\retarget_io/retarget.c ****         if (handle != _LLIO_STDOUT)
  53:Generated_Source\PSoC6\pdl\utilities\retarget_io/retarget.c ****         {
  54:Generated_Source\PSoC6\pdl\utilities\retarget_io/retarget.c ****             return (_LLIO_ERROR);
  55:Generated_Source\PSoC6\pdl\utilities\retarget_io/retarget.c ****         }
  56:Generated_Source\PSoC6\pdl\utilities\retarget_io/retarget.c ****         if (buffer != NULL)
  57:Generated_Source\PSoC6\pdl\utilities\retarget_io/retarget.c ****         {
  58:Generated_Source\PSoC6\pdl\utilities\retarget_io/retarget.c ****             for (/* Empty */; nChars < size; ++nChars)
  59:Generated_Source\PSoC6\pdl\utilities\retarget_io/retarget.c ****             {
  60:Generated_Source\PSoC6\pdl\utilities\retarget_io/retarget.c ****             #if (STDOUT_CR_LF != 0)
  61:Generated_Source\PSoC6\pdl\utilities\retarget_io/retarget.c ****                 if(*buffer == '\n')
  62:Generated_Source\PSoC6\pdl\utilities\retarget_io/retarget.c ****                 {
  63:Generated_Source\PSoC6\pdl\utilities\retarget_io/retarget.c ****                     STDIO_PutChar('\r');
  64:Generated_Source\PSoC6\pdl\utilities\retarget_io/retarget.c ****                 }
  65:Generated_Source\PSoC6\pdl\utilities\retarget_io/retarget.c ****             #endif /* STDOUT_CR_LF != 0 */
  66:Generated_Source\PSoC6\pdl\utilities\retarget_io/retarget.c ****                 STDIO_PutChar(*buffer);
  67:Generated_Source\PSoC6\pdl\utilities\retarget_io/retarget.c ****                 ++buffer;
  68:Generated_Source\PSoC6\pdl\utilities\retarget_io/retarget.c ****             }
  69:Generated_Source\PSoC6\pdl\utilities\retarget_io/retarget.c ****         }
  70:Generated_Source\PSoC6\pdl\utilities\retarget_io/retarget.c ****         return (nChars);
  71:Generated_Source\PSoC6\pdl\utilities\retarget_io/retarget.c ****     }
  72:Generated_Source\PSoC6\pdl\utilities\retarget_io/retarget.c **** #else /* (__GNUC__)  GCC */    
  73:Generated_Source\PSoC6\pdl\utilities\retarget_io/retarget.c ****     /* Add an explicit reference to the floating point printf library to allow
  74:Generated_Source\PSoC6\pdl\utilities\retarget_io/retarget.c ****     the usage of floating point conversion specifier. */
  75:Generated_Source\PSoC6\pdl\utilities\retarget_io/retarget.c ****     __asm (".global _printf_float");
  76:Generated_Source\PSoC6\pdl\utilities\retarget_io/retarget.c ****     /***************************************************************************
  77:Generated_Source\PSoC6\pdl\utilities\retarget_io/retarget.c ****     * Function Name: _write
  78:Generated_Source\PSoC6\pdl\utilities\retarget_io/retarget.c ****     ***************************************************************************/
  79:Generated_Source\PSoC6\pdl\utilities\retarget_io/retarget.c ****     __attribute__((weak)) int _write (int fd, const char *ptr, int len)
  80:Generated_Source\PSoC6\pdl\utilities\retarget_io/retarget.c ****     {
  34              		.loc 1 80 0
ARM GAS  C:\Users\codyg\AppData\Local\Temp\cc7W76Hq.s 			page 3


  35              		.cfi_startproc
  36              		@ args = 0, pretend = 0, frame = 0
  37              		@ frame_needed = 0, uses_anonymous_args = 0
  38              	.LVL0:
  39 0000 70B5     		push	{r4, r5, r6, lr}
  40              		.cfi_def_cfa_offset 16
  41              		.cfi_offset 4, -16
  42              		.cfi_offset 5, -12
  43              		.cfi_offset 6, -8
  44              		.cfi_offset 14, -4
  45              	.LVL1:
  81:Generated_Source\PSoC6\pdl\utilities\retarget_io/retarget.c ****         int nChars = 0;
  82:Generated_Source\PSoC6\pdl\utilities\retarget_io/retarget.c ****         (void)fd;
  83:Generated_Source\PSoC6\pdl\utilities\retarget_io/retarget.c ****         if (ptr != NULL)
  46              		.loc 1 83 0
  47 0002 39B9     		cbnz	r1, .L5
  81:Generated_Source\PSoC6\pdl\utilities\retarget_io/retarget.c ****         int nChars = 0;
  48              		.loc 1 81 0
  49 0004 0024     		movs	r4, #0
  50 0006 0AE0     		b	.L3
  51              	.LVL2:
  52              	.L4:
  84:Generated_Source\PSoC6\pdl\utilities\retarget_io/retarget.c ****         {
  85:Generated_Source\PSoC6\pdl\utilities\retarget_io/retarget.c ****             for (/* Empty */; nChars < len; ++nChars)
  86:Generated_Source\PSoC6\pdl\utilities\retarget_io/retarget.c ****             {
  87:Generated_Source\PSoC6\pdl\utilities\retarget_io/retarget.c ****             #if (STDOUT_CR_LF != 0)
  88:Generated_Source\PSoC6\pdl\utilities\retarget_io/retarget.c ****                 if(*ptr == '\n')
  89:Generated_Source\PSoC6\pdl\utilities\retarget_io/retarget.c ****                 {
  90:Generated_Source\PSoC6\pdl\utilities\retarget_io/retarget.c ****                     STDIO_PutChar('\r');
  91:Generated_Source\PSoC6\pdl\utilities\retarget_io/retarget.c ****                 }
  92:Generated_Source\PSoC6\pdl\utilities\retarget_io/retarget.c ****             #endif /* STDOUT_CR_LF != 0 */
  93:Generated_Source\PSoC6\pdl\utilities\retarget_io/retarget.c ****                 STDIO_PutChar((uint32_t)*ptr);
  53              		.loc 1 93 0 discriminator 2
  54 0008 15F8010B 		ldrb	r0, [r5], #1	@ zero_extendqisi2
  55              	.LVL3:
  56 000c FFF7FEFF 		bl	STDIO_PutChar
  57              	.LVL4:
  85:Generated_Source\PSoC6\pdl\utilities\retarget_io/retarget.c ****             {
  58              		.loc 1 85 0 discriminator 2
  59 0010 0134     		adds	r4, r4, #1
  60              	.LVL5:
  61 0012 02E0     		b	.L2
  62              	.LVL6:
  63              	.L5:
  64 0014 1646     		mov	r6, r2
  65 0016 0D46     		mov	r5, r1
  66 0018 0024     		movs	r4, #0
  67              	.LVL7:
  68              	.L2:
  85:Generated_Source\PSoC6\pdl\utilities\retarget_io/retarget.c ****             {
  69              		.loc 1 85 0 is_stmt 0 discriminator 1
  70 001a B442     		cmp	r4, r6
  71 001c F4DB     		blt	.L4
  72              	.LVL8:
  73              	.L3:
  94:Generated_Source\PSoC6\pdl\utilities\retarget_io/retarget.c ****                 ++ptr;
  95:Generated_Source\PSoC6\pdl\utilities\retarget_io/retarget.c ****             }
ARM GAS  C:\Users\codyg\AppData\Local\Temp\cc7W76Hq.s 			page 4


  96:Generated_Source\PSoC6\pdl\utilities\retarget_io/retarget.c ****         }
  97:Generated_Source\PSoC6\pdl\utilities\retarget_io/retarget.c ****         return (nChars);
  98:Generated_Source\PSoC6\pdl\utilities\retarget_io/retarget.c ****     }
  74              		.loc 1 98 0 is_stmt 1
  75 001e 2046     		mov	r0, r4
  76 0020 70BD     		pop	{r4, r5, r6, pc}
  77              		.cfi_endproc
  78              	.LFE714:
  79              		.size	_write, .-_write
  80 0022 00BF     		.section	.text._read,"ax",%progbits
  81              		.align	2
  82              		.weak	_read
  83              		.thumb
  84              		.thumb_func
  85              		.type	_read, %function
  86              	_read:
  87              	.LFB715:
  99:Generated_Source\PSoC6\pdl\utilities\retarget_io/retarget.c **** #endif
 100:Generated_Source\PSoC6\pdl\utilities\retarget_io/retarget.c **** 
 101:Generated_Source\PSoC6\pdl\utilities\retarget_io/retarget.c **** #endif /* IO_STDOUT_ENABLE */
 102:Generated_Source\PSoC6\pdl\utilities\retarget_io/retarget.c **** 
 103:Generated_Source\PSoC6\pdl\utilities\retarget_io/retarget.c **** #if defined(IO_STDIN_ENABLE)
 104:Generated_Source\PSoC6\pdl\utilities\retarget_io/retarget.c **** 
 105:Generated_Source\PSoC6\pdl\utilities\retarget_io/retarget.c **** #if defined(__ARMCC_VERSION) /* ARM-MDK */
 106:Generated_Source\PSoC6\pdl\utilities\retarget_io/retarget.c ****     /***************************************************************************
 107:Generated_Source\PSoC6\pdl\utilities\retarget_io/retarget.c ****     * Function Name: fgetc
 108:Generated_Source\PSoC6\pdl\utilities\retarget_io/retarget.c ****     ***************************************************************************/
 109:Generated_Source\PSoC6\pdl\utilities\retarget_io/retarget.c ****     __attribute__((weak)) int fgetc(FILE *f) 
 110:Generated_Source\PSoC6\pdl\utilities\retarget_io/retarget.c ****     {
 111:Generated_Source\PSoC6\pdl\utilities\retarget_io/retarget.c ****         (void)f;
 112:Generated_Source\PSoC6\pdl\utilities\retarget_io/retarget.c ****         return (STDIO_GetChar());
 113:Generated_Source\PSoC6\pdl\utilities\retarget_io/retarget.c ****     }
 114:Generated_Source\PSoC6\pdl\utilities\retarget_io/retarget.c **** #elif defined (__ICCARM__) /* IAR */
 115:Generated_Source\PSoC6\pdl\utilities\retarget_io/retarget.c ****     __weak size_t __read(int handle, unsigned char * buffer, size_t size)
 116:Generated_Source\PSoC6\pdl\utilities\retarget_io/retarget.c ****     {
 117:Generated_Source\PSoC6\pdl\utilities\retarget_io/retarget.c ****         /* This template only reads from "standard in", for all other file
 118:Generated_Source\PSoC6\pdl\utilities\retarget_io/retarget.c ****         handles it returns failure. */
 119:Generated_Source\PSoC6\pdl\utilities\retarget_io/retarget.c ****         if ((handle != _LLIO_STDIN) || (buffer == NULL))
 120:Generated_Source\PSoC6\pdl\utilities\retarget_io/retarget.c ****         {
 121:Generated_Source\PSoC6\pdl\utilities\retarget_io/retarget.c ****             return (_LLIO_ERROR);
 122:Generated_Source\PSoC6\pdl\utilities\retarget_io/retarget.c ****         }
 123:Generated_Source\PSoC6\pdl\utilities\retarget_io/retarget.c ****         else
 124:Generated_Source\PSoC6\pdl\utilities\retarget_io/retarget.c ****         {
 125:Generated_Source\PSoC6\pdl\utilities\retarget_io/retarget.c ****             *buffer = STDIO_GetChar();
 126:Generated_Source\PSoC6\pdl\utilities\retarget_io/retarget.c ****             return (1);
 127:Generated_Source\PSoC6\pdl\utilities\retarget_io/retarget.c ****         }
 128:Generated_Source\PSoC6\pdl\utilities\retarget_io/retarget.c ****     }
 129:Generated_Source\PSoC6\pdl\utilities\retarget_io/retarget.c **** #else /* (__GNUC__)  GCC */
 130:Generated_Source\PSoC6\pdl\utilities\retarget_io/retarget.c ****     /* Add an explicit reference to the floating point scanf library to allow
 131:Generated_Source\PSoC6\pdl\utilities\retarget_io/retarget.c ****     the usage of floating point conversion specifier. */
 132:Generated_Source\PSoC6\pdl\utilities\retarget_io/retarget.c ****     __asm (".global _scanf_float");
 133:Generated_Source\PSoC6\pdl\utilities\retarget_io/retarget.c ****     __attribute__((weak)) int _read (int fd, char *ptr, int len)
 134:Generated_Source\PSoC6\pdl\utilities\retarget_io/retarget.c ****     {
  88              		.loc 1 134 0
  89              		.cfi_startproc
  90              		@ args = 0, pretend = 0, frame = 0
  91              		@ frame_needed = 0, uses_anonymous_args = 0
ARM GAS  C:\Users\codyg\AppData\Local\Temp\cc7W76Hq.s 			page 5


  92              	.LVL9:
  93 0000 70B5     		push	{r4, r5, r6, lr}
  94              		.cfi_def_cfa_offset 16
  95              		.cfi_offset 4, -16
  96              		.cfi_offset 5, -12
  97              		.cfi_offset 6, -8
  98              		.cfi_offset 14, -4
  99              	.LVL10:
 135:Generated_Source\PSoC6\pdl\utilities\retarget_io/retarget.c ****         int nChars = 0;
 136:Generated_Source\PSoC6\pdl\utilities\retarget_io/retarget.c ****         (void)fd;
 137:Generated_Source\PSoC6\pdl\utilities\retarget_io/retarget.c ****         if (ptr != NULL)
 100              		.loc 1 137 0
 101 0002 51B9     		cbnz	r1, .L11
 135:Generated_Source\PSoC6\pdl\utilities\retarget_io/retarget.c ****         int nChars = 0;
 102              		.loc 1 135 0
 103 0004 0024     		movs	r4, #0
 104 0006 0DE0     		b	.L9
 105              	.LVL11:
 106              	.L10:
 138:Generated_Source\PSoC6\pdl\utilities\retarget_io/retarget.c ****         {
 139:Generated_Source\PSoC6\pdl\utilities\retarget_io/retarget.c ****             for(/* Empty */;nChars < len;++ptr)
 140:Generated_Source\PSoC6\pdl\utilities\retarget_io/retarget.c ****             {
 141:Generated_Source\PSoC6\pdl\utilities\retarget_io/retarget.c ****                 *ptr = (char)STDIO_GetChar();
 107              		.loc 1 141 0
 108 0008 FFF7FEFF 		bl	STDIO_GetChar
 109              	.LVL12:
 110 000c C0B2     		uxtb	r0, r0
 111 000e 2870     		strb	r0, [r5]
 142:Generated_Source\PSoC6\pdl\utilities\retarget_io/retarget.c ****                 ++nChars;
 112              		.loc 1 142 0
 113 0010 0134     		adds	r4, r4, #1
 114              	.LVL13:
 143:Generated_Source\PSoC6\pdl\utilities\retarget_io/retarget.c ****                 if(*ptr == '\n')
 115              		.loc 1 143 0
 116 0012 0A28     		cmp	r0, #10
 117 0014 06D0     		beq	.L9
 139:Generated_Source\PSoC6\pdl\utilities\retarget_io/retarget.c ****             {
 118              		.loc 1 139 0
 119 0016 0135     		adds	r5, r5, #1
 120              	.LVL14:
 121 0018 02E0     		b	.L8
 122              	.LVL15:
 123              	.L11:
 124 001a 1646     		mov	r6, r2
 125 001c 0D46     		mov	r5, r1
 126 001e 0024     		movs	r4, #0
 127              	.LVL16:
 128              	.L8:
 139:Generated_Source\PSoC6\pdl\utilities\retarget_io/retarget.c ****             {
 129              		.loc 1 139 0 is_stmt 0 discriminator 1
 130 0020 B442     		cmp	r4, r6
 131 0022 F1DB     		blt	.L10
 132              	.LVL17:
 133              	.L9:
 144:Generated_Source\PSoC6\pdl\utilities\retarget_io/retarget.c ****                 {
 145:Generated_Source\PSoC6\pdl\utilities\retarget_io/retarget.c ****                     break;
 146:Generated_Source\PSoC6\pdl\utilities\retarget_io/retarget.c ****                 }
ARM GAS  C:\Users\codyg\AppData\Local\Temp\cc7W76Hq.s 			page 6


 147:Generated_Source\PSoC6\pdl\utilities\retarget_io/retarget.c ****             }
 148:Generated_Source\PSoC6\pdl\utilities\retarget_io/retarget.c ****         }
 149:Generated_Source\PSoC6\pdl\utilities\retarget_io/retarget.c ****         return (nChars);
 150:Generated_Source\PSoC6\pdl\utilities\retarget_io/retarget.c ****     }
 134              		.loc 1 150 0 is_stmt 1
 135 0024 2046     		mov	r0, r4
 136 0026 70BD     		pop	{r4, r5, r6, pc}
 137              		.cfi_endproc
 138              	.LFE715:
 139              		.size	_read, .-_read
 140              		.text
 141              	.Letext0:
 142              		.file 2 "c:\\program files (x86)\\cypress\\psoc creator\\4.2\\psoc creator\\import\\gnu\\arm\\5.4.
 143              		.file 3 "c:\\program files (x86)\\cypress\\psoc creator\\4.2\\psoc creator\\import\\gnu\\arm\\5.4.
 144              		.file 4 "Generated_Source\\PSoC6\\pdl\\drivers/peripheral/rtc/cy_rtc.h"
 145              		.file 5 "Generated_Source\\PSoC6\\pdl\\drivers/peripheral/tcpwm/cy_tcpwm_counter.h"
 146              		.file 6 "Generated_Source\\PSoC6\\pdl\\drivers/peripheral/scb/cy_scb_spi.h"
 147              		.file 7 "Generated_Source\\PSoC6\\pdl\\drivers/peripheral/scb/cy_scb_uart.h"
 148              		.file 8 "Generated_Source\\PSoC6\\pdl\\drivers/peripheral/sar/cy_sar.h"
 149              		.file 9 "Generated_Source\\PSoC6\\pdl\\middleware/ble/cy_ble_stack_host_main.h"
 150              		.file 10 "Generated_Source\\PSoC6\\pdl\\middleware/ble/cy_ble_gap.h"
 151              		.file 11 "Generated_Source\\PSoC6/ADC.h"
 152              		.file 12 "Generated_Source\\PSoC6\\pdl\\rtos/FreeRTOS/9.0.0/Source/include/queue.h"
 153              		.file 13 "Generated_Source\\PSoC6\\pdl\\cmsis/include/core_cm4.h"
 154              		.file 14 "Generated_Source\\PSoC6/CY_EINK_SPIM.h"
 155              		.file 15 "Generated_Source\\PSoC6/DEBUG_UART.h"
 156              		.file 16 "Generated_Source\\PSoC6/RTC.h"
 157              		.file 17 "Generated_Source\\PSoC6/Timer_IMU.h"
 158              		.file 18 "Generated_Source\\PSoC6/Timer_PPG.h"
 159              		.file 19 "Generated_Source\\PSoC6/Counter_ms.h"
 160              		.file 20 "./uart_debug.h"
 161              		.file 21 "./stdio_user.h"
 162              		.section	.debug_info,"",%progbits
 163              	.Ldebug_info0:
 164 0000 34080000 		.4byte	0x834
 165 0004 0400     		.2byte	0x4
 166 0006 00000000 		.4byte	.Ldebug_abbrev0
 167 000a 04       		.byte	0x4
 168 000b 01       		.uleb128 0x1
 169 000c 0E050000 		.4byte	.LASF142
 170 0010 0C       		.byte	0xc
 171 0011 87090000 		.4byte	.LASF143
 172 0015 C1050000 		.4byte	.LASF144
 173 0019 00000000 		.4byte	.Ldebug_ranges0+0
 174 001d 00000000 		.4byte	0
 175 0021 00000000 		.4byte	.Ldebug_line0
 176 0025 02       		.uleb128 0x2
 177 0026 01       		.byte	0x1
 178 0027 06       		.byte	0x6
 179 0028 33000000 		.4byte	.LASF0
 180 002c 03       		.uleb128 0x3
 181 002d 3F000000 		.4byte	.LASF4
 182 0031 02       		.byte	0x2
 183 0032 1D       		.byte	0x1d
 184 0033 37000000 		.4byte	0x37
 185 0037 02       		.uleb128 0x2
 186 0038 01       		.byte	0x1
ARM GAS  C:\Users\codyg\AppData\Local\Temp\cc7W76Hq.s 			page 7


 187 0039 08       		.byte	0x8
 188 003a B7060000 		.4byte	.LASF1
 189 003e 02       		.uleb128 0x2
 190 003f 02       		.byte	0x2
 191 0040 05       		.byte	0x5
 192 0041 0F040000 		.4byte	.LASF2
 193 0045 02       		.uleb128 0x2
 194 0046 02       		.byte	0x2
 195 0047 07       		.byte	0x7
 196 0048 8E030000 		.4byte	.LASF3
 197 004c 03       		.uleb128 0x3
 198 004d A6070000 		.4byte	.LASF5
 199 0051 02       		.byte	0x2
 200 0052 3F       		.byte	0x3f
 201 0053 57000000 		.4byte	0x57
 202 0057 02       		.uleb128 0x2
 203 0058 04       		.byte	0x4
 204 0059 05       		.byte	0x5
 205 005a 0B020000 		.4byte	.LASF6
 206 005e 03       		.uleb128 0x3
 207 005f 01030000 		.4byte	.LASF7
 208 0063 02       		.byte	0x2
 209 0064 41       		.byte	0x41
 210 0065 69000000 		.4byte	0x69
 211 0069 02       		.uleb128 0x2
 212 006a 04       		.byte	0x4
 213 006b 07       		.byte	0x7
 214 006c 73030000 		.4byte	.LASF8
 215 0070 02       		.uleb128 0x2
 216 0071 08       		.byte	0x8
 217 0072 05       		.byte	0x5
 218 0073 10010000 		.4byte	.LASF9
 219 0077 02       		.uleb128 0x2
 220 0078 08       		.byte	0x8
 221 0079 07       		.byte	0x7
 222 007a A5000000 		.4byte	.LASF10
 223 007e 04       		.uleb128 0x4
 224 007f 04       		.byte	0x4
 225 0080 05       		.byte	0x5
 226 0081 696E7400 		.ascii	"int\000"
 227 0085 02       		.uleb128 0x2
 228 0086 04       		.byte	0x4
 229 0087 07       		.byte	0x7
 230 0088 4A030000 		.4byte	.LASF11
 231 008c 02       		.uleb128 0x2
 232 008d 08       		.byte	0x8
 233 008e 04       		.byte	0x4
 234 008f 91040000 		.4byte	.LASF12
 235 0093 05       		.uleb128 0x5
 236 0094 04       		.byte	0x4
 237 0095 02       		.uleb128 0x2
 238 0096 04       		.byte	0x4
 239 0097 07       		.byte	0x7
 240 0098 7D040000 		.4byte	.LASF13
 241 009c 06       		.uleb128 0x6
 242 009d 04       		.byte	0x4
 243 009e A2000000 		.4byte	0xa2
ARM GAS  C:\Users\codyg\AppData\Local\Temp\cc7W76Hq.s 			page 8


 244 00a2 02       		.uleb128 0x2
 245 00a3 01       		.byte	0x1
 246 00a4 08       		.byte	0x8
 247 00a5 92070000 		.4byte	.LASF14
 248 00a9 06       		.uleb128 0x6
 249 00aa 04       		.byte	0x4
 250 00ab AF000000 		.4byte	0xaf
 251 00af 07       		.uleb128 0x7
 252 00b0 A2000000 		.4byte	0xa2
 253 00b4 03       		.uleb128 0x3
 254 00b5 09090000 		.4byte	.LASF15
 255 00b9 03       		.byte	0x3
 256 00ba 18       		.byte	0x18
 257 00bb 2C000000 		.4byte	0x2c
 258 00bf 03       		.uleb128 0x3
 259 00c0 AF060000 		.4byte	.LASF16
 260 00c4 03       		.byte	0x3
 261 00c5 2C       		.byte	0x2c
 262 00c6 4C000000 		.4byte	0x4c
 263 00ca 03       		.uleb128 0x3
 264 00cb 60070000 		.4byte	.LASF17
 265 00cf 03       		.byte	0x3
 266 00d0 30       		.byte	0x30
 267 00d1 5E000000 		.4byte	0x5e
 268 00d5 08       		.uleb128 0x8
 269 00d6 CA000000 		.4byte	0xca
 270 00da 02       		.uleb128 0x2
 271 00db 04       		.byte	0x4
 272 00dc 04       		.byte	0x4
 273 00dd 37060000 		.4byte	.LASF18
 274 00e1 02       		.uleb128 0x2
 275 00e2 08       		.byte	0x8
 276 00e3 04       		.byte	0x4
 277 00e4 76020000 		.4byte	.LASF19
 278 00e8 02       		.uleb128 0x2
 279 00e9 01       		.byte	0x1
 280 00ea 02       		.byte	0x2
 281 00eb 72080000 		.4byte	.LASF20
 282 00ef 09       		.uleb128 0x9
 283 00f0 01       		.byte	0x1
 284 00f1 37000000 		.4byte	0x37
 285 00f5 04       		.byte	0x4
 286 00f6 6A01     		.2byte	0x16a
 287 00f8 09010000 		.4byte	0x109
 288 00fc 0A       		.uleb128 0xa
 289 00fd FC000000 		.4byte	.LASF21
 290 0101 00       		.byte	0
 291 0102 0A       		.uleb128 0xa
 292 0103 FA010000 		.4byte	.LASF22
 293 0107 01       		.byte	0x1
 294 0108 00       		.byte	0
 295 0109 0B       		.uleb128 0xb
 296 010a 19040000 		.4byte	.LASF23
 297 010e 04       		.byte	0x4
 298 010f 6D01     		.2byte	0x16d
 299 0111 EF000000 		.4byte	0xef
 300 0115 0C       		.uleb128 0xc
ARM GAS  C:\Users\codyg\AppData\Local\Temp\cc7W76Hq.s 			page 9


 301 0116 18       		.byte	0x18
 302 0117 04       		.byte	0x4
 303 0118 CE01     		.2byte	0x1ce
 304 011a 6D010000 		.4byte	0x16d
 305 011e 0D       		.uleb128 0xd
 306 011f 0F070000 		.4byte	.LASF24
 307 0123 04       		.byte	0x4
 308 0124 D001     		.2byte	0x1d0
 309 0126 09010000 		.4byte	0x109
 310 012a 00       		.byte	0
 311 012b 0D       		.uleb128 0xd
 312 012c FB040000 		.4byte	.LASF25
 313 0130 04       		.byte	0x4
 314 0131 D301     		.2byte	0x1d3
 315 0133 CA000000 		.4byte	0xca
 316 0137 04       		.byte	0x4
 317 0138 0D       		.uleb128 0xd
 318 0139 3D060000 		.4byte	.LASF26
 319 013d 04       		.byte	0x4
 320 013e D501     		.2byte	0x1d5
 321 0140 CA000000 		.4byte	0xca
 322 0144 08       		.byte	0x8
 323 0145 0D       		.uleb128 0xd
 324 0146 E9000000 		.4byte	.LASF27
 325 014a 04       		.byte	0x4
 326 014b D801     		.2byte	0x1d8
 327 014d CA000000 		.4byte	0xca
 328 0151 0C       		.byte	0xc
 329 0152 0D       		.uleb128 0xd
 330 0153 3F040000 		.4byte	.LASF28
 331 0157 04       		.byte	0x4
 332 0158 DC01     		.2byte	0x1dc
 333 015a CA000000 		.4byte	0xca
 334 015e 10       		.byte	0x10
 335 015f 0D       		.uleb128 0xd
 336 0160 44030000 		.4byte	.LASF29
 337 0164 04       		.byte	0x4
 338 0165 E001     		.2byte	0x1e0
 339 0167 CA000000 		.4byte	0xca
 340 016b 14       		.byte	0x14
 341 016c 00       		.byte	0
 342 016d 0B       		.uleb128 0xb
 343 016e 4C080000 		.4byte	.LASF30
 344 0172 04       		.byte	0x4
 345 0173 E201     		.2byte	0x1e2
 346 0175 15010000 		.4byte	0x115
 347 0179 0C       		.uleb128 0xc
 348 017a 30       		.byte	0x30
 349 017b 04       		.byte	0x4
 350 017c E501     		.2byte	0x1e5
 351 017e 9D010000 		.4byte	0x19d
 352 0182 0D       		.uleb128 0xd
 353 0183 D9010000 		.4byte	.LASF31
 354 0187 04       		.byte	0x4
 355 0188 E701     		.2byte	0x1e7
 356 018a 6D010000 		.4byte	0x16d
 357 018e 00       		.byte	0
ARM GAS  C:\Users\codyg\AppData\Local\Temp\cc7W76Hq.s 			page 10


 358 018f 0D       		.uleb128 0xd
 359 0190 7F090000 		.4byte	.LASF32
 360 0194 04       		.byte	0x4
 361 0195 E801     		.2byte	0x1e8
 362 0197 6D010000 		.4byte	0x16d
 363 019b 18       		.byte	0x18
 364 019c 00       		.byte	0
 365 019d 0B       		.uleb128 0xb
 366 019e 14020000 		.4byte	.LASF33
 367 01a2 04       		.byte	0x4
 368 01a3 E901     		.2byte	0x1e9
 369 01a5 79010000 		.4byte	0x179
 370 01a9 0E       		.uleb128 0xe
 371 01aa 61040000 		.4byte	.LASF55
 372 01ae 4C       		.byte	0x4c
 373 01af 05       		.byte	0x5
 374 01b0 2B       		.byte	0x2b
 375 01b1 9A020000 		.4byte	0x29a
 376 01b5 0F       		.uleb128 0xf
 377 01b6 7F000000 		.4byte	.LASF34
 378 01ba 05       		.byte	0x5
 379 01bb 2D       		.byte	0x2d
 380 01bc CA000000 		.4byte	0xca
 381 01c0 00       		.byte	0
 382 01c1 0F       		.uleb128 0xf
 383 01c2 BC000000 		.4byte	.LASF35
 384 01c6 05       		.byte	0x5
 385 01c7 2F       		.byte	0x2f
 386 01c8 CA000000 		.4byte	0xca
 387 01cc 04       		.byte	0x4
 388 01cd 0F       		.uleb128 0xf
 389 01ce 00000000 		.4byte	.LASF36
 390 01d2 05       		.byte	0x5
 391 01d3 30       		.byte	0x30
 392 01d4 CA000000 		.4byte	0xca
 393 01d8 08       		.byte	0x8
 394 01d9 0F       		.uleb128 0xf
 395 01da 62000000 		.4byte	.LASF37
 396 01de 05       		.byte	0x5
 397 01df 31       		.byte	0x31
 398 01e0 CA000000 		.4byte	0xca
 399 01e4 0C       		.byte	0xc
 400 01e5 0F       		.uleb128 0xf
 401 01e6 24070000 		.4byte	.LASF38
 402 01ea 05       		.byte	0x5
 403 01eb 33       		.byte	0x33
 404 01ec CA000000 		.4byte	0xca
 405 01f0 10       		.byte	0x10
 406 01f1 0F       		.uleb128 0xf
 407 01f2 75070000 		.4byte	.LASF39
 408 01f6 05       		.byte	0x5
 409 01f7 34       		.byte	0x34
 410 01f8 CA000000 		.4byte	0xca
 411 01fc 14       		.byte	0x14
 412 01fd 0F       		.uleb128 0xf
 413 01fe 7E070000 		.4byte	.LASF40
 414 0202 05       		.byte	0x5
ARM GAS  C:\Users\codyg\AppData\Local\Temp\cc7W76Hq.s 			page 11


 415 0203 35       		.byte	0x35
 416 0204 CA000000 		.4byte	0xca
 417 0208 18       		.byte	0x18
 418 0209 0F       		.uleb128 0xf
 419 020a D2060000 		.4byte	.LASF41
 420 020e 05       		.byte	0x5
 421 020f 36       		.byte	0x36
 422 0210 E8000000 		.4byte	0xe8
 423 0214 1C       		.byte	0x1c
 424 0215 0F       		.uleb128 0xf
 425 0216 CE070000 		.4byte	.LASF42
 426 021a 05       		.byte	0x5
 427 021b 38       		.byte	0x38
 428 021c CA000000 		.4byte	0xca
 429 0220 20       		.byte	0x20
 430 0221 0F       		.uleb128 0xf
 431 0222 9D020000 		.4byte	.LASF43
 432 0226 05       		.byte	0x5
 433 0227 39       		.byte	0x39
 434 0228 CA000000 		.4byte	0xca
 435 022c 24       		.byte	0x24
 436 022d 0F       		.uleb128 0xf
 437 022e 86000000 		.4byte	.LASF44
 438 0232 05       		.byte	0x5
 439 0233 3B       		.byte	0x3b
 440 0234 CA000000 		.4byte	0xca
 441 0238 28       		.byte	0x28
 442 0239 0F       		.uleb128 0xf
 443 023a 1E090000 		.4byte	.LASF45
 444 023e 05       		.byte	0x5
 445 023f 3C       		.byte	0x3c
 446 0240 CA000000 		.4byte	0xca
 447 0244 2C       		.byte	0x2c
 448 0245 0F       		.uleb128 0xf
 449 0246 DF070000 		.4byte	.LASF46
 450 024a 05       		.byte	0x5
 451 024b 3E       		.byte	0x3e
 452 024c CA000000 		.4byte	0xca
 453 0250 30       		.byte	0x30
 454 0251 0F       		.uleb128 0xf
 455 0252 A0060000 		.4byte	.LASF47
 456 0256 05       		.byte	0x5
 457 0257 3F       		.byte	0x3f
 458 0258 CA000000 		.4byte	0xca
 459 025c 34       		.byte	0x34
 460 025d 0F       		.uleb128 0xf
 461 025e 49040000 		.4byte	.LASF48
 462 0262 05       		.byte	0x5
 463 0263 41       		.byte	0x41
 464 0264 CA000000 		.4byte	0xca
 465 0268 38       		.byte	0x38
 466 0269 0F       		.uleb128 0xf
 467 026a 71000000 		.4byte	.LASF49
 468 026e 05       		.byte	0x5
 469 026f 42       		.byte	0x42
 470 0270 CA000000 		.4byte	0xca
 471 0274 3C       		.byte	0x3c
ARM GAS  C:\Users\codyg\AppData\Local\Temp\cc7W76Hq.s 			page 12


 472 0275 0F       		.uleb128 0xf
 473 0276 34080000 		.4byte	.LASF50
 474 027a 05       		.byte	0x5
 475 027b 44       		.byte	0x44
 476 027c CA000000 		.4byte	0xca
 477 0280 40       		.byte	0x40
 478 0281 0F       		.uleb128 0xf
 479 0282 30040000 		.4byte	.LASF51
 480 0286 05       		.byte	0x5
 481 0287 45       		.byte	0x45
 482 0288 CA000000 		.4byte	0xca
 483 028c 44       		.byte	0x44
 484 028d 0F       		.uleb128 0xf
 485 028e 87070000 		.4byte	.LASF52
 486 0292 05       		.byte	0x5
 487 0293 47       		.byte	0x47
 488 0294 CA000000 		.4byte	0xca
 489 0298 48       		.byte	0x48
 490 0299 00       		.byte	0
 491 029a 03       		.uleb128 0x3
 492 029b 1E010000 		.4byte	.LASF53
 493 029f 05       		.byte	0x5
 494 02a0 48       		.byte	0x48
 495 02a1 A9010000 		.4byte	0x1a9
 496 02a5 06       		.uleb128 0x6
 497 02a6 04       		.byte	0x4
 498 02a7 AB020000 		.4byte	0x2ab
 499 02ab 10       		.uleb128 0x10
 500 02ac B6020000 		.4byte	0x2b6
 501 02b0 11       		.uleb128 0x11
 502 02b1 CA000000 		.4byte	0xca
 503 02b5 00       		.byte	0
 504 02b6 0B       		.uleb128 0xb
 505 02b7 BB010000 		.4byte	.LASF54
 506 02bb 06       		.byte	0x6
 507 02bc BF01     		.2byte	0x1bf
 508 02be A5020000 		.4byte	0x2a5
 509 02c2 12       		.uleb128 0x12
 510 02c3 3C010000 		.4byte	.LASF56
 511 02c7 24       		.byte	0x24
 512 02c8 06       		.byte	0x6
 513 02c9 4102     		.2byte	0x241
 514 02cb 45030000 		.4byte	0x345
 515 02cf 0D       		.uleb128 0xd
 516 02d0 08070000 		.4byte	.LASF57
 517 02d4 06       		.byte	0x6
 518 02d5 4402     		.2byte	0x244
 519 02d7 D5000000 		.4byte	0xd5
 520 02db 00       		.byte	0
 521 02dc 0D       		.uleb128 0xd
 522 02dd 6C080000 		.4byte	.LASF58
 523 02e1 06       		.byte	0x6
 524 02e2 4602     		.2byte	0x246
 525 02e4 93000000 		.4byte	0x93
 526 02e8 04       		.byte	0x4
 527 02e9 0D       		.uleb128 0xd
 528 02ea F7020000 		.4byte	.LASF59
ARM GAS  C:\Users\codyg\AppData\Local\Temp\cc7W76Hq.s 			page 13


 529 02ee 06       		.byte	0x6
 530 02ef 4702     		.2byte	0x247
 531 02f1 CA000000 		.4byte	0xca
 532 02f5 08       		.byte	0x8
 533 02f6 0D       		.uleb128 0xd
 534 02f7 26030000 		.4byte	.LASF60
 535 02fb 06       		.byte	0x6
 536 02fc 4802     		.2byte	0x248
 537 02fe D5000000 		.4byte	0xd5
 538 0302 0C       		.byte	0xc
 539 0303 0D       		.uleb128 0xd
 540 0304 E3000000 		.4byte	.LASF61
 541 0308 06       		.byte	0x6
 542 0309 4A02     		.2byte	0x24a
 543 030b 93000000 		.4byte	0x93
 544 030f 10       		.byte	0x10
 545 0310 0D       		.uleb128 0xd
 546 0311 3A030000 		.4byte	.LASF62
 547 0315 06       		.byte	0x6
 548 0316 4B02     		.2byte	0x24b
 549 0318 CA000000 		.4byte	0xca
 550 031c 14       		.byte	0x14
 551 031d 0D       		.uleb128 0xd
 552 031e 0C0A0000 		.4byte	.LASF63
 553 0322 06       		.byte	0x6
 554 0323 4C02     		.2byte	0x24c
 555 0325 D5000000 		.4byte	0xd5
 556 0329 18       		.byte	0x18
 557 032a 0D       		.uleb128 0xd
 558 032b BD030000 		.4byte	.LASF64
 559 032f 06       		.byte	0x6
 560 0330 5202     		.2byte	0x252
 561 0332 B6020000 		.4byte	0x2b6
 562 0336 1C       		.byte	0x1c
 563 0337 0D       		.uleb128 0xd
 564 0338 64080000 		.4byte	.LASF65
 565 033c 06       		.byte	0x6
 566 033d 5502     		.2byte	0x255
 567 033f CA000000 		.4byte	0xca
 568 0343 20       		.byte	0x20
 569 0344 00       		.byte	0
 570 0345 0B       		.uleb128 0xb
 571 0346 F6030000 		.4byte	.LASF66
 572 034a 06       		.byte	0x6
 573 034b 5802     		.2byte	0x258
 574 034d C2020000 		.4byte	0x2c2
 575 0351 0B       		.uleb128 0xb
 576 0352 15080000 		.4byte	.LASF67
 577 0356 07       		.byte	0x7
 578 0357 AB01     		.2byte	0x1ab
 579 0359 A5020000 		.4byte	0x2a5
 580 035d 12       		.uleb128 0x12
 581 035e C3090000 		.4byte	.LASF68
 582 0362 38       		.byte	0x38
 583 0363 07       		.byte	0x7
 584 0364 4702     		.2byte	0x247
 585 0366 21040000 		.4byte	0x421
ARM GAS  C:\Users\codyg\AppData\Local\Temp\cc7W76Hq.s 			page 14


 586 036a 0D       		.uleb128 0xd
 587 036b 85030000 		.4byte	.LASF69
 588 036f 07       		.byte	0x7
 589 0370 4A02     		.2byte	0x24a
 590 0372 D5000000 		.4byte	0xd5
 591 0376 00       		.byte	0
 592 0377 0D       		.uleb128 0xd
 593 0378 E1040000 		.4byte	.LASF70
 594 037c 07       		.byte	0x7
 595 037d 4B02     		.2byte	0x24b
 596 037f D5000000 		.4byte	0xd5
 597 0383 04       		.byte	0x4
 598 0384 0D       		.uleb128 0xd
 599 0385 CB000000 		.4byte	.LASF71
 600 0389 07       		.byte	0x7
 601 038a 4D02     		.2byte	0x24d
 602 038c 93000000 		.4byte	0x93
 603 0390 08       		.byte	0x8
 604 0391 0D       		.uleb128 0xd
 605 0392 3E080000 		.4byte	.LASF72
 606 0396 07       		.byte	0x7
 607 0397 4E02     		.2byte	0x24e
 608 0399 CA000000 		.4byte	0xca
 609 039d 0C       		.byte	0xc
 610 039e 0D       		.uleb128 0xd
 611 039f C0070000 		.4byte	.LASF73
 612 03a3 07       		.byte	0x7
 613 03a4 4F02     		.2byte	0x24f
 614 03a6 D5000000 		.4byte	0xd5
 615 03aa 10       		.byte	0x10
 616 03ab 0D       		.uleb128 0xd
 617 03ac 48090000 		.4byte	.LASF74
 618 03b0 07       		.byte	0x7
 619 03b1 5002     		.2byte	0x250
 620 03b3 D5000000 		.4byte	0xd5
 621 03b7 14       		.byte	0x14
 622 03b8 0D       		.uleb128 0xd
 623 03b9 6C080000 		.4byte	.LASF58
 624 03bd 07       		.byte	0x7
 625 03be 5202     		.2byte	0x252
 626 03c0 93000000 		.4byte	0x93
 627 03c4 18       		.byte	0x18
 628 03c5 0D       		.uleb128 0xd
 629 03c6 F7020000 		.4byte	.LASF59
 630 03ca 07       		.byte	0x7
 631 03cb 5302     		.2byte	0x253
 632 03cd CA000000 		.4byte	0xca
 633 03d1 1C       		.byte	0x1c
 634 03d2 0D       		.uleb128 0xd
 635 03d3 26030000 		.4byte	.LASF60
 636 03d7 07       		.byte	0x7
 637 03d8 5402     		.2byte	0x254
 638 03da D5000000 		.4byte	0xd5
 639 03de 20       		.byte	0x20
 640 03df 0D       		.uleb128 0xd
 641 03e0 E3000000 		.4byte	.LASF61
 642 03e4 07       		.byte	0x7
ARM GAS  C:\Users\codyg\AppData\Local\Temp\cc7W76Hq.s 			page 15


 643 03e5 5602     		.2byte	0x256
 644 03e7 93000000 		.4byte	0x93
 645 03eb 24       		.byte	0x24
 646 03ec 0D       		.uleb128 0xd
 647 03ed 3A030000 		.4byte	.LASF62
 648 03f1 07       		.byte	0x7
 649 03f2 5702     		.2byte	0x257
 650 03f4 CA000000 		.4byte	0xca
 651 03f8 28       		.byte	0x28
 652 03f9 0D       		.uleb128 0xd
 653 03fa 5E060000 		.4byte	.LASF75
 654 03fe 07       		.byte	0x7
 655 03ff 5802     		.2byte	0x258
 656 0401 D5000000 		.4byte	0xd5
 657 0405 2C       		.byte	0x2c
 658 0406 0D       		.uleb128 0xd
 659 0407 BD030000 		.4byte	.LASF64
 660 040b 07       		.byte	0x7
 661 040c 5D02     		.2byte	0x25d
 662 040e 51030000 		.4byte	0x351
 663 0412 30       		.byte	0x30
 664 0413 0D       		.uleb128 0xd
 665 0414 64080000 		.4byte	.LASF65
 666 0418 07       		.byte	0x7
 667 0419 6002     		.2byte	0x260
 668 041b CA000000 		.4byte	0xca
 669 041f 34       		.byte	0x34
 670 0420 00       		.byte	0
 671 0421 0B       		.uleb128 0xb
 672 0422 53010000 		.4byte	.LASF76
 673 0426 07       		.byte	0x7
 674 0427 6302     		.2byte	0x263
 675 0429 5D030000 		.4byte	0x35d
 676 042d 09       		.uleb128 0x9
 677 042e 01       		.byte	0x1
 678 042f 37000000 		.4byte	0x37
 679 0433 08       		.byte	0x8
 680 0434 0504     		.2byte	0x405
 681 0436 53040000 		.4byte	0x453
 682 043a 0A       		.uleb128 0xa
 683 043b E2010000 		.4byte	.LASF77
 684 043f 00       		.byte	0
 685 0440 0A       		.uleb128 0xa
 686 0441 C6030000 		.4byte	.LASF78
 687 0445 01       		.byte	0x1
 688 0446 0A       		.uleb128 0xa
 689 0447 5E020000 		.4byte	.LASF79
 690 044b 02       		.byte	0x2
 691 044c 0A       		.uleb128 0xa
 692 044d 2E090000 		.4byte	.LASF80
 693 0451 03       		.byte	0x3
 694 0452 00       		.byte	0
 695 0453 0B       		.uleb128 0xb
 696 0454 6D010000 		.4byte	.LASF81
 697 0458 08       		.byte	0x8
 698 0459 0A04     		.2byte	0x40a
 699 045b 2D040000 		.4byte	0x42d
ARM GAS  C:\Users\codyg\AppData\Local\Temp\cc7W76Hq.s 			page 16


 700 045f 0C       		.uleb128 0xc
 701 0460 78       		.byte	0x78
 702 0461 08       		.byte	0x8
 703 0462 F404     		.2byte	0x4f4
 704 0464 2C050000 		.4byte	0x52c
 705 0468 0D       		.uleb128 0xd
 706 0469 2F030000 		.4byte	.LASF82
 707 046d 08       		.byte	0x8
 708 046e F604     		.2byte	0x4f6
 709 0470 CA000000 		.4byte	0xca
 710 0474 00       		.byte	0
 711 0475 0D       		.uleb128 0xd
 712 0476 E5080000 		.4byte	.LASF83
 713 047a 08       		.byte	0x8
 714 047b F704     		.2byte	0x4f7
 715 047d CA000000 		.4byte	0xca
 716 0481 04       		.byte	0x4
 717 0482 0D       		.uleb128 0xd
 718 0483 AE020000 		.4byte	.LASF84
 719 0487 08       		.byte	0x8
 720 0488 F804     		.2byte	0x4f8
 721 048a CA000000 		.4byte	0xca
 722 048e 08       		.byte	0x8
 723 048f 0D       		.uleb128 0xd
 724 0490 11090000 		.4byte	.LASF85
 725 0494 08       		.byte	0x8
 726 0495 F904     		.2byte	0x4f9
 727 0497 CA000000 		.4byte	0xca
 728 049b 0C       		.byte	0xc
 729 049c 0D       		.uleb128 0xd
 730 049d A1030000 		.4byte	.LASF86
 731 04a1 08       		.byte	0x8
 732 04a2 FA04     		.2byte	0x4fa
 733 04a4 CA000000 		.4byte	0xca
 734 04a8 10       		.byte	0x10
 735 04a9 0D       		.uleb128 0xd
 736 04aa 97080000 		.4byte	.LASF87
 737 04ae 08       		.byte	0x8
 738 04af FB04     		.2byte	0x4fb
 739 04b1 53040000 		.4byte	0x453
 740 04b5 14       		.byte	0x14
 741 04b6 0D       		.uleb128 0xd
 742 04b7 6F060000 		.4byte	.LASF88
 743 04bb 08       		.byte	0x8
 744 04bc FC04     		.2byte	0x4fc
 745 04be CA000000 		.4byte	0xca
 746 04c2 18       		.byte	0x18
 747 04c3 0D       		.uleb128 0xd
 748 04c4 EB030000 		.4byte	.LASF89
 749 04c8 08       		.byte	0x8
 750 04c9 FD04     		.2byte	0x4fd
 751 04cb 2C050000 		.4byte	0x52c
 752 04cf 1C       		.byte	0x1c
 753 04d0 0D       		.uleb128 0xd
 754 04d1 EE060000 		.4byte	.LASF90
 755 04d5 08       		.byte	0x8
 756 04d6 FE04     		.2byte	0x4fe
ARM GAS  C:\Users\codyg\AppData\Local\Temp\cc7W76Hq.s 			page 17


 757 04d8 CA000000 		.4byte	0xca
 758 04dc 5C       		.byte	0x5c
 759 04dd 0D       		.uleb128 0xd
 760 04de 16000000 		.4byte	.LASF91
 761 04e2 08       		.byte	0x8
 762 04e3 FF04     		.2byte	0x4ff
 763 04e5 CA000000 		.4byte	0xca
 764 04e9 60       		.byte	0x60
 765 04ea 0D       		.uleb128 0xd
 766 04eb 00050000 		.4byte	.LASF92
 767 04ef 08       		.byte	0x8
 768 04f0 0005     		.2byte	0x500
 769 04f2 CA000000 		.4byte	0xca
 770 04f6 64       		.byte	0x64
 771 04f7 0D       		.uleb128 0xd
 772 04f8 E4060000 		.4byte	.LASF93
 773 04fc 08       		.byte	0x8
 774 04fd 0105     		.2byte	0x501
 775 04ff CA000000 		.4byte	0xca
 776 0503 68       		.byte	0x68
 777 0504 0D       		.uleb128 0xd
 778 0505 4E020000 		.4byte	.LASF94
 779 0509 08       		.byte	0x8
 780 050a 0205     		.2byte	0x502
 781 050c CA000000 		.4byte	0xca
 782 0510 6C       		.byte	0x6c
 783 0511 0D       		.uleb128 0xd
 784 0512 D3040000 		.4byte	.LASF95
 785 0516 08       		.byte	0x8
 786 0517 0305     		.2byte	0x503
 787 0519 E8000000 		.4byte	0xe8
 788 051d 70       		.byte	0x70
 789 051e 0D       		.uleb128 0xd
 790 051f 69070000 		.4byte	.LASF96
 791 0523 08       		.byte	0x8
 792 0524 0405     		.2byte	0x504
 793 0526 CA000000 		.4byte	0xca
 794 052a 74       		.byte	0x74
 795 052b 00       		.byte	0
 796 052c 13       		.uleb128 0x13
 797 052d CA000000 		.4byte	0xca
 798 0531 3C050000 		.4byte	0x53c
 799 0535 14       		.uleb128 0x14
 800 0536 95000000 		.4byte	0x95
 801 053a 0F       		.byte	0xf
 802 053b 00       		.byte	0
 803 053c 0B       		.uleb128 0xb
 804 053d 62090000 		.4byte	.LASF97
 805 0541 08       		.byte	0x8
 806 0542 0505     		.2byte	0x505
 807 0544 5F040000 		.4byte	0x45f
 808 0548 07       		.uleb128 0x7
 809 0549 B4000000 		.4byte	0xb4
 810 054d 0C       		.uleb128 0xc
 811 054e 02       		.byte	0x2
 812 054f 09       		.byte	0x9
 813 0550 5B01     		.2byte	0x15b
ARM GAS  C:\Users\codyg\AppData\Local\Temp\cc7W76Hq.s 			page 18


 814 0552 71050000 		.4byte	0x571
 815 0556 0D       		.uleb128 0xd
 816 0557 76090000 		.4byte	.LASF98
 817 055b 09       		.byte	0x9
 818 055c 6501     		.2byte	0x165
 819 055e B4000000 		.4byte	0xb4
 820 0562 00       		.byte	0
 821 0563 0D       		.uleb128 0xd
 822 0564 5B040000 		.4byte	.LASF99
 823 0568 09       		.byte	0x9
 824 0569 6901     		.2byte	0x169
 825 056b B4000000 		.4byte	0xb4
 826 056f 01       		.byte	0x1
 827 0570 00       		.byte	0
 828 0571 0B       		.uleb128 0xb
 829 0572 49000000 		.4byte	.LASF100
 830 0576 09       		.byte	0x9
 831 0577 6B01     		.2byte	0x16b
 832 0579 4D050000 		.4byte	0x54d
 833 057d 15       		.uleb128 0x15
 834 057e 01       		.byte	0x1
 835 057f 37000000 		.4byte	0x37
 836 0583 0A       		.byte	0xa
 837 0584 7E       		.byte	0x7e
 838 0585 A2050000 		.4byte	0x5a2
 839 0589 0A       		.uleb128 0xa
 840 058a F0080000 		.4byte	.LASF101
 841 058e 00       		.byte	0
 842 058f 0A       		.uleb128 0xa
 843 0590 B4040000 		.4byte	.LASF102
 844 0594 01       		.byte	0x1
 845 0595 0A       		.uleb128 0xa
 846 0596 C8080000 		.4byte	.LASF103
 847 059a 02       		.byte	0x2
 848 059b 0A       		.uleb128 0xa
 849 059c 9B010000 		.4byte	.LASF104
 850 05a0 03       		.byte	0x3
 851 05a1 00       		.byte	0
 852 05a2 03       		.uleb128 0x3
 853 05a3 38020000 		.4byte	.LASF105
 854 05a7 0A       		.byte	0xa
 855 05a8 83       		.byte	0x83
 856 05a9 7D050000 		.4byte	0x57d
 857 05ad 15       		.uleb128 0x15
 858 05ae 01       		.byte	0x1
 859 05af 37000000 		.4byte	0x37
 860 05b3 0A       		.byte	0xa
 861 05b4 87       		.byte	0x87
 862 05b5 EA050000 		.4byte	0x5ea
 863 05b9 0A       		.uleb128 0xa
 864 05ba 78080000 		.4byte	.LASF106
 865 05be 00       		.byte	0
 866 05bf 0A       		.uleb128 0xa
 867 05c0 DB090000 		.4byte	.LASF107
 868 05c4 01       		.byte	0x1
 869 05c5 0A       		.uleb128 0xa
 870 05c6 57030000 		.4byte	.LASF108
ARM GAS  C:\Users\codyg\AppData\Local\Temp\cc7W76Hq.s 			page 19


 871 05ca 02       		.byte	0x2
 872 05cb 0A       		.uleb128 0xa
 873 05cc EB070000 		.4byte	.LASF109
 874 05d0 03       		.byte	0x3
 875 05d1 0A       		.uleb128 0xa
 876 05d2 BB020000 		.4byte	.LASF110
 877 05d6 04       		.byte	0x4
 878 05d7 0A       		.uleb128 0xa
 879 05d8 76060000 		.4byte	.LASF111
 880 05dc 05       		.byte	0x5
 881 05dd 0A       		.uleb128 0xa
 882 05de 35070000 		.4byte	.LASF112
 883 05e2 06       		.byte	0x6
 884 05e3 0A       		.uleb128 0xa
 885 05e4 13060000 		.4byte	.LASF113
 886 05e8 07       		.byte	0x7
 887 05e9 00       		.byte	0
 888 05ea 03       		.uleb128 0x3
 889 05eb 9D040000 		.4byte	.LASF114
 890 05ef 0A       		.byte	0xa
 891 05f0 90       		.byte	0x90
 892 05f1 AD050000 		.4byte	0x5ad
 893 05f5 16       		.uleb128 0x16
 894 05f6 14       		.byte	0x14
 895 05f7 0B       		.byte	0xb
 896 05f8 3B       		.byte	0x3b
 897 05f9 3A060000 		.4byte	0x63a
 898 05fd 0F       		.uleb128 0xf
 899 05fe 56090000 		.4byte	.LASF115
 900 0602 0B       		.byte	0xb
 901 0603 3D       		.byte	0x3d
 902 0604 CA000000 		.4byte	0xca
 903 0608 00       		.byte	0
 904 0609 0F       		.uleb128 0xf
 905 060a DF030000 		.4byte	.LASF116
 906 060e 0B       		.byte	0xb
 907 060f 3E       		.byte	0x3e
 908 0610 CA000000 		.4byte	0xca
 909 0614 04       		.byte	0x4
 910 0615 0F       		.uleb128 0xf
 911 0616 1A030000 		.4byte	.LASF117
 912 061a 0B       		.byte	0xb
 913 061b 3F       		.byte	0x3f
 914 061c 3A060000 		.4byte	0x63a
 915 0620 08       		.byte	0x8
 916 0621 0F       		.uleb128 0xf
 917 0622 86040000 		.4byte	.LASF118
 918 0626 0B       		.byte	0xb
 919 0627 40       		.byte	0x40
 920 0628 CA000000 		.4byte	0xca
 921 062c 0C       		.byte	0xc
 922 062d 0F       		.uleb128 0xf
 923 062e 90010000 		.4byte	.LASF119
 924 0632 0B       		.byte	0xb
 925 0633 45       		.byte	0x45
 926 0634 CA000000 		.4byte	0xca
 927 0638 10       		.byte	0x10
ARM GAS  C:\Users\codyg\AppData\Local\Temp\cc7W76Hq.s 			page 20


 928 0639 00       		.byte	0
 929 063a 06       		.uleb128 0x6
 930 063b 04       		.byte	0x4
 931 063c 40060000 		.4byte	0x640
 932 0640 07       		.uleb128 0x7
 933 0641 3C050000 		.4byte	0x53c
 934 0645 03       		.uleb128 0x3
 935 0646 7D020000 		.4byte	.LASF120
 936 064a 0B       		.byte	0xb
 937 064b 48       		.byte	0x48
 938 064c F5050000 		.4byte	0x5f5
 939 0650 03       		.uleb128 0x3
 940 0651 D5000000 		.4byte	.LASF121
 941 0655 0C       		.byte	0xc
 942 0656 58       		.byte	0x58
 943 0657 93000000 		.4byte	0x93
 944 065b 17       		.uleb128 0x17
 945 065c 54040000 		.4byte	.LASF122
 946 0660 01       		.byte	0x1
 947 0661 4F       		.byte	0x4f
 948 0662 7E000000 		.4byte	0x7e
 949 0666 00000000 		.4byte	.LFB714
 950 066a 22000000 		.4byte	.LFE714-.LFB714
 951 066e 01       		.uleb128 0x1
 952 066f 9C       		.byte	0x9c
 953 0670 B9060000 		.4byte	0x6b9
 954 0674 18       		.uleb128 0x18
 955 0675 666400   		.ascii	"fd\000"
 956 0678 01       		.byte	0x1
 957 0679 4F       		.byte	0x4f
 958 067a 7E000000 		.4byte	0x7e
 959 067e 00000000 		.4byte	.LLST0
 960 0682 18       		.uleb128 0x18
 961 0683 70747200 		.ascii	"ptr\000"
 962 0687 01       		.byte	0x1
 963 0688 4F       		.byte	0x4f
 964 0689 A9000000 		.4byte	0xa9
 965 068d 3A000000 		.4byte	.LLST1
 966 0691 18       		.uleb128 0x18
 967 0692 6C656E00 		.ascii	"len\000"
 968 0696 01       		.byte	0x1
 969 0697 4F       		.byte	0x4f
 970 0698 7E000000 		.4byte	0x7e
 971 069c 86000000 		.4byte	.LLST2
 972 06a0 19       		.uleb128 0x19
 973 06a1 F5000000 		.4byte	.LASF124
 974 06a5 01       		.byte	0x1
 975 06a6 51       		.byte	0x51
 976 06a7 7E000000 		.4byte	0x7e
 977 06ab C8000000 		.4byte	.LLST3
 978 06af 1A       		.uleb128 0x1a
 979 06b0 10000000 		.4byte	.LVL4
 980 06b4 21080000 		.4byte	0x821
 981 06b8 00       		.byte	0
 982 06b9 17       		.uleb128 0x17
 983 06ba 34030000 		.4byte	.LASF123
 984 06be 01       		.byte	0x1
ARM GAS  C:\Users\codyg\AppData\Local\Temp\cc7W76Hq.s 			page 21


 985 06bf 85       		.byte	0x85
 986 06c0 7E000000 		.4byte	0x7e
 987 06c4 00000000 		.4byte	.LFB715
 988 06c8 28000000 		.4byte	.LFE715-.LFB715
 989 06cc 01       		.uleb128 0x1
 990 06cd 9C       		.byte	0x9c
 991 06ce 17070000 		.4byte	0x717
 992 06d2 18       		.uleb128 0x18
 993 06d3 666400   		.ascii	"fd\000"
 994 06d6 01       		.byte	0x1
 995 06d7 85       		.byte	0x85
 996 06d8 7E000000 		.4byte	0x7e
 997 06dc FE000000 		.4byte	.LLST4
 998 06e0 18       		.uleb128 0x18
 999 06e1 70747200 		.ascii	"ptr\000"
 1000 06e5 01       		.byte	0x1
 1001 06e6 85       		.byte	0x85
 1002 06e7 9C000000 		.4byte	0x9c
 1003 06eb 38010000 		.4byte	.LLST5
 1004 06ef 18       		.uleb128 0x18
 1005 06f0 6C656E00 		.ascii	"len\000"
 1006 06f4 01       		.byte	0x1
 1007 06f5 85       		.byte	0x85
 1008 06f6 7E000000 		.4byte	0x7e
 1009 06fa 6C010000 		.4byte	.LLST6
 1010 06fe 19       		.uleb128 0x19
 1011 06ff F5000000 		.4byte	.LASF124
 1012 0703 01       		.byte	0x1
 1013 0704 87       		.byte	0x87
 1014 0705 7E000000 		.4byte	0x7e
 1015 0709 AE010000 		.4byte	.LLST7
 1016 070d 1A       		.uleb128 0x1a
 1017 070e 0C000000 		.4byte	.LVL12
 1018 0712 2C080000 		.4byte	0x82c
 1019 0716 00       		.byte	0
 1020 0717 1B       		.uleb128 0x1b
 1021 0718 C5060000 		.4byte	.LASF125
 1022 071c 0D       		.byte	0xd
 1023 071d EA07     		.2byte	0x7ea
 1024 071f 23070000 		.4byte	0x723
 1025 0723 08       		.uleb128 0x8
 1026 0724 BF000000 		.4byte	0xbf
 1027 0728 13       		.uleb128 0x13
 1028 0729 48050000 		.4byte	0x548
 1029 072d 38070000 		.4byte	0x738
 1030 0731 14       		.uleb128 0x14
 1031 0732 95000000 		.4byte	0x95
 1032 0736 0B       		.byte	0xb
 1033 0737 00       		.byte	0
 1034 0738 1B       		.uleb128 0x1b
 1035 0739 48060000 		.4byte	.LASF126
 1036 073d 04       		.byte	0x4
 1037 073e FC02     		.2byte	0x2fc
 1038 0740 44070000 		.4byte	0x744
 1039 0744 07       		.uleb128 0x7
 1040 0745 28070000 		.4byte	0x728
 1041 0749 1B       		.uleb128 0x1b
ARM GAS  C:\Users\codyg\AppData\Local\Temp\cc7W76Hq.s 			page 22


 1042 074a B0070000 		.4byte	.LASF127
 1043 074e 0A       		.byte	0xa
 1044 074f 2202     		.2byte	0x222
 1045 0751 A2050000 		.4byte	0x5a2
 1046 0755 13       		.uleb128 0x13
 1047 0756 71050000 		.4byte	0x571
 1048 075a 65070000 		.4byte	0x765
 1049 075e 14       		.uleb128 0x14
 1050 075f 95000000 		.4byte	0x95
 1051 0763 00       		.byte	0
 1052 0764 00       		.byte	0
 1053 0765 1B       		.uleb128 0x1b
 1054 0766 A1080000 		.4byte	.LASF128
 1055 076a 0A       		.byte	0xa
 1056 076b 2C02     		.2byte	0x22c
 1057 076d 55070000 		.4byte	0x755
 1058 0771 13       		.uleb128 0x13
 1059 0772 EA050000 		.4byte	0x5ea
 1060 0776 81070000 		.4byte	0x781
 1061 077a 14       		.uleb128 0x14
 1062 077b 95000000 		.4byte	0x95
 1063 077f 00       		.byte	0
 1064 0780 00       		.byte	0
 1065 0781 1B       		.uleb128 0x1b
 1066 0782 AC030000 		.4byte	.LASF129
 1067 0786 0A       		.byte	0xa
 1068 0787 2D02     		.2byte	0x22d
 1069 0789 71070000 		.4byte	0x771
 1070 078d 1C       		.uleb128 0x1c
 1071 078e B3080000 		.4byte	.LASF130
 1072 0792 0E       		.byte	0xe
 1073 0793 5E       		.byte	0x5e
 1074 0794 45030000 		.4byte	0x345
 1075 0798 1B       		.uleb128 0x1b
 1076 0799 93000000 		.4byte	.LASF131
 1077 079d 0B       		.byte	0xb
 1078 079e 6001     		.2byte	0x160
 1079 07a0 CA000000 		.4byte	0xca
 1080 07a4 13       		.uleb128 0x13
 1081 07a5 B4070000 		.4byte	0x7b4
 1082 07a9 B4070000 		.4byte	0x7b4
 1083 07ad 14       		.uleb128 0x14
 1084 07ae 95000000 		.4byte	0x95
 1085 07b2 00       		.byte	0
 1086 07b3 00       		.byte	0
 1087 07b4 07       		.uleb128 0x7
 1088 07b5 45060000 		.4byte	0x645
 1089 07b9 1B       		.uleb128 0x1b
 1090 07ba 97070000 		.4byte	.LASF132
 1091 07be 0B       		.byte	0xb
 1092 07bf 6401     		.2byte	0x164
 1093 07c1 C5070000 		.4byte	0x7c5
 1094 07c5 07       		.uleb128 0x7
 1095 07c6 A4070000 		.4byte	0x7a4
 1096 07ca 1C       		.uleb128 0x1c
 1097 07cb 25020000 		.4byte	.LASF133
 1098 07cf 0F       		.byte	0xf
ARM GAS  C:\Users\codyg\AppData\Local\Temp\cc7W76Hq.s 			page 23


 1099 07d0 87       		.byte	0x87
 1100 07d1 21040000 		.4byte	0x421
 1101 07d5 1C       		.uleb128 0x1c
 1102 07d6 22000000 		.4byte	.LASF134
 1103 07da 10       		.byte	0x10
 1104 07db 7C       		.byte	0x7c
 1105 07dc E8000000 		.4byte	0xe8
 1106 07e0 1C       		.uleb128 0x1c
 1107 07e1 08000000 		.4byte	.LASF135
 1108 07e5 10       		.byte	0x10
 1109 07e6 7D       		.byte	0x7d
 1110 07e7 EB070000 		.4byte	0x7eb
 1111 07eb 07       		.uleb128 0x7
 1112 07ec 9D010000 		.4byte	0x19d
 1113 07f0 1C       		.uleb128 0x1c
 1114 07f1 EA040000 		.4byte	.LASF136
 1115 07f5 11       		.byte	0x11
 1116 07f6 1F       		.byte	0x1f
 1117 07f7 FB070000 		.4byte	0x7fb
 1118 07fb 07       		.uleb128 0x7
 1119 07fc 9A020000 		.4byte	0x29a
 1120 0800 1C       		.uleb128 0x1c
 1121 0801 F7060000 		.4byte	.LASF137
 1122 0805 12       		.byte	0x12
 1123 0806 1F       		.byte	0x1f
 1124 0807 FB070000 		.4byte	0x7fb
 1125 080b 1C       		.uleb128 0x1c
 1126 080c E5020000 		.4byte	.LASF138
 1127 0810 13       		.byte	0x13
 1128 0811 1F       		.byte	0x1f
 1129 0812 FB070000 		.4byte	0x7fb
 1130 0816 1C       		.uleb128 0x1c
 1131 0817 16070000 		.4byte	.LASF139
 1132 081b 14       		.byte	0x14
 1133 081c 7F       		.byte	0x7f
 1134 081d 50060000 		.4byte	0x650
 1135 0821 1D       		.uleb128 0x1d
 1136 0822 8F020000 		.4byte	.LASF140
 1137 0826 8F020000 		.4byte	.LASF140
 1138 082a 15       		.byte	0x15
 1139 082b 9E       		.byte	0x9e
 1140 082c 1D       		.uleb128 0x1d
 1141 082d 0C030000 		.4byte	.LASF141
 1142 0831 0C030000 		.4byte	.LASF141
 1143 0835 15       		.byte	0x15
 1144 0836 A2       		.byte	0xa2
 1145 0837 00       		.byte	0
 1146              		.section	.debug_abbrev,"",%progbits
 1147              	.Ldebug_abbrev0:
 1148 0000 01       		.uleb128 0x1
 1149 0001 11       		.uleb128 0x11
 1150 0002 01       		.byte	0x1
 1151 0003 25       		.uleb128 0x25
 1152 0004 0E       		.uleb128 0xe
 1153 0005 13       		.uleb128 0x13
 1154 0006 0B       		.uleb128 0xb
 1155 0007 03       		.uleb128 0x3
ARM GAS  C:\Users\codyg\AppData\Local\Temp\cc7W76Hq.s 			page 24


 1156 0008 0E       		.uleb128 0xe
 1157 0009 1B       		.uleb128 0x1b
 1158 000a 0E       		.uleb128 0xe
 1159 000b 55       		.uleb128 0x55
 1160 000c 17       		.uleb128 0x17
 1161 000d 11       		.uleb128 0x11
 1162 000e 01       		.uleb128 0x1
 1163 000f 10       		.uleb128 0x10
 1164 0010 17       		.uleb128 0x17
 1165 0011 00       		.byte	0
 1166 0012 00       		.byte	0
 1167 0013 02       		.uleb128 0x2
 1168 0014 24       		.uleb128 0x24
 1169 0015 00       		.byte	0
 1170 0016 0B       		.uleb128 0xb
 1171 0017 0B       		.uleb128 0xb
 1172 0018 3E       		.uleb128 0x3e
 1173 0019 0B       		.uleb128 0xb
 1174 001a 03       		.uleb128 0x3
 1175 001b 0E       		.uleb128 0xe
 1176 001c 00       		.byte	0
 1177 001d 00       		.byte	0
 1178 001e 03       		.uleb128 0x3
 1179 001f 16       		.uleb128 0x16
 1180 0020 00       		.byte	0
 1181 0021 03       		.uleb128 0x3
 1182 0022 0E       		.uleb128 0xe
 1183 0023 3A       		.uleb128 0x3a
 1184 0024 0B       		.uleb128 0xb
 1185 0025 3B       		.uleb128 0x3b
 1186 0026 0B       		.uleb128 0xb
 1187 0027 49       		.uleb128 0x49
 1188 0028 13       		.uleb128 0x13
 1189 0029 00       		.byte	0
 1190 002a 00       		.byte	0
 1191 002b 04       		.uleb128 0x4
 1192 002c 24       		.uleb128 0x24
 1193 002d 00       		.byte	0
 1194 002e 0B       		.uleb128 0xb
 1195 002f 0B       		.uleb128 0xb
 1196 0030 3E       		.uleb128 0x3e
 1197 0031 0B       		.uleb128 0xb
 1198 0032 03       		.uleb128 0x3
 1199 0033 08       		.uleb128 0x8
 1200 0034 00       		.byte	0
 1201 0035 00       		.byte	0
 1202 0036 05       		.uleb128 0x5
 1203 0037 0F       		.uleb128 0xf
 1204 0038 00       		.byte	0
 1205 0039 0B       		.uleb128 0xb
 1206 003a 0B       		.uleb128 0xb
 1207 003b 00       		.byte	0
 1208 003c 00       		.byte	0
 1209 003d 06       		.uleb128 0x6
 1210 003e 0F       		.uleb128 0xf
 1211 003f 00       		.byte	0
 1212 0040 0B       		.uleb128 0xb
ARM GAS  C:\Users\codyg\AppData\Local\Temp\cc7W76Hq.s 			page 25


 1213 0041 0B       		.uleb128 0xb
 1214 0042 49       		.uleb128 0x49
 1215 0043 13       		.uleb128 0x13
 1216 0044 00       		.byte	0
 1217 0045 00       		.byte	0
 1218 0046 07       		.uleb128 0x7
 1219 0047 26       		.uleb128 0x26
 1220 0048 00       		.byte	0
 1221 0049 49       		.uleb128 0x49
 1222 004a 13       		.uleb128 0x13
 1223 004b 00       		.byte	0
 1224 004c 00       		.byte	0
 1225 004d 08       		.uleb128 0x8
 1226 004e 35       		.uleb128 0x35
 1227 004f 00       		.byte	0
 1228 0050 49       		.uleb128 0x49
 1229 0051 13       		.uleb128 0x13
 1230 0052 00       		.byte	0
 1231 0053 00       		.byte	0
 1232 0054 09       		.uleb128 0x9
 1233 0055 04       		.uleb128 0x4
 1234 0056 01       		.byte	0x1
 1235 0057 0B       		.uleb128 0xb
 1236 0058 0B       		.uleb128 0xb
 1237 0059 49       		.uleb128 0x49
 1238 005a 13       		.uleb128 0x13
 1239 005b 3A       		.uleb128 0x3a
 1240 005c 0B       		.uleb128 0xb
 1241 005d 3B       		.uleb128 0x3b
 1242 005e 05       		.uleb128 0x5
 1243 005f 01       		.uleb128 0x1
 1244 0060 13       		.uleb128 0x13
 1245 0061 00       		.byte	0
 1246 0062 00       		.byte	0
 1247 0063 0A       		.uleb128 0xa
 1248 0064 28       		.uleb128 0x28
 1249 0065 00       		.byte	0
 1250 0066 03       		.uleb128 0x3
 1251 0067 0E       		.uleb128 0xe
 1252 0068 1C       		.uleb128 0x1c
 1253 0069 0B       		.uleb128 0xb
 1254 006a 00       		.byte	0
 1255 006b 00       		.byte	0
 1256 006c 0B       		.uleb128 0xb
 1257 006d 16       		.uleb128 0x16
 1258 006e 00       		.byte	0
 1259 006f 03       		.uleb128 0x3
 1260 0070 0E       		.uleb128 0xe
 1261 0071 3A       		.uleb128 0x3a
 1262 0072 0B       		.uleb128 0xb
 1263 0073 3B       		.uleb128 0x3b
 1264 0074 05       		.uleb128 0x5
 1265 0075 49       		.uleb128 0x49
 1266 0076 13       		.uleb128 0x13
 1267 0077 00       		.byte	0
 1268 0078 00       		.byte	0
 1269 0079 0C       		.uleb128 0xc
ARM GAS  C:\Users\codyg\AppData\Local\Temp\cc7W76Hq.s 			page 26


 1270 007a 13       		.uleb128 0x13
 1271 007b 01       		.byte	0x1
 1272 007c 0B       		.uleb128 0xb
 1273 007d 0B       		.uleb128 0xb
 1274 007e 3A       		.uleb128 0x3a
 1275 007f 0B       		.uleb128 0xb
 1276 0080 3B       		.uleb128 0x3b
 1277 0081 05       		.uleb128 0x5
 1278 0082 01       		.uleb128 0x1
 1279 0083 13       		.uleb128 0x13
 1280 0084 00       		.byte	0
 1281 0085 00       		.byte	0
 1282 0086 0D       		.uleb128 0xd
 1283 0087 0D       		.uleb128 0xd
 1284 0088 00       		.byte	0
 1285 0089 03       		.uleb128 0x3
 1286 008a 0E       		.uleb128 0xe
 1287 008b 3A       		.uleb128 0x3a
 1288 008c 0B       		.uleb128 0xb
 1289 008d 3B       		.uleb128 0x3b
 1290 008e 05       		.uleb128 0x5
 1291 008f 49       		.uleb128 0x49
 1292 0090 13       		.uleb128 0x13
 1293 0091 38       		.uleb128 0x38
 1294 0092 0B       		.uleb128 0xb
 1295 0093 00       		.byte	0
 1296 0094 00       		.byte	0
 1297 0095 0E       		.uleb128 0xe
 1298 0096 13       		.uleb128 0x13
 1299 0097 01       		.byte	0x1
 1300 0098 03       		.uleb128 0x3
 1301 0099 0E       		.uleb128 0xe
 1302 009a 0B       		.uleb128 0xb
 1303 009b 0B       		.uleb128 0xb
 1304 009c 3A       		.uleb128 0x3a
 1305 009d 0B       		.uleb128 0xb
 1306 009e 3B       		.uleb128 0x3b
 1307 009f 0B       		.uleb128 0xb
 1308 00a0 01       		.uleb128 0x1
 1309 00a1 13       		.uleb128 0x13
 1310 00a2 00       		.byte	0
 1311 00a3 00       		.byte	0
 1312 00a4 0F       		.uleb128 0xf
 1313 00a5 0D       		.uleb128 0xd
 1314 00a6 00       		.byte	0
 1315 00a7 03       		.uleb128 0x3
 1316 00a8 0E       		.uleb128 0xe
 1317 00a9 3A       		.uleb128 0x3a
 1318 00aa 0B       		.uleb128 0xb
 1319 00ab 3B       		.uleb128 0x3b
 1320 00ac 0B       		.uleb128 0xb
 1321 00ad 49       		.uleb128 0x49
 1322 00ae 13       		.uleb128 0x13
 1323 00af 38       		.uleb128 0x38
 1324 00b0 0B       		.uleb128 0xb
 1325 00b1 00       		.byte	0
 1326 00b2 00       		.byte	0
ARM GAS  C:\Users\codyg\AppData\Local\Temp\cc7W76Hq.s 			page 27


 1327 00b3 10       		.uleb128 0x10
 1328 00b4 15       		.uleb128 0x15
 1329 00b5 01       		.byte	0x1
 1330 00b6 27       		.uleb128 0x27
 1331 00b7 19       		.uleb128 0x19
 1332 00b8 01       		.uleb128 0x1
 1333 00b9 13       		.uleb128 0x13
 1334 00ba 00       		.byte	0
 1335 00bb 00       		.byte	0
 1336 00bc 11       		.uleb128 0x11
 1337 00bd 05       		.uleb128 0x5
 1338 00be 00       		.byte	0
 1339 00bf 49       		.uleb128 0x49
 1340 00c0 13       		.uleb128 0x13
 1341 00c1 00       		.byte	0
 1342 00c2 00       		.byte	0
 1343 00c3 12       		.uleb128 0x12
 1344 00c4 13       		.uleb128 0x13
 1345 00c5 01       		.byte	0x1
 1346 00c6 03       		.uleb128 0x3
 1347 00c7 0E       		.uleb128 0xe
 1348 00c8 0B       		.uleb128 0xb
 1349 00c9 0B       		.uleb128 0xb
 1350 00ca 3A       		.uleb128 0x3a
 1351 00cb 0B       		.uleb128 0xb
 1352 00cc 3B       		.uleb128 0x3b
 1353 00cd 05       		.uleb128 0x5
 1354 00ce 01       		.uleb128 0x1
 1355 00cf 13       		.uleb128 0x13
 1356 00d0 00       		.byte	0
 1357 00d1 00       		.byte	0
 1358 00d2 13       		.uleb128 0x13
 1359 00d3 01       		.uleb128 0x1
 1360 00d4 01       		.byte	0x1
 1361 00d5 49       		.uleb128 0x49
 1362 00d6 13       		.uleb128 0x13
 1363 00d7 01       		.uleb128 0x1
 1364 00d8 13       		.uleb128 0x13
 1365 00d9 00       		.byte	0
 1366 00da 00       		.byte	0
 1367 00db 14       		.uleb128 0x14
 1368 00dc 21       		.uleb128 0x21
 1369 00dd 00       		.byte	0
 1370 00de 49       		.uleb128 0x49
 1371 00df 13       		.uleb128 0x13
 1372 00e0 2F       		.uleb128 0x2f
 1373 00e1 0B       		.uleb128 0xb
 1374 00e2 00       		.byte	0
 1375 00e3 00       		.byte	0
 1376 00e4 15       		.uleb128 0x15
 1377 00e5 04       		.uleb128 0x4
 1378 00e6 01       		.byte	0x1
 1379 00e7 0B       		.uleb128 0xb
 1380 00e8 0B       		.uleb128 0xb
 1381 00e9 49       		.uleb128 0x49
 1382 00ea 13       		.uleb128 0x13
 1383 00eb 3A       		.uleb128 0x3a
ARM GAS  C:\Users\codyg\AppData\Local\Temp\cc7W76Hq.s 			page 28


 1384 00ec 0B       		.uleb128 0xb
 1385 00ed 3B       		.uleb128 0x3b
 1386 00ee 0B       		.uleb128 0xb
 1387 00ef 01       		.uleb128 0x1
 1388 00f0 13       		.uleb128 0x13
 1389 00f1 00       		.byte	0
 1390 00f2 00       		.byte	0
 1391 00f3 16       		.uleb128 0x16
 1392 00f4 13       		.uleb128 0x13
 1393 00f5 01       		.byte	0x1
 1394 00f6 0B       		.uleb128 0xb
 1395 00f7 0B       		.uleb128 0xb
 1396 00f8 3A       		.uleb128 0x3a
 1397 00f9 0B       		.uleb128 0xb
 1398 00fa 3B       		.uleb128 0x3b
 1399 00fb 0B       		.uleb128 0xb
 1400 00fc 01       		.uleb128 0x1
 1401 00fd 13       		.uleb128 0x13
 1402 00fe 00       		.byte	0
 1403 00ff 00       		.byte	0
 1404 0100 17       		.uleb128 0x17
 1405 0101 2E       		.uleb128 0x2e
 1406 0102 01       		.byte	0x1
 1407 0103 3F       		.uleb128 0x3f
 1408 0104 19       		.uleb128 0x19
 1409 0105 03       		.uleb128 0x3
 1410 0106 0E       		.uleb128 0xe
 1411 0107 3A       		.uleb128 0x3a
 1412 0108 0B       		.uleb128 0xb
 1413 0109 3B       		.uleb128 0x3b
 1414 010a 0B       		.uleb128 0xb
 1415 010b 27       		.uleb128 0x27
 1416 010c 19       		.uleb128 0x19
 1417 010d 49       		.uleb128 0x49
 1418 010e 13       		.uleb128 0x13
 1419 010f 11       		.uleb128 0x11
 1420 0110 01       		.uleb128 0x1
 1421 0111 12       		.uleb128 0x12
 1422 0112 06       		.uleb128 0x6
 1423 0113 40       		.uleb128 0x40
 1424 0114 18       		.uleb128 0x18
 1425 0115 9742     		.uleb128 0x2117
 1426 0117 19       		.uleb128 0x19
 1427 0118 01       		.uleb128 0x1
 1428 0119 13       		.uleb128 0x13
 1429 011a 00       		.byte	0
 1430 011b 00       		.byte	0
 1431 011c 18       		.uleb128 0x18
 1432 011d 05       		.uleb128 0x5
 1433 011e 00       		.byte	0
 1434 011f 03       		.uleb128 0x3
 1435 0120 08       		.uleb128 0x8
 1436 0121 3A       		.uleb128 0x3a
 1437 0122 0B       		.uleb128 0xb
 1438 0123 3B       		.uleb128 0x3b
 1439 0124 0B       		.uleb128 0xb
 1440 0125 49       		.uleb128 0x49
ARM GAS  C:\Users\codyg\AppData\Local\Temp\cc7W76Hq.s 			page 29


 1441 0126 13       		.uleb128 0x13
 1442 0127 02       		.uleb128 0x2
 1443 0128 17       		.uleb128 0x17
 1444 0129 00       		.byte	0
 1445 012a 00       		.byte	0
 1446 012b 19       		.uleb128 0x19
 1447 012c 34       		.uleb128 0x34
 1448 012d 00       		.byte	0
 1449 012e 03       		.uleb128 0x3
 1450 012f 0E       		.uleb128 0xe
 1451 0130 3A       		.uleb128 0x3a
 1452 0131 0B       		.uleb128 0xb
 1453 0132 3B       		.uleb128 0x3b
 1454 0133 0B       		.uleb128 0xb
 1455 0134 49       		.uleb128 0x49
 1456 0135 13       		.uleb128 0x13
 1457 0136 02       		.uleb128 0x2
 1458 0137 17       		.uleb128 0x17
 1459 0138 00       		.byte	0
 1460 0139 00       		.byte	0
 1461 013a 1A       		.uleb128 0x1a
 1462 013b 898201   		.uleb128 0x4109
 1463 013e 00       		.byte	0
 1464 013f 11       		.uleb128 0x11
 1465 0140 01       		.uleb128 0x1
 1466 0141 31       		.uleb128 0x31
 1467 0142 13       		.uleb128 0x13
 1468 0143 00       		.byte	0
 1469 0144 00       		.byte	0
 1470 0145 1B       		.uleb128 0x1b
 1471 0146 34       		.uleb128 0x34
 1472 0147 00       		.byte	0
 1473 0148 03       		.uleb128 0x3
 1474 0149 0E       		.uleb128 0xe
 1475 014a 3A       		.uleb128 0x3a
 1476 014b 0B       		.uleb128 0xb
 1477 014c 3B       		.uleb128 0x3b
 1478 014d 05       		.uleb128 0x5
 1479 014e 49       		.uleb128 0x49
 1480 014f 13       		.uleb128 0x13
 1481 0150 3F       		.uleb128 0x3f
 1482 0151 19       		.uleb128 0x19
 1483 0152 3C       		.uleb128 0x3c
 1484 0153 19       		.uleb128 0x19
 1485 0154 00       		.byte	0
 1486 0155 00       		.byte	0
 1487 0156 1C       		.uleb128 0x1c
 1488 0157 34       		.uleb128 0x34
 1489 0158 00       		.byte	0
 1490 0159 03       		.uleb128 0x3
 1491 015a 0E       		.uleb128 0xe
 1492 015b 3A       		.uleb128 0x3a
 1493 015c 0B       		.uleb128 0xb
 1494 015d 3B       		.uleb128 0x3b
 1495 015e 0B       		.uleb128 0xb
 1496 015f 49       		.uleb128 0x49
 1497 0160 13       		.uleb128 0x13
ARM GAS  C:\Users\codyg\AppData\Local\Temp\cc7W76Hq.s 			page 30


 1498 0161 3F       		.uleb128 0x3f
 1499 0162 19       		.uleb128 0x19
 1500 0163 3C       		.uleb128 0x3c
 1501 0164 19       		.uleb128 0x19
 1502 0165 00       		.byte	0
 1503 0166 00       		.byte	0
 1504 0167 1D       		.uleb128 0x1d
 1505 0168 2E       		.uleb128 0x2e
 1506 0169 00       		.byte	0
 1507 016a 3F       		.uleb128 0x3f
 1508 016b 19       		.uleb128 0x19
 1509 016c 3C       		.uleb128 0x3c
 1510 016d 19       		.uleb128 0x19
 1511 016e 6E       		.uleb128 0x6e
 1512 016f 0E       		.uleb128 0xe
 1513 0170 03       		.uleb128 0x3
 1514 0171 0E       		.uleb128 0xe
 1515 0172 3A       		.uleb128 0x3a
 1516 0173 0B       		.uleb128 0xb
 1517 0174 3B       		.uleb128 0x3b
 1518 0175 0B       		.uleb128 0xb
 1519 0176 00       		.byte	0
 1520 0177 00       		.byte	0
 1521 0178 00       		.byte	0
 1522              		.section	.debug_loc,"",%progbits
 1523              	.Ldebug_loc0:
 1524              	.LLST0:
 1525 0000 00000000 		.4byte	.LVL0
 1526 0004 08000000 		.4byte	.LVL2
 1527 0008 0100     		.2byte	0x1
 1528 000a 50       		.byte	0x50
 1529 000b 08000000 		.4byte	.LVL2
 1530 000f 14000000 		.4byte	.LVL6
 1531 0013 0400     		.2byte	0x4
 1532 0015 F3       		.byte	0xf3
 1533 0016 01       		.uleb128 0x1
 1534 0017 50       		.byte	0x50
 1535 0018 9F       		.byte	0x9f
 1536 0019 14000000 		.4byte	.LVL6
 1537 001d 1A000000 		.4byte	.LVL7
 1538 0021 0100     		.2byte	0x1
 1539 0023 50       		.byte	0x50
 1540 0024 1A000000 		.4byte	.LVL7
 1541 0028 22000000 		.4byte	.LFE714
 1542 002c 0400     		.2byte	0x4
 1543 002e F3       		.byte	0xf3
 1544 002f 01       		.uleb128 0x1
 1545 0030 50       		.byte	0x50
 1546 0031 9F       		.byte	0x9f
 1547 0032 00000000 		.4byte	0
 1548 0036 00000000 		.4byte	0
 1549              	.LLST1:
 1550 003a 00000000 		.4byte	.LVL0
 1551 003e 08000000 		.4byte	.LVL2
 1552 0042 0100     		.2byte	0x1
 1553 0044 51       		.byte	0x51
 1554 0045 08000000 		.4byte	.LVL2
ARM GAS  C:\Users\codyg\AppData\Local\Temp\cc7W76Hq.s 			page 31


 1555 0049 0C000000 		.4byte	.LVL3
 1556 004d 0100     		.2byte	0x1
 1557 004f 55       		.byte	0x55
 1558 0050 0C000000 		.4byte	.LVL3
 1559 0054 10000000 		.4byte	.LVL4
 1560 0058 0300     		.2byte	0x3
 1561 005a 75       		.byte	0x75
 1562 005b 7F       		.sleb128 -1
 1563 005c 9F       		.byte	0x9f
 1564 005d 10000000 		.4byte	.LVL4
 1565 0061 14000000 		.4byte	.LVL6
 1566 0065 0100     		.2byte	0x1
 1567 0067 55       		.byte	0x55
 1568 0068 14000000 		.4byte	.LVL6
 1569 006c 1A000000 		.4byte	.LVL7
 1570 0070 0100     		.2byte	0x1
 1571 0072 51       		.byte	0x51
 1572 0073 1A000000 		.4byte	.LVL7
 1573 0077 1E000000 		.4byte	.LVL8
 1574 007b 0100     		.2byte	0x1
 1575 007d 55       		.byte	0x55
 1576 007e 00000000 		.4byte	0
 1577 0082 00000000 		.4byte	0
 1578              	.LLST2:
 1579 0086 00000000 		.4byte	.LVL0
 1580 008a 08000000 		.4byte	.LVL2
 1581 008e 0100     		.2byte	0x1
 1582 0090 52       		.byte	0x52
 1583 0091 08000000 		.4byte	.LVL2
 1584 0095 14000000 		.4byte	.LVL6
 1585 0099 0100     		.2byte	0x1
 1586 009b 56       		.byte	0x56
 1587 009c 14000000 		.4byte	.LVL6
 1588 00a0 1A000000 		.4byte	.LVL7
 1589 00a4 0100     		.2byte	0x1
 1590 00a6 52       		.byte	0x52
 1591 00a7 1A000000 		.4byte	.LVL7
 1592 00ab 1E000000 		.4byte	.LVL8
 1593 00af 0100     		.2byte	0x1
 1594 00b1 56       		.byte	0x56
 1595 00b2 1E000000 		.4byte	.LVL8
 1596 00b6 22000000 		.4byte	.LFE714
 1597 00ba 0400     		.2byte	0x4
 1598 00bc F3       		.byte	0xf3
 1599 00bd 01       		.uleb128 0x1
 1600 00be 52       		.byte	0x52
 1601 00bf 9F       		.byte	0x9f
 1602 00c0 00000000 		.4byte	0
 1603 00c4 00000000 		.4byte	0
 1604              	.LLST3:
 1605 00c8 02000000 		.4byte	.LVL1
 1606 00cc 08000000 		.4byte	.LVL2
 1607 00d0 0200     		.2byte	0x2
 1608 00d2 30       		.byte	0x30
 1609 00d3 9F       		.byte	0x9f
 1610 00d4 08000000 		.4byte	.LVL2
 1611 00d8 14000000 		.4byte	.LVL6
ARM GAS  C:\Users\codyg\AppData\Local\Temp\cc7W76Hq.s 			page 32


 1612 00dc 0100     		.2byte	0x1
 1613 00de 54       		.byte	0x54
 1614 00df 14000000 		.4byte	.LVL6
 1615 00e3 1A000000 		.4byte	.LVL7
 1616 00e7 0200     		.2byte	0x2
 1617 00e9 30       		.byte	0x30
 1618 00ea 9F       		.byte	0x9f
 1619 00eb 1A000000 		.4byte	.LVL7
 1620 00ef 22000000 		.4byte	.LFE714
 1621 00f3 0100     		.2byte	0x1
 1622 00f5 54       		.byte	0x54
 1623 00f6 00000000 		.4byte	0
 1624 00fa 00000000 		.4byte	0
 1625              	.LLST4:
 1626 00fe 00000000 		.4byte	.LVL9
 1627 0102 08000000 		.4byte	.LVL11
 1628 0106 0100     		.2byte	0x1
 1629 0108 50       		.byte	0x50
 1630 0109 08000000 		.4byte	.LVL11
 1631 010d 1A000000 		.4byte	.LVL15
 1632 0111 0400     		.2byte	0x4
 1633 0113 F3       		.byte	0xf3
 1634 0114 01       		.uleb128 0x1
 1635 0115 50       		.byte	0x50
 1636 0116 9F       		.byte	0x9f
 1637 0117 1A000000 		.4byte	.LVL15
 1638 011b 20000000 		.4byte	.LVL16
 1639 011f 0100     		.2byte	0x1
 1640 0121 50       		.byte	0x50
 1641 0122 20000000 		.4byte	.LVL16
 1642 0126 28000000 		.4byte	.LFE715
 1643 012a 0400     		.2byte	0x4
 1644 012c F3       		.byte	0xf3
 1645 012d 01       		.uleb128 0x1
 1646 012e 50       		.byte	0x50
 1647 012f 9F       		.byte	0x9f
 1648 0130 00000000 		.4byte	0
 1649 0134 00000000 		.4byte	0
 1650              	.LLST5:
 1651 0138 00000000 		.4byte	.LVL9
 1652 013c 08000000 		.4byte	.LVL11
 1653 0140 0100     		.2byte	0x1
 1654 0142 51       		.byte	0x51
 1655 0143 08000000 		.4byte	.LVL11
 1656 0147 1A000000 		.4byte	.LVL15
 1657 014b 0100     		.2byte	0x1
 1658 014d 55       		.byte	0x55
 1659 014e 1A000000 		.4byte	.LVL15
 1660 0152 20000000 		.4byte	.LVL16
 1661 0156 0100     		.2byte	0x1
 1662 0158 51       		.byte	0x51
 1663 0159 20000000 		.4byte	.LVL16
 1664 015d 24000000 		.4byte	.LVL17
 1665 0161 0100     		.2byte	0x1
 1666 0163 55       		.byte	0x55
 1667 0164 00000000 		.4byte	0
 1668 0168 00000000 		.4byte	0
ARM GAS  C:\Users\codyg\AppData\Local\Temp\cc7W76Hq.s 			page 33


 1669              	.LLST6:
 1670 016c 00000000 		.4byte	.LVL9
 1671 0170 08000000 		.4byte	.LVL11
 1672 0174 0100     		.2byte	0x1
 1673 0176 52       		.byte	0x52
 1674 0177 08000000 		.4byte	.LVL11
 1675 017b 1A000000 		.4byte	.LVL15
 1676 017f 0100     		.2byte	0x1
 1677 0181 56       		.byte	0x56
 1678 0182 1A000000 		.4byte	.LVL15
 1679 0186 20000000 		.4byte	.LVL16
 1680 018a 0100     		.2byte	0x1
 1681 018c 52       		.byte	0x52
 1682 018d 20000000 		.4byte	.LVL16
 1683 0191 24000000 		.4byte	.LVL17
 1684 0195 0100     		.2byte	0x1
 1685 0197 56       		.byte	0x56
 1686 0198 24000000 		.4byte	.LVL17
 1687 019c 28000000 		.4byte	.LFE715
 1688 01a0 0400     		.2byte	0x4
 1689 01a2 F3       		.byte	0xf3
 1690 01a3 01       		.uleb128 0x1
 1691 01a4 52       		.byte	0x52
 1692 01a5 9F       		.byte	0x9f
 1693 01a6 00000000 		.4byte	0
 1694 01aa 00000000 		.4byte	0
 1695              	.LLST7:
 1696 01ae 02000000 		.4byte	.LVL10
 1697 01b2 08000000 		.4byte	.LVL11
 1698 01b6 0200     		.2byte	0x2
 1699 01b8 30       		.byte	0x30
 1700 01b9 9F       		.byte	0x9f
 1701 01ba 08000000 		.4byte	.LVL11
 1702 01be 1A000000 		.4byte	.LVL15
 1703 01c2 0100     		.2byte	0x1
 1704 01c4 54       		.byte	0x54
 1705 01c5 1A000000 		.4byte	.LVL15
 1706 01c9 20000000 		.4byte	.LVL16
 1707 01cd 0200     		.2byte	0x2
 1708 01cf 30       		.byte	0x30
 1709 01d0 9F       		.byte	0x9f
 1710 01d1 20000000 		.4byte	.LVL16
 1711 01d5 28000000 		.4byte	.LFE715
 1712 01d9 0100     		.2byte	0x1
 1713 01db 54       		.byte	0x54
 1714 01dc 00000000 		.4byte	0
 1715 01e0 00000000 		.4byte	0
 1716              		.section	.debug_aranges,"",%progbits
 1717 0000 24000000 		.4byte	0x24
 1718 0004 0200     		.2byte	0x2
 1719 0006 00000000 		.4byte	.Ldebug_info0
 1720 000a 04       		.byte	0x4
 1721 000b 00       		.byte	0
 1722 000c 0000     		.2byte	0
 1723 000e 0000     		.2byte	0
 1724 0010 00000000 		.4byte	.LFB714
 1725 0014 22000000 		.4byte	.LFE714-.LFB714
ARM GAS  C:\Users\codyg\AppData\Local\Temp\cc7W76Hq.s 			page 34


 1726 0018 00000000 		.4byte	.LFB715
 1727 001c 28000000 		.4byte	.LFE715-.LFB715
 1728 0020 00000000 		.4byte	0
 1729 0024 00000000 		.4byte	0
 1730              		.section	.debug_ranges,"",%progbits
 1731              	.Ldebug_ranges0:
 1732 0000 00000000 		.4byte	.LFB714
 1733 0004 22000000 		.4byte	.LFE714
 1734 0008 00000000 		.4byte	.LFB715
 1735 000c 28000000 		.4byte	.LFE715
 1736 0010 00000000 		.4byte	0
 1737 0014 00000000 		.4byte	0
 1738              		.section	.debug_line,"",%progbits
 1739              	.Ldebug_line0:
 1740 0000 2B040000 		.section	.debug_str,"MS",%progbits,1
 1740      0200DB03 
 1740      00000201 
 1740      FB0E0D00 
 1740      01010101 
 1741              	.LASF36:
 1742 0000 72756E4D 		.ascii	"runMode\000"
 1742      6F646500 
 1743              	.LASF135:
 1744 0008 5254435F 		.ascii	"RTC_dstConfig\000"
 1744      64737443 
 1744      6F6E6669 
 1744      6700
 1745              	.LASF91:
 1746 0016 73617449 		.ascii	"satIntrMask\000"
 1746      6E74724D 
 1746      61736B00 
 1747              	.LASF134:
 1748 0022 5254435F 		.ascii	"RTC_rtcDstStatus\000"
 1748      72746344 
 1748      73745374 
 1748      61747573 
 1748      00
 1749              	.LASF0:
 1750 0033 7369676E 		.ascii	"signed char\000"
 1750      65642063 
 1750      68617200 
 1751              	.LASF4:
 1752 003f 5F5F7569 		.ascii	"__uint8_t\000"
 1752      6E74385F 
 1752      7400
 1753              	.LASF100:
 1754 0049 63795F73 		.ascii	"cy_stc_ble_conn_handle_t\000"
 1754      74635F62 
 1754      6C655F63 
 1754      6F6E6E5F 
 1754      68616E64 
 1755              	.LASF37:
 1756 0062 636F756E 		.ascii	"countDirection\000"
 1756      74446972 
 1756      65637469 
 1756      6F6E00
 1757              	.LASF49:
ARM GAS  C:\Users\codyg\AppData\Local\Temp\cc7W76Hq.s 			page 35


 1758 0071 73746F70 		.ascii	"stopInputMode\000"
 1758      496E7075 
 1758      744D6F64 
 1758      6500
 1759              	.LASF34:
 1760 007f 70657269 		.ascii	"period\000"
 1760      6F6400
 1761              	.LASF44:
 1762 0086 63617074 		.ascii	"captureInput\000"
 1762      75726549 
 1762      6E707574 
 1762      00
 1763              	.LASF131:
 1764 0093 4144435F 		.ascii	"ADC_currentConfig\000"
 1764      63757272 
 1764      656E7443 
 1764      6F6E6669 
 1764      6700
 1765              	.LASF10:
 1766 00a5 6C6F6E67 		.ascii	"long long unsigned int\000"
 1766      206C6F6E 
 1766      6720756E 
 1766      7369676E 
 1766      65642069 
 1767              	.LASF35:
 1768 00bc 636C6F63 		.ascii	"clockPrescaler\000"
 1768      6B507265 
 1768      7363616C 
 1768      657200
 1769              	.LASF71:
 1770 00cb 72785269 		.ascii	"rxRingBuf\000"
 1770      6E674275 
 1770      6600
 1771              	.LASF121:
 1772 00d5 51756575 		.ascii	"QueueHandle_t\000"
 1772      6548616E 
 1772      646C655F 
 1772      7400
 1773              	.LASF61:
 1774 00e3 74784275 		.ascii	"txBuf\000"
 1774      6600
 1775              	.LASF27:
 1776 00e9 7765656B 		.ascii	"weekOfMonth\000"
 1776      4F664D6F 
 1776      6E746800 
 1777              	.LASF124:
 1778 00f5 6E436861 		.ascii	"nChars\000"
 1778      727300
 1779              	.LASF21:
 1780 00fc 43595F52 		.ascii	"CY_RTC_DST_RELATIVE\000"
 1780      54435F44 
 1780      53545F52 
 1780      454C4154 
 1780      49564500 
 1781              	.LASF9:
 1782 0110 6C6F6E67 		.ascii	"long long int\000"
 1782      206C6F6E 
ARM GAS  C:\Users\codyg\AppData\Local\Temp\cc7W76Hq.s 			page 36


 1782      6720696E 
 1782      7400
 1783              	.LASF53:
 1784 011e 63795F73 		.ascii	"cy_stc_tcpwm_counter_config_t\000"
 1784      74635F74 
 1784      6370776D 
 1784      5F636F75 
 1784      6E746572 
 1785              	.LASF56:
 1786 013c 63795F73 		.ascii	"cy_stc_scb_spi_context\000"
 1786      74635F73 
 1786      63625F73 
 1786      70695F63 
 1786      6F6E7465 
 1787              	.LASF76:
 1788 0153 63795F73 		.ascii	"cy_stc_scb_uart_context_t\000"
 1788      74635F73 
 1788      63625F75 
 1788      6172745F 
 1788      636F6E74 
 1789              	.LASF81:
 1790 016d 63795F65 		.ascii	"cy_en_sar_range_detect_condition_t\000"
 1790      6E5F7361 
 1790      725F7261 
 1790      6E67655F 
 1790      64657465 
 1791              	.LASF119:
 1792 0190 636C6B44 		.ascii	"clkDivider\000"
 1792      69766964 
 1792      657200
 1793              	.LASF104:
 1794 019b 43595F42 		.ascii	"CY_BLE_ADV_STATE_STOP_INITIATED\000"
 1794      4C455F41 
 1794      44565F53 
 1794      54415445 
 1794      5F53544F 
 1795              	.LASF54:
 1796 01bb 63795F63 		.ascii	"cy_cb_scb_spi_handle_events_t\000"
 1796      625F7363 
 1796      625F7370 
 1796      695F6861 
 1796      6E646C65 
 1797              	.LASF31:
 1798 01d9 73746172 		.ascii	"startDst\000"
 1798      74447374 
 1798      00
 1799              	.LASF77:
 1800 01e2 43595F53 		.ascii	"CY_SAR_RANGE_COND_BELOW\000"
 1800      41525F52 
 1800      414E4745 
 1800      5F434F4E 
 1800      445F4245 
 1801              	.LASF22:
 1802 01fa 43595F52 		.ascii	"CY_RTC_DST_FIXED\000"
 1802      54435F44 
 1802      53545F46 
 1802      49584544 
ARM GAS  C:\Users\codyg\AppData\Local\Temp\cc7W76Hq.s 			page 37


 1802      00
 1803              	.LASF6:
 1804 020b 6C6F6E67 		.ascii	"long int\000"
 1804      20696E74 
 1804      00
 1805              	.LASF33:
 1806 0214 63795F73 		.ascii	"cy_stc_rtc_dst_t\000"
 1806      74635F72 
 1806      74635F64 
 1806      73745F74 
 1806      00
 1807              	.LASF133:
 1808 0225 44454255 		.ascii	"DEBUG_UART_context\000"
 1808      475F5541 
 1808      52545F63 
 1808      6F6E7465 
 1808      787400
 1809              	.LASF105:
 1810 0238 63795F65 		.ascii	"cy_en_ble_adv_state_t\000"
 1810      6E5F626C 
 1810      655F6164 
 1810      765F7374 
 1810      6174655F 
 1811              	.LASF94:
 1812 024e 6D757853 		.ascii	"muxSwitchSqCtrl\000"
 1812      77697463 
 1812      68537143 
 1812      74726C00 
 1813              	.LASF79:
 1814 025e 43595F53 		.ascii	"CY_SAR_RANGE_COND_ABOVE\000"
 1814      41525F52 
 1814      414E4745 
 1814      5F434F4E 
 1814      445F4142 
 1815              	.LASF19:
 1816 0276 646F7562 		.ascii	"double\000"
 1816      6C6500
 1817              	.LASF120:
 1818 027d 4144435F 		.ascii	"ADC_CONFIG_STRUCT\000"
 1818      434F4E46 
 1818      49475F53 
 1818      54525543 
 1818      5400
 1819              	.LASF140:
 1820 028f 53544449 		.ascii	"STDIO_PutChar\000"
 1820      4F5F5075 
 1820      74436861 
 1820      7200
 1821              	.LASF43:
 1822 029d 63617074 		.ascii	"captureInputMode\000"
 1822      75726549 
 1822      6E707574 
 1822      4D6F6465 
 1822      00
 1823              	.LASF84:
 1824 02ae 73616D70 		.ascii	"sampleTime01\000"
 1824      6C655469 
ARM GAS  C:\Users\codyg\AppData\Local\Temp\cc7W76Hq.s 			page 38


 1824      6D653031 
 1824      00
 1825              	.LASF110:
 1826 02bb 43595F42 		.ascii	"CY_BLE_CONN_STATE_CLIENT_INCL_DISCOVERING\000"
 1826      4C455F43 
 1826      4F4E4E5F 
 1826      53544154 
 1826      455F434C 
 1827              	.LASF138:
 1828 02e5 436F756E 		.ascii	"Counter_ms_config\000"
 1828      7465725F 
 1828      6D735F63 
 1828      6F6E6669 
 1828      6700
 1829              	.LASF59:
 1830 02f7 72784275 		.ascii	"rxBufSize\000"
 1830      6653697A 
 1830      6500
 1831              	.LASF7:
 1832 0301 5F5F7569 		.ascii	"__uint32_t\000"
 1832      6E743332 
 1832      5F7400
 1833              	.LASF141:
 1834 030c 53544449 		.ascii	"STDIO_GetChar\000"
 1834      4F5F4765 
 1834      74436861 
 1834      7200
 1835              	.LASF117:
 1836 031a 6877436F 		.ascii	"hwConfigStc\000"
 1836      6E666967 
 1836      53746300 
 1837              	.LASF60:
 1838 0326 72784275 		.ascii	"rxBufIdx\000"
 1838      66496478 
 1838      00
 1839              	.LASF82:
 1840 032f 6374726C 		.ascii	"ctrl\000"
 1840      00
 1841              	.LASF123:
 1842 0334 5F726561 		.ascii	"_read\000"
 1842      6400
 1843              	.LASF62:
 1844 033a 74784275 		.ascii	"txBufSize\000"
 1844      6653697A 
 1844      6500
 1845              	.LASF29:
 1846 0344 6D6F6E74 		.ascii	"month\000"
 1846      6800
 1847              	.LASF11:
 1848 034a 756E7369 		.ascii	"unsigned int\000"
 1848      676E6564 
 1848      20696E74 
 1848      00
 1849              	.LASF108:
 1850 0357 43595F42 		.ascii	"CY_BLE_CONN_STATE_CONNECTED\000"
 1850      4C455F43 
 1850      4F4E4E5F 
ARM GAS  C:\Users\codyg\AppData\Local\Temp\cc7W76Hq.s 			page 39


 1850      53544154 
 1850      455F434F 
 1851              	.LASF8:
 1852 0373 6C6F6E67 		.ascii	"long unsigned int\000"
 1852      20756E73 
 1852      69676E65 
 1852      6420696E 
 1852      7400
 1853              	.LASF69:
 1854 0385 74785374 		.ascii	"txStatus\000"
 1854      61747573 
 1854      00
 1855              	.LASF3:
 1856 038e 73686F72 		.ascii	"short unsigned int\000"
 1856      7420756E 
 1856      7369676E 
 1856      65642069 
 1856      6E7400
 1857              	.LASF86:
 1858 03a1 72616E67 		.ascii	"rangeThres\000"
 1858      65546872 
 1858      657300
 1859              	.LASF129:
 1860 03ac 63795F62 		.ascii	"cy_ble_connState\000"
 1860      6C655F63 
 1860      6F6E6E53 
 1860      74617465 
 1860      00
 1861              	.LASF64:
 1862 03bd 63624576 		.ascii	"cbEvents\000"
 1862      656E7473 
 1862      00
 1863              	.LASF78:
 1864 03c6 43595F53 		.ascii	"CY_SAR_RANGE_COND_INSIDE\000"
 1864      41525F52 
 1864      414E4745 
 1864      5F434F4E 
 1864      445F494E 
 1865              	.LASF116:
 1866 03df 6E756D43 		.ascii	"numChannels\000"
 1866      68616E6E 
 1866      656C7300 
 1867              	.LASF89:
 1868 03eb 6368616E 		.ascii	"chanConfig\000"
 1868      436F6E66 
 1868      696700
 1869              	.LASF66:
 1870 03f6 63795F73 		.ascii	"cy_stc_scb_spi_context_t\000"
 1870      74635F73 
 1870      63625F73 
 1870      70695F63 
 1870      6F6E7465 
 1871              	.LASF2:
 1872 040f 73686F72 		.ascii	"short int\000"
 1872      7420696E 
 1872      7400
 1873              	.LASF23:
ARM GAS  C:\Users\codyg\AppData\Local\Temp\cc7W76Hq.s 			page 40


 1874 0419 63795F65 		.ascii	"cy_en_rtc_dst_format_t\000"
 1874      6E5F7274 
 1874      635F6473 
 1874      745F666F 
 1874      726D6174 
 1875              	.LASF51:
 1876 0430 636F756E 		.ascii	"countInputMode\000"
 1876      74496E70 
 1876      75744D6F 
 1876      646500
 1877              	.LASF28:
 1878 043f 6461794F 		.ascii	"dayOfWeek\000"
 1878      66576565 
 1878      6B00
 1879              	.LASF48:
 1880 0449 73746172 		.ascii	"startInput\000"
 1880      74496E70 
 1880      757400
 1881              	.LASF122:
 1882 0454 5F777269 		.ascii	"_write\000"
 1882      746500
 1883              	.LASF99:
 1884 045b 61747449 		.ascii	"attId\000"
 1884      6400
 1885              	.LASF55:
 1886 0461 63795F73 		.ascii	"cy_stc_tcpwm_counter_config\000"
 1886      74635F74 
 1886      6370776D 
 1886      5F636F75 
 1886      6E746572 
 1887              	.LASF13:
 1888 047d 73697A65 		.ascii	"sizetype\000"
 1888      74797065 
 1888      00
 1889              	.LASF118:
 1890 0486 6D697363 		.ascii	"miscConfig\000"
 1890      436F6E66 
 1890      696700
 1891              	.LASF12:
 1892 0491 6C6F6E67 		.ascii	"long double\000"
 1892      20646F75 
 1892      626C6500 
 1893              	.LASF114:
 1894 049d 63795F65 		.ascii	"cy_en_ble_conn_state_t\000"
 1894      6E5F626C 
 1894      655F636F 
 1894      6E6E5F73 
 1894      74617465 
 1895              	.LASF102:
 1896 04b4 43595F42 		.ascii	"CY_BLE_ADV_STATE_ADV_INITIATED\000"
 1896      4C455F41 
 1896      44565F53 
 1896      54415445 
 1896      5F414456 
 1897              	.LASF95:
 1898 04d3 636F6E66 		.ascii	"configRouting\000"
 1898      6967526F 
ARM GAS  C:\Users\codyg\AppData\Local\Temp\cc7W76Hq.s 			page 41


 1898      7574696E 
 1898      6700
 1899              	.LASF70:
 1900 04e1 72785374 		.ascii	"rxStatus\000"
 1900      61747573 
 1900      00
 1901              	.LASF136:
 1902 04ea 54696D65 		.ascii	"Timer_IMU_config\000"
 1902      725F494D 
 1902      555F636F 
 1902      6E666967 
 1902      00
 1903              	.LASF25:
 1904 04fb 686F7572 		.ascii	"hour\000"
 1904      00
 1905              	.LASF92:
 1906 0500 72616E67 		.ascii	"rangeIntrMask\000"
 1906      65496E74 
 1906      724D6173 
 1906      6B00
 1907              	.LASF142:
 1908 050e 474E5520 		.ascii	"GNU C11 5.4.1 20160609 (release) [ARM/embedded-5-br"
 1908      43313120 
 1908      352E342E 
 1908      31203230 
 1908      31363036 
 1909 0541 616E6368 		.ascii	"anch revision 237715] -mcpu=cortex-m4 -mfloat-abi=s"
 1909      20726576 
 1909      6973696F 
 1909      6E203233 
 1909      37373135 
 1910 0574 6F667466 		.ascii	"oftfp -mfpu=fpv4-sp-d16 -mthumb -g -Og -ffunction-s"
 1910      70202D6D 
 1910      6670753D 
 1910      66707634 
 1910      2D73702D 
 1911 05a7 65637469 		.ascii	"ections -ffat-lto-objects\000"
 1911      6F6E7320 
 1911      2D666661 
 1911      742D6C74 
 1911      6F2D6F62 
 1912              	.LASF144:
 1913 05c1 433A5C55 		.ascii	"C:\\Users\\codyg\\git\\psoc6-realtime-processing\\B"
 1913      73657273 
 1913      5C636F64 
 1913      79675C67 
 1913      69745C70 
 1914 05ef 4C455F52 		.ascii	"LE_RTC_IMU.cydsn\\RestEaze_BLE.cydsn\000"
 1914      54435F49 
 1914      4D552E63 
 1914      7964736E 
 1914      5C526573 
 1915              	.LASF113:
 1916 0613 43595F42 		.ascii	"CY_BLE_CONN_STATE_CLIENT_DISCOVERED\000"
 1916      4C455F43 
 1916      4F4E4E5F 
 1916      53544154 
ARM GAS  C:\Users\codyg\AppData\Local\Temp\cc7W76Hq.s 			page 42


 1916      455F434C 
 1917              	.LASF18:
 1918 0637 666C6F61 		.ascii	"float\000"
 1918      7400
 1919              	.LASF26:
 1920 063d 6461794F 		.ascii	"dayOfMonth\000"
 1920      664D6F6E 
 1920      746800
 1921              	.LASF126:
 1922 0648 63795F52 		.ascii	"cy_RTC_daysInMonthTbl\000"
 1922      54435F64 
 1922      61797349 
 1922      6E4D6F6E 
 1922      74685462 
 1923              	.LASF75:
 1924 065e 74784C65 		.ascii	"txLeftToTransmit\000"
 1924      6674546F 
 1924      5472616E 
 1924      736D6974 
 1924      00
 1925              	.LASF88:
 1926 066f 6368616E 		.ascii	"chanEn\000"
 1926      456E00
 1927              	.LASF111:
 1928 0676 43595F42 		.ascii	"CY_BLE_CONN_STATE_CLIENT_CHAR_DISCOVERING\000"
 1928      4C455F43 
 1928      4F4E4E5F 
 1928      53544154 
 1928      455F434C 
 1929              	.LASF47:
 1930 06a0 73746172 		.ascii	"startInputMode\000"
 1930      74496E70 
 1930      75744D6F 
 1930      646500
 1931              	.LASF16:
 1932 06af 696E7433 		.ascii	"int32_t\000"
 1932      325F7400 
 1933              	.LASF1:
 1934 06b7 756E7369 		.ascii	"unsigned char\000"
 1934      676E6564 
 1934      20636861 
 1934      7200
 1935              	.LASF125:
 1936 06c5 49544D5F 		.ascii	"ITM_RxBuffer\000"
 1936      52784275 
 1936      66666572 
 1936      00
 1937              	.LASF41:
 1938 06d2 656E6162 		.ascii	"enableCompareSwap\000"
 1938      6C65436F 
 1938      6D706172 
 1938      65537761 
 1938      7000
 1939              	.LASF93:
 1940 06e4 6D757853 		.ascii	"muxSwitch\000"
 1940      77697463 
 1940      6800
ARM GAS  C:\Users\codyg\AppData\Local\Temp\cc7W76Hq.s 			page 43


 1941              	.LASF90:
 1942 06ee 696E7472 		.ascii	"intrMask\000"
 1942      4D61736B 
 1942      00
 1943              	.LASF137:
 1944 06f7 54696D65 		.ascii	"Timer_PPG_config\000"
 1944      725F5050 
 1944      475F636F 
 1944      6E666967 
 1944      00
 1945              	.LASF57:
 1946 0708 73746174 		.ascii	"status\000"
 1946      757300
 1947              	.LASF24:
 1948 070f 666F726D 		.ascii	"format\000"
 1948      617400
 1949              	.LASF139:
 1950 0716 64656275 		.ascii	"debugMessageQ\000"
 1950      674D6573 
 1950      73616765 
 1950      5100
 1951              	.LASF38:
 1952 0724 636F6D70 		.ascii	"compareOrCapture\000"
 1952      6172654F 
 1952      72436170 
 1952      74757265 
 1952      00
 1953              	.LASF112:
 1954 0735 43595F42 		.ascii	"CY_BLE_CONN_STATE_CLIENT_DESCR_DISCOVERING\000"
 1954      4C455F43 
 1954      4F4E4E5F 
 1954      53544154 
 1954      455F434C 
 1955              	.LASF17:
 1956 0760 75696E74 		.ascii	"uint32_t\000"
 1956      33325F74 
 1956      00
 1957              	.LASF96:
 1958 0769 76726566 		.ascii	"vrefMvValue\000"
 1958      4D765661 
 1958      6C756500 
 1959              	.LASF39:
 1960 0775 636F6D70 		.ascii	"compare0\000"
 1960      61726530 
 1960      00
 1961              	.LASF40:
 1962 077e 636F6D70 		.ascii	"compare1\000"
 1962      61726531 
 1962      00
 1963              	.LASF52:
 1964 0787 636F756E 		.ascii	"countInput\000"
 1964      74496E70 
 1964      757400
 1965              	.LASF14:
 1966 0792 63686172 		.ascii	"char\000"
 1966      00
 1967              	.LASF132:
ARM GAS  C:\Users\codyg\AppData\Local\Temp\cc7W76Hq.s 			page 44


 1968 0797 4144435F 		.ascii	"ADC_allConfigs\000"
 1968      616C6C43 
 1968      6F6E6669 
 1968      677300
 1969              	.LASF5:
 1970 07a6 5F5F696E 		.ascii	"__int32_t\000"
 1970      7433325F 
 1970      7400
 1971              	.LASF127:
 1972 07b0 63795F62 		.ascii	"cy_ble_advState\000"
 1972      6C655F61 
 1972      64765374 
 1972      61746500 
 1973              	.LASF73:
 1974 07c0 72785269 		.ascii	"rxRingBufHead\000"
 1974      6E674275 
 1974      66486561 
 1974      6400
 1975              	.LASF42:
 1976 07ce 696E7465 		.ascii	"interruptSources\000"
 1976      72727570 
 1976      74536F75 
 1976      72636573 
 1976      00
 1977              	.LASF46:
 1978 07df 72656C6F 		.ascii	"reloadInput\000"
 1978      6164496E 
 1978      70757400 
 1979              	.LASF109:
 1980 07eb 43595F42 		.ascii	"CY_BLE_CONN_STATE_CLIENT_SRVC_DISCOVERING\000"
 1980      4C455F43 
 1980      4F4E4E5F 
 1980      53544154 
 1980      455F434C 
 1981              	.LASF67:
 1982 0815 63795F63 		.ascii	"cy_cb_scb_uart_handle_events_t\000"
 1982      625F7363 
 1982      625F7561 
 1982      72745F68 
 1982      616E646C 
 1983              	.LASF50:
 1984 0834 73746F70 		.ascii	"stopInput\000"
 1984      496E7075 
 1984      7400
 1985              	.LASF72:
 1986 083e 72785269 		.ascii	"rxRingBufSize\000"
 1986      6E674275 
 1986      6653697A 
 1986      6500
 1987              	.LASF30:
 1988 084c 63795F73 		.ascii	"cy_stc_rtc_dst_format_t\000"
 1988      74635F72 
 1988      74635F64 
 1988      73745F66 
 1988      6F726D61 
 1989              	.LASF65:
 1990 0864 696E6974 		.ascii	"initKey\000"
ARM GAS  C:\Users\codyg\AppData\Local\Temp\cc7W76Hq.s 			page 45


 1990      4B657900 
 1991              	.LASF58:
 1992 086c 72784275 		.ascii	"rxBuf\000"
 1992      6600
 1993              	.LASF20:
 1994 0872 5F426F6F 		.ascii	"_Bool\000"
 1994      6C00
 1995              	.LASF106:
 1996 0878 43595F42 		.ascii	"CY_BLE_CONN_STATE_DISCONNECTED\000"
 1996      4C455F43 
 1996      4F4E4E5F 
 1996      53544154 
 1996      455F4449 
 1997              	.LASF87:
 1998 0897 72616E67 		.ascii	"rangeCond\000"
 1998      65436F6E 
 1998      6400
 1999              	.LASF128:
 2000 08a1 63795F62 		.ascii	"cy_ble_connHandle\000"
 2000      6C655F63 
 2000      6F6E6E48 
 2000      616E646C 
 2000      6500
 2001              	.LASF130:
 2002 08b3 43595F45 		.ascii	"CY_EINK_SPIM_context\000"
 2002      494E4B5F 
 2002      5350494D 
 2002      5F636F6E 
 2002      74657874 
 2003              	.LASF103:
 2004 08c8 43595F42 		.ascii	"CY_BLE_ADV_STATE_ADVERTISING\000"
 2004      4C455F41 
 2004      44565F53 
 2004      54415445 
 2004      5F414456 
 2005              	.LASF83:
 2006 08e5 73616D70 		.ascii	"sampleCtrl\000"
 2006      6C654374 
 2006      726C00
 2007              	.LASF101:
 2008 08f0 43595F42 		.ascii	"CY_BLE_ADV_STATE_STOPPED\000"
 2008      4C455F41 
 2008      44565F53 
 2008      54415445 
 2008      5F53544F 
 2009              	.LASF15:
 2010 0909 75696E74 		.ascii	"uint8_t\000"
 2010      385F7400 
 2011              	.LASF85:
 2012 0911 73616D70 		.ascii	"sampleTime23\000"
 2012      6C655469 
 2012      6D653233 
 2012      00
 2013              	.LASF45:
 2014 091e 72656C6F 		.ascii	"reloadInputMode\000"
 2014      6164496E 
 2014      7075744D 
ARM GAS  C:\Users\codyg\AppData\Local\Temp\cc7W76Hq.s 			page 46


 2014      6F646500 
 2015              	.LASF80:
 2016 092e 43595F53 		.ascii	"CY_SAR_RANGE_COND_OUTSIDE\000"
 2016      41525F52 
 2016      414E4745 
 2016      5F434F4E 
 2016      445F4F55 
 2017              	.LASF74:
 2018 0948 72785269 		.ascii	"rxRingBufTail\000"
 2018      6E674275 
 2018      66546169 
 2018      6C00
 2019              	.LASF115:
 2020 0956 6368616E 		.ascii	"channelBase\000"
 2020      6E656C42 
 2020      61736500 
 2021              	.LASF97:
 2022 0962 63795F73 		.ascii	"cy_stc_sar_config_t\000"
 2022      74635F73 
 2022      61725F63 
 2022      6F6E6669 
 2022      675F7400 
 2023              	.LASF98:
 2024 0976 62644861 		.ascii	"bdHandle\000"
 2024      6E646C65 
 2024      00
 2025              	.LASF32:
 2026 097f 73746F70 		.ascii	"stopDst\000"
 2026      44737400 
 2027              	.LASF143:
 2028 0987 47656E65 		.ascii	"Generated_Source\\PSoC6\\pdl\\utilities\\retarget_i"
 2028      72617465 
 2028      645F536F 
 2028      75726365 
 2028      5C50536F 
 2029 09b6 6F5C7265 		.ascii	"o\\retarget.c\000"
 2029      74617267 
 2029      65742E63 
 2029      00
 2030              	.LASF68:
 2031 09c3 63795F73 		.ascii	"cy_stc_scb_uart_context\000"
 2031      74635F73 
 2031      63625F75 
 2031      6172745F 
 2031      636F6E74 
 2032              	.LASF107:
 2033 09db 43595F42 		.ascii	"CY_BLE_CONN_STATE_CLIENT_DISCONNECTED_DISCOVERED\000"
 2033      4C455F43 
 2033      4F4E4E5F 
 2033      53544154 
 2033      455F434C 
 2034              	.LASF63:
 2035 0a0c 74784275 		.ascii	"txBufIdx\000"
 2035      66496478 
 2035      00
 2036              		.ident	"GCC: (GNU Tools for ARM Embedded Processors) 5.4.1 20160609 (release) [ARM/embedded-5-bran
